#
# There is insufficient memory for the Java Runtime Environment to continue.
# Native memory allocation (mmap) failed to map 266338304 bytes for Failed to commit area from 0x0000000702000000 to 0x0000000711e00000 of length 266338304.
# Possible reasons:
#   The system is out of physical RAM or swap space
#   The process is running with CompressedOops enabled, and the Java Heap may be blocking the growth of the native heap
# Possible solutions:
#   Reduce memory load on the system
#   Increase physical memory or swap space
#   Check if swap backing store is full
#   Decrease Java heap size (-Xmx/-Xms)
#   Decrease number of Java threads
#   Decrease Java thread stack sizes (-Xss)
#   Set larger code cache with -XX:ReservedCodeCacheSize=
# This output file may be truncated or incomplete.
#
#  Out of Memory Error (./src/hotspot/os/windows/os_windows.cpp:3301), pid=3588, tid=7752
#
# JRE version:  (11.0.10) (build )
# Java VM: OpenJDK 64-Bit Server VM (11.0.10+0-b96-7249189, mixed mode, sharing, tiered, compressed oops, g1 gc, windows-amd64)
# No core dump will be written. Minidumps are not enabled by default on client versions of Windows
#

---------------  S U M M A R Y ------------

Command Line: 

Host: Intel(R) Core(TM) i7-7500U CPU @ 2.70GHz, 4 cores, 15G,  Windows 10 , 64 bit Build 18362 (10.0.18362.1766)
Time: Sun Sep 26 16:44:42 2021 SE Asia Standard Time elapsed time: 0.018985 seconds (0d 0h 0m 0s)

---------------  T H R E A D  ---------------

Current thread (0x000001d63d23e000):  JavaThread "Unknown thread" [_thread_in_vm, id=7752, stack(0x0000007a57100000,0x0000007a57200000)]

Stack: [0x0000007a57100000,0x0000007a57200000]
Native frames: (J=compiled Java code, j=interpreted, Vv=VM code, C=native code)
V  [jvm.dll+0x5ecfaa]
V  [jvm.dll+0x722bd5]
V  [jvm.dll+0x72412d]
V  [jvm.dll+0x7247e3]
V  [jvm.dll+0x242928]
V  [jvm.dll+0x5ea374]
V  [jvm.dll+0x5df425]
V  [jvm.dll+0x2fdebb]
V  [jvm.dll+0x2fde2a]
V  [jvm.dll+0x2fdd02]
V  [jvm.dll+0x302bf6]
V  [jvm.dll+0x34b2a3]
V  [jvm.dll+0x34b9a6]
V  [jvm.dll+0x34b3a3]
V  [jvm.dll+0x2d8888]
V  [jvm.dll+0x2d9a37]
V  [jvm.dll+0x701737]
V  [jvm.dll+0x702f2c]
V  [jvm.dll+0x3587d9]
V  [jvm.dll+0x6e4fae]
V  [jvm.dll+0x3c0be3]
V  [jvm.dll+0x3c2e91]
C  [jli.dll+0x5373]
C  [ucrtbase.dll+0x210b2]
C  [KERNEL32.DLL+0x17c24]
C  [ntdll.dll+0x6d721]


---------------  P R O C E S S  ---------------

Threads class SMR info:
_java_thread_list=0x000001d63d168160, length=0, elements={
}

Java Threads: ( => current thread )

Other Threads:
  0x000001d63d2c7000 GCTaskThread "GC Thread#0" [stack: 0x0000007a57200000,0x0000007a57300000] [id=14592]
  0x000001d63d323000 ConcurrentGCThread "G1 Main Marker" [stack: 0x0000007a57300000,0x0000007a57400000] [id=7684]
  0x000001d63d324800 ConcurrentGCThread "G1 Conc#0" [stack: 0x0000007a57400000,0x0000007a57500000] [id=8948]

[error occurred during error reporting (printing all threads), id 0xc0000005, EXCEPTION_ACCESS_VIOLATION (0xc0000005) at pc=0x00007ffc374b9107]

VM state:not at safepoint (not fully initialized)

VM Mutex/Monitor currently owned by a thread:  ([mutex/lock_event])
[0x000001d63d23acf0] Heap_lock - owner thread: 0x000001d63d23e000

Heap address: 0x0000000702000000, size: 4064 MB, Compressed Oops mode: Non-zero based: 0x0000000702000000
Narrow klass base: 0x0000000000000000, Narrow klass shift: 0

GC Heap History (0 events):
No events

Deoptimization events (0 events):
No events

Classes redefined (0 events):
No events

Internal exceptions (0 events):
No events

Events (1 events):
Event: 0.009 Loaded shared library C:\Program Files\Android\Android Studio1\jre\bin\zip.dll


Dynamic libraries:
0x00007ff63d900000 - 0x00007ff63d90a000 	C:\Program Files\Android\Android Studio1\jre\bin\java.EXE
0x00007ffc873c0000 - 0x00007ffc875b0000 	C:\WINDOWS\SYSTEM32\ntdll.dll
0x00007ffc86ef0000 - 0x00007ffc86fa3000 	C:\WINDOWS\System32\KERNEL32.DLL
0x00007ffc84c60000 - 0x00007ffc84f06000 	C:\WINDOWS\System32\KERNELBASE.dll
0x00007ffc84f10000 - 0x00007ffc8500a000 	C:\WINDOWS\System32\ucrtbase.dll
0x00007ffc7dde0000 - 0x00007ffc7ddf9000 	C:\Program Files\Android\Android Studio1\jre\bin\jli.dll
0x00007ffc7ddc0000 - 0x00007ffc7ddd7000 	C:\Program Files\Android\Android Studio1\jre\bin\VCRUNTIME140.dll
0x00007ffc85b30000 - 0x00007ffc85cc4000 	C:\WINDOWS\System32\USER32.dll
0x00007ffc850f0000 - 0x00007ffc85111000 	C:\WINDOWS\System32\win32u.dll
0x00007ffc72900000 - 0x00007ffc72b84000 	C:\WINDOWS\WinSxS\amd64_microsoft.windows.common-controls_6595b64144ccf1df_6.0.18362.1801_none_9e79a739e46243f0\COMCTL32.dll
0x00007ffc85b00000 - 0x00007ffc85b26000 	C:\WINDOWS\System32\GDI32.dll
0x00007ffc87230000 - 0x00007ffc872ce000 	C:\WINDOWS\System32\msvcrt.dll
0x00007ffc85320000 - 0x00007ffc854b8000 	C:\WINDOWS\System32\gdi32full.dll
0x00007ffc86730000 - 0x00007ffc86a66000 	C:\WINDOWS\System32\combase.dll
0x00007ffc85120000 - 0x00007ffc851be000 	C:\WINDOWS\System32\msvcp_win.dll
0x00007ffc85750000 - 0x00007ffc8586f000 	C:\WINDOWS\System32\RPCRT4.dll
0x00007ffc85060000 - 0x00007ffc850e4000 	C:\WINDOWS\System32\bcryptPrimitives.dll
0x00007ffc85580000 - 0x00007ffc855ae000 	C:\WINDOWS\System32\IMM32.DLL
0x00007ffc4d530000 - 0x00007ffc4d5cd000 	C:\Program Files\Android\Android Studio1\jre\bin\msvcp140.dll
0x00007ffc371d0000 - 0x00007ffc37c9f000 	C:\Program Files\Android\Android Studio1\jre\bin\server\jvm.dll
0x00007ffc872d0000 - 0x00007ffc87373000 	C:\WINDOWS\System32\ADVAPI32.dll
0x00007ffc854e0000 - 0x00007ffc85577000 	C:\WINDOWS\System32\sechost.dll
0x00007ffc85f60000 - 0x00007ffc85f68000 	C:\WINDOWS\System32\PSAPI.DLL
0x00007ffc705d0000 - 0x00007ffc705d9000 	C:\WINDOWS\SYSTEM32\WSOCK32.dll
0x00007ffc871c0000 - 0x00007ffc8722f000 	C:\WINDOWS\System32\WS2_32.dll
0x00007ffc7ff60000 - 0x00007ffc7ff84000 	C:\WINDOWS\SYSTEM32\WINMM.dll
0x00007ffc76400000 - 0x00007ffc7640a000 	C:\WINDOWS\SYSTEM32\VERSION.dll
0x00007ffc7ff30000 - 0x00007ffc7ff5d000 	C:\WINDOWS\SYSTEM32\WINMMBASE.dll
0x00007ffc85010000 - 0x00007ffc8505a000 	C:\WINDOWS\System32\cfgmgr32.dll
0x00007ffc84350000 - 0x00007ffc84361000 	C:\WINDOWS\System32\kernel.appcore.dll
0x00007ffc6dc30000 - 0x00007ffc6dc41000 	C:\Program Files\Android\Android Studio1\jre\bin\verify.dll
0x00007ffc82a30000 - 0x00007ffc82c24000 	C:\WINDOWS\SYSTEM32\DBGHELP.DLL
0x00007ffc6f070000 - 0x00007ffc6f09a000 	C:\WINDOWS\SYSTEM32\dbgcore.DLL
0x00007ffc6dc00000 - 0x00007ffc6dc29000 	C:\Program Files\Android\Android Studio1\jre\bin\java.dll
0x00007ffc6ddc0000 - 0x00007ffc6ddcb000 	C:\Program Files\Android\Android Studio1\jre\bin\jimage.dll
0x00007ffc6dbe0000 - 0x00007ffc6dbf8000 	C:\Program Files\Android\Android Studio1\jre\bin\zip.dll

dbghelp: loaded successfully - version: 4.0.5 - missing functions: none
symbol engine: initialized successfully - sym options: 0x614 - pdb path: .;C:\Program Files\Android\Android Studio1\jre\bin;C:\WINDOWS\SYSTEM32;C:\WINDOWS\WinSxS\amd64_microsoft.windows.common-controls_6595b64144ccf1df_6.0.18362.1801_none_9e79a739e46243f0;C:\Program Files\Android\Android Studio1\jre\bin\server

VM Arguments:
java_command: <unknown>
java_class_path (initial): <not set>
Launcher Type: SUN_STANDARD

[Global flags]
     intx CICompilerCount                          = 3                                         {product} {ergonomic}
     uint ConcGCThreads                            = 1                                         {product} {ergonomic}
     uint G1ConcRefinementThreads                  = 4                                         {product} {ergonomic}
   size_t G1HeapRegionSize                         = 1048576                                   {product} {ergonomic}
    uintx GCDrainStackTargetSize                   = 64                                        {product} {ergonomic}
   size_t InitialHeapSize                          = 266338304                                 {product} {ergonomic}
   size_t MarkStackSize                            = 4194304                                   {product} {ergonomic}
   size_t MaxHeapSize                              = 4261412864                                {product} {ergonomic}
   size_t MinHeapDeltaBytes                        = 1048576                                   {product} {ergonomic}
    uintx NonNMethodCodeHeapSize                   = 5830732                                {pd product} {ergonomic}
    uintx NonProfiledCodeHeapSize                  = 122913754                              {pd product} {ergonomic}
    uintx ProfiledCodeHeapSize                     = 122913754                              {pd product} {ergonomic}
    uintx ReservedCodeCacheSize                    = 251658240                              {pd product} {ergonomic}
     bool SegmentedCodeCache                       = true                                      {product} {ergonomic}
     bool UseCompressedClassPointers               = true                                 {lp64_product} {ergonomic}
     bool UseCompressedOops                        = true                                 {lp64_product} {ergonomic}
     bool UseG1GC                                  = true                                      {product} {ergonomic}
     bool UseLargePagesIndividualAllocation        = false                                  {pd product} {ergonomic}

Logging:
Log output configuration:
 #0: stdout all=warning uptime,level,tags
 #1: stderr all=off uptime,level,tags

Environment Variables:
PATH=C:\Program Files (x86)\Common Files\Oracle\Java\javapath;C:\WINDOWS\system32;C:\WINDOWS;C:\WINDOWS\System32\Wbem;C:\WINDOWS\System32\WindowsPowerShell\v1.0\;C:\Program Files\Microsoft SQL Server\110\DTS\Binn\;C:\Program Files (x86)\Microsoft SQL Server\110\Tools\Binn\;C:\Program Files\Microsoft SQL Server\110\Tools\Binn\;C:\Program Files (x86)\Microsoft SQL Server\110\Tools\Binn\ManagementStudio\;C:\Program Files (x86)\Microsoft Visual Studio 10.0\Common7\IDE\PrivateAssemblies\;C:\Program Files (x86)\Microsoft SQL Server\110\DTS\Binn\;C:\WINDOWS\system32\config\systemprofile\.dnx\bin;C:\Program Files\Microsoft DNX\Dnvm\;C:\Program Files\Microsoft SQL Server\130\Tools\Binn\;C:\WINDOWS\System32\OpenSSH\;C:\Program Files\nodejs\;C:\Program Files\MongoDB\Server\4.4\bin;C:\Program Files\Microsoft SQL Server\Client SDK\ODBC\170\Tools\Binn\;C:\Program Files (x86)\Windows Kits\8.1\Windows Performance Toolkit\;C:\Program Files\dotnet\;C:\Program Files\Git\cmd;C:\ProgramData\chocolatey\bin;C:\Program Files\PuTTY\;C:\Users\NANO\AppData\Local\Programs\Python\Python39\Scripts\;C:\Users\NANO\AppData\Local\Programs\Python\Python39\;C:\Users\NANO\AppData\Local\Microsoft\WindowsApps;C:\Users\NANO\AppData\Roaming\npm;C:\Users\NANO\AppData\Local\Programs\Microsoft VS Code\bin;C:\Program Files\JetBrains\PyCharm 2020.3.2\bin;;C:\Program Files\JetBrains\PyCharm Community Edition 2020.3.2\bin;;C:\Users\NANO\.dotnet\tools;C:\tools\dart-sdk\bin;C:\Users\NANO\AppData\Roaming\Pub\Cache\bin;D:\flutter\flutter\bin;C:\Users\NANO\AppData\Local\Pub\Cache\bin;C:\Program Files\JetBrains\IntelliJ IDEA Community Edition 2021.1\bin;;C:\Program Files\JetBrains\IntelliJ IDEA 2021.1.3\bin;;D:\spark-3.1.2-bin-hadoop3.2\bin;D:\spark-3.1.2-bin-hadoop3.2\hadoop-3.2.0\bin;
USERNAME=NANO
OS=Windows_NT
PROCESSOR_IDENTIFIER=Intel64 Family 6 Model 142 Stepping 9, GenuineIntel



---------------  S Y S T E M  ---------------

OS: Windows 10 , 64 bit Build 18362 (10.0.18362.1766)
OS uptime: 0 days 0:30 hours

CPU:total 4 (initial active 4) (2 cores per cpu, 2 threads per core) family 6 model 142 stepping 9 microcode 0xde, cmov, cx8, fxsr, mmx, sse, sse2, sse3, ssse3, sse4.1, sse4.2, popcnt, avx, avx2, aes, clmul, erms, 3dnowpref, lzcnt, ht, tsc, tscinvbit, bmi1, bmi2, adx, fma

Memory: 4k page, system-wide physical 16253M (1845M free)
TotalPageFile size 16253M (AvailPageFile size 195M)
current process WorkingSet (physical memory assigned to process): 10M, peak: 10M
current process commit charge ("private bytes"): 52M, peak: 306M

vm_info: OpenJDK 64-Bit Server VM (11.0.10+0-b96-7249189) for windows-amd64 JRE (11.0.10+0-b96-7249189), built on Mar 31 2021 21:44:00 by "builder" with MS VC++ 14.0 (VS2015)

END.
