#
# There is insufficient memory for the Java Runtime Environment to continue.
# Native memory allocation (malloc) failed to allocate 36976 bytes for Chunk::new
# Possible reasons:
#   The system is out of physical RAM or swap space
#   In 32 bit mode, the process size limit was hit
# Possible solutions:
#   Reduce memory load on the system
#   Increase physical memory or swap space
#   Check if swap backing store is full
#   Use 64 bit Java on a 64 bit OS
#   Decrease Java heap size (-Xmx/-Xms)
#   Decrease number of Java threads
#   Decrease Java thread stack sizes (-Xss)
#   Set larger code cache with -XX:ReservedCodeCacheSize=
# This output file may be truncated or incomplete.
#
#  Out of Memory Error (allocation.cpp:390), pid=18300, tid=0x00000000000047f0
#
# JRE version: Java(TM) SE Runtime Environment (8.0_181-b13) (build 1.8.0_181-b13)
# Java VM: Java HotSpot(TM) 64-Bit Server VM (25.181-b13 mixed mode windows-amd64 compressed oops)
# Failed to write core dump. Minidumps are not enabled by default on client versions of Windows
#

---------------  T H R E A D  ---------------

Current thread (0x0000000016a7c000):  JavaThread "C2 CompilerThread0" daemon [_thread_in_native, id=18416, stack(0x00000000180c0000,0x00000000181c0000)]

Stack: [0x00000000180c0000,0x00000000181c0000]
[error occurred during error reporting (printing stack bounds), id 0xc0000005]

Native frames: (J=compiled Java code, j=interpreted, Vv=VM code, C=native code)


Current CompileTask:
C2:   8368 1680       4       java.io.DataOutputStream::writeShort (35 bytes)


---------------  P R O C E S S  ---------------

Java Threads: ( => current thread )
  0x0000000019e96000 JavaThread "Cache worker for journal cache (C:\Users\NANO\.gradle\caches\journal-1)" [_thread_blocked, id=3052, stack(0x000000001cb50000,0x000000001cc50000)]
  0x0000000019e92000 JavaThread "File lock request listener" [_thread_in_native, id=17568, stack(0x000000001c950000,0x000000001ca50000)]
  0x0000000019e95000 JavaThread "Cache worker for file hash cache (C:\Users\NANO\.gradle\caches\6.7\fileHashes)" [_thread_blocked, id=13532, stack(0x000000001c850000,0x000000001c950000)]
  0x0000000019e07800 JavaThread "Thread-9" [_thread_blocked, id=17636, stack(0x000000001c550000,0x000000001c650000)]
  0x000000001917f000 JavaThread "Stdin handler" [_thread_blocked, id=7596, stack(0x000000001c450000,0x000000001c550000)]
  0x000000001831e000 JavaThread "Asynchronous log dispatcher for DefaultDaemonConnection: socket connection from /127.0.0.1:52049 to /127.0.0.1:52050" [_thread_blocked, id=17584, stack(0x000000001c350000,0x000000001c450000)]
  0x0000000019dd7800 JavaThread "Daemon worker" [_thread_in_vm, id=9708, stack(0x000000001c250000,0x000000001c350000)]
  0x0000000019801000 JavaThread "Cancel handler" [_thread_blocked, id=2708, stack(0x000000001c150000,0x000000001c250000)]
  0x000000001a4a9000 JavaThread "Handler for socket connection from /127.0.0.1:52049 to /127.0.0.1:52050" [_thread_in_native, id=1396, stack(0x000000001c050000,0x000000001c150000)]
  0x000000001a4a8800 JavaThread "Daemon" [_thread_blocked, id=17608, stack(0x000000001bd50000,0x000000001be50000)]
  0x00000000192cb000 JavaThread "Daemon periodic checks" [_thread_blocked, id=18384, stack(0x000000001bc50000,0x000000001bd50000)]
  0x00000000183c2800 JavaThread "Incoming local TCP Connector on port 52049" [_thread_in_native, id=18376, stack(0x000000001ba10000,0x000000001bb10000)]
  0x000000001a416000 JavaThread "Daemon health stats" [_thread_blocked, id=18420, stack(0x00000000189c0000,0x0000000018ac0000)]
  0x0000000018216800 JavaThread "Service Thread" daemon [_thread_blocked, id=18348, stack(0x00000000187c0000,0x00000000188c0000)]
  0x0000000018211800 JavaThread "C1 CompilerThread2" daemon [_thread_in_native, id=18316, stack(0x00000000186c0000,0x00000000187c0000)]
  0x000000001820f000 JavaThread "C2 CompilerThread1" daemon [_thread_blocked, id=18392, stack(0x00000000185c0000,0x00000000186c0000)]
=>0x0000000016a7c000 JavaThread "C2 CompilerThread0" daemon [_thread_in_native, id=18416, stack(0x00000000180c0000,0x00000000181c0000)]
  0x0000000016a78800 JavaThread "Attach Listener" daemon [_thread_blocked, id=15556, stack(0x0000000017fc0000,0x00000000180c0000)]
  0x0000000016a77800 JavaThread "Signal Dispatcher" daemon [_thread_blocked, id=17360, stack(0x0000000017ec0000,0x0000000017fc0000)]
  0x0000000016a5a800 JavaThread "Finalizer" daemon [_thread_blocked, id=12152, stack(0x0000000017cc0000,0x0000000017dc0000)]
  0x00000000030f1000 JavaThread "Reference Handler" daemon [_thread_blocked, id=18312, stack(0x0000000017bc0000,0x0000000017cc0000)]
  0x0000000003002800 JavaThread "main" [_thread_blocked, id=18400, stack(0x0000000002d90000,0x0000000002e90000)]

Other Threads:
  0x0000000016a38000 VMThread [stack: 0x0000000017ac0000,0x0000000017bc0000] [id=18404]
  0x0000000018230800 WatcherThread [stack: 0x00000000188c0000,0x00000000189c0000] [id=18356]

VM state:not at safepoint (normal execution)

VM Mutex/Monitor currently owned by a thread: None

Heap:
 PSYoungGen      total 75776K, used 61838K [0x00000000e0000000, 0x00000000e5480000, 0x0000000100000000)
  eden space 65024K, 80% used [0x00000000e0000000,0x00000000e331e538,0x00000000e3f80000)
  from space 10752K, 88% used [0x00000000e4a00000,0x00000000e5345678,0x00000000e5480000)
  to   space 10752K, 0% used [0x00000000e3f80000,0x00000000e3f80000,0x00000000e4a00000)
 ParOldGen       total 173568K, used 16K [0x00000000a0000000, 0x00000000aa980000, 0x00000000e0000000)
  object space 173568K, 0% used [0x00000000a0000000,0x00000000a0004000,0x00000000aa980000)
 Metaspace       used 18516K, capacity 19128K, committed 19328K, reserved 1064960K
  class space    used 2672K, capacity 2862K, committed 2944K, reserved 1048576K

Card table byte_map: [0x00000000124c0000,0x00000000127d0000] byte_map_base: 0x0000000011fc0000

Marking Bits: (ParMarkBitMap*) 0x0000000077f72d00
 Begin Bits: [0x0000000012dd0000, 0x00000000145d0000)
 End Bits:   [0x00000000145d0000, 0x0000000015dd0000)

Polling page: 0x0000000002d30000

CodeCache: size=245760Kb used=6137Kb max_used=6137Kb free=239622Kb
 bounds [0x0000000003100000, 0x0000000003710000, 0x0000000012100000]
 total_blobs=2087 nmethods=1679 adapters=320
 compilation: enabled

Compilation events (10 events):
Event: 8.364 Thread 0x0000000018211800 nmethod 1678 0x00000000036cfbd0 code [0x00000000036cfd40, 0x00000000036d0050]
Event: 8.364 Thread 0x0000000018211800 1679       1       java.util.Collections$EmptyMap::get (2 bytes)
Event: 8.364 Thread 0x0000000018211800 nmethod 1679 0x00000000036cf910 code [0x00000000036cfa60, 0x00000000036cfb70]
Event: 8.364 Thread 0x0000000018211800 1681       1       java.lang.reflect.Method::getRoot (5 bytes)
Event: 8.364 Thread 0x0000000018211800 nmethod 1681 0x00000000036cf650 code [0x00000000036cf7a0, 0x00000000036cf8b0]
Event: 8.365 Thread 0x0000000018211800 1682       3       sun.reflect.generics.visitor.Reifier::make (9 bytes)
Event: 8.365 Thread 0x0000000018211800 nmethod 1682 0x00000000036cf190 code [0x00000000036cf300, 0x00000000036cf550]
Event: 8.365 Thread 0x0000000018211800 1683       3       sun.reflect.generics.visitor.Reifier::getResult (26 bytes)
Event: 8.365 Thread 0x0000000018211800 nmethod 1683 0x00000000036cee50 code [0x00000000036cefa0, 0x00000000036cf110]
Event: 8.367 Thread 0x0000000018211800 1684       3       java.lang.reflect.Method::getAnnotation (6 bytes)

GC Heap History (4 events):
Event: 3.121 GC heap before
{Heap before GC invocations=1 (full 0):
 PSYoungGen      total 75776K, used 65024K [0x00000000e0000000, 0x00000000e5480000, 0x0000000100000000)
  eden space 65024K, 100% used [0x00000000e0000000,0x00000000e3f80000,0x00000000e3f80000)
  from space 10752K, 0% used [0x00000000e4a00000,0x00000000e4a00000,0x00000000e5480000)
  to   space 10752K, 0% used [0x00000000e3f80000,0x00000000e3f80000,0x00000000e4a00000)
 ParOldGen       total 173568K, used 0K [0x00000000a0000000, 0x00000000aa980000, 0x00000000e0000000)
  object space 173568K, 0% used [0x00000000a0000000,0x00000000a0000000,0x00000000aa980000)
 Metaspace       used 7361K, capacity 7614K, committed 7680K, reserved 1056768K
  class space    used 921K, capacity 1005K, committed 1024K, reserved 1048576K
Event: 3.136 GC heap after
Heap after GC invocations=1 (full 0):
 PSYoungGen      total 75776K, used 5835K [0x00000000e0000000, 0x00000000e5480000, 0x0000000100000000)
  eden space 65024K, 0% used [0x00000000e0000000,0x00000000e0000000,0x00000000e3f80000)
  from space 10752K, 54% used [0x00000000e3f80000,0x00000000e4532fd8,0x00000000e4a00000)
  to   space 10752K, 0% used [0x00000000e4a00000,0x00000000e4a00000,0x00000000e5480000)
 ParOldGen       total 173568K, used 8K [0x00000000a0000000, 0x00000000aa980000, 0x00000000e0000000)
  object space 173568K, 0% used [0x00000000a0000000,0x00000000a0002000,0x00000000aa980000)
 Metaspace       used 7361K, capacity 7614K, committed 7680K, reserved 1056768K
  class space    used 921K, capacity 1005K, committed 1024K, reserved 1048576K
}
Event: 6.600 GC heap before
{Heap before GC invocations=2 (full 0):
 PSYoungGen      total 75776K, used 70859K [0x00000000e0000000, 0x00000000e5480000, 0x0000000100000000)
  eden space 65024K, 100% used [0x00000000e0000000,0x00000000e3f80000,0x00000000e3f80000)
  from space 10752K, 54% used [0x00000000e3f80000,0x00000000e4532fd8,0x00000000e4a00000)
  to   space 10752K, 0% used [0x00000000e4a00000,0x00000000e4a00000,0x00000000e5480000)
 ParOldGen       total 173568K, used 8K [0x00000000a0000000, 0x00000000aa980000, 0x00000000e0000000)
  object space 173568K, 0% used [0x00000000a0000000,0x00000000a0002000,0x00000000aa980000)
 Metaspace       used 14181K, capacity 14572K, committed 14720K, reserved 1062912K
  class space    used 1996K, capacity 2100K, committed 2176K, reserved 1048576K
Event: 6.615 GC heap after
Heap after GC invocations=2 (full 0):
 PSYoungGen      total 75776K, used 9493K [0x00000000e0000000, 0x00000000e5480000, 0x0000000100000000)
  eden space 65024K, 0% used [0x00000000e0000000,0x00000000e0000000,0x00000000e3f80000)
  from space 10752K, 88% used [0x00000000e4a00000,0x00000000e5345678,0x00000000e5480000)
  to   space 10752K, 0% used [0x00000000e3f80000,0x00000000e3f80000,0x00000000e4a00000)
 ParOldGen       total 173568K, used 16K [0x00000000a0000000, 0x00000000aa980000, 0x00000000e0000000)
  object space 173568K, 0% used [0x00000000a0000000,0x00000000a0004000,0x00000000aa980000)
 Metaspace       used 14181K, capacity 14572K, committed 14720K, reserved 1062912K
  class space    used 1996K, capacity 2100K, committed 2176K, reserved 1048576K
}

Deoptimization events (10 events):
Event: 6.547 Thread 0x0000000019dd7800 Uncommon trap: reason=class_check action=maybe_recompile pc=0x00000000032ccd5c method=java.util.regex.Matcher.match(II)Z @ 86
Event: 6.682 Thread 0x0000000019dd7800 Uncommon trap: reason=unstable_if action=reinterpret pc=0x000000000342db5c method=java.io.File.getName()Ljava/lang/String; @ 16
Event: 6.682 Thread 0x0000000019dd7800 Uncommon trap: reason=unstable_if action=reinterpret pc=0x0000000003412714 method=java.lang.String.substring(I)Ljava/lang/String; @ 35
Event: 7.784 Thread 0x0000000019dd7800 Uncommon trap: reason=unstable_if action=reinterpret pc=0x00000000034114b0 method=java.util.LinkedHashMap.afterNodeInsertion(Z)V @ 1
Event: 7.784 Thread 0x0000000019dd7800 Uncommon trap: reason=unstable_if action=reinterpret pc=0x0000000003387b04 method=java.util.HashMap.getNode(ILjava/lang/Object;)Ljava/util/HashMap$Node; @ 129
Event: 7.784 Thread 0x0000000019dd7800 Uncommon trap: reason=bimorphic action=maybe_recompile pc=0x00000000035b4880 method=java.util.HashMap.putVal(ILjava/lang/Object;Ljava/lang/Object;ZZ)Ljava/lang/Object; @ 203
Event: 7.785 Thread 0x0000000019dd7800 Uncommon trap: reason=unstable_if action=reinterpret pc=0x000000000336dc10 method=java.util.HashMap.getNode(ILjava/lang/Object;)Ljava/util/HashMap$Node; @ 129
Event: 7.786 Thread 0x0000000019dd7800 Uncommon trap: reason=bimorphic action=maybe_recompile pc=0x00000000035b4880 method=java.util.HashMap.putVal(ILjava/lang/Object;Ljava/lang/Object;ZZ)Ljava/lang/Object; @ 203
Event: 7.944 Thread 0x0000000019dd7800 Uncommon trap: reason=bimorphic action=maybe_recompile pc=0x00000000035b77a0 method=java.util.HashMap.putVal(ILjava/lang/Object;Ljava/lang/Object;ZZ)Ljava/lang/Object; @ 203
Event: 8.068 Thread 0x0000000019dd7800 Uncommon trap: reason=unstable_if action=reinterpret pc=0x00000000034e290c method=java.util.jar.Attributes$Name.isDigit(C)Z @ 3

Classes redefined (0 events):
No events

Internal exceptions (10 events):
Event: 1.203 Thread 0x0000000003002800 Exception <a 'java/lang/ArrayIndexOutOfBoundsException'> (0x00000000e160c388) thrown at [C:\re\workspace\8-2-build-windows-amd64-cygwin\jdk8u181\11358\hotspot\src\share\vm\runtime\sharedRuntime.cpp, line 605]
Event: 1.204 Thread 0x0000000003002800 Exception <a 'java/lang/ArrayIndexOutOfBoundsException'> (0x00000000e16182f8) thrown at [C:\re\workspace\8-2-build-windows-amd64-cygwin\jdk8u181\11358\hotspot\src\share\vm\runtime\sharedRuntime.cpp, line 605]
Event: 1.204 Thread 0x0000000003002800 Exception <a 'java/lang/ArrayIndexOutOfBoundsException'> (0x00000000e1619ff8) thrown at [C:\re\workspace\8-2-build-windows-amd64-cygwin\jdk8u181\11358\hotspot\src\share\vm\runtime\sharedRuntime.cpp, line 605]
Event: 1.204 Thread 0x0000000003002800 Exception <a 'java/lang/ArrayIndexOutOfBoundsException'> (0x00000000e161c490) thrown at [C:\re\workspace\8-2-build-windows-amd64-cygwin\jdk8u181\11358\hotspot\src\share\vm\runtime\sharedRuntime.cpp, line 605]
Event: 6.026 Thread 0x0000000003002800 Exception <a 'java/io/IOException'> (0x00000000e1d02d50) thrown at [C:\re\workspace\8-2-build-windows-amd64-cygwin\jdk8u181\11358\hotspot\src\share\vm\prims\jni.cpp, line 709]
Event: 6.452 Thread 0x0000000019dd7800 Exception <a 'java/lang/NoSuchMethodError': java.lang.Object.lambda$static$0(Lorg/gradle/internal/state/ModelObject;)Ljava/lang/String;> (0x00000000e34f08d0) thrown at [C:\re\workspace\8-2-build-windows-amd64-cygwin\jdk8u181\11358\hotspot\src\share\vm\int
Event: 6.900 Thread 0x0000000019dd7800 Exception <a 'java/lang/NoSuchMethodError': java.lang.Object.lambda$and$0(Ljava/util/function/Predicate;Ljava/lang/Object;)Z> (0x00000000e0622e00) thrown at [C:\re\workspace\8-2-build-windows-amd64-cygwin\jdk8u181\11358\hotspot\src\share\vm\interpreter\li
Event: 6.906 Thread 0x0000000019dd7800 Exception <a 'java/lang/IncompatibleClassChangeError': Found class java.lang.Object, but interface was expected> (0x00000000e0633228) thrown at [C:\re\workspace\8-2-build-windows-amd64-cygwin\jdk8u181\11358\hotspot\src\share\vm\interpreter\linkResolver.cp
Event: 6.908 Thread 0x0000000019dd7800 Exception <a 'java/lang/NoSuchMethodError': java.lang.Object.lambda$or$2(Ljava/util/function/Predicate;Ljava/lang/Object;)Z> (0x00000000e0637fd8) thrown at [C:\re\workspace\8-2-build-windows-amd64-cygwin\jdk8u181\11358\hotspot\src\share\vm\interpreter\lin
Event: 6.985 Thread 0x0000000019dd7800 Exception <a 'java/lang/NoSuchMethodError': java.lang.Object.lambda$comparing$77a9974f$1(Ljava/util/function/Function;Ljava/lang/Object;Ljava/lang/Object;)I> (0x00000000e09d5ae0) thrown at [C:\re\workspace\8-2-build-windows-amd64-cygwin\jdk8u181\11358\hot

Events (10 events):
Event: 8.347 loading class org/gradle/api/services/BuildServiceRegistry
Event: 8.347 loading class org/gradle/api/services/BuildServiceRegistry done
Event: 8.347 loading class org/gradle/execution/taskgraph/TaskExecutionGraphInternal
Event: 8.347 loading class org/gradle/execution/taskgraph/TaskExecutionGraphInternal done
Event: 8.356 loading class org/gradle/configuration/ConfigurationTargetIdentifier
Event: 8.356 loading class org/gradle/configuration/ConfigurationTargetIdentifier done
Event: 8.357 loading class org/gradle/api/plugins/PluginContainer
Event: 8.357 loading class org/gradle/api/plugins/PluginContainer done
Event: 8.357 loading class org/gradle/api/plugins/PluginCollection
Event: 8.357 loading class org/gradle/api/plugins/PluginCollection done


Dynamic libraries:
0x00007ff66e9d0000 - 0x00007ff66ea07000 	C:\Program Files\Java\jdk1.8.0_181\bin\java.exe
0x00007ffc91540000 - 0x00007ffc91730000 	C:\WINDOWS\SYSTEM32\ntdll.dll
0x00007ffc8f640000 - 0x00007ffc8f6f3000 	C:\WINDOWS\System32\KERNEL32.DLL
0x00007ffc8e510000 - 0x00007ffc8e7b6000 	C:\WINDOWS\System32\KERNELBASE.dll
0x00007ffc8fb60000 - 0x00007ffc8fc03000 	C:\WINDOWS\System32\ADVAPI32.dll
0x00007ffc91210000 - 0x00007ffc912ae000 	C:\WINDOWS\System32\msvcrt.dll
0x00007ffc90e30000 - 0x00007ffc90ec7000 	C:\WINDOWS\System32\sechost.dll
0x00007ffc905b0000 - 0x00007ffc906cf000 	C:\WINDOWS\System32\RPCRT4.dll
0x00007ffc912e0000 - 0x00007ffc91474000 	C:\WINDOWS\System32\USER32.dll
0x00007ffc8ea50000 - 0x00007ffc8ea71000 	C:\WINDOWS\System32\win32u.dll
0x00007ffc8fd70000 - 0x00007ffc8fd96000 	C:\WINDOWS\System32\GDI32.dll
0x00007ffc8f4a0000 - 0x00007ffc8f638000 	C:\WINDOWS\System32\gdi32full.dll
0x00007ffc8ea80000 - 0x00007ffc8eb1e000 	C:\WINDOWS\System32\msvcp_win.dll
0x00007ffc8ec00000 - 0x00007ffc8ecfa000 	C:\WINDOWS\System32\ucrtbase.dll
0x00007ffc7be50000 - 0x00007ffc7c0d4000 	C:\WINDOWS\WinSxS\amd64_microsoft.windows.common-controls_6595b64144ccf1df_6.0.18362.1801_none_9e79a739e46243f0\COMCTL32.dll
0x00007ffc90ed0000 - 0x00007ffc91206000 	C:\WINDOWS\System32\combase.dll
0x00007ffc8e820000 - 0x00007ffc8e8a4000 	C:\WINDOWS\System32\bcryptPrimitives.dll
0x00007ffc912b0000 - 0x00007ffc912de000 	C:\WINDOWS\System32\IMM32.DLL
0x00000000502e0000 - 0x00000000503b2000 	C:\Program Files\Java\jdk1.8.0_181\jre\bin\msvcr100.dll
0x0000000077750000 - 0x0000000077ff2000 	C:\Program Files\Java\jdk1.8.0_181\jre\bin\server\jvm.dll
0x00007ffc900b0000 - 0x00007ffc900b8000 	C:\WINDOWS\System32\PSAPI.DLL
0x00007ffc7a130000 - 0x00007ffc7a139000 	C:\WINDOWS\SYSTEM32\WSOCK32.dll
0x00007ffc900c0000 - 0x00007ffc9012f000 	C:\WINDOWS\System32\WS2_32.dll
0x00007ffc89f60000 - 0x00007ffc89f84000 	C:\WINDOWS\SYSTEM32\WINMM.dll
0x00007ffc8b7b0000 - 0x00007ffc8b7ba000 	C:\WINDOWS\SYSTEM32\VERSION.dll
0x00007ffc89f30000 - 0x00007ffc89f5d000 	C:\WINDOWS\SYSTEM32\WINMMBASE.dll
0x00007ffc8ea00000 - 0x00007ffc8ea4a000 	C:\WINDOWS\System32\cfgmgr32.dll
0x00000000502d0000 - 0x00000000502df000 	C:\Program Files\Java\jdk1.8.0_181\jre\bin\verify.dll
0x00000000502a0000 - 0x00000000502c9000 	C:\Program Files\Java\jdk1.8.0_181\jre\bin\java.dll
0x0000000050280000 - 0x0000000050296000 	C:\Program Files\Java\jdk1.8.0_181\jre\bin\zip.dll
0x00007ffc90740000 - 0x00007ffc90e27000 	C:\WINDOWS\System32\SHELL32.dll
0x00007ffc8fe80000 - 0x00007ffc8ff29000 	C:\WINDOWS\System32\shcore.dll
0x00007ffc8ed20000 - 0x00007ffc8f49b000 	C:\WINDOWS\System32\windows.storage.dll
0x00007ffc8e460000 - 0x00007ffc8e47e000 	C:\WINDOWS\System32\profapi.dll
0x00007ffc8e480000 - 0x00007ffc8e4ca000 	C:\WINDOWS\System32\powrprof.dll
0x00007ffc8e450000 - 0x00007ffc8e460000 	C:\WINDOWS\System32\UMPDC.dll
0x00007ffc8fda0000 - 0x00007ffc8fdf2000 	C:\WINDOWS\System32\shlwapi.dll
0x00007ffc8e4f0000 - 0x00007ffc8e501000 	C:\WINDOWS\System32\kernel.appcore.dll
0x00007ffc8ed00000 - 0x00007ffc8ed17000 	C:\WINDOWS\System32\cryptsp.dll
0x0000000050130000 - 0x000000005014a000 	C:\Program Files\Java\jdk1.8.0_181\jre\bin\net.dll
0x00007ffc8dc90000 - 0x00007ffc8dcf7000 	C:\WINDOWS\system32\mswsock.dll
0x00000000500e0000 - 0x00000000500f1000 	C:\Program Files\Java\jdk1.8.0_181\jre\bin\nio.dll
0x00007ffc89e60000 - 0x00007ffc89e86000 	C:\Users\NANO\.gradle\native\fdc75f09e3144964f2cf3f50f0aa648679c211496f362492102eb8c894070792\windows-amd64\native-platform.dll
0x00007ffc4ebf0000 - 0x00007ffc4ed81000 	C:\Users\NANO\.gradle\native\12488b8bf47d2d4c9fbf2f6322a914ad602e24e48041cd04a747c6da556b65c4\windows-amd64\native-platform-file-events.dll
0x00000000500d0000 - 0x00000000500dd000 	C:\Program Files\Java\jdk1.8.0_181\jre\bin\management.dll
0x00007ffc8d810000 - 0x00007ffc8d843000 	C:\WINDOWS\system32\rsaenh.dll
0x00007ffc8ebd0000 - 0x00007ffc8ebf6000 	C:\WINDOWS\System32\bcrypt.dll
0x00007ffc8e370000 - 0x00007ffc8e395000 	C:\WINDOWS\SYSTEM32\USERENV.dll
0x00007ffc8de60000 - 0x00007ffc8de6c000 	C:\WINDOWS\SYSTEM32\CRYPTBASE.dll
0x00007ffc8d9a0000 - 0x00007ffc8d9da000 	C:\WINDOWS\SYSTEM32\IPHLPAPI.DLL
0x00007ffc8fc20000 - 0x00007ffc8fc28000 	C:\WINDOWS\System32\NSI.dll
0x00007ffc84240000 - 0x00007ffc84256000 	C:\WINDOWS\SYSTEM32\dhcpcsvc6.DLL
0x00007ffc84220000 - 0x00007ffc8423c000 	C:\WINDOWS\SYSTEM32\dhcpcsvc.DLL
0x00007ffc8d9e0000 - 0x00007ffc8daaa000 	C:\WINDOWS\SYSTEM32\DNSAPI.dll
0x00007ffc84b10000 - 0x00007ffc84b1b000 	C:\WINDOWS\SYSTEM32\WINNSI.DLL

VM Arguments:
jvm_args: -Xmx1536M -Dfile.encoding=windows-1258 -Duser.country=US -Duser.language=en -Duser.variant 
java_command: org.gradle.launcher.daemon.bootstrap.GradleDaemon 6.7
java_class_path (initial): C:\Users\NANO\.gradle\wrapper\dists\gradle-6.7-all\cuy9mc7upwgwgeb72wkcrupxe\gradle-6.7\lib\gradle-launcher-6.7.jar
Launcher Type: SUN_STANDARD

Environment Variables:
CLASSPATH=D:\Desktop\Flutter Projects\amquick\android\\gradle\wrapper\gradle-wrapper.jar
PATH=C:\Program Files (x86)\Common Files\Oracle\Java\javapath;C:\WINDOWS\system32;C:\WINDOWS;C:\WINDOWS\System32\Wbem;C:\WINDOWS\System32\WindowsPowerShell\v1.0\;C:\Program Files\Microsoft SQL Server\110\DTS\Binn\;C:\Program Files (x86)\Microsoft SQL Server\110\Tools\Binn\;C:\Program Files\Microsoft SQL Server\110\Tools\Binn\;C:\Program Files (x86)\Microsoft SQL Server\110\Tools\Binn\ManagementStudio\;C:\Program Files (x86)\Microsoft Visual Studio 10.0\Common7\IDE\PrivateAssemblies\;C:\Program Files (x86)\Microsoft SQL Server\110\DTS\Binn\;C:\WINDOWS\system32\config\systemprofile\.dnx\bin;C:\Program Files\Microsoft DNX\Dnvm\;C:\Program Files\Microsoft SQL Server\130\Tools\Binn\;C:\WINDOWS\System32\OpenSSH\;C:\Program Files\nodejs\;C:\Program Files\MongoDB\Server\4.4\bin;C:\Program Files\Microsoft SQL Server\Client SDK\ODBC\170\Tools\Binn\;C:\Program Files (x86)\Windows Kits\8.1\Windows Performance Toolkit\;C:\Program Files\dotnet\;C:\Program Files\Git\cmd;C:\ProgramData\chocolatey\bin;C:\Program Files\PuTTY\;C:\Users\NANO\AppData\Local\Programs\Python\Python39\Scripts\;C:\Users\NANO\AppData\Local\Programs\Python\Python39\;C:\Users\NANO\AppData\Local\Microsoft\WindowsApps;C:\Users\NANO\AppData\Roaming\npm;C:\Users\NANO\AppData\Local\Programs\Microsoft VS Code\bin;C:\Program Files\JetBrains\PyCharm 2020.3.2\bin;;C:\Program Files\JetBrains\PyCharm Community Edition 2020.3.2\bin;;C:\Users\NANO\.dotnet\tools;C:\tools\dart-sdk\bin;C:\Users\NANO\AppData\Roaming\Pub\Cache\bin;D:\flutter\flutter\bin;C:\Users\NANO\AppData\Local\Pub\Cache\bin;C:\Program Files\JetBrains\IntelliJ IDEA Community Edition 2021.1\bin;;C:\Program Files\JetBrains\IntelliJ IDEA 2021.1.3\bin;;D:\spark-3.1.2-bin-hadoop3.2\bin;D:\spark-3.1.2-bin-hadoop3.2\hadoop-3.2.0\bin;
USERNAME=NANO
OS=Windows_NT
PROCESSOR_IDENTIFIER=Intel64 Family 6 Model 142 Stepping 9, GenuineIntel



---------------  S Y S T E M  ---------------

OS: Windows 10.0 , 64 bit Build 18362 (10.0.18362.1766)

CPU:total 4 (initial active 4) (2 cores per cpu, 2 threads per core) family 6 model 142 stepping 9, cmov, cx8, fxsr, mmx, sse, sse2, sse3, ssse3, sse4.1, sse4.2, popcnt, avx, avx2, aes, clmul, erms, 3dnowpref, lzcnt, ht, tsc, tscinvbit, bmi1, bmi2, adx

Memory: 4k page, physical 16644000k(2888924k free), swap 16644000k(5120k free)

vm_info: Java HotSpot(TM) 64-Bit Server VM (25.181-b13) for windows-amd64 JRE (1.8.0_181-b13), built on Jul  7 2018 04:01:33 by "java_re" with MS VC++ 10.0 (VS2010)

time: Fri Sep 24 00:04:56 2021
elapsed time: 8 seconds (0d 0h 0m 8s)

