#
# There is insufficient memory for the Java Runtime Environment to continue.
# Native memory allocation (malloc) failed to allocate 32744 bytes for ChunkPool::allocate
# Possible reasons:
#   The system is out of physical RAM or swap space
#   In 32 bit mode, the process size limit was hit
# Possible solutions:
#   Reduce memory load on the system
#   Increase physical memory or swap space
#   Check if swap backing store is full
#   Use 64 bit Java on a 64 bit OS
#   Decrease Java heap size (-Xmx/-Xms)
#   Decrease number of Java threads
#   Decrease Java thread stack sizes (-Xss)
#   Set larger code cache with -XX:ReservedCodeCacheSize=
# This output file may be truncated or incomplete.
#
#  Out of Memory Error (allocation.cpp:273), pid=14640, tid=0x00000000000020fc
#
# JRE version: Java(TM) SE Runtime Environment (8.0_181-b13) (build 1.8.0_181-b13)
# Java VM: Java HotSpot(TM) 64-Bit Server VM (25.181-b13 mixed mode windows-amd64 compressed oops)
# Failed to write core dump. Minidumps are not enabled by default on client versions of Windows
#

---------------  T H R E A D  ---------------

Current thread (0x00000000168ac800):  JavaThread "C2 CompilerThread1" daemon [_thread_in_native, id=8444, stack(0x0000000017ff0000,0x00000000180f0000)]

Stack: [0x0000000017ff0000,0x00000000180f0000]
[error occurred during error reporting (printing stack bounds), id 0xc0000005]

Native frames: (J=compiled Java code, j=interpreted, Vv=VM code, C=native code)


Current CompileTask:
C2:  24379 8704       4       org.gradle.internal.logging.sink.OutputEventListenerManager$1::onOutput (33 bytes)


---------------  P R O C E S S  ---------------

Java Threads: ( => current thread )
  0x000000001aa8f800 JavaThread "Exec process Thread 3" [_thread_in_native, id=16516, stack(0x000000002ced0000,0x000000002cfd0000)]
  0x000000001aa8c800 JavaThread "Exec process Thread 2" [_thread_in_native, id=13524, stack(0x000000002cdd0000,0x000000002ced0000)]
  0x000000001aa90800 JavaThread "Exec process" [_thread_in_native, id=17112, stack(0x000000002ccd0000,0x000000002cdd0000)]
  0x000000001aa8f000 JavaThread "Cache worker for execution history cache (D:\Desktop\Flutter Projects\amquick\android\.gradle\6.7\executionHistory)" [_thread_blocked, id=14996, stack(0x000000002c8a0000,0x000000002c9a0000)]
  0x000000001aa8a800 JavaThread "Execution worker for ':' Thread 3" [_thread_blocked, id=1408, stack(0x000000002c7a0000,0x000000002c8a0000)]
  0x000000001aa8e000 JavaThread "Execution worker for ':' Thread 2" [_thread_blocked, id=2444, stack(0x000000002c6a0000,0x000000002c7a0000)]
  0x000000001acf2800 JavaThread "Execution worker for ':'" [_thread_blocked, id=1764, stack(0x000000002a160000,0x000000002a260000)]
  0x000000001acef000 JavaThread "Memory manager" [_thread_blocked, id=3944, stack(0x000000002a060000,0x000000002a160000)]
  0x000000001acef800 JavaThread "jar transforms Thread 112" [_thread_blocked, id=16628, stack(0x0000000029960000,0x0000000029a60000)]
  0x000000001aced800 JavaThread "jar transforms Thread 111" [_thread_blocked, id=1916, stack(0x0000000029860000,0x0000000029960000)]
  0x000000001acec800 JavaThread "jar transforms Thread 110" [_thread_blocked, id=5436, stack(0x0000000029760000,0x0000000029860000)]
  0x000000001acee000 JavaThread "jar transforms Thread 109" [_thread_blocked, id=16388, stack(0x0000000029660000,0x0000000029760000)]
  0x000000001acf0800 JavaThread "jar transforms Thread 108" [_thread_blocked, id=4716, stack(0x0000000029560000,0x0000000029660000)]
  0x000000001acec000 JavaThread "jar transforms Thread 107" [_thread_blocked, id=17100, stack(0x0000000029460000,0x0000000029560000)]
  0x000000001ace4800 JavaThread "jar transforms Thread 106" [_thread_blocked, id=16776, stack(0x0000000029360000,0x0000000029460000)]
  0x000000001acea800 JavaThread "jar transforms Thread 105" [_thread_blocked, id=9604, stack(0x0000000029260000,0x0000000029360000)]
  0x000000001aceb000 JavaThread "jar transforms Thread 104" [_thread_blocked, id=14620, stack(0x0000000029160000,0x0000000029260000)]
  0x000000001ace9000 JavaThread "jar transforms Thread 103" [_thread_blocked, id=13236, stack(0x0000000029060000,0x0000000029160000)]
  0x000000001ace7800 JavaThread "jar transforms Thread 102" [_thread_blocked, id=6044, stack(0x0000000028f60000,0x0000000029060000)]
  0x000000001ace6800 JavaThread "jar transforms Thread 101" [_thread_blocked, id=14780, stack(0x0000000028e60000,0x0000000028f60000)]
  0x000000001ace5000 JavaThread "jar transforms Thread 100" [_thread_blocked, id=15336, stack(0x0000000028d60000,0x0000000028e60000)]
  0x000000001ace8000 JavaThread "jar transforms Thread 99" [_thread_blocked, id=14772, stack(0x0000000028c60000,0x0000000028d60000)]
  0x000000001ace6000 JavaThread "jar transforms Thread 98" [_thread_blocked, id=16204, stack(0x0000000028b60000,0x0000000028c60000)]
  0x000000001ace3800 JavaThread "jar transforms Thread 97" [_thread_blocked, id=15460, stack(0x0000000028a60000,0x0000000028b60000)]
  0x0000000020239000 JavaThread "jar transforms Thread 96" [_thread_blocked, id=10192, stack(0x0000000028960000,0x0000000028a60000)]
  0x0000000020237800 JavaThread "jar transforms Thread 95" [_thread_blocked, id=12092, stack(0x0000000028860000,0x0000000028960000)]
  0x0000000020237000 JavaThread "jar transforms Thread 94" [_thread_blocked, id=4768, stack(0x0000000028760000,0x0000000028860000)]
  0x0000000020238800 JavaThread "jar transforms Thread 93" [_thread_blocked, id=6800, stack(0x0000000028660000,0x0000000028760000)]
  0x000000002022f800 JavaThread "jar transforms Thread 92" [_thread_blocked, id=11624, stack(0x0000000028560000,0x0000000028660000)]
  0x0000000020235800 JavaThread "jar transforms Thread 91" [_thread_blocked, id=15040, stack(0x0000000028460000,0x0000000028560000)]
  0x0000000020234800 JavaThread "jar transforms Thread 90" [_thread_blocked, id=6564, stack(0x0000000028360000,0x0000000028460000)]
  0x0000000020236000 JavaThread "jar transforms Thread 89" [_thread_blocked, id=3244, stack(0x0000000028260000,0x0000000028360000)]
  0x000000002022e000 JavaThread "jar transforms Thread 88" [_thread_blocked, id=16052, stack(0x0000000028160000,0x0000000028260000)]
  0x0000000020234000 JavaThread "jar transforms Thread 87" [_thread_blocked, id=10200, stack(0x0000000028060000,0x0000000028160000)]
  0x000000002022c800 JavaThread "jar transforms Thread 86" [_thread_blocked, id=11700, stack(0x0000000027f60000,0x0000000028060000)]
  0x0000000020233000 JavaThread "jar transforms Thread 85" [_thread_blocked, id=16128, stack(0x0000000027e60000,0x0000000027f60000)]
  0x0000000020232800 JavaThread "jar transforms Thread 84" [_thread_blocked, id=8024, stack(0x0000000027d60000,0x0000000027e60000)]
  0x0000000020231800 JavaThread "jar transforms Thread 83" [_thread_blocked, id=9104, stack(0x0000000027c60000,0x0000000027d60000)]
  0x000000002022a000 JavaThread "jar transforms Thread 82" [_thread_blocked, id=13756, stack(0x0000000027b60000,0x0000000027c60000)]
  0x000000002022d000 JavaThread "jar transforms Thread 81" [_thread_blocked, id=12504, stack(0x0000000027a60000,0x0000000027b60000)]
  0x0000000020230000 JavaThread "jar transforms Thread 80" [_thread_blocked, id=5128, stack(0x0000000027960000,0x0000000027a60000)]
  0x000000002022b000 JavaThread "jar transforms Thread 79" [_thread_blocked, id=3512, stack(0x0000000027860000,0x0000000027960000)]
  0x0000000020231000 JavaThread "jar transforms Thread 78" [_thread_blocked, id=11852, stack(0x0000000027760000,0x0000000027860000)]
  0x000000002022b800 JavaThread "jar transforms Thread 77" [_thread_blocked, id=1740, stack(0x0000000027660000,0x0000000027760000)]
  0x000000002022e800 JavaThread "jar transforms Thread 76" [_thread_blocked, id=17260, stack(0x0000000027560000,0x0000000027660000)]
  0x000000001af12000 JavaThread "jar transforms Thread 75" [_thread_blocked, id=14340, stack(0x0000000027460000,0x0000000027560000)]
  0x000000001af11800 JavaThread "jar transforms Thread 74" [_thread_blocked, id=11324, stack(0x0000000027360000,0x0000000027460000)]
  0x000000001af10800 JavaThread "jar transforms Thread 73" [_thread_blocked, id=12912, stack(0x0000000027260000,0x0000000027360000)]
  0x000000001af10000 JavaThread "jar transforms Thread 72" [_thread_blocked, id=9308, stack(0x0000000027160000,0x0000000027260000)]
  0x000000001af0f000 JavaThread "jar transforms Thread 71" [_thread_blocked, id=11052, stack(0x0000000027060000,0x0000000027160000)]
  0x000000001af13800 JavaThread "jar transforms Thread 70" [_thread_blocked, id=16328, stack(0x0000000026f60000,0x0000000027060000)]
  0x000000001af13000 JavaThread "jar transforms Thread 69" [_thread_blocked, id=796, stack(0x0000000026e60000,0x0000000026f60000)]
  0x000000001af07800 JavaThread "jar transforms Thread 68" [_thread_blocked, id=16708, stack(0x0000000026d60000,0x0000000026e60000)]
  0x000000001af0e800 JavaThread "jar transforms Thread 67" [_thread_blocked, id=1292, stack(0x0000000026c60000,0x0000000026d60000)]
  0x000000001af0d800 JavaThread "jar transforms Thread 66" [_thread_blocked, id=15172, stack(0x0000000026b60000,0x0000000026c60000)]
  0x000000001af0a800 JavaThread "jar transforms Thread 65" [_thread_blocked, id=15868, stack(0x0000000026a60000,0x0000000026b60000)]
  0x000000001af0d000 JavaThread "jar transforms Thread 64" [_thread_blocked, id=5724, stack(0x0000000026960000,0x0000000026a60000)]
  0x000000001af06000 JavaThread "jar transforms Thread 63" [_thread_blocked, id=11628, stack(0x0000000026860000,0x0000000026960000)]
  0x000000001af0c000 JavaThread "jar transforms Thread 62" [_thread_blocked, id=10556, stack(0x0000000026760000,0x0000000026860000)]
  0x000000001af07000 JavaThread "jar transforms Thread 61" [_thread_blocked, id=15036, stack(0x0000000026660000,0x0000000026760000)]
  0x000000001af0b800 JavaThread "jar transforms Thread 60" [_thread_blocked, id=13744, stack(0x0000000026560000,0x0000000026660000)]
  0x000000001af0a000 JavaThread "jar transforms Thread 59" [_thread_blocked, id=10220, stack(0x0000000026460000,0x0000000026560000)]
  0x000000001af09000 JavaThread "jar transforms Thread 58" [_thread_blocked, id=1300, stack(0x0000000026360000,0x0000000026460000)]
  0x000000001af04800 JavaThread "jar transforms Thread 57" [_thread_blocked, id=2368, stack(0x0000000026260000,0x0000000026360000)]
  0x000000001af05800 JavaThread "jar transforms Thread 56" [_thread_blocked, id=17072, stack(0x0000000026160000,0x0000000026260000)]
  0x000000001af08800 JavaThread "jar transforms Thread 55" [_thread_blocked, id=12776, stack(0x0000000026060000,0x0000000026160000)]
  0x000000001d087000 JavaThread "jar transforms Thread 54" [_thread_blocked, id=14776, stack(0x0000000025f60000,0x0000000026060000)]
  0x000000001d086800 JavaThread "jar transforms Thread 53" [_thread_blocked, id=9652, stack(0x0000000025e60000,0x0000000025f60000)]
  0x000000001d085800 JavaThread "jar transforms Thread 52" [_thread_blocked, id=4564, stack(0x0000000025d60000,0x0000000025e60000)]
  0x000000001d089800 JavaThread "jar transforms Thread 51" [_thread_blocked, id=14508, stack(0x0000000025c60000,0x0000000025d60000)]
  0x000000001d085000 JavaThread "jar transforms Thread 50" [_thread_blocked, id=7932, stack(0x0000000025b60000,0x0000000025c60000)]
  0x000000001d084000 JavaThread "jar transforms Thread 49" [_thread_blocked, id=3088, stack(0x0000000025960000,0x0000000025a60000)]
  0x000000001d088800 JavaThread "jar transforms Thread 48" [_thread_blocked, id=3688, stack(0x0000000025860000,0x0000000025960000)]
  0x000000001d083800 JavaThread "jar transforms Thread 47" [_thread_blocked, id=17120, stack(0x0000000025760000,0x0000000025860000)]
  0x000000001d088000 JavaThread "jar transforms Thread 46" [_thread_blocked, id=16432, stack(0x0000000025660000,0x0000000025760000)]
  0x000000001d07c000 JavaThread "jar transforms Thread 45" [_thread_blocked, id=3900, stack(0x0000000025560000,0x0000000025660000)]
  0x000000001d081000 JavaThread "jar transforms Thread 44" [_thread_blocked, id=12680, stack(0x0000000025460000,0x0000000025560000)]
  0x000000001d082800 JavaThread "jar transforms Thread 43" [_thread_blocked, id=10260, stack(0x0000000025360000,0x0000000025460000)]
  0x000000001d07f000 JavaThread "jar transforms Thread 42" [_thread_blocked, id=2972, stack(0x0000000025260000,0x0000000025360000)]
  0x000000001d07f800 JavaThread "jar transforms Thread 41" [_thread_blocked, id=3136, stack(0x0000000025160000,0x0000000025260000)]
  0x000000001d07b000 JavaThread "jar transforms Thread 40" [_thread_blocked, id=4956, stack(0x0000000025060000,0x0000000025160000)]
  0x000000001d07e000 JavaThread "jar transforms Thread 39" [_thread_blocked, id=13908, stack(0x0000000024f60000,0x0000000025060000)]
  0x000000001d07c800 JavaThread "jar transforms Thread 38" [_thread_blocked, id=9904, stack(0x0000000024e60000,0x0000000024f60000)]
  0x000000001d080800 JavaThread "jar transforms Thread 37" [_thread_blocked, id=1964, stack(0x0000000024d60000,0x0000000024e60000)]
  0x000000001d07d800 JavaThread "jar transforms Thread 36" [_thread_blocked, id=9800, stack(0x0000000024c60000,0x0000000024d60000)]
  0x000000001d082000 JavaThread "jar transforms Thread 35" [_thread_blocked, id=4732, stack(0x0000000024b60000,0x0000000024c60000)]
  0x000000001d07a800 JavaThread "jar transforms Thread 34" [_thread_blocked, id=9124, stack(0x0000000024a60000,0x0000000024b60000)]
  0x000000001abed000 JavaThread "jar transforms Thread 33" [_thread_blocked, id=472, stack(0x0000000024960000,0x0000000024a60000)]
  0x000000001abef800 JavaThread "jar transforms Thread 32" [_thread_blocked, id=14176, stack(0x0000000024860000,0x0000000024960000)]
  0x000000001abee800 JavaThread "jar transforms Thread 31" [_thread_blocked, id=5604, stack(0x0000000024760000,0x0000000024860000)]
  0x000000001abee000 JavaThread "jar transforms Thread 30" [_thread_blocked, id=13592, stack(0x0000000024660000,0x0000000024760000)]
  0x000000001abec800 JavaThread "jar transforms Thread 29" [_thread_blocked, id=13544, stack(0x0000000024560000,0x0000000024660000)]
  0x000000001abeb800 JavaThread "jar transforms Thread 28" [_thread_blocked, id=16524, stack(0x0000000024460000,0x0000000024560000)]
  0x000000001abf0000 JavaThread "jar transforms Thread 27" [_thread_blocked, id=13608, stack(0x0000000024360000,0x0000000024460000)]
  0x000000001abe9800 JavaThread "jar transforms Thread 26" [_thread_blocked, id=6908, stack(0x0000000024260000,0x0000000024360000)]
  0x000000001abe4000 JavaThread "jar transforms Thread 25" [_thread_blocked, id=8364, stack(0x0000000024160000,0x0000000024260000)]
  0x000000001abeb000 JavaThread "jar transforms Thread 24" [_thread_blocked, id=16288, stack(0x0000000024060000,0x0000000024160000)]
  0x000000001abe8800 JavaThread "jar transforms Thread 23" [_thread_blocked, id=14348, stack(0x0000000023f60000,0x0000000024060000)]
  0x000000001abe8000 JavaThread "jar transforms Thread 22" [_thread_blocked, id=10460, stack(0x0000000023e60000,0x0000000023f60000)]
  0x000000001abea000 JavaThread "jar transforms Thread 21" [_thread_blocked, id=2756, stack(0x0000000023d60000,0x0000000023e60000)]
  0x000000001abe7000 JavaThread "jar transforms Thread 20" [_thread_blocked, id=16980, stack(0x0000000023c60000,0x0000000023d60000)]
  0x000000001abe2000 JavaThread "jar transforms Thread 19" [_thread_blocked, id=14140, stack(0x0000000023b60000,0x0000000023c60000)]
  0x000000001abe2800 JavaThread "jar transforms Thread 18" [_thread_blocked, id=10916, stack(0x0000000023a60000,0x0000000023b60000)]
  0x000000001abe6800 JavaThread "jar transforms Thread 17" [_thread_blocked, id=4248, stack(0x0000000023960000,0x0000000023a60000)]
  0x000000001abe3800 JavaThread "jar transforms Thread 16" [_thread_blocked, id=7464, stack(0x0000000023860000,0x0000000023960000)]
  0x000000001abe5000 JavaThread "jar transforms Thread 15" [_thread_blocked, id=15136, stack(0x0000000023760000,0x0000000023860000)]
  0x000000001abe5800 JavaThread "jar transforms Thread 14" [_thread_blocked, id=11040, stack(0x0000000023660000,0x0000000023760000)]
  0x000000001abe1000 JavaThread "jar transforms Thread 13" [_thread_blocked, id=3800, stack(0x0000000023560000,0x0000000023660000)]
  0x0000000019998800 JavaThread "jar transforms Thread 12" [_thread_blocked, id=13000, stack(0x0000000023460000,0x0000000023560000)]
  0x0000000019996000 JavaThread "jar transforms Thread 11" [_thread_blocked, id=1228, stack(0x0000000023360000,0x0000000023460000)]
  0x0000000019995800 JavaThread "jar transforms Thread 10" [_thread_blocked, id=7940, stack(0x0000000023260000,0x0000000023360000)]
  0x0000000019997800 JavaThread "jar transforms Thread 9" [_thread_blocked, id=5892, stack(0x0000000023160000,0x0000000023260000)]
  0x0000000019997000 JavaThread "jar transforms Thread 8" [_thread_blocked, id=11296, stack(0x0000000023060000,0x0000000023160000)]
  0x0000000019994800 JavaThread "jar transforms Thread 7" [_thread_blocked, id=2020, stack(0x0000000022f60000,0x0000000023060000)]
  0x000000001998d000 JavaThread "jar transforms Thread 6" [_thread_blocked, id=4332, stack(0x0000000022c40000,0x0000000022d40000)]
  0x0000000019993800 JavaThread "jar transforms Thread 5" [_thread_blocked, id=7300, stack(0x0000000022e60000,0x0000000022f60000)]
  0x0000000019993000 JavaThread "jar transforms Thread 4" [_thread_blocked, id=10900, stack(0x0000000022d60000,0x0000000022e60000)]
  0x000000001998b800 JavaThread "jar transforms Thread 3" [_thread_blocked, id=1364, stack(0x0000000022b40000,0x0000000022c40000)]
  0x0000000019992000 JavaThread "jar transforms Thread 2" [_thread_blocked, id=6696, stack(0x0000000022a40000,0x0000000022b40000)]
  0x000000001998c000 JavaThread "Build operations Thread 4" [_thread_blocked, id=6428, stack(0x0000000022940000,0x0000000022a40000)]
  0x000000001998a800 JavaThread "Build operations Thread 3" [_thread_blocked, id=13356, stack(0x0000000022840000,0x0000000022940000)]
  0x0000000019991800 JavaThread "Build operations Thread 2" [_thread_blocked, id=12080, stack(0x0000000022740000,0x0000000022840000)]
  0x000000001998a000 JavaThread "Build operations" [_thread_blocked, id=9584, stack(0x0000000022640000,0x0000000022740000)]
  0x0000000019990800 JavaThread "Cache worker for Build Output Cleanup Cache (D:\Desktop\Flutter Projects\amquick\android\.gradle\buildOutputCleanup)" [_thread_blocked, id=10668, stack(0x0000000022340000,0x0000000022440000)]
  0x0000000019fa1000 JavaThread "Cache worker for file content cache (C:\Users\NANO\.gradle\caches\6.7\fileContent)" [_thread_blocked, id=16380, stack(0x0000000021c40000,0x0000000021d40000)]
  0x0000000019fa0800 JavaThread "jar transforms" [_thread_blocked, id=14832, stack(0x0000000021b40000,0x0000000021c40000)]
  0x0000000019fa3800 JavaThread "Cache worker for execution history cache (C:\Users\NANO\.gradle\caches\6.7\executionHistory)" [_thread_blocked, id=15612, stack(0x0000000020460000,0x0000000020560000)]
  0x0000000019f9f000 JavaThread "Cache worker for cache directory md-rule (C:\Users\NANO\.gradle\caches\6.7\md-rule)" [_thread_blocked, id=2028, stack(0x0000000020360000,0x0000000020460000)]
  0x0000000019fa2800 JavaThread "Cache worker for cache directory md-supplier (C:\Users\NANO\.gradle\caches\6.7\md-supplier)" [_thread_blocked, id=13532, stack(0x000000001efb0000,0x000000001f0b0000)]
  0x0000000019fa2000 JavaThread "Cache worker for checksums cache (D:\Desktop\Flutter Projects\amquick\android\.gradle\checksums)" [_thread_blocked, id=12460, stack(0x000000001eeb0000,0x000000001efb0000)]
  0x0000000019f9e000 JavaThread "Cache worker for file hash cache (D:\Desktop\Flutter Projects\amquick\android\.gradle\6.7\fileHashes)" [_thread_blocked, id=10744, stack(0x000000001edb0000,0x000000001eeb0000)]
  0x0000000019f9c800 JavaThread "Cache worker for journal cache (C:\Users\NANO\.gradle\caches\journal-1)" [_thread_blocked, id=13672, stack(0x000000001e8b0000,0x000000001e9b0000)]
  0x0000000019f9d800 JavaThread "File lock request listener" [_thread_in_native, id=1996, stack(0x000000001c810000,0x000000001c910000)]
  0x0000000019f9f800 JavaThread "Cache worker for file hash cache (C:\Users\NANO\.gradle\caches\6.7\fileHashes)" [_thread_blocked, id=11592, stack(0x000000001c610000,0x000000001c710000)]
  0x000000001a323000 JavaThread "Thread-9" [_thread_blocked, id=12492, stack(0x000000001c310000,0x000000001c410000)]
  0x000000001a32b000 JavaThread "Stdin handler" [_thread_blocked, id=14316, stack(0x000000001c210000,0x000000001c310000)]
  0x000000001a321000 JavaThread "Asynchronous log dispatcher for DefaultDaemonConnection: socket connection from /127.0.0.1:64377 to /127.0.0.1:64378" [_thread_blocked, id=16856, stack(0x000000001c110000,0x000000001c210000)]
  0x000000001a31f800 JavaThread "Daemon worker" [_thread_blocked, id=4404, stack(0x000000001c010000,0x000000001c110000)]
  0x000000001a31f000 JavaThread "Cancel handler" [_thread_blocked, id=13900, stack(0x000000001bf10000,0x000000001c010000)]
  0x0000000019fbe000 JavaThread "Handler for socket connection from /127.0.0.1:64377 to /127.0.0.1:64378" [_thread_in_native, id=12732, stack(0x000000001be10000,0x000000001bf10000)]
  0x000000001a319800 JavaThread "Daemon" [_thread_blocked, id=8468, stack(0x000000001bb10000,0x000000001bc10000)]
  0x000000001a394800 JavaThread "Daemon periodic checks" [_thread_blocked, id=2576, stack(0x000000001ba10000,0x000000001bb10000)]
  0x000000001a2fa800 JavaThread "Incoming local TCP Connector on port 64377" [_thread_in_native, id=10100, stack(0x000000001b7d0000,0x000000001b8d0000)]
  0x0000000019f37000 JavaThread "Daemon health stats" [_thread_blocked, id=16756, stack(0x0000000019fc0000,0x000000001a0c0000)]
  0x0000000018159800 JavaThread "Service Thread" daemon [_thread_blocked, id=16396, stack(0x00000000185f0000,0x00000000186f0000)]
  0x0000000018110800 JavaThread "C1 CompilerThread2" daemon [_thread_in_vm, id=10152, stack(0x00000000184f0000,0x00000000185f0000)]
=>0x00000000168ac800 JavaThread "C2 CompilerThread1" daemon [_thread_in_native, id=8444, stack(0x0000000017ff0000,0x00000000180f0000)]
  0x00000000168a9000 JavaThread "C2 CompilerThread0" daemon [_thread_in_native, id=13344, stack(0x0000000017ef0000,0x0000000017ff0000)]
  0x00000000168a6000 JavaThread "Attach Listener" daemon [_thread_blocked, id=15284, stack(0x0000000017df0000,0x0000000017ef0000)]
  0x00000000168f6000 JavaThread "Signal Dispatcher" daemon [_thread_blocked, id=10880, stack(0x0000000017cf0000,0x0000000017df0000)]
  0x0000000002f2c000 JavaThread "Finalizer" daemon [_thread_blocked, id=7496, stack(0x0000000017af0000,0x0000000017bf0000)]
  0x0000000002f21000 JavaThread "Reference Handler" daemon [_thread_blocked, id=16312, stack(0x00000000179f0000,0x0000000017af0000)]
  0x0000000002e32800 JavaThread "main" [_thread_blocked, id=15992, stack(0x0000000002c40000,0x0000000002d40000)]

Other Threads:
  0x0000000016868000 VMThread [stack: 0x00000000178f0000,0x00000000179f0000] [id=13280]
  0x0000000018195800 WatcherThread [stack: 0x00000000186f0000,0x00000000187f0000] [id=13904]

VM state:not at safepoint (normal execution)

VM Mutex/Monitor currently owned by a thread: None

Heap:
 PSYoungGen      total 203264K, used 191421K [0x00000000e0000000, 0x00000000ef980000, 0x0000000100000000)
  eden space 182784K, 95% used [0x00000000e0000000,0x00000000ea9f7770,0x00000000eb280000)
  from space 20480K, 84% used [0x00000000eb280000,0x00000000ec377c98,0x00000000ec680000)
  to   space 21504K, 0% used [0x00000000ee480000,0x00000000ee480000,0x00000000ef980000)
 ParOldGen       total 232448K, used 36641K [0x00000000a0000000, 0x00000000ae300000, 0x00000000e0000000)
  object space 232448K, 15% used [0x00000000a0000000,0x00000000a23c8628,0x00000000ae300000)
 Metaspace       used 68613K, capacity 72556K, committed 72832K, reserved 1112064K
  class space    used 9730K, capacity 10557K, committed 10624K, reserved 1048576K

Card table byte_map: [0x00000000122f0000,0x0000000012600000] byte_map_base: 0x0000000011df0000

Marking Bits: (ParMarkBitMap*) 0x0000000077f72d00
 Begin Bits: [0x0000000012c00000, 0x0000000014400000)
 End Bits:   [0x0000000014400000, 0x0000000015c00000)

Polling page: 0x0000000000f40000

CodeCache: size=245760Kb used=26443Kb max_used=26443Kb free=219316Kb
 bounds [0x0000000002f30000, 0x0000000004920000, 0x0000000011f30000]
 total_blobs=8772 nmethods=7978 adapters=705
 compilation: enabled

Compilation events (10 events):
Event: 24.375 Thread 0x0000000018110800 nmethod 8707 0x0000000003bc7450 code [0x0000000003bc75c0, 0x0000000003bc7828]
Event: 24.375 Thread 0x0000000018110800 8708       3       org.gradle.internal.logging.text.AbstractLineChoppingStyledTextOutput$2::execute (73 bytes)
Event: 24.376 Thread 0x0000000018110800 nmethod 8708 0x00000000049033d0 code [0x00000000049035e0, 0x0000000004903f18]
Event: 24.376 Thread 0x0000000018110800 8706       3       org.gradle.internal.event.BroadcastDispatch$CompositeDispatch::dispatch (15 bytes)
Event: 24.376 Thread 0x0000000018110800 nmethod 8706 0x0000000004902e90 code [0x0000000004903000, 0x00000000049032d8]
Event: 24.376 Thread 0x0000000018110800 8711       3       sun.nio.cs.SingleByte$Decoder::decodeLoop (28 bytes)
Event: 24.376 Thread 0x0000000018110800 nmethod 8711 0x00000000049013d0 code [0x0000000004901560, 0x0000000004901a98]
Event: 24.376 Thread 0x0000000018110800 8712       2       org.gradle.internal.logging.text.AbstractLineChoppingStyledTextOutput::doAppend (43 bytes)
Event: 24.377 Thread 0x0000000018110800 nmethod 8712 0x0000000004900e50 code [0x0000000004900fe0, 0x0000000004901288]
Event: 24.377 Thread 0x0000000018110800 8713       3       org.gradle.internal.logging.console.StyledTextOutputBackedRenderer::onOutput (260 bytes)

GC Heap History (10 events):
Event: 8.233 GC heap before
{Heap before GC invocations=10 (full 2):
 PSYoungGen      total 117760K, used 105984K [0x00000000e0000000, 0x00000000ec700000, 0x0000000100000000)
  eden space 105984K, 100% used [0x00000000e0000000,0x00000000e6780000,0x00000000e6780000)
  from space 11776K, 0% used [0x00000000e6780000,0x00000000e6780000,0x00000000e7300000)
  to   space 11264K, 0% used [0x00000000ebc00000,0x00000000ebc00000,0x00000000ec700000)
 ParOldGen       total 150016K, used 15606K [0x00000000a0000000, 0x00000000a9280000, 0x00000000e0000000)
  object space 150016K, 10% used [0x00000000a0000000,0x00000000a0f3daf8,0x00000000a9280000)
 Metaspace       used 37370K, capacity 38914K, committed 39168K, reserved 1083392K
  class space    used 5233K, capacity 5552K, committed 5632K, reserved 1048576K
Event: 8.241 GC heap after
Heap after GC invocations=10 (full 2):
 PSYoungGen      total 156672K, used 5221K [0x00000000e0000000, 0x00000000ec180000, 0x0000000100000000)
  eden space 151040K, 0% used [0x00000000e0000000,0x00000000e0000000,0x00000000e9380000)
  from space 5632K, 92% used [0x00000000ebc00000,0x00000000ec1197f8,0x00000000ec180000)
  to   space 11776K, 0% used [0x00000000eaa80000,0x00000000eaa80000,0x00000000eb600000)
 ParOldGen       total 150016K, used 15614K [0x00000000a0000000, 0x00000000a9280000, 0x00000000e0000000)
  object space 150016K, 10% used [0x00000000a0000000,0x00000000a0f3faf8,0x00000000a9280000)
 Metaspace       used 37370K, capacity 38914K, committed 39168K, reserved 1083392K
  class space    used 5233K, capacity 5552K, committed 5632K, reserved 1048576K
}
Event: 10.742 GC heap before
{Heap before GC invocations=11 (full 2):
 PSYoungGen      total 156672K, used 156261K [0x00000000e0000000, 0x00000000ec180000, 0x0000000100000000)
  eden space 151040K, 100% used [0x00000000e0000000,0x00000000e9380000,0x00000000e9380000)
  from space 5632K, 92% used [0x00000000ebc00000,0x00000000ec1197f8,0x00000000ec180000)
  to   space 11776K, 0% used [0x00000000eaa80000,0x00000000eaa80000,0x00000000eb600000)
 ParOldGen       total 150016K, used 15614K [0x00000000a0000000, 0x00000000a9280000, 0x00000000e0000000)
  object space 150016K, 10% used [0x00000000a0000000,0x00000000a0f3faf8,0x00000000a9280000)
 Metaspace       used 51374K, capacity 53438K, committed 53504K, reserved 1095680K
  class space    used 7013K, capacity 7377K, committed 7424K, reserved 1048576K
Event: 10.765 GC heap after
Heap after GC invocations=11 (full 2):
 PSYoungGen      total 186368K, used 11758K [0x00000000e0000000, 0x00000000ed680000, 0x0000000100000000)
  eden space 174592K, 0% used [0x00000000e0000000,0x00000000e0000000,0x00000000eaa80000)
  from space 11776K, 99% used [0x00000000eaa80000,0x00000000eb5fb9e8,0x00000000eb600000)
  to   space 16384K, 0% used [0x00000000ec680000,0x00000000ec680000,0x00000000ed680000)
 ParOldGen       total 150016K, used 23883K [0x00000000a0000000, 0x00000000a9280000, 0x00000000e0000000)
  object space 150016K, 15% used [0x00000000a0000000,0x00000000a1752e88,0x00000000a9280000)
 Metaspace       used 51374K, capacity 53438K, committed 53504K, reserved 1095680K
  class space    used 7013K, capacity 7377K, committed 7424K, reserved 1048576K
}
Event: 13.124 GC heap before
{Heap before GC invocations=12 (full 2):
 PSYoungGen      total 186368K, used 169859K [0x00000000e0000000, 0x00000000ed680000, 0x0000000100000000)
  eden space 174592K, 90% used [0x00000000e0000000,0x00000000e9a65340,0x00000000eaa80000)
  from space 11776K, 99% used [0x00000000eaa80000,0x00000000eb5fb9e8,0x00000000eb600000)
  to   space 16384K, 0% used [0x00000000ec680000,0x00000000ec680000,0x00000000ed680000)
 ParOldGen       total 150016K, used 23883K [0x00000000a0000000, 0x00000000a9280000, 0x00000000e0000000)
  object space 150016K, 15% used [0x00000000a0000000,0x00000000a1752e88,0x00000000a9280000)
 Metaspace       used 56689K, capacity 59128K, committed 59160K, reserved 1099776K
  class space    used 7899K, capacity 8430K, committed 8448K, reserved 1048576K
Event: 13.150 GC heap after
Heap after GC invocations=12 (full 2):
 PSYoungGen      total 199168K, used 16376K [0x00000000e0000000, 0x00000000ef900000, 0x0000000100000000)
  eden space 182784K, 0% used [0x00000000e0000000,0x00000000e0000000,0x00000000eb280000)
  from space 16384K, 99% used [0x00000000ec680000,0x00000000ed67e198,0x00000000ed680000)
  to   space 20480K, 0% used [0x00000000eb280000,0x00000000eb280000,0x00000000ec680000)
 ParOldGen       total 150016K, used 29798K [0x00000000a0000000, 0x00000000a9280000, 0x00000000e0000000)
  object space 150016K, 19% used [0x00000000a0000000,0x00000000a1d19900,0x00000000a9280000)
 Metaspace       used 56689K, capacity 59128K, committed 59160K, reserved 1099776K
  class space    used 7899K, capacity 8430K, committed 8448K, reserved 1048576K
}
Event: 13.150 GC heap before
{Heap before GC invocations=13 (full 3):
 PSYoungGen      total 199168K, used 16376K [0x00000000e0000000, 0x00000000ef900000, 0x0000000100000000)
  eden space 182784K, 0% used [0x00000000e0000000,0x00000000e0000000,0x00000000eb280000)
  from space 16384K, 99% used [0x00000000ec680000,0x00000000ed67e198,0x00000000ed680000)
  to   space 20480K, 0% used [0x00000000eb280000,0x00000000eb280000,0x00000000ec680000)
 ParOldGen       total 150016K, used 29798K [0x00000000a0000000, 0x00000000a9280000, 0x00000000e0000000)
  object space 150016K, 19% used [0x00000000a0000000,0x00000000a1d19900,0x00000000a9280000)
 Metaspace       used 56689K, capacity 59128K, committed 59160K, reserved 1099776K
  class space    used 7899K, capacity 8430K, committed 8448K, reserved 1048576K
Event: 13.498 GC heap after
Heap after GC invocations=13 (full 3):
 PSYoungGen      total 199168K, used 0K [0x00000000e0000000, 0x00000000ef900000, 0x0000000100000000)
  eden space 182784K, 0% used [0x00000000e0000000,0x00000000e0000000,0x00000000eb280000)
  from space 16384K, 0% used [0x00000000ec680000,0x00000000ec680000,0x00000000ed680000)
  to   space 20480K, 0% used [0x00000000eb280000,0x00000000eb280000,0x00000000ec680000)
 ParOldGen       total 232448K, used 36633K [0x00000000a0000000, 0x00000000ae300000, 0x00000000e0000000)
  object space 232448K, 15% used [0x00000000a0000000,0x00000000a23c6628,0x00000000ae300000)
 Metaspace       used 56678K, capacity 59092K, committed 59160K, reserved 1099776K
  class space    used 7896K, capacity 8424K, committed 8448K, reserved 1048576K
}
Event: 16.959 GC heap before
{Heap before GC invocations=14 (full 3):
 PSYoungGen      total 199168K, used 182784K [0x00000000e0000000, 0x00000000ef900000, 0x0000000100000000)
  eden space 182784K, 100% used [0x00000000e0000000,0x00000000eb280000,0x00000000eb280000)
  from space 16384K, 0% used [0x00000000ec680000,0x00000000ec680000,0x00000000ed680000)
  to   space 20480K, 0% used [0x00000000eb280000,0x00000000eb280000,0x00000000ec680000)
 ParOldGen       total 232448K, used 36633K [0x00000000a0000000, 0x00000000ae300000, 0x00000000e0000000)
  object space 232448K, 15% used [0x00000000a0000000,0x00000000a23c6628,0x00000000ae300000)
 Metaspace       used 61487K, capacity 64802K, committed 65024K, reserved 1105920K
  class space    used 8640K, capacity 9361K, committed 9472K, reserved 1048576K
Event: 16.984 GC heap after
Heap after GC invocations=14 (full 3):
 PSYoungGen      total 203264K, used 17375K [0x00000000e0000000, 0x00000000ef980000, 0x0000000100000000)
  eden space 182784K, 0% used [0x00000000e0000000,0x00000000e0000000,0x00000000eb280000)
  from space 20480K, 84% used [0x00000000eb280000,0x00000000ec377c98,0x00000000ec680000)
  to   space 21504K, 0% used [0x00000000ee480000,0x00000000ee480000,0x00000000ef980000)
 ParOldGen       total 232448K, used 36641K [0x00000000a0000000, 0x00000000ae300000, 0x00000000e0000000)
  object space 232448K, 15% used [0x00000000a0000000,0x00000000a23c8628,0x00000000ae300000)
 Metaspace       used 61487K, capacity 64802K, committed 65024K, reserved 1105920K
  class space    used 8640K, capacity 9361K, committed 9472K, reserved 1048576K
}

Deoptimization events (10 events):
Event: 19.113 Thread 0x000000001a31f800 Uncommon trap: reason=bimorphic action=maybe_recompile pc=0x0000000004494a90 method=org.gradle.internal.snapshot.SnapshotUtil.lambda$getMetadataFromChildren$0(Lorg/gradle/internal/snapshot/VfsRelativePath;Lorg/gradle/internal/snapshot/CaseSensitivity;Lorg
Event: 19.113 Thread 0x000000001a31f800 Uncommon trap: reason=bimorphic action=maybe_recompile pc=0x0000000004494a90 method=org.gradle.internal.snapshot.SnapshotUtil.lambda$getMetadataFromChildren$0(Lorg/gradle/internal/snapshot/VfsRelativePath;Lorg/gradle/internal/snapshot/CaseSensitivity;Lorg
Event: 19.531 Thread 0x000000001a31f800 Uncommon trap: reason=unstable_if action=reinterpret pc=0x0000000003e87e04 method=org.gradle.internal.snapshot.VfsRelativePath.compareToFirstSegment(Ljava/lang/String;Lorg/gradle/internal/snapshot/CaseSensitivity;)I @ 134
Event: 24.209 Thread 0x000000001aa8c800 Uncommon trap: reason=bimorphic action=maybe_recompile pc=0x000000000458e01c method=org.gradle.internal.logging.sink.OutputEventRenderer.onOutput(Lorg/gradle/internal/logging/events/OutputEvent;)V @ 1
Event: 24.210 Thread 0x000000001aa8c800 Uncommon trap: reason=bimorphic action=maybe_recompile pc=0x000000000458e01c method=org.gradle.internal.logging.sink.OutputEventRenderer.onOutput(Lorg/gradle/internal/logging/events/OutputEvent;)V @ 1
Event: 24.211 Thread 0x000000001aa8c800 Uncommon trap: reason=bimorphic action=maybe_recompile pc=0x000000000458e01c method=org.gradle.internal.logging.sink.OutputEventRenderer.onOutput(Lorg/gradle/internal/logging/events/OutputEvent;)V @ 1
Event: 24.212 Thread 0x000000001aa8c800 Uncommon trap: reason=bimorphic action=maybe_recompile pc=0x000000000458e01c method=org.gradle.internal.logging.sink.OutputEventRenderer.onOutput(Lorg/gradle/internal/logging/events/OutputEvent;)V @ 1
Event: 24.212 Thread 0x000000001aa8c800 Uncommon trap: reason=bimorphic action=maybe_recompile pc=0x000000000458d430 method=org.gradle.internal.logging.sink.OutputEventRenderer.onOutput(Lorg/gradle/internal/logging/events/OutputEvent;)V @ 1
Event: 24.374 Thread 0x000000001aa8c800 Uncommon trap: reason=unstable_if action=reinterpret pc=0x0000000004902388 method=org.gradle.internal.logging.text.AbstractLineChoppingStyledTextOutput$2.execute(Lorg/gradle/internal/logging/text/AbstractLineChoppingStyledTextOutput$StateContext;)V @ 30
Event: 24.375 Thread 0x000000001aa8c800 Uncommon trap: reason=unstable_if action=reinterpret pc=0x00000000048ef31c method=org.gradle.internal.logging.text.AbstractLineChoppingStyledTextOutput$2.execute(Lorg/gradle/internal/logging/text/AbstractLineChoppingStyledTextOutput$StateContext;)V @ 30

Classes redefined (0 events):
No events

Internal exceptions (10 events):
Event: 19.582 Thread 0x000000001a31f800 Exception <a 'java/lang/ClassNotFoundException': org/gradle/process/internal/DefaultProcessForkOptionsBeanInfo> (0x00000000ea071370) thrown at [C:\re\workspace\8-2-build-windows-amd64-cygwin\jdk8u181\11358\hotspot\src\share\vm\classfile\systemDictionary.c
Event: 19.583 Thread 0x000000001a31f800 Exception <a 'java/lang/ClassNotFoundException': org/gradle/process/internal/DefaultProcessForkOptionsCustomizer> (0x00000000ea0b6f60) thrown at [C:\re\workspace\8-2-build-windows-amd64-cygwin\jdk8u181\11358\hotspot\src\share\vm\classfile\systemDictionary
Event: 19.585 Thread 0x000000001a31f800 Exception <a 'java/lang/ClassNotFoundException': org/gradle/process/internal/AbstractExecHandleBuilderCustomizer> (0x00000000ea10f778) thrown at [C:\re\workspace\8-2-build-windows-amd64-cygwin\jdk8u181\11358\hotspot\src\share\vm\classfile\systemDictionary
Event: 19.587 Thread 0x000000001a31f800 Exception <a 'java/lang/ClassNotFoundException': org/gradle/process/internal/DefaultExecHandleBuilderCustomizer> (0x00000000ea16b1f0) thrown at [C:\re\workspace\8-2-build-windows-amd64-cygwin\jdk8u181\11358\hotspot\src\share\vm\classfile\systemDictionary.
Event: 19.590 Thread 0x000000001a31f800 Exception <a 'java/lang/ClassNotFoundException': org/gradle/process/internal/DefaultExecActionCustomizer> (0x00000000ea1e9c18) thrown at [C:\re\workspace\8-2-build-windows-amd64-cygwin\jdk8u181\11358\hotspot\src\share\vm\classfile\systemDictionary.cpp, li
Event: 19.591 Thread 0x000000001a31f800 Exception <a 'java/lang/ClassNotFoundException': org/gradle/process/internal/DefaultExecAction_DecoratedCustomizer> (0x00000000ea23be28) thrown at [C:\re\workspace\8-2-build-windows-amd64-cygwin\jdk8u181\11358\hotspot\src\share\vm\classfile\systemDictiona
Event: 19.593 Thread 0x000000001a31f800 Exception <a 'java/lang/ClassNotFoundException': org/gradle/api/logging/LogLevelBeanInfo> (0x00000000ea2a6468) thrown at [C:\re\workspace\8-2-build-windows-amd64-cygwin\jdk8u181\11358\hotspot\src\share\vm\classfile\systemDictionary.cpp, line 210]
Event: 19.594 Thread 0x000000001a31f800 Exception <a 'java/lang/ClassNotFoundException': org/gradle/api/logging/LogLevelCustomizer> (0x00000000ea2dba20) thrown at [C:\re\workspace\8-2-build-windows-amd64-cygwin\jdk8u181\11358\hotspot\src\share\vm\classfile\systemDictionary.cpp, line 210]
Event: 19.597 Thread 0x000000001a31f800 Exception <a 'java/lang/ClassNotFoundException': org/gradle/internal/logging/compatbridge/LoggingManagerInternalCompatibilityBridgeBeanInfo> (0x00000000ea369b90) thrown at [C:\re\workspace\8-2-build-windows-amd64-cygwin\jdk8u181\11358\hotspot\src\share\vm
Event: 19.598 Thread 0x000000001a31f800 Exception <a 'java/lang/ClassNotFoundException': org/gradle/internal/logging/compatbridge/LoggingManagerInternalCompatibilityBridgeCustomizer> (0x00000000ea3c3d90) thrown at [C:\re\workspace\8-2-build-windows-amd64-cygwin\jdk8u181\11358\hotspot\src\share\

Events (10 events):
Event: 24.212 Thread 0x000000001aa8c800 DEOPT UNPACKING pc=0x0000000002f7583b sp=0x000000002cecebe8 mode 2
Event: 24.212 Thread 0x000000001aa8c800 Uncommon trap: trap_request=0xffffffc6 fr.pc=0x000000000458d430
Event: 24.212 Thread 0x000000001aa8c800 DEOPT PACKING pc=0x000000000458d430 sp=0x000000002cecec20
Event: 24.212 Thread 0x000000001aa8c800 DEOPT UNPACKING pc=0x0000000002f7583b sp=0x000000002cecebe0 mode 2
Event: 24.374 Thread 0x000000001aa8c800 Uncommon trap: trap_request=0xffffff65 fr.pc=0x0000000004902388
Event: 24.374 Thread 0x000000001aa8c800 DEOPT PACKING pc=0x0000000004902388 sp=0x000000002cece200
Event: 24.374 Thread 0x000000001aa8c800 DEOPT UNPACKING pc=0x0000000002f7583b sp=0x000000002cece098 mode 2
Event: 24.375 Thread 0x000000001aa8c800 Uncommon trap: trap_request=0xffffff65 fr.pc=0x00000000048ef31c
Event: 24.375 Thread 0x000000001aa8c800 DEOPT PACKING pc=0x00000000048ef31c sp=0x000000002cece120
Event: 24.375 Thread 0x000000001aa8c800 DEOPT UNPACKING pc=0x0000000002f7583b sp=0x000000002cece0c8 mode 2


Dynamic libraries:
0x00007ff66e9d0000 - 0x00007ff66ea07000 	C:\Program Files\Java\jdk1.8.0_181\bin\java.exe
0x00007ffc91540000 - 0x00007ffc91730000 	C:\WINDOWS\SYSTEM32\ntdll.dll
0x00007ffc8f640000 - 0x00007ffc8f6f3000 	C:\WINDOWS\System32\KERNEL32.DLL
0x00007ffc8e510000 - 0x00007ffc8e7b6000 	C:\WINDOWS\System32\KERNELBASE.dll
0x00007ffc8fb60000 - 0x00007ffc8fc03000 	C:\WINDOWS\System32\ADVAPI32.dll
0x00007ffc91210000 - 0x00007ffc912ae000 	C:\WINDOWS\System32\msvcrt.dll
0x00007ffc90e30000 - 0x00007ffc90ec7000 	C:\WINDOWS\System32\sechost.dll
0x00007ffc905b0000 - 0x00007ffc906cf000 	C:\WINDOWS\System32\RPCRT4.dll
0x00007ffc912e0000 - 0x00007ffc91474000 	C:\WINDOWS\System32\USER32.dll
0x00007ffc8ea50000 - 0x00007ffc8ea71000 	C:\WINDOWS\System32\win32u.dll
0x00007ffc8fd70000 - 0x00007ffc8fd96000 	C:\WINDOWS\System32\GDI32.dll
0x00007ffc8f4a0000 - 0x00007ffc8f638000 	C:\WINDOWS\System32\gdi32full.dll
0x00007ffc8ea80000 - 0x00007ffc8eb1e000 	C:\WINDOWS\System32\msvcp_win.dll
0x00007ffc8ec00000 - 0x00007ffc8ecfa000 	C:\WINDOWS\System32\ucrtbase.dll
0x00007ffc7be50000 - 0x00007ffc7c0d4000 	C:\WINDOWS\WinSxS\amd64_microsoft.windows.common-controls_6595b64144ccf1df_6.0.18362.1801_none_9e79a739e46243f0\COMCTL32.dll
0x00007ffc90ed0000 - 0x00007ffc91206000 	C:\WINDOWS\System32\combase.dll
0x00007ffc8e820000 - 0x00007ffc8e8a4000 	C:\WINDOWS\System32\bcryptPrimitives.dll
0x00007ffc912b0000 - 0x00007ffc912de000 	C:\WINDOWS\System32\IMM32.DLL
0x00000000502e0000 - 0x00000000503b2000 	C:\Program Files\Java\jdk1.8.0_181\jre\bin\msvcr100.dll
0x0000000077750000 - 0x0000000077ff2000 	C:\Program Files\Java\jdk1.8.0_181\jre\bin\server\jvm.dll
0x00007ffc900b0000 - 0x00007ffc900b8000 	C:\WINDOWS\System32\PSAPI.DLL
0x00007ffc7a130000 - 0x00007ffc7a139000 	C:\WINDOWS\SYSTEM32\WSOCK32.dll
0x00007ffc900c0000 - 0x00007ffc9012f000 	C:\WINDOWS\System32\WS2_32.dll
0x00007ffc89f60000 - 0x00007ffc89f84000 	C:\WINDOWS\SYSTEM32\WINMM.dll
0x00007ffc8b7b0000 - 0x00007ffc8b7ba000 	C:\WINDOWS\SYSTEM32\VERSION.dll
0x00007ffc89f30000 - 0x00007ffc89f5d000 	C:\WINDOWS\SYSTEM32\WINMMBASE.dll
0x00007ffc8ea00000 - 0x00007ffc8ea4a000 	C:\WINDOWS\System32\cfgmgr32.dll
0x00000000502d0000 - 0x00000000502df000 	C:\Program Files\Java\jdk1.8.0_181\jre\bin\verify.dll
0x00000000502a0000 - 0x00000000502c9000 	C:\Program Files\Java\jdk1.8.0_181\jre\bin\java.dll
0x0000000050280000 - 0x0000000050296000 	C:\Program Files\Java\jdk1.8.0_181\jre\bin\zip.dll
0x00007ffc90740000 - 0x00007ffc90e27000 	C:\WINDOWS\System32\SHELL32.dll
0x00007ffc8fe80000 - 0x00007ffc8ff29000 	C:\WINDOWS\System32\shcore.dll
0x00007ffc8ed20000 - 0x00007ffc8f49b000 	C:\WINDOWS\System32\windows.storage.dll
0x00007ffc8e460000 - 0x00007ffc8e47e000 	C:\WINDOWS\System32\profapi.dll
0x00007ffc8e480000 - 0x00007ffc8e4ca000 	C:\WINDOWS\System32\powrprof.dll
0x00007ffc8e450000 - 0x00007ffc8e460000 	C:\WINDOWS\System32\UMPDC.dll
0x00007ffc8fda0000 - 0x00007ffc8fdf2000 	C:\WINDOWS\System32\shlwapi.dll
0x00007ffc8e4f0000 - 0x00007ffc8e501000 	C:\WINDOWS\System32\kernel.appcore.dll
0x00007ffc8ed00000 - 0x00007ffc8ed17000 	C:\WINDOWS\System32\cryptsp.dll
0x0000000050130000 - 0x000000005014a000 	C:\Program Files\Java\jdk1.8.0_181\jre\bin\net.dll
0x00007ffc8dc90000 - 0x00007ffc8dcf7000 	C:\WINDOWS\system32\mswsock.dll
0x00000000500e0000 - 0x00000000500f1000 	C:\Program Files\Java\jdk1.8.0_181\jre\bin\nio.dll
0x00007ffc88930000 - 0x00007ffc88956000 	C:\Users\NANO\.gradle\native\fdc75f09e3144964f2cf3f50f0aa648679c211496f362492102eb8c894070792\windows-amd64\native-platform.dll
0x00007ffc4eaf0000 - 0x00007ffc4ec81000 	C:\Users\NANO\.gradle\native\12488b8bf47d2d4c9fbf2f6322a914ad602e24e48041cd04a747c6da556b65c4\windows-amd64\native-platform-file-events.dll
0x00000000500d0000 - 0x00000000500dd000 	C:\Program Files\Java\jdk1.8.0_181\jre\bin\management.dll
0x00007ffc8d810000 - 0x00007ffc8d843000 	C:\WINDOWS\system32\rsaenh.dll
0x00007ffc8ebd0000 - 0x00007ffc8ebf6000 	C:\WINDOWS\System32\bcrypt.dll
0x00007ffc8e370000 - 0x00007ffc8e395000 	C:\WINDOWS\SYSTEM32\USERENV.dll
0x00007ffc8de60000 - 0x00007ffc8de6c000 	C:\WINDOWS\SYSTEM32\CRYPTBASE.dll
0x00007ffc8d9a0000 - 0x00007ffc8d9da000 	C:\WINDOWS\SYSTEM32\IPHLPAPI.DLL
0x00007ffc8fc20000 - 0x00007ffc8fc28000 	C:\WINDOWS\System32\NSI.dll
0x00007ffc84240000 - 0x00007ffc84256000 	C:\WINDOWS\SYSTEM32\dhcpcsvc6.DLL
0x00007ffc84220000 - 0x00007ffc8423c000 	C:\WINDOWS\SYSTEM32\dhcpcsvc.DLL
0x00007ffc8d9e0000 - 0x00007ffc8daaa000 	C:\WINDOWS\SYSTEM32\DNSAPI.dll
0x00007ffc84b10000 - 0x00007ffc84b1b000 	C:\WINDOWS\SYSTEM32\WINNSI.DLL

VM Arguments:
jvm_args: -Xmx1536M -Dfile.encoding=windows-1258 -Duser.country=US -Duser.language=en -Duser.variant 
java_command: org.gradle.launcher.daemon.bootstrap.GradleDaemon 6.7
java_class_path (initial): C:\Users\NANO\.gradle\wrapper\dists\gradle-6.7-all\cuy9mc7upwgwgeb72wkcrupxe\gradle-6.7\lib\gradle-launcher-6.7.jar
Launcher Type: SUN_STANDARD

Environment Variables:
CLASSPATH=D:\Desktop\Flutter Projects\amquick\android\\gradle\wrapper\gradle-wrapper.jar
PATH=C:\Program Files (x86)\Common Files\Oracle\Java\javapath;C:\WINDOWS\system32;C:\WINDOWS;C:\WINDOWS\System32\Wbem;C:\WINDOWS\System32\WindowsPowerShell\v1.0\;C:\Program Files\Microsoft SQL Server\110\DTS\Binn\;C:\Program Files (x86)\Microsoft SQL Server\110\Tools\Binn\;C:\Program Files\Microsoft SQL Server\110\Tools\Binn\;C:\Program Files (x86)\Microsoft SQL Server\110\Tools\Binn\ManagementStudio\;C:\Program Files (x86)\Microsoft Visual Studio 10.0\Common7\IDE\PrivateAssemblies\;C:\Program Files (x86)\Microsoft SQL Server\110\DTS\Binn\;C:\WINDOWS\system32\config\systemprofile\.dnx\bin;C:\Program Files\Microsoft DNX\Dnvm\;C:\Program Files\Microsoft SQL Server\130\Tools\Binn\;C:\WINDOWS\System32\OpenSSH\;C:\Program Files\nodejs\;C:\Program Files\MongoDB\Server\4.4\bin;C:\Program Files\Microsoft SQL Server\Client SDK\ODBC\170\Tools\Binn\;C:\Program Files (x86)\Windows Kits\8.1\Windows Performance Toolkit\;C:\Program Files\dotnet\;C:\Program Files\Git\cmd;C:\ProgramData\chocolatey\bin;C:\Program Files\PuTTY\;C:\Users\NANO\AppData\Local\Programs\Python\Python39\Scripts\;C:\Users\NANO\AppData\Local\Programs\Python\Python39\;C:\Users\NANO\AppData\Local\Microsoft\WindowsApps;C:\Users\NANO\AppData\Roaming\npm;C:\Users\NANO\AppData\Local\Programs\Microsoft VS Code\bin;C:\Program Files\JetBrains\PyCharm 2020.3.2\bin;;C:\Program Files\JetBrains\PyCharm Community Edition 2020.3.2\bin;;C:\Users\NANO\.dotnet\tools;C:\tools\dart-sdk\bin;C:\Users\NANO\AppData\Roaming\Pub\Cache\bin;D:\flutter\flutter\bin;C:\Users\NANO\AppData\Local\Pub\Cache\bin;C:\Program Files\JetBrains\IntelliJ IDEA Community Edition 2021.1\bin;;C:\Program Files\JetBrains\IntelliJ IDEA 2021.1.3\bin;;D:\spark-3.1.2-bin-hadoop3.2\bin;D:\spark-3.1.2-bin-hadoop3.2\hadoop-3.2.0\bin;
USERNAME=NANO
OS=Windows_NT
PROCESSOR_IDENTIFIER=Intel64 Family 6 Model 142 Stepping 9, GenuineIntel



---------------  S Y S T E M  ---------------

OS: Windows 10.0 , 64 bit Build 18362 (10.0.18362.1766)

CPU:total 4 (initial active 4) (2 cores per cpu, 2 threads per core) family 6 model 142 stepping 9, cmov, cx8, fxsr, mmx, sse, sse2, sse3, ssse3, sse4.1, sse4.2, popcnt, avx, avx2, aes, clmul, erms, 3dnowpref, lzcnt, ht, tsc, tscinvbit, bmi1, bmi2, adx

Memory: 4k page, physical 16644000k(2673808k free), swap 16644000k(736k free)

vm_info: Java HotSpot(TM) 64-Bit Server VM (25.181-b13) for windows-amd64 JRE (1.8.0_181-b13), built on Jul  7 2018 04:01:33 by "java_re" with MS VC++ 10.0 (VS2010)

time: Thu Sep 23 18:55:22 2021
elapsed time: 24 seconds (0d 0h 0m 24s)

