#
# There is insufficient memory for the Java Runtime Environment to continue.
# Native memory allocation (malloc) failed to allocate 32784 bytes for Chunk::new
# Possible reasons:
#   The system is out of physical RAM or swap space
#   In 32 bit mode, the process size limit was hit
# Possible solutions:
#   Reduce memory load on the system
#   Increase physical memory or swap space
#   Check if swap backing store is full
#   Use 64 bit Java on a 64 bit OS
#   Decrease Java heap size (-Xmx/-Xms)
#   Decrease number of Java threads
#   Decrease Java thread stack sizes (-Xss)
#   Set larger code cache with -XX:ReservedCodeCacheSize=
# This output file may be truncated or incomplete.
#
#  Out of Memory Error (allocation.cpp:390), pid=15968, tid=0x0000000000003618
#
# JRE version: Java(TM) SE Runtime Environment (8.0_181-b13) (build 1.8.0_181-b13)
# Java VM: Java HotSpot(TM) 64-Bit Server VM (25.181-b13 mixed mode windows-amd64 compressed oops)
# Failed to write core dump. Minidumps are not enabled by default on client versions of Windows
#

---------------  T H R E A D  ---------------

Current thread (0x000000001607b800):  JavaThread "C2 CompilerThread0" daemon [_thread_in_native, id=13848, stack(0x00000000176d0000,0x00000000177d0000)]

Stack: [0x00000000176d0000,0x00000000177d0000]
[error occurred during error reporting (printing stack bounds), id 0xc0000005]

Native frames: (J=compiled Java code, j=interpreted, Vv=VM code, C=native code)


Current CompileTask:
C2:  22675 6763       4       org.gradle.internal.logging.text.AbstractLineChoppingStyledTextOutput::doAppend (43 bytes)


---------------  P R O C E S S  ---------------

Java Threads: ( => current thread )
  0x0000000017a0a800 JavaThread "Exec process Thread 3" [_thread_in_native, id=11336, stack(0x000000002c330000,0x000000002c430000)]
  0x0000000017a0d800 JavaThread "Exec process Thread 2" [_thread_in_native, id=16228, stack(0x000000002c230000,0x000000002c330000)]
  0x0000000017a0e800 JavaThread "Exec process" [_thread_in_native, id=11056, stack(0x000000002c130000,0x000000002c230000)]
  0x0000000017a0d000 JavaThread "Cache worker for execution history cache (D:\Desktop\Flutter Projects\amquick\android\.gradle\6.7\executionHistory)" [_thread_blocked, id=6604, stack(0x000000002c030000,0x000000002c130000)]
  0x0000000017a0c000 JavaThread "Execution worker for ':' Thread 3" [_thread_blocked, id=2372, stack(0x000000002bf30000,0x000000002c030000)]
  0x0000000017a0f000 JavaThread "Execution worker for ':' Thread 2" [_thread_blocked, id=14012, stack(0x000000002be30000,0x000000002bf30000)]
  0x0000000017a11800 JavaThread "Execution worker for ':'" [_thread_blocked, id=3968, stack(0x0000000029a70000,0x0000000029b70000)]
  0x000000001cb04800 JavaThread "Memory manager" [_thread_blocked, id=15416, stack(0x0000000029970000,0x0000000029a70000)]
  0x000000001cb03800 JavaThread "jar transforms Thread 112" [_thread_blocked, id=9988, stack(0x0000000029270000,0x0000000029370000)]
  0x000000001cb02000 JavaThread "jar transforms Thread 111" [_thread_blocked, id=8768, stack(0x0000000029170000,0x0000000029270000)]
  0x000000001cafc000 JavaThread "jar transforms Thread 110" [_thread_blocked, id=9248, stack(0x0000000029070000,0x0000000029170000)]
  0x000000001cb01800 JavaThread "jar transforms Thread 109" [_thread_blocked, id=10056, stack(0x0000000028f70000,0x0000000029070000)]
  0x000000001cafd000 JavaThread "jar transforms Thread 108" [_thread_blocked, id=13112, stack(0x0000000028e70000,0x0000000028f70000)]
  0x000000001cb03000 JavaThread "jar transforms Thread 107" [_thread_blocked, id=12648, stack(0x0000000028d70000,0x0000000028e70000)]
  0x000000001cafe800 JavaThread "jar transforms Thread 106" [_thread_blocked, id=6244, stack(0x0000000028c70000,0x0000000028d70000)]
  0x000000001cafb800 JavaThread "jar transforms Thread 105" [_thread_blocked, id=6548, stack(0x0000000028b70000,0x0000000028c70000)]
  0x000000001cb00800 JavaThread "jar transforms Thread 104" [_thread_blocked, id=13996, stack(0x0000000028a70000,0x0000000028b70000)]
  0x000000001cafa000 JavaThread "jar transforms Thread 103" [_thread_blocked, id=7936, stack(0x0000000028970000,0x0000000028a70000)]
  0x000000001cafd800 JavaThread "jar transforms Thread 102" [_thread_blocked, id=13128, stack(0x0000000028870000,0x0000000028970000)]
  0x000000001caff000 JavaThread "jar transforms Thread 101" [_thread_blocked, id=8420, stack(0x0000000028770000,0x0000000028870000)]
  0x000000001caf9000 JavaThread "jar transforms Thread 100" [_thread_blocked, id=9756, stack(0x0000000028670000,0x0000000028770000)]
  0x000000001caf8800 JavaThread "jar transforms Thread 99" [_thread_blocked, id=13812, stack(0x0000000028570000,0x0000000028670000)]
  0x000000001cafa800 JavaThread "jar transforms Thread 98" [_thread_blocked, id=10412, stack(0x0000000028470000,0x0000000028570000)]
  0x000000001c26f800 JavaThread "jar transforms Thread 97" [_thread_blocked, id=10768, stack(0x0000000028370000,0x0000000028470000)]
  0x000000001c26e800 JavaThread "jar transforms Thread 96" [_thread_blocked, id=11216, stack(0x0000000028270000,0x0000000028370000)]
  0x000000001c267000 JavaThread "jar transforms Thread 95" [_thread_blocked, id=4768, stack(0x0000000028170000,0x0000000028270000)]
  0x000000001c26d000 JavaThread "jar transforms Thread 94" [_thread_blocked, id=11368, stack(0x0000000028070000,0x0000000028170000)]
  0x000000001c26e000 JavaThread "jar transforms Thread 93" [_thread_blocked, id=10076, stack(0x0000000027f70000,0x0000000028070000)]
  0x000000001c26c800 JavaThread "jar transforms Thread 92" [_thread_blocked, id=10572, stack(0x0000000027e70000,0x0000000027f70000)]
  0x000000001c265000 JavaThread "jar transforms Thread 91" [_thread_blocked, id=10024, stack(0x0000000027d70000,0x0000000027e70000)]
  0x000000001c26b800 JavaThread "jar transforms Thread 90" [_thread_blocked, id=4444, stack(0x0000000027c70000,0x0000000027d70000)]
  0x000000001c268800 JavaThread "jar transforms Thread 89" [_thread_blocked, id=14784, stack(0x0000000027b70000,0x0000000027c70000)]
  0x000000001c26b000 JavaThread "jar transforms Thread 88" [_thread_blocked, id=14808, stack(0x0000000027a70000,0x0000000027b70000)]
  0x000000001c26a000 JavaThread "jar transforms Thread 87" [_thread_blocked, id=13916, stack(0x0000000027970000,0x0000000027a70000)]
  0x000000001c269800 JavaThread "jar transforms Thread 86" [_thread_blocked, id=9060, stack(0x0000000027870000,0x0000000027970000)]
  0x000000001c266800 JavaThread "jar transforms Thread 85" [_thread_blocked, id=3904, stack(0x0000000027770000,0x0000000027870000)]
  0x000000001c265800 JavaThread "jar transforms Thread 84" [_thread_blocked, id=6376, stack(0x0000000027670000,0x0000000027770000)]
  0x000000001c262800 JavaThread "jar transforms Thread 83" [_thread_blocked, id=9468, stack(0x0000000027570000,0x0000000027670000)]
  0x000000001c261000 JavaThread "jar transforms Thread 82" [_thread_blocked, id=6116, stack(0x0000000027470000,0x0000000027570000)]
  0x000000001c263800 JavaThread "jar transforms Thread 81" [_thread_blocked, id=1760, stack(0x0000000027370000,0x0000000027470000)]
  0x000000001c264000 JavaThread "jar transforms Thread 80" [_thread_blocked, id=14504, stack(0x0000000027270000,0x0000000027370000)]
  0x000000001c268000 JavaThread "jar transforms Thread 79" [_thread_blocked, id=1856, stack(0x0000000027170000,0x0000000027270000)]
  0x000000001c262000 JavaThread "jar transforms Thread 78" [_thread_blocked, id=11372, stack(0x0000000027070000,0x0000000027170000)]
  0x000000001c260800 JavaThread "jar transforms Thread 77" [_thread_blocked, id=14720, stack(0x0000000026f70000,0x0000000027070000)]
  0x000000001f9e8000 JavaThread "jar transforms Thread 76" [_thread_blocked, id=13188, stack(0x0000000026e70000,0x0000000026f70000)]
  0x000000001f9e4800 JavaThread "jar transforms Thread 75" [_thread_blocked, id=15828, stack(0x0000000026d70000,0x0000000026e70000)]
  0x000000001f9e7800 JavaThread "jar transforms Thread 74" [_thread_blocked, id=10924, stack(0x0000000026c70000,0x0000000026d70000)]
  0x000000001f9e6800 JavaThread "jar transforms Thread 73" [_thread_blocked, id=15688, stack(0x0000000026b70000,0x0000000026c70000)]
  0x000000001f9e9000 JavaThread "jar transforms Thread 72" [_thread_blocked, id=13924, stack(0x0000000026a70000,0x0000000026b70000)]
  0x000000001f9ea800 JavaThread "jar transforms Thread 71" [_thread_blocked, id=10172, stack(0x0000000026970000,0x0000000026a70000)]
  0x000000001f9e5000 JavaThread "jar transforms Thread 70" [_thread_blocked, id=2556, stack(0x0000000026770000,0x0000000026870000)]
  0x000000001f9e6000 JavaThread "jar transforms Thread 69" [_thread_blocked, id=5640, stack(0x0000000026670000,0x0000000026770000)]
  0x000000001f9e3800 JavaThread "jar transforms Thread 68" [_thread_blocked, id=14232, stack(0x0000000026570000,0x0000000026670000)]
  0x000000001f9e9800 JavaThread "jar transforms Thread 67" [_thread_blocked, id=7576, stack(0x0000000026470000,0x0000000026570000)]
  0x000000001f9dc000 JavaThread "jar transforms Thread 66" [_thread_blocked, id=6840, stack(0x0000000026370000,0x0000000026470000)]
  0x000000001f9e2800 JavaThread "jar transforms Thread 65" [_thread_blocked, id=6532, stack(0x0000000026270000,0x0000000026370000)]
  0x000000001f9db000 JavaThread "jar transforms Thread 64" [_thread_blocked, id=15056, stack(0x0000000026170000,0x0000000026270000)]
  0x000000001f9e1000 JavaThread "jar transforms Thread 63" [_thread_blocked, id=14892, stack(0x0000000026070000,0x0000000026170000)]
  0x000000001f9df800 JavaThread "jar transforms Thread 62" [_thread_blocked, id=3704, stack(0x0000000025f70000,0x0000000026070000)]
  0x000000001f9df000 JavaThread "jar transforms Thread 61" [_thread_blocked, id=10036, stack(0x0000000025e70000,0x0000000025f70000)]
  0x000000001f9dd800 JavaThread "jar transforms Thread 60" [_thread_blocked, id=1084, stack(0x0000000025d70000,0x0000000025e70000)]
  0x000000001f9dc800 JavaThread "jar transforms Thread 59" [_thread_blocked, id=10536, stack(0x0000000025c70000,0x0000000025d70000)]
  0x000000001f9e2000 JavaThread "jar transforms Thread 58" [_thread_blocked, id=2300, stack(0x0000000025b70000,0x0000000025c70000)]
  0x000000001f9e0800 JavaThread "jar transforms Thread 57" [_thread_blocked, id=10428, stack(0x0000000025a70000,0x0000000025b70000)]
  0x000000001f9de000 JavaThread "jar transforms Thread 56" [_thread_blocked, id=12184, stack(0x0000000025970000,0x0000000025a70000)]
  0x000000001cad6800 JavaThread "jar transforms Thread 55" [_thread_blocked, id=4316, stack(0x0000000025870000,0x0000000025970000)]
  0x000000001cadd000 JavaThread "jar transforms Thread 54" [_thread_blocked, id=8248, stack(0x0000000025770000,0x0000000025870000)]
  0x000000001cad7800 JavaThread "jar transforms Thread 53" [_thread_blocked, id=8356, stack(0x0000000025670000,0x0000000025770000)]
  0x000000001cadc000 JavaThread "jar transforms Thread 52" [_thread_blocked, id=14160, stack(0x0000000025570000,0x0000000025670000)]
  0x000000001cad6000 JavaThread "jar transforms Thread 51" [_thread_blocked, id=14956, stack(0x0000000025470000,0x0000000025570000)]
  0x000000001cadb800 JavaThread "jar transforms Thread 50" [_thread_blocked, id=12712, stack(0x0000000025370000,0x0000000025470000)]
  0x000000001cad5000 JavaThread "jar transforms Thread 49" [_thread_blocked, id=952, stack(0x0000000025270000,0x0000000025370000)]
  0x000000001cad8800 JavaThread "jar transforms Thread 48" [_thread_blocked, id=10856, stack(0x0000000025170000,0x0000000025270000)]
  0x000000001cada800 JavaThread "jar transforms Thread 47" [_thread_blocked, id=13752, stack(0x0000000025070000,0x0000000025170000)]
  0x000000001cada000 JavaThread "jar transforms Thread 46" [_thread_blocked, id=15368, stack(0x0000000024f70000,0x0000000025070000)]
  0x000000001cad9000 JavaThread "jar transforms Thread 45" [_thread_blocked, id=7728, stack(0x0000000024e70000,0x0000000024f70000)]
  0x000000001cacd800 JavaThread "jar transforms Thread 44" [_thread_blocked, id=11220, stack(0x0000000024d70000,0x0000000024e70000)]
  0x000000001cad4800 JavaThread "jar transforms Thread 43" [_thread_blocked, id=11324, stack(0x0000000024c70000,0x0000000024d70000)]
  0x000000001cad3800 JavaThread "jar transforms Thread 42" [_thread_blocked, id=4404, stack(0x0000000024b70000,0x0000000024c70000)]
  0x000000001cad2000 JavaThread "jar transforms Thread 41" [_thread_blocked, id=15088, stack(0x0000000024a70000,0x0000000024b70000)]
  0x000000001cad1800 JavaThread "jar transforms Thread 40" [_thread_blocked, id=2264, stack(0x0000000024970000,0x0000000024a70000)]
  0x000000001cad0000 JavaThread "jar transforms Thread 39" [_thread_blocked, id=14732, stack(0x0000000024870000,0x0000000024970000)]
  0x000000001cace800 JavaThread "jar transforms Thread 38" [_thread_blocked, id=7216, stack(0x0000000024770000,0x0000000024870000)]
  0x000000001cacf000 JavaThread "jar transforms Thread 37" [_thread_blocked, id=7656, stack(0x0000000024670000,0x0000000024770000)]
  0x000000001cad0800 JavaThread "jar transforms Thread 36" [_thread_blocked, id=3556, stack(0x0000000024570000,0x0000000024670000)]
  0x000000001cad3000 JavaThread "jar transforms Thread 35" [_thread_blocked, id=2224, stack(0x0000000024470000,0x0000000024570000)]
  0x000000001fa4e800 JavaThread "jar transforms Thread 34" [_thread_blocked, id=16368, stack(0x0000000024370000,0x0000000024470000)]
  0x000000001fa50000 JavaThread "jar transforms Thread 33" [_thread_blocked, id=11196, stack(0x0000000024270000,0x0000000024370000)]
  0x000000001fa4f000 JavaThread "jar transforms Thread 32" [_thread_blocked, id=13176, stack(0x0000000024170000,0x0000000024270000)]
  0x000000001fa51800 JavaThread "jar transforms Thread 31" [_thread_blocked, id=9536, stack(0x0000000024070000,0x0000000024170000)]
  0x000000001fa4d000 JavaThread "jar transforms Thread 30" [_thread_blocked, id=9136, stack(0x0000000023f70000,0x0000000024070000)]
  0x000000001fa50800 JavaThread "jar transforms Thread 29" [_thread_blocked, id=3672, stack(0x0000000023e70000,0x0000000023f70000)]
  0x000000001fa4d800 JavaThread "jar transforms Thread 28" [_thread_blocked, id=5588, stack(0x0000000023d70000,0x0000000023e70000)]
  0x000000001fa45800 JavaThread "jar transforms Thread 27" [_thread_blocked, id=5684, stack(0x0000000023c70000,0x0000000023d70000)]
  0x000000001fa4c000 JavaThread "jar transforms Thread 26" [_thread_blocked, id=7392, stack(0x0000000023b70000,0x0000000023c70000)]
  0x000000001fa44800 JavaThread "jar transforms Thread 25" [_thread_blocked, id=8352, stack(0x0000000023a70000,0x0000000023b70000)]
  0x000000001fa4b800 JavaThread "jar transforms Thread 24" [_thread_blocked, id=10484, stack(0x0000000023710000,0x0000000023810000)]
  0x000000001fa4a800 JavaThread "jar transforms Thread 23" [_thread_blocked, id=8124, stack(0x0000000023970000,0x0000000023a70000)]
  0x000000001fa4a000 JavaThread "jar transforms Thread 22" [_thread_blocked, id=13864, stack(0x0000000023870000,0x0000000023970000)]
  0x000000001fa42800 JavaThread "jar transforms Thread 21" [_thread_blocked, id=10548, stack(0x0000000023610000,0x0000000023710000)]
  0x000000001fa49000 JavaThread "jar transforms Thread 20" [_thread_blocked, id=3676, stack(0x0000000023510000,0x0000000023610000)]
  0x000000001fa47800 JavaThread "jar transforms Thread 19" [_thread_blocked, id=4936, stack(0x0000000023410000,0x0000000023510000)]
  0x000000001fa44000 JavaThread "jar transforms Thread 18" [_thread_blocked, id=14428, stack(0x0000000023310000,0x0000000023410000)]
  0x000000001fa48800 JavaThread "jar transforms Thread 17" [_thread_blocked, id=5468, stack(0x0000000023210000,0x0000000023310000)]
  0x000000001fa47000 JavaThread "jar transforms Thread 16" [_thread_blocked, id=5112, stack(0x0000000023110000,0x0000000023210000)]
  0x000000001fa43000 JavaThread "jar transforms Thread 15" [_thread_blocked, id=5792, stack(0x0000000023010000,0x0000000023110000)]
  0x000000001fa46000 JavaThread "jar transforms Thread 14" [_thread_blocked, id=12248, stack(0x0000000022f10000,0x0000000023010000)]
  0x000000001a573800 JavaThread "jar transforms Thread 13" [_thread_blocked, id=5272, stack(0x0000000022e10000,0x0000000022f10000)]
  0x000000001a575000 JavaThread "jar transforms Thread 12" [_thread_blocked, id=12856, stack(0x0000000022d10000,0x0000000022e10000)]
  0x000000001a572000 JavaThread "jar transforms Thread 11" [_thread_blocked, id=2064, stack(0x0000000022c10000,0x0000000022d10000)]
  0x000000001a574800 JavaThread "jar transforms Thread 10" [_thread_blocked, id=14932, stack(0x0000000022b10000,0x0000000022c10000)]
  0x000000001a573000 JavaThread "jar transforms Thread 9" [_thread_blocked, id=15456, stack(0x0000000022a10000,0x0000000022b10000)]
  0x000000001a56a800 JavaThread "jar transforms Thread 8" [_thread_blocked, id=5368, stack(0x0000000022910000,0x0000000022a10000)]
  0x000000001a571800 JavaThread "jar transforms Thread 7" [_thread_blocked, id=11128, stack(0x00000000225c0000,0x00000000226c0000)]
  0x000000001a56a000 JavaThread "jar transforms Thread 6" [_thread_blocked, id=11640, stack(0x0000000022810000,0x0000000022910000)]
  0x000000001a570800 JavaThread "jar transforms Thread 5" [_thread_blocked, id=13072, stack(0x0000000022710000,0x0000000022810000)]
  0x000000001a570000 JavaThread "jar transforms Thread 4" [_thread_blocked, id=2580, stack(0x00000000224c0000,0x00000000225c0000)]
  0x000000001a568800 JavaThread "jar transforms Thread 3" [_thread_blocked, id=15680, stack(0x00000000223c0000,0x00000000224c0000)]
  0x000000001a56f000 JavaThread "jar transforms Thread 2" [_thread_blocked, id=9564, stack(0x00000000222c0000,0x00000000223c0000)]
  0x000000001a56e800 JavaThread "Build operations Thread 4" [_thread_blocked, id=15148, stack(0x00000000221c0000,0x00000000222c0000)]
  0x000000001a567000 JavaThread "Build operations Thread 3" [_thread_blocked, id=8464, stack(0x00000000220c0000,0x00000000221c0000)]
  0x000000001a56d800 JavaThread "Build operations Thread 2" [_thread_blocked, id=15404, stack(0x0000000021fc0000,0x00000000220c0000)]
  0x000000001a56b800 JavaThread "Build operations" [_thread_blocked, id=7756, stack(0x0000000021ec0000,0x0000000021fc0000)]
  0x000000001a566000 JavaThread "Cache worker for Build Output Cleanup Cache (D:\Desktop\Flutter Projects\amquick\android\.gradle\buildOutputCleanup)" [_thread_blocked, id=12604, stack(0x0000000021bc0000,0x0000000021cc0000)]
  0x000000001a569000 JavaThread "Cache worker for file content cache (C:\Users\NANO\.gradle\caches\6.7\fileContent)" [_thread_blocked, id=13016, stack(0x00000000204f0000,0x00000000205f0000)]
  0x0000000017cc3000 JavaThread "jar transforms" [_thread_blocked, id=10364, stack(0x000000001fb10000,0x000000001fc10000)]
  0x0000000017cc5000 JavaThread "Cache worker for execution history cache (C:\Users\NANO\.gradle\caches\6.7\executionHistory)" [_thread_blocked, id=9612, stack(0x000000001e890000,0x000000001e990000)]
  0x0000000017cc2800 JavaThread "Cache worker for cache directory md-rule (C:\Users\NANO\.gradle\caches\6.7\md-rule)" [_thread_blocked, id=14400, stack(0x000000001e790000,0x000000001e890000)]
  0x0000000017cbe000 JavaThread "Cache worker for cache directory md-supplier (C:\Users\NANO\.gradle\caches\6.7\md-supplier)" [_thread_blocked, id=15384, stack(0x000000001e690000,0x000000001e790000)]
  0x0000000017cc1800 JavaThread "Cache worker for checksums cache (D:\Desktop\Flutter Projects\amquick\android\.gradle\checksums)" [_thread_blocked, id=9500, stack(0x000000001e390000,0x000000001e490000)]
  0x0000000017cc0000 JavaThread "Cache worker for file hash cache (D:\Desktop\Flutter Projects\amquick\android\.gradle\6.7\fileHashes)" [_thread_blocked, id=9876, stack(0x000000001ea40000,0x000000001eb40000)]
  0x0000000017cc1000 JavaThread "Cache worker for journal cache (C:\Users\NANO\.gradle\caches\journal-1)" [_thread_blocked, id=5004, stack(0x000000001c0f0000,0x000000001c1f0000)]
  0x0000000017cc4000 JavaThread "File lock request listener" [_thread_in_native, id=11412, stack(0x000000001bff0000,0x000000001c0f0000)]
  0x0000000017cbf800 JavaThread "Cache worker for file hash cache (C:\Users\NANO\.gradle\caches\6.7\fileHashes)" [_thread_blocked, id=104, stack(0x000000001bdf0000,0x000000001bef0000)]
  0x0000000019b81800 JavaThread "Thread-9" [_thread_blocked, id=5972, stack(0x000000001baf0000,0x000000001bbf0000)]
  0x0000000019b81000 JavaThread "Stdin handler" [_thread_blocked, id=16100, stack(0x000000001b9f0000,0x000000001baf0000)]
  0x0000000019b83000 JavaThread "Asynchronous log dispatcher for DefaultDaemonConnection: socket connection from /127.0.0.1:64197 to /127.0.0.1:64200" [_thread_blocked, id=4088, stack(0x000000001b8f0000,0x000000001b9f0000)]
  0x000000001979d800 JavaThread "Daemon worker" [_thread_blocked, id=10564, stack(0x000000001b7f0000,0x000000001b8f0000)]
  0x000000001979c800 JavaThread "Cancel handler" [_thread_blocked, id=1336, stack(0x000000001b6f0000,0x000000001b7f0000)]
  0x0000000019ae6800 JavaThread "Handler for socket connection from /127.0.0.1:64197 to /127.0.0.1:64200" [_thread_in_native, id=9976, stack(0x000000001b5f0000,0x000000001b6f0000)]
  0x0000000019ae5800 JavaThread "Daemon" [_thread_blocked, id=15956, stack(0x000000001b2f0000,0x000000001b3f0000)]
  0x0000000019ad0000 JavaThread "Daemon periodic checks" [_thread_blocked, id=15596, stack(0x000000001b1f0000,0x000000001b2f0000)]
  0x0000000019abc800 JavaThread "Incoming local TCP Connector on port 64197" [_thread_in_native, id=14856, stack(0x000000001afb0000,0x000000001b0b0000)]
  0x0000000019708000 JavaThread "Daemon health stats" [_thread_blocked, id=14348, stack(0x00000000197a0000,0x00000000198a0000)]
  0x0000000017935800 JavaThread "Service Thread" daemon [_thread_blocked, id=14324, stack(0x0000000017dd0000,0x0000000017ed0000)]
  0x00000000160cd000 JavaThread "C1 CompilerThread2" daemon [_thread_blocked, id=13556, stack(0x0000000017cd0000,0x0000000017dd0000)]
  0x000000001607e800 JavaThread "C2 CompilerThread1" daemon [_thread_blocked, id=5508, stack(0x00000000177d0000,0x00000000178d0000)]
=>0x000000001607b800 JavaThread "C2 CompilerThread0" daemon [_thread_in_native, id=13848, stack(0x00000000176d0000,0x00000000177d0000)]
  0x0000000016078000 JavaThread "Attach Listener" daemon [_thread_blocked, id=9312, stack(0x00000000175d0000,0x00000000176d0000)]
  0x0000000016077000 JavaThread "Signal Dispatcher" daemon [_thread_blocked, id=11856, stack(0x00000000174d0000,0x00000000175d0000)]
  0x00000000026f7800 JavaThread "Finalizer" daemon [_thread_blocked, id=10476, stack(0x00000000172d0000,0x00000000173d0000)]
  0x00000000026f2800 JavaThread "Reference Handler" daemon [_thread_blocked, id=2440, stack(0x00000000171d0000,0x00000000172d0000)]
  0x0000000002602800 JavaThread "main" [_thread_blocked, id=15804, stack(0x0000000002500000,0x0000000002600000)]

Other Threads:
  0x0000000016036800 VMThread [stack: 0x00000000170d0000,0x00000000171d0000] [id=1704]
  0x000000001796e800 WatcherThread [stack: 0x0000000017ed0000,0x0000000017fd0000] [id=8532]

VM state:not at safepoint (normal execution)

VM Mutex/Monitor currently owned by a thread: None

Heap:
 PSYoungGen      total 342016K, used 198347K [0x00000000e0000000, 0x00000000fdd80000, 0x0000000100000000)
  eden space 319488K, 62% used [0x00000000e0000000,0x00000000ec1b2fd8,0x00000000f3800000)
  from space 22528K, 0% used [0x00000000f3800000,0x00000000f3800000,0x00000000f4e00000)
  to   space 23552K, 0% used [0x00000000fc680000,0x00000000fc680000,0x00000000fdd80000)
 ParOldGen       total 197632K, used 33048K [0x00000000a0000000, 0x00000000ac100000, 0x00000000e0000000)
  object space 197632K, 16% used [0x00000000a0000000,0x00000000a20460d0,0x00000000ac100000)
 Metaspace       used 65642K, capacity 68870K, committed 68992K, reserved 1107968K
  class space    used 9355K, capacity 10057K, committed 10112K, reserved 1048576K

Card table byte_map: [0x0000000011ac0000,0x0000000011dd0000] byte_map_base: 0x00000000115c0000

Marking Bits: (ParMarkBitMap*) 0x0000000074702d00
 Begin Bits: [0x00000000123d0000, 0x0000000013bd0000)
 End Bits:   [0x0000000013bd0000, 0x00000000153d0000)

Polling page: 0x0000000000880000

CodeCache: size=245760Kb used=20604Kb max_used=20604Kb free=225155Kb
 bounds [0x0000000002700000, 0x0000000003b30000, 0x0000000011700000]
 total_blobs=6859 nmethods=6065 adapters=705
 compilation: enabled

Compilation events (10 events):
Event: 22.672 Thread 0x00000000160cd000 nmethod 6765% 0x0000000003b27dd0 code [0x0000000003b28180, 0x0000000003b2a208]
Event: 22.672 Thread 0x00000000160cd000 6766       3       java.io.FilterOutputStream::write (9 bytes)
Event: 22.672 Thread 0x00000000160cd000 nmethod 6766 0x0000000003b2b910 code [0x0000000003b2ba80, 0x0000000003b2bca8]
Event: 22.672 Thread 0x00000000160cd000 6767   !   3       java.io.PrintStream::write (66 bytes)
Event: 22.672 Thread 0x00000000160cd000 nmethod 6767 0x0000000003b2bd50 code [0x0000000003b2bf20, 0x0000000003b2c6b8]
Event: 22.672 Thread 0x00000000160cd000 6768       3       org.gradle.internal.io.LinePerThreadBufferingOutputStream::write (9 bytes)
Event: 22.673 Thread 0x00000000160cd000 nmethod 6768 0x0000000003b2ca50 code [0x0000000003b2cbc0, 0x0000000003b2ce18]
Event: 22.673 Thread 0x00000000160cd000 6769       3       org.gradle.internal.io.LinePerThreadBufferingOutputStream::getStream (44 bytes)
Event: 22.673 Thread 0x00000000160cd000 nmethod 6769 0x0000000003b2cf10 code [0x0000000003b2d120, 0x0000000003b2db78]
Event: 22.673 Thread 0x00000000160cd000 6770       3       org.gradle.internal.io.LineBufferingOutputStream::write (59 bytes)

GC Heap History (10 events):
Event: 8.602 GC heap before
{Heap before GC invocations=8 (full 2):
 PSYoungGen      total 232448K, used 8683K [0x00000000e0000000, 0x00000000ef600000, 0x0000000100000000)
  eden space 217088K, 0% used [0x00000000e0000000,0x00000000e0000000,0x00000000ed400000)
  from space 15360K, 56% used [0x00000000ee280000,0x00000000eeafaff0,0x00000000ef180000)
  to   space 14848K, 0% used [0x00000000ed400000,0x00000000ed400000,0x00000000ee280000)
 ParOldGen       total 94208K, used 11205K [0x00000000a0000000, 0x00000000a5c00000, 0x00000000e0000000)
  object space 94208K, 11% used [0x00000000a0000000,0x00000000a0af15d0,0x00000000a5c00000)
 Metaspace       used 34427K, capacity 35430K, committed 35496K, reserved 1079296K
  class space    used 4830K, capacity 5088K, committed 5120K, reserved 1048576K
Event: 8.680 GC heap after
Heap after GC invocations=8 (full 2):
 PSYoungGen      total 232448K, used 0K [0x00000000e0000000, 0x00000000ef600000, 0x0000000100000000)
  eden space 217088K, 0% used [0x00000000e0000000,0x00000000e0000000,0x00000000ed400000)
  from space 15360K, 0% used [0x00000000ee280000,0x00000000ee280000,0x00000000ef180000)
  to   space 14848K, 0% used [0x00000000ed400000,0x00000000ed400000,0x00000000ee280000)
 ParOldGen       total 141824K, used 15482K [0x00000000a0000000, 0x00000000a8a80000, 0x00000000e0000000)
  object space 141824K, 10% used [0x00000000a0000000,0x00000000a0f1e998,0x00000000a8a80000)
 Metaspace       used 34427K, capacity 35430K, committed 35496K, reserved 1079296K
  class space    used 4830K, capacity 5088K, committed 5120K, reserved 1048576K
}
Event: 11.619 GC heap before
{Heap before GC invocations=9 (full 2):
 PSYoungGen      total 232448K, used 217088K [0x00000000e0000000, 0x00000000ef600000, 0x0000000100000000)
  eden space 217088K, 100% used [0x00000000e0000000,0x00000000ed400000,0x00000000ed400000)
  from space 15360K, 0% used [0x00000000ee280000,0x00000000ee280000,0x00000000ef180000)
  to   space 14848K, 0% used [0x00000000ed400000,0x00000000ed400000,0x00000000ee280000)
 ParOldGen       total 141824K, used 15482K [0x00000000a0000000, 0x00000000a8a80000, 0x00000000e0000000)
  object space 141824K, 10% used [0x00000000a0000000,0x00000000a0f1e998,0x00000000a8a80000)
 Metaspace       used 45344K, capacity 47164K, committed 47488K, reserved 1089536K
  class space    used 6286K, capacity 6674K, committed 6784K, reserved 1048576K
Event: 11.643 GC heap after
Heap after GC invocations=9 (full 2):
 PSYoungGen      total 231936K, used 14641K [0x00000000e0000000, 0x00000000f6000000, 0x0000000100000000)
  eden space 217088K, 0% used [0x00000000e0000000,0x00000000e0000000,0x00000000ed400000)
  from space 14848K, 98% used [0x00000000ed400000,0x00000000ee24c490,0x00000000ee280000)
  to   space 16384K, 0% used [0x00000000f5000000,0x00000000f5000000,0x00000000f6000000)
 ParOldGen       total 141824K, used 15490K [0x00000000a0000000, 0x00000000a8a80000, 0x00000000e0000000)
  object space 141824K, 10% used [0x00000000a0000000,0x00000000a0f20998,0x00000000a8a80000)
 Metaspace       used 45344K, capacity 47164K, committed 47488K, reserved 1089536K
  class space    used 6286K, capacity 6674K, committed 6784K, reserved 1048576K
}
Event: 14.998 GC heap before
{Heap before GC invocations=10 (full 2):
 PSYoungGen      total 231936K, used 231729K [0x00000000e0000000, 0x00000000f6000000, 0x0000000100000000)
  eden space 217088K, 100% used [0x00000000e0000000,0x00000000ed400000,0x00000000ed400000)
  from space 14848K, 98% used [0x00000000ed400000,0x00000000ee24c490,0x00000000ee280000)
  to   space 16384K, 0% used [0x00000000f5000000,0x00000000f5000000,0x00000000f6000000)
 ParOldGen       total 141824K, used 15490K [0x00000000a0000000, 0x00000000a8a80000, 0x00000000e0000000)
  object space 141824K, 10% used [0x00000000a0000000,0x00000000a0f20998,0x00000000a8a80000)
 Metaspace       used 55428K, capacity 57794K, committed 58112K, reserved 1099776K
  class space    used 7690K, capacity 8160K, committed 8192K, reserved 1048576K
Event: 15.027 GC heap after
Heap after GC invocations=10 (full 2):
 PSYoungGen      total 335872K, used 16376K [0x00000000e0000000, 0x00000000f6400000, 0x0000000100000000)
  eden space 319488K, 0% used [0x00000000e0000000,0x00000000e0000000,0x00000000f3800000)
  from space 16384K, 99% used [0x00000000f5000000,0x00000000f5ffe198,0x00000000f6000000)
  to   space 22528K, 0% used [0x00000000f3800000,0x00000000f3800000,0x00000000f4e00000)
 ParOldGen       total 141824K, used 24493K [0x00000000a0000000, 0x00000000a8a80000, 0x00000000e0000000)
  object space 141824K, 17% used [0x00000000a0000000,0x00000000a17eb638,0x00000000a8a80000)
 Metaspace       used 55428K, capacity 57794K, committed 58112K, reserved 1099776K
  class space    used 7690K, capacity 8160K, committed 8192K, reserved 1048576K
}
Event: 15.327 GC heap before
{Heap before GC invocations=11 (full 2):
 PSYoungGen      total 335872K, used 31828K [0x00000000e0000000, 0x00000000f6400000, 0x0000000100000000)
  eden space 319488K, 4% used [0x00000000e0000000,0x00000000e0f17180,0x00000000f3800000)
  from space 16384K, 99% used [0x00000000f5000000,0x00000000f5ffe198,0x00000000f6000000)
  to   space 22528K, 0% used [0x00000000f3800000,0x00000000f3800000,0x00000000f4e00000)
 ParOldGen       total 141824K, used 24493K [0x00000000a0000000, 0x00000000a8a80000, 0x00000000e0000000)
  object space 141824K, 17% used [0x00000000a0000000,0x00000000a17eb638,0x00000000a8a80000)
 Metaspace       used 56634K, capacity 59054K, committed 59136K, reserved 1099776K
  class space    used 7898K, capacity 8416K, committed 8448K, reserved 1048576K
Event: 15.354 GC heap after
Heap after GC invocations=11 (full 2):
 PSYoungGen      total 342016K, used 18050K [0x00000000e0000000, 0x00000000fdd80000, 0x0000000100000000)
  eden space 319488K, 0% used [0x00000000e0000000,0x00000000e0000000,0x00000000f3800000)
  from space 22528K, 80% used [0x00000000f3800000,0x00000000f49a08f8,0x00000000f4e00000)
  to   space 23552K, 0% used [0x00000000fc680000,0x00000000fc680000,0x00000000fdd80000)
 ParOldGen       total 141824K, used 24501K [0x00000000a0000000, 0x00000000a8a80000, 0x00000000e0000000)
  object space 141824K, 17% used [0x00000000a0000000,0x00000000a17ed638,0x00000000a8a80000)
 Metaspace       used 56634K, capacity 59054K, committed 59136K, reserved 1099776K
  class space    used 7898K, capacity 8416K, committed 8448K, reserved 1048576K
}
Event: 15.354 GC heap before
{Heap before GC invocations=12 (full 3):
 PSYoungGen      total 342016K, used 18050K [0x00000000e0000000, 0x00000000fdd80000, 0x0000000100000000)
  eden space 319488K, 0% used [0x00000000e0000000,0x00000000e0000000,0x00000000f3800000)
  from space 22528K, 80% used [0x00000000f3800000,0x00000000f49a08f8,0x00000000f4e00000)
  to   space 23552K, 0% used [0x00000000fc680000,0x00000000fc680000,0x00000000fdd80000)
 ParOldGen       total 141824K, used 24501K [0x00000000a0000000, 0x00000000a8a80000, 0x00000000e0000000)
  object space 141824K, 17% used [0x00000000a0000000,0x00000000a17ed638,0x00000000a8a80000)
 Metaspace       used 56634K, capacity 59054K, committed 59136K, reserved 1099776K
  class space    used 7898K, capacity 8416K, committed 8448K, reserved 1048576K
Event: 15.686 GC heap after
Heap after GC invocations=12 (full 3):
 PSYoungGen      total 342016K, used 0K [0x00000000e0000000, 0x00000000fdd80000, 0x0000000100000000)
  eden space 319488K, 0% used [0x00000000e0000000,0x00000000e0000000,0x00000000f3800000)
  from space 22528K, 0% used [0x00000000f3800000,0x00000000f3800000,0x00000000f4e00000)
  to   space 23552K, 0% used [0x00000000fc680000,0x00000000fc680000,0x00000000fdd80000)
 ParOldGen       total 197632K, used 33048K [0x00000000a0000000, 0x00000000ac100000, 0x00000000e0000000)
  object space 197632K, 16% used [0x00000000a0000000,0x00000000a20460d0,0x00000000ac100000)
 Metaspace       used 56625K, capacity 59024K, committed 59136K, reserved 1099776K
  class space    used 7895K, capacity 8411K, committed 8448K, reserved 1048576K
}

Deoptimization events (10 events):
Event: 18.698 Thread 0x000000001979d800 Uncommon trap: reason=predicate action=maybe_recompile pc=0x0000000003a3f3b8 method=java.util.AbstractCollection.toArray([Ljava/lang/Object;)[Ljava/lang/Object; @ 49
Event: 19.080 Thread 0x000000001979d800 Uncommon trap: reason=array_check action=maybe_recompile pc=0x0000000003abacb0 method=java.util.AbstractCollection.toArray([Ljava/lang/Object;)[Ljava/lang/Object; @ 119
Event: 19.083 Thread 0x000000001979d800 Uncommon trap: reason=array_check action=maybe_recompile pc=0x0000000003abacb0 method=java.util.AbstractCollection.toArray([Ljava/lang/Object;)[Ljava/lang/Object; @ 119
Event: 19.083 Thread 0x000000001979d800 Uncommon trap: reason=array_check action=maybe_recompile pc=0x0000000003abacb0 method=java.util.AbstractCollection.toArray([Ljava/lang/Object;)[Ljava/lang/Object; @ 119
Event: 19.083 Thread 0x000000001979d800 Uncommon trap: reason=array_check action=maybe_recompile pc=0x0000000003abacb0 method=java.util.AbstractCollection.toArray([Ljava/lang/Object;)[Ljava/lang/Object; @ 119
Event: 19.119 Thread 0x000000001979d800 Uncommon trap: reason=speculate_class_check action=maybe_recompile pc=0x000000000322c928 method=com.google.common.collect.AbstractIndexedListIterator.next()Ljava/lang/Object; @ 27
Event: 19.120 Thread 0x000000001979d800 Uncommon trap: reason=speculate_class_check action=maybe_recompile pc=0x000000000322c928 method=com.google.common.collect.AbstractIndexedListIterator.next()Ljava/lang/Object; @ 27
Event: 19.120 Thread 0x000000001979d800 Uncommon trap: reason=speculate_class_check action=maybe_recompile pc=0x000000000322c928 method=com.google.common.collect.AbstractIndexedListIterator.next()Ljava/lang/Object; @ 27
Event: 19.120 Thread 0x000000001979d800 Uncommon trap: reason=speculate_class_check action=maybe_recompile pc=0x000000000322c928 method=com.google.common.collect.AbstractIndexedListIterator.next()Ljava/lang/Object; @ 27
Event: 19.249 Thread 0x0000000017a0d000 Uncommon trap: reason=unstable_if action=reinterpret pc=0x0000000002a299a0 method=com.esotericsoftware.kryo.io.Input.readUtf8(I)V @ 79

Classes redefined (0 events):
No events

Internal exceptions (10 events):
Event: 19.375 Thread 0x000000001979d800 Exception <a 'java/lang/ClassNotFoundException': org/gradle/process/internal/DefaultProcessForkOptionsBeanInfo> (0x00000000eb6af020) thrown at [C:\re\workspace\8-2-build-windows-amd64-cygwin\jdk8u181\11358\hotspot\src\share\vm\classfile\systemDictionary.c
Event: 19.376 Thread 0x000000001979d800 Exception <a 'java/lang/ClassNotFoundException': org/gradle/process/internal/DefaultProcessForkOptionsCustomizer> (0x00000000eb6f4c10) thrown at [C:\re\workspace\8-2-build-windows-amd64-cygwin\jdk8u181\11358\hotspot\src\share\vm\classfile\systemDictionary
Event: 19.377 Thread 0x000000001979d800 Exception <a 'java/lang/ClassNotFoundException': org/gradle/process/internal/AbstractExecHandleBuilderCustomizer> (0x00000000eb74d4b8) thrown at [C:\re\workspace\8-2-build-windows-amd64-cygwin\jdk8u181\11358\hotspot\src\share\vm\classfile\systemDictionary
Event: 19.379 Thread 0x000000001979d800 Exception <a 'java/lang/ClassNotFoundException': org/gradle/process/internal/DefaultExecHandleBuilderCustomizer> (0x00000000eb7a8e40) thrown at [C:\re\workspace\8-2-build-windows-amd64-cygwin\jdk8u181\11358\hotspot\src\share\vm\classfile\systemDictionary.
Event: 19.381 Thread 0x000000001979d800 Exception <a 'java/lang/ClassNotFoundException': org/gradle/process/internal/DefaultExecActionCustomizer> (0x00000000eb827990) thrown at [C:\re\workspace\8-2-build-windows-amd64-cygwin\jdk8u181\11358\hotspot\src\share\vm\classfile\systemDictionary.cpp, li
Event: 19.382 Thread 0x000000001979d800 Exception <a 'java/lang/ClassNotFoundException': org/gradle/process/internal/DefaultExecAction_DecoratedCustomizer> (0x00000000eb879a80) thrown at [C:\re\workspace\8-2-build-windows-amd64-cygwin\jdk8u181\11358\hotspot\src\share\vm\classfile\systemDictiona
Event: 19.385 Thread 0x000000001979d800 Exception <a 'java/lang/ClassNotFoundException': org/gradle/api/logging/LogLevelBeanInfo> (0x00000000eb8e40b0) thrown at [C:\re\workspace\8-2-build-windows-amd64-cygwin\jdk8u181\11358\hotspot\src\share\vm\classfile\systemDictionary.cpp, line 210]
Event: 19.387 Thread 0x000000001979d800 Exception <a 'java/lang/ClassNotFoundException': org/gradle/api/logging/LogLevelCustomizer> (0x00000000eb919668) thrown at [C:\re\workspace\8-2-build-windows-amd64-cygwin\jdk8u181\11358\hotspot\src\share\vm\classfile\systemDictionary.cpp, line 210]
Event: 19.390 Thread 0x000000001979d800 Exception <a 'java/lang/ClassNotFoundException': org/gradle/internal/logging/compatbridge/LoggingManagerInternalCompatibilityBridgeBeanInfo> (0x00000000eb9a7398) thrown at [C:\re\workspace\8-2-build-windows-amd64-cygwin\jdk8u181\11358\hotspot\src\share\vm
Event: 19.391 Thread 0x000000001979d800 Exception <a 'java/lang/ClassNotFoundException': org/gradle/internal/logging/compatbridge/LoggingManagerInternalCompatibilityBridgeCustomizer> (0x00000000eba01598) thrown at [C:\re\workspace\8-2-build-windows-amd64-cygwin\jdk8u181\11358\hotspot\src\share\

Events (10 events):
Event: 19.414 loading class java/lang/ProcessImpl$2
Event: 19.414 loading class java/lang/ProcessImpl$2 done
Event: 19.415 loading class org/gradle/process/internal/streams/ExecOutputHandleRunner
Event: 19.415 loading class org/gradle/process/internal/streams/ExecOutputHandleRunner done
Event: 19.416 Thread 0x0000000017a0d800 Thread added: 0x0000000017a0d800
Event: 19.416 Thread 0x0000000017a0a800 Thread added: 0x0000000017a0a800
Event: 22.667 loading class org/gradle/internal/logging/events/StyledTextOutputEvent$Span
Event: 22.667 loading class org/gradle/internal/logging/events/StyledTextOutputEvent$Span done
Event: 22.668 loading class org/gradle/internal/logging/events/operations/StyledTextBuildOperationProgressDetails$Span
Event: 22.668 loading class org/gradle/internal/logging/events/operations/StyledTextBuildOperationProgressDetails$Span done


Dynamic libraries:
0x00007ff639a40000 - 0x00007ff639a77000 	C:\Program Files\Java\jdk1.8.0_181\bin\java.exe
0x00007ffd7d980000 - 0x00007ffd7db70000 	C:\WINDOWS\SYSTEM32\ntdll.dll
0x00007ffd7d820000 - 0x00007ffd7d8d2000 	C:\WINDOWS\System32\KERNEL32.DLL
0x00007ffd7b850000 - 0x00007ffd7baf6000 	C:\WINDOWS\System32\KERNELBASE.dll
0x00007ffd7c6b0000 - 0x00007ffd7c753000 	C:\WINDOWS\System32\ADVAPI32.dll
0x00007ffd7d6d0000 - 0x00007ffd7d76e000 	C:\WINDOWS\System32\msvcrt.dll
0x00007ffd7bb00000 - 0x00007ffd7bb97000 	C:\WINDOWS\System32\sechost.dll
0x00007ffd7bc80000 - 0x00007ffd7bd9f000 	C:\WINDOWS\System32\RPCRT4.dll
0x00007ffd7cde0000 - 0x00007ffd7cf74000 	C:\WINDOWS\System32\USER32.dll
0x00007ffd7acf0000 - 0x00007ffd7ad11000 	C:\WINDOWS\System32\win32u.dll
0x00007ffd7d680000 - 0x00007ffd7d6a6000 	C:\WINDOWS\System32\GDI32.dll
0x00007ffd7aaa0000 - 0x00007ffd7ac38000 	C:\WINDOWS\System32\gdi32full.dll
0x00007ffd7b720000 - 0x00007ffd7b7be000 	C:\WINDOWS\System32\msvcp_win.dll
0x00007ffd7b4a0000 - 0x00007ffd7b59a000 	C:\WINDOWS\System32\ucrtbase.dll
0x00007ffd68a40000 - 0x00007ffd68cc4000 	C:\WINDOWS\WinSxS\amd64_microsoft.windows.common-controls_6595b64144ccf1df_6.0.18362.1734_none_9e7c63e3e45fdc87\COMCTL32.dll
0x00007ffd7ca20000 - 0x00007ffd7cd56000 	C:\WINDOWS\System32\combase.dll
0x00007ffd7b7c0000 - 0x00007ffd7b844000 	C:\WINDOWS\System32\bcryptPrimitives.dll
0x00007ffd7c9f0000 - 0x00007ffd7ca1e000 	C:\WINDOWS\System32\IMM32.DLL
0x0000000074790000 - 0x0000000074862000 	C:\Program Files\Java\jdk1.8.0_181\jre\bin\msvcr100.dll
0x0000000073ee0000 - 0x0000000074782000 	C:\Program Files\Java\jdk1.8.0_181\jre\bin\server\jvm.dll
0x00007ffd7c760000 - 0x00007ffd7c768000 	C:\WINDOWS\System32\PSAPI.DLL
0x00007ffd66ba0000 - 0x00007ffd66ba9000 	C:\WINDOWS\SYSTEM32\WSOCK32.dll
0x00007ffd7c770000 - 0x00007ffd7c7df000 	C:\WINDOWS\System32\WS2_32.dll
0x00007ffd76590000 - 0x00007ffd765b4000 	C:\WINDOWS\SYSTEM32\WINMM.dll
0x00007ffd6e450000 - 0x00007ffd6e45a000 	C:\WINDOWS\SYSTEM32\VERSION.dll
0x00007ffd76560000 - 0x00007ffd7658d000 	C:\WINDOWS\SYSTEM32\WINMMBASE.dll
0x00007ffd7ac40000 - 0x00007ffd7ac8a000 	C:\WINDOWS\System32\cfgmgr32.dll
0x0000000073ed0000 - 0x0000000073edf000 	C:\Program Files\Java\jdk1.8.0_181\jre\bin\verify.dll
0x0000000073ea0000 - 0x0000000073ec9000 	C:\Program Files\Java\jdk1.8.0_181\jre\bin\java.dll
0x0000000073e80000 - 0x0000000073e96000 	C:\Program Files\Java\jdk1.8.0_181\jre\bin\zip.dll
0x00007ffd7cf90000 - 0x00007ffd7d677000 	C:\WINDOWS\System32\SHELL32.dll
0x00007ffd7c940000 - 0x00007ffd7c9e9000 	C:\WINDOWS\System32\shcore.dll
0x00007ffd7ad20000 - 0x00007ffd7b49b000 	C:\WINDOWS\System32\windows.storage.dll
0x00007ffd7a930000 - 0x00007ffd7a94e000 	C:\WINDOWS\System32\profapi.dll
0x00007ffd7a970000 - 0x00007ffd7a9ba000 	C:\WINDOWS\System32\powrprof.dll
0x00007ffd7a900000 - 0x00007ffd7a910000 	C:\WINDOWS\System32\UMPDC.dll
0x00007ffd7c650000 - 0x00007ffd7c6a2000 	C:\WINDOWS\System32\shlwapi.dll
0x00007ffd7a910000 - 0x00007ffd7a921000 	C:\WINDOWS\System32\kernel.appcore.dll
0x00007ffd7b700000 - 0x00007ffd7b717000 	C:\WINDOWS\System32\cryptsp.dll
0x0000000073d30000 - 0x0000000073d4a000 	C:\Program Files\Java\jdk1.8.0_181\jre\bin\net.dll
0x00007ffd7a150000 - 0x00007ffd7a1b7000 	C:\WINDOWS\system32\mswsock.dll
0x00000000738c0000 - 0x00000000738d1000 	C:\Program Files\Java\jdk1.8.0_181\jre\bin\nio.dll
0x00007ffd6a8b0000 - 0x00007ffd6a8d6000 	C:\Users\NANO\.gradle\native\fdc75f09e3144964f2cf3f50f0aa648679c211496f362492102eb8c894070792\windows-amd64\native-platform.dll
0x00007ffd369f0000 - 0x00007ffd36b81000 	C:\Users\NANO\.gradle\native\12488b8bf47d2d4c9fbf2f6322a914ad602e24e48041cd04a747c6da556b65c4\windows-amd64\native-platform-file-events.dll
0x00000000738b0000 - 0x00000000738bd000 	C:\Program Files\Java\jdk1.8.0_181\jre\bin\management.dll
0x00007ffd79cd0000 - 0x00007ffd79d03000 	C:\WINDOWS\system32\rsaenh.dll
0x00007ffd7a9c0000 - 0x00007ffd7a9e6000 	C:\WINDOWS\System32\bcrypt.dll
0x00007ffd7a820000 - 0x00007ffd7a845000 	C:\WINDOWS\SYSTEM32\USERENV.dll
0x00007ffd7a320000 - 0x00007ffd7a32c000 	C:\WINDOWS\SYSTEM32\CRYPTBASE.dll
0x00007ffd79e60000 - 0x00007ffd79e9a000 	C:\WINDOWS\SYSTEM32\IPHLPAPI.DLL
0x00007ffd7bc70000 - 0x00007ffd7bc78000 	C:\WINDOWS\System32\NSI.dll
0x00007ffd725d0000 - 0x00007ffd725e6000 	C:\WINDOWS\SYSTEM32\dhcpcsvc6.DLL
0x00007ffd71320000 - 0x00007ffd7133c000 	C:\WINDOWS\SYSTEM32\dhcpcsvc.DLL
0x00007ffd79ea0000 - 0x00007ffd79f6a000 	C:\WINDOWS\SYSTEM32\DNSAPI.dll
0x00007ffd72710000 - 0x00007ffd7271b000 	C:\WINDOWS\SYSTEM32\WINNSI.DLL

VM Arguments:
jvm_args: -Xmx1536M -Dfile.encoding=windows-1258 -Duser.country=US -Duser.language=en -Duser.variant 
java_command: org.gradle.launcher.daemon.bootstrap.GradleDaemon 6.7
java_class_path (initial): C:\Users\NANO\.gradle\wrapper\dists\gradle-6.7-all\cuy9mc7upwgwgeb72wkcrupxe\gradle-6.7\lib\gradle-launcher-6.7.jar
Launcher Type: SUN_STANDARD

Environment Variables:
CLASSPATH=D:\Desktop\Flutter Projects\amquick\android\\gradle\wrapper\gradle-wrapper.jar
PATH=C:\Program Files (x86)\Common Files\Oracle\Java\javapath;C:\WINDOWS\system32;C:\WINDOWS;C:\WINDOWS\System32\Wbem;C:\WINDOWS\System32\WindowsPowerShell\v1.0\;C:\Program Files\Microsoft SQL Server\110\DTS\Binn\;C:\Program Files (x86)\Microsoft SQL Server\110\Tools\Binn\;C:\Program Files\Microsoft SQL Server\110\Tools\Binn\;C:\Program Files (x86)\Microsoft SQL Server\110\Tools\Binn\ManagementStudio\;C:\Program Files (x86)\Microsoft Visual Studio 10.0\Common7\IDE\PrivateAssemblies\;C:\Program Files (x86)\Microsoft SQL Server\110\DTS\Binn\;C:\Users\NANO\.dnx\bin;C:\Program Files\Microsoft DNX\Dnvm\;C:\Program Files\Microsoft SQL Server\130\Tools\Binn\;C:\WINDOWS\System32\OpenSSH\;C:\Program Files\nodejs\;C:\Program Files\MongoDB\Server\4.4\bin;C:\Program Files\Microsoft SQL Server\Client SDK\ODBC\170\Tools\Binn\;C:\Program Files (x86)\Windows Kits\8.1\Windows Performance Toolkit\;C:\Program Files\dotnet\;C:\Program Files\Git\cmd;C:\ProgramData\chocolatey\bin;C:\Program Files\PuTTY\;C:\Users\NANO\AppData\Local\Programs\Python\Python39\Scripts\;C:\Users\NANO\AppData\Local\Programs\Python\Python39\;C:\Users\NANO\AppData\Local\Microsoft\WindowsApps;C:\Users\NANO\AppData\Roaming\npm;C:\Users\NANO\AppData\Local\Programs\Microsoft VS Code\bin;C:\Program Files\JetBrains\PyCharm 2020.3.2\bin;;C:\Program Files\JetBrains\PyCharm Community Edition 2020.3.2\bin;;C:\Users\NANO\.dotnet\tools;C:\tools\dart-sdk\bin;C:\Users\NANO\AppData\Roaming\Pub\Cache\bin;D:\flutter\flutter\bin;C:\Users\NANO\AppData\Local\Pub\Cache\bin;C:\Program Files\JetBrains\IntelliJ IDEA Community Edition 2021.1\bin;;C:\Program Files\JetBrains\IntelliJ IDEA 2021.1.3\bin;;D:\spark-3.1.2-bin-hadoop3.2\bin;D:\spark-3.1.2-bin-hadoop3.2\hadoop-3.2.0\bin;
USERNAME=NANO
OS=Windows_NT
PROCESSOR_IDENTIFIER=Intel64 Family 6 Model 142 Stepping 9, GenuineIntel



---------------  S Y S T E M  ---------------

OS: Windows 10.0 , 64 bit Build 18362 (10.0.18362.1714)

CPU:total 4 (initial active 4) (2 cores per cpu, 2 threads per core) family 6 model 142 stepping 9, cmov, cx8, fxsr, mmx, sse, sse2, sse3, ssse3, sse4.1, sse4.2, popcnt, avx, avx2, aes, clmul, erms, 3dnowpref, lzcnt, ht, tsc, tscinvbit, bmi1, bmi2, adx

Memory: 4k page, physical 16644000k(2190764k free), swap 16644000k(14260k free)

vm_info: Java HotSpot(TM) 64-Bit Server VM (25.181-b13) for windows-amd64 JRE (1.8.0_181-b13), built on Jul  7 2018 04:01:33 by "java_re" with MS VC++ 10.0 (VS2010)

time: Wed Sep 15 23:48:22 2021
elapsed time: 22 seconds (0d 0h 0m 22s)

