#
# There is insufficient memory for the Java Runtime Environment to continue.
# Native memory allocation (malloc) failed to allocate 32744 bytes for ChunkPool::allocate
# Possible reasons:
#   The system is out of physical RAM or swap space
#   In 32 bit mode, the process size limit was hit
# Possible solutions:
#   Reduce memory load on the system
#   Increase physical memory or swap space
#   Check if swap backing store is full
#   Use 64 bit Java on a 64 bit OS
#   Decrease Java heap size (-Xmx/-Xms)
#   Decrease number of Java threads
#   Decrease Java thread stack sizes (-Xss)
#   Set larger code cache with -XX:ReservedCodeCacheSize=
# This output file may be truncated or incomplete.
#
#  Out of Memory Error (allocation.cpp:273), pid=5452, tid=0x0000000000003e5c
#
# JRE version: Java(TM) SE Runtime Environment (8.0_181-b13) (build 1.8.0_181-b13)
# Java VM: Java HotSpot(TM) 64-Bit Server VM (25.181-b13 mixed mode windows-amd64 compressed oops)
# Failed to write core dump. Minidumps are not enabled by default on client versions of Windows
#

---------------  T H R E A D  ---------------

Current thread (0x000000001be85000):  JavaThread "C1 CompilerThread2" daemon [_thread_in_native, id=15964, stack(0x000000001d6a0000,0x000000001d7a0000)]

Stack: [0x000000001d6a0000,0x000000001d7a0000]
[error occurred during error reporting (printing stack bounds), id 0xc0000005]

Native frames: (J=compiled Java code, j=interpreted, Vv=VM code, C=native code)


Current CompileTask:
C1:  26875 1033   !   3       sun.nio.ch.WindowsSelectorImpl$SubSelector::processFDSet (374 bytes)


---------------  P R O C E S S  ---------------

Java Threads: ( => current thread )
  0x000000001e623000 JavaThread "Forward input" [_thread_blocked, id=11092, stack(0x000000001ffb0000,0x00000000200b0000)]
  0x000000001e7cb800 JavaThread "DisconnectableInputStream source reader" daemon [_thread_in_native, id=1188, stack(0x000000001feb0000,0x000000001ffb0000)]
  0x000000001e413800 JavaThread "pool-1-thread-1" [_thread_blocked, id=3352, stack(0x000000001f570000,0x000000001f670000)]
  0x000000001d80d000 JavaThread "Service Thread" daemon [_thread_blocked, id=16536, stack(0x000000001dba0000,0x000000001dca0000)]
=>0x000000001be85000 JavaThread "C1 CompilerThread2" daemon [_thread_in_native, id=15964, stack(0x000000001d6a0000,0x000000001d7a0000)]
  0x000000001be80800 JavaThread "C2 CompilerThread1" daemon [_thread_blocked, id=16652, stack(0x000000001d5a0000,0x000000001d6a0000)]
  0x000000001be7d800 JavaThread "C2 CompilerThread0" daemon [_thread_blocked, id=15760, stack(0x000000001d4a0000,0x000000001d5a0000)]
  0x000000001be7b000 JavaThread "Attach Listener" daemon [_thread_blocked, id=16632, stack(0x000000001d3a0000,0x000000001d4a0000)]
  0x000000001be7a800 JavaThread "Signal Dispatcher" daemon [_thread_blocked, id=14488, stack(0x000000001d2a0000,0x000000001d3a0000)]
  0x000000001be1a800 JavaThread "Finalizer" daemon [_thread_blocked, id=2256, stack(0x000000001d0a0000,0x000000001d1a0000)]
  0x000000001bdf9000 JavaThread "Reference Handler" daemon [_thread_blocked, id=16608, stack(0x000000001cfa0000,0x000000001d0a0000)]
  0x000000000273e800 JavaThread "main" [_thread_in_native, id=11396, stack(0x00000000025f0000,0x00000000026f0000)]

Other Threads:
  0x000000001bdf7800 VMThread [stack: 0x000000001cea0000,0x000000001cfa0000] [id=11404]
  0x000000001d836000 WatcherThread [stack: 0x000000001dca0000,0x000000001dda0000] [id=6824]

VM state:not at safepoint (normal execution)

VM Mutex/Monitor currently owned by a thread: None

Heap:
 PSYoungGen      total 75776K, used 53331K [0x000000076b580000, 0x0000000770a00000, 0x00000007c0000000)
  eden space 65024K, 82% used [0x000000076b580000,0x000000076e994df0,0x000000076f500000)
  from space 10752K, 0% used [0x000000076ff80000,0x000000076ff80000,0x0000000770a00000)
  to   space 10752K, 0% used [0x000000076f500000,0x000000076f500000,0x000000076ff80000)
 ParOldGen       total 173568K, used 0K [0x00000006c2000000, 0x00000006cc980000, 0x000000076b580000)
  object space 173568K, 0% used [0x00000006c2000000,0x00000006c2000000,0x00000006cc980000)
 Metaspace       used 11360K, capacity 11640K, committed 12032K, reserved 1058816K
  class space    used 1538K, capacity 1668K, committed 1792K, reserved 1048576K

Card table byte_map: [0x0000000011c00000,0x0000000012400000] byte_map_base: 0x000000000e5f0000

Marking Bits: (ParMarkBitMap*) 0x0000000076592d00
 Begin Bits: [0x0000000012d50000, 0x0000000016cd0000)
 End Bits:   [0x0000000016cd0000, 0x000000001ac50000)

Polling page: 0x0000000000e80000

CodeCache: size=245760Kb used=3698Kb max_used=3698Kb free=242061Kb
 bounds [0x0000000002840000, 0x0000000002be0000, 0x0000000011840000]
 total_blobs=1395 nmethods=1031 adapters=277
 compilation: enabled

Compilation events (10 events):
Event: 26.858 Thread 0x000000001be85000 nmethod 1025 0x0000000002bdc650 code [0x0000000002bdc7c0, 0x0000000002bdcbb0]
Event: 26.858 Thread 0x000000001be85000 1028       1       java.nio.channels.spi.AbstractSelector::cancelledKeys (5 bytes)
Event: 26.858 Thread 0x000000001be85000 nmethod 1028 0x0000000002bdcd10 code [0x0000000002bdce60, 0x0000000002bdcf70]
Event: 26.858 Thread 0x000000001be85000 1029       3       java.util.HashSet::isEmpty (8 bytes)
Event: 26.859 Thread 0x000000001be85000 nmethod 1029 0x0000000002bdcfd0 code [0x0000000002bdd140, 0x0000000002bdd3d0]
Event: 26.870 Thread 0x000000001be85000 1030       3       com.esotericsoftware.kryo.io.Input::readUtf8 (90 bytes)
Event: 26.870 Thread 0x000000001be85000 nmethod 1030 0x0000000002bdd490 code [0x0000000002bdd640, 0x0000000002bdda98]
Event: 26.870 Thread 0x000000001be85000 1031       3       com.esotericsoftware.kryo.io.Input::readVarInt (192 bytes)
Event: 26.871 Thread 0x000000001be85000 nmethod 1031 0x0000000002bddd10 code [0x0000000002bddea0, 0x0000000002bde358]
Event: 26.871 Thread 0x000000001be85000 1033   !   3       sun.nio.ch.WindowsSelectorImpl$SubSelector::processFDSet (374 bytes)

GC Heap History (0 events):
No events

Deoptimization events (10 events):
Event: 0.952 Thread 0x000000000273e800 Uncommon trap: reason=class_check action=maybe_recompile pc=0x0000000002a2766c method=java.util.regex.Matcher.match(II)Z @ 86
Event: 0.952 Thread 0x000000000273e800 Uncommon trap: reason=class_check action=maybe_recompile pc=0x0000000002a2766c method=java.util.regex.Matcher.match(II)Z @ 86
Event: 0.953 Thread 0x000000000273e800 Uncommon trap: reason=class_check action=maybe_recompile pc=0x0000000002a2766c method=java.util.regex.Matcher.match(II)Z @ 86
Event: 0.953 Thread 0x000000000273e800 Uncommon trap: reason=class_check action=maybe_recompile pc=0x0000000002a2766c method=java.util.regex.Matcher.match(II)Z @ 86
Event: 1.096 Thread 0x000000000273e800 Uncommon trap: reason=bimorphic action=maybe_recompile pc=0x0000000002ace3a0 method=java.util.regex.Pattern$Slice.match(Ljava/util/regex/Matcher;ILjava/lang/CharSequence;)Z @ 75
Event: 1.188 Thread 0x000000000273e800 Uncommon trap: reason=unstable_if action=reinterpret pc=0x0000000002ad0c10 method=java.util.HashMap.getNode(ILjava/lang/Object;)Ljava/util/HashMap$Node; @ 129
Event: 1.188 Thread 0x000000000273e800 Uncommon trap: reason=bimorphic action=maybe_recompile pc=0x0000000002a9a4ec method=java.util.HashMap.putVal(ILjava/lang/Object;Ljava/lang/Object;ZZ)Ljava/lang/Object; @ 203
Event: 2.407 Thread 0x000000001eb26800 Uncommon trap: reason=unstable_if action=reinterpret pc=0x0000000002ab09d0 method=java.util.HashMap.getNode(ILjava/lang/Object;)Ljava/util/HashMap$Node; @ 129
Event: 2.407 Thread 0x000000001eb26800 Uncommon trap: reason=bimorphic action=maybe_recompile pc=0x0000000002a9a4ec method=java.util.HashMap.putVal(ILjava/lang/Object;Ljava/lang/Object;ZZ)Ljava/lang/Object; @ 203
Event: 2.407 Thread 0x000000001eb26800 Uncommon trap: reason=bimorphic action=maybe_recompile pc=0x0000000002a9a4ec method=java.util.HashMap.putVal(ILjava/lang/Object;Ljava/lang/Object;ZZ)Ljava/lang/Object; @ 203

Classes redefined (0 events):
No events

Internal exceptions (10 events):
Event: 1.076 Thread 0x000000000273e800 Exception <a 'java/lang/NoSuchMethodError': java.lang.Object.lambda$static$0(Lorg/gradle/internal/state/ModelObject;)Ljava/lang/String;> (0x000000076d283f58) thrown at [C:\re\workspace\8-2-build-windows-amd64-cygwin\jdk8u181\11358\hotspot\src\share\vm\int
Event: 1.138 Thread 0x000000000273e800 Exception <a 'java/lang/ArrayIndexOutOfBoundsException'> (0x000000076d6f3d28) thrown at [C:\re\workspace\8-2-build-windows-amd64-cygwin\jdk8u181\11358\hotspot\src\share\vm\runtime\sharedRuntime.cpp, line 605]
Event: 1.138 Thread 0x000000000273e800 Exception <a 'java/lang/ArrayIndexOutOfBoundsException'> (0x000000076d6f8158) thrown at [C:\re\workspace\8-2-build-windows-amd64-cygwin\jdk8u181\11358\hotspot\src\share\vm\runtime\sharedRuntime.cpp, line 605]
Event: 1.143 Thread 0x000000000273e800 Exception <a 'java/lang/ArrayIndexOutOfBoundsException'> (0x000000076d768e40) thrown at [C:\re\workspace\8-2-build-windows-amd64-cygwin\jdk8u181\11358\hotspot\src\share\vm\runtime\sharedRuntime.cpp, line 605]
Event: 1.143 Thread 0x000000000273e800 Exception <a 'java/lang/ArrayIndexOutOfBoundsException'> (0x000000076d76a728) thrown at [C:\re\workspace\8-2-build-windows-amd64-cygwin\jdk8u181\11358\hotspot\src\share\vm\runtime\sharedRuntime.cpp, line 605]
Event: 1.143 Thread 0x000000000273e800 Exception <a 'java/lang/ArrayIndexOutOfBoundsException'> (0x000000076d76b800) thrown at [C:\re\workspace\8-2-build-windows-amd64-cygwin\jdk8u181\11358\hotspot\src\share\vm\runtime\sharedRuntime.cpp, line 605]
Event: 1.143 Thread 0x000000000273e800 Exception <a 'java/lang/ArrayIndexOutOfBoundsException'> (0x000000076d76d390) thrown at [C:\re\workspace\8-2-build-windows-amd64-cygwin\jdk8u181\11358\hotspot\src\share\vm\runtime\sharedRuntime.cpp, line 605]
Event: 1.143 Thread 0x000000000273e800 Exception <a 'java/lang/ArrayIndexOutOfBoundsException'> (0x000000076d76fe18) thrown at [C:\re\workspace\8-2-build-windows-amd64-cygwin\jdk8u181\11358\hotspot\src\share\vm\runtime\sharedRuntime.cpp, line 605]
Event: 1.143 Thread 0x000000000273e800 Exception <a 'java/lang/ArrayIndexOutOfBoundsException'> (0x000000076d771998) thrown at [C:\re\workspace\8-2-build-windows-amd64-cygwin\jdk8u181\11358\hotspot\src\share\vm\runtime\sharedRuntime.cpp, line 605]
Event: 1.143 Thread 0x000000000273e800 Exception <a 'java/lang/ArrayIndexOutOfBoundsException'> (0x000000076d773e70) thrown at [C:\re\workspace\8-2-build-windows-amd64-cygwin\jdk8u181\11358\hotspot\src\share\vm\runtime\sharedRuntime.cpp, line 605]

Events (10 events):
Event: 10.410 loading class sun/reflect/ClassDefiner
Event: 10.410 loading class sun/reflect/ClassDefiner done
Event: 10.410 loading class sun/reflect/ClassDefiner$1
Event: 10.410 loading class sun/reflect/ClassDefiner$1 done
Event: 26.689 loading class org/gradle/internal/logging/events/StyledTextOutputEvent$Span
Event: 26.689 loading class org/gradle/internal/logging/events/StyledTextOutputEvent$Span done
Event: 26.689 loading class org/gradle/internal/logging/events/operations/StyledTextBuildOperationProgressDetails$Span
Event: 26.689 loading class org/gradle/internal/logging/events/operations/StyledTextBuildOperationProgressDetails$Span done
Event: 26.731 loading class org/gradle/internal/logging/text/AbstractLineChoppingStyledTextOutput$StateContext
Event: 26.731 loading class org/gradle/internal/logging/text/AbstractLineChoppingStyledTextOutput$StateContext done


Dynamic libraries:
0x00007ff716eb0000 - 0x00007ff716ee7000 	C:\Program Files (x86)\Common Files\Oracle\Java\javapath\java.exe
0x00007ffc91540000 - 0x00007ffc91730000 	C:\WINDOWS\SYSTEM32\ntdll.dll
0x00007ffc8f640000 - 0x00007ffc8f6f3000 	C:\WINDOWS\System32\KERNEL32.DLL
0x00007ffc8e510000 - 0x00007ffc8e7b6000 	C:\WINDOWS\System32\KERNELBASE.dll
0x00007ffc8fb60000 - 0x00007ffc8fc03000 	C:\WINDOWS\System32\ADVAPI32.dll
0x00007ffc91210000 - 0x00007ffc912ae000 	C:\WINDOWS\System32\msvcrt.dll
0x00007ffc90e30000 - 0x00007ffc90ec7000 	C:\WINDOWS\System32\sechost.dll
0x00007ffc905b0000 - 0x00007ffc906cf000 	C:\WINDOWS\System32\RPCRT4.dll
0x00007ffc912e0000 - 0x00007ffc91474000 	C:\WINDOWS\System32\USER32.dll
0x00007ffc8ea50000 - 0x00007ffc8ea71000 	C:\WINDOWS\System32\win32u.dll
0x00007ffc8fd70000 - 0x00007ffc8fd96000 	C:\WINDOWS\System32\GDI32.dll
0x00007ffc8f4a0000 - 0x00007ffc8f638000 	C:\WINDOWS\System32\gdi32full.dll
0x00007ffc8ea80000 - 0x00007ffc8eb1e000 	C:\WINDOWS\System32\msvcp_win.dll
0x00007ffc8ec00000 - 0x00007ffc8ecfa000 	C:\WINDOWS\System32\ucrtbase.dll
0x00007ffc7be50000 - 0x00007ffc7c0d4000 	C:\WINDOWS\WinSxS\amd64_microsoft.windows.common-controls_6595b64144ccf1df_6.0.18362.1801_none_9e79a739e46243f0\COMCTL32.dll
0x00007ffc90ed0000 - 0x00007ffc91206000 	C:\WINDOWS\System32\combase.dll
0x00007ffc8e820000 - 0x00007ffc8e8a4000 	C:\WINDOWS\System32\bcryptPrimitives.dll
0x00007ffc912b0000 - 0x00007ffc912de000 	C:\WINDOWS\System32\IMM32.DLL
0x0000000076620000 - 0x00000000766f2000 	C:\Program Files\Java\jre1.8.0_181\bin\msvcr100.dll
0x0000000075d70000 - 0x0000000076612000 	C:\Program Files\Java\jre1.8.0_181\bin\server\jvm.dll
0x00007ffc900b0000 - 0x00007ffc900b8000 	C:\WINDOWS\System32\PSAPI.DLL
0x00007ffc89f60000 - 0x00007ffc89f84000 	C:\WINDOWS\SYSTEM32\WINMM.dll
0x00007ffc8b7b0000 - 0x00007ffc8b7ba000 	C:\WINDOWS\SYSTEM32\VERSION.dll
0x00007ffc89f30000 - 0x00007ffc89f5d000 	C:\WINDOWS\SYSTEM32\WINMMBASE.dll
0x00007ffc8ea00000 - 0x00007ffc8ea4a000 	C:\WINDOWS\System32\cfgmgr32.dll
0x00007ffc7a130000 - 0x00007ffc7a139000 	C:\WINDOWS\SYSTEM32\WSOCK32.dll
0x00007ffc900c0000 - 0x00007ffc9012f000 	C:\WINDOWS\System32\WS2_32.dll
0x0000000075d60000 - 0x0000000075d6f000 	C:\Program Files\Java\jre1.8.0_181\bin\verify.dll
0x0000000075d30000 - 0x0000000075d59000 	C:\Program Files\Java\jre1.8.0_181\bin\java.dll
0x0000000075d10000 - 0x0000000075d26000 	C:\Program Files\Java\jre1.8.0_181\bin\zip.dll
0x00007ffc90740000 - 0x00007ffc90e27000 	C:\WINDOWS\System32\SHELL32.dll
0x00007ffc8fe80000 - 0x00007ffc8ff29000 	C:\WINDOWS\System32\shcore.dll
0x00007ffc8ed20000 - 0x00007ffc8f49b000 	C:\WINDOWS\System32\windows.storage.dll
0x00007ffc8e460000 - 0x00007ffc8e47e000 	C:\WINDOWS\System32\profapi.dll
0x00007ffc8e480000 - 0x00007ffc8e4ca000 	C:\WINDOWS\System32\powrprof.dll
0x00007ffc8e450000 - 0x00007ffc8e460000 	C:\WINDOWS\System32\UMPDC.dll
0x00007ffc8fda0000 - 0x00007ffc8fdf2000 	C:\WINDOWS\System32\shlwapi.dll
0x00007ffc8e4f0000 - 0x00007ffc8e501000 	C:\WINDOWS\System32\kernel.appcore.dll
0x00007ffc8ed00000 - 0x00007ffc8ed17000 	C:\WINDOWS\System32\cryptsp.dll
0x0000000075cf0000 - 0x0000000075d0a000 	C:\Program Files\Java\jre1.8.0_181\bin\net.dll
0x00007ffc8dc90000 - 0x00007ffc8dcf7000 	C:\WINDOWS\system32\mswsock.dll
0x0000000075cd0000 - 0x0000000075ce1000 	C:\Program Files\Java\jre1.8.0_181\bin\nio.dll
0x00007ffc88930000 - 0x00007ffc88956000 	C:\Users\NANO\.gradle\native\fdc75f09e3144964f2cf3f50f0aa648679c211496f362492102eb8c894070792\windows-amd64\native-platform.dll
0x00007ffc4eaf0000 - 0x00007ffc4ec81000 	C:\Users\NANO\.gradle\native\12488b8bf47d2d4c9fbf2f6322a914ad602e24e48041cd04a747c6da556b65c4\windows-amd64\native-platform-file-events.dll
0x0000000075cc0000 - 0x0000000075ccd000 	C:\Program Files\Java\jre1.8.0_181\bin\management.dll
0x00007ffc8d810000 - 0x00007ffc8d843000 	C:\WINDOWS\system32\rsaenh.dll
0x00007ffc8ebd0000 - 0x00007ffc8ebf6000 	C:\WINDOWS\System32\bcrypt.dll
0x00007ffc8e370000 - 0x00007ffc8e395000 	C:\WINDOWS\SYSTEM32\USERENV.dll
0x00007ffc8de60000 - 0x00007ffc8de6c000 	C:\WINDOWS\SYSTEM32\CRYPTBASE.dll
0x00007ffc8d9a0000 - 0x00007ffc8d9da000 	C:\WINDOWS\SYSTEM32\IPHLPAPI.DLL
0x00007ffc8fc20000 - 0x00007ffc8fc28000 	C:\WINDOWS\System32\NSI.dll
0x00007ffc84240000 - 0x00007ffc84256000 	C:\WINDOWS\SYSTEM32\dhcpcsvc6.DLL
0x00007ffc84220000 - 0x00007ffc8423c000 	C:\WINDOWS\SYSTEM32\dhcpcsvc.DLL
0x00007ffc8d9e0000 - 0x00007ffc8daaa000 	C:\WINDOWS\SYSTEM32\DNSAPI.dll
0x00007ffc84b10000 - 0x00007ffc84b1b000 	C:\WINDOWS\SYSTEM32\WINNSI.DLL

VM Arguments:
jvm_args: -Dorg.gradle.appname=gradlew 
java_command: org.gradle.wrapper.GradleWrapperMain -q -Ptarget-platform=android-arm -Ptarget=D:\Desktop\Flutter Projects\amquick\lib\main.dart -Pdart-defines=Zmx1dHRlci5pbnNwZWN0b3Iuc3RydWN0dXJlZEVycm9ycz10cnVl,RkxVVFRFUl9XRUJfQVVUT19ERVRFQ1Q9dHJ1ZQ== -Pdart-obfuscation=false -Ptrack-widget-creation=true -Ptree-shake-icons=false -Pfilesystem-scheme=org-dartlang-root assembleDebug
java_class_path (initial): D:\Desktop\Flutter Projects\amquick\android\\gradle\wrapper\gradle-wrapper.jar
Launcher Type: SUN_STANDARD

Environment Variables:
CLASSPATH=D:\Desktop\Flutter Projects\amquick\android\\gradle\wrapper\gradle-wrapper.jar
PATH=C:\Program Files (x86)\Common Files\Oracle\Java\javapath;C:\WINDOWS\system32;C:\WINDOWS;C:\WINDOWS\System32\Wbem;C:\WINDOWS\System32\WindowsPowerShell\v1.0\;C:\Program Files\Microsoft SQL Server\110\DTS\Binn\;C:\Program Files (x86)\Microsoft SQL Server\110\Tools\Binn\;C:\Program Files\Microsoft SQL Server\110\Tools\Binn\;C:\Program Files (x86)\Microsoft SQL Server\110\Tools\Binn\ManagementStudio\;C:\Program Files (x86)\Microsoft Visual Studio 10.0\Common7\IDE\PrivateAssemblies\;C:\Program Files (x86)\Microsoft SQL Server\110\DTS\Binn\;C:\WINDOWS\system32\config\systemprofile\.dnx\bin;C:\Program Files\Microsoft DNX\Dnvm\;C:\Program Files\Microsoft SQL Server\130\Tools\Binn\;C:\WINDOWS\System32\OpenSSH\;C:\Program Files\nodejs\;C:\Program Files\MongoDB\Server\4.4\bin;C:\Program Files\Microsoft SQL Server\Client SDK\ODBC\170\Tools\Binn\;C:\Program Files (x86)\Windows Kits\8.1\Windows Performance Toolkit\;C:\Program Files\dotnet\;C:\Program Files\Git\cmd;C:\ProgramData\chocolatey\bin;C:\Program Files\PuTTY\;C:\Users\NANO\AppData\Local\Programs\Python\Python39\Scripts\;C:\Users\NANO\AppData\Local\Programs\Python\Python39\;C:\Users\NANO\AppData\Local\Microsoft\WindowsApps;C:\Users\NANO\AppData\Roaming\npm;C:\Users\NANO\AppData\Local\Programs\Microsoft VS Code\bin;C:\Program Files\JetBrains\PyCharm 2020.3.2\bin;;C:\Program Files\JetBrains\PyCharm Community Edition 2020.3.2\bin;;C:\Users\NANO\.dotnet\tools;C:\tools\dart-sdk\bin;C:\Users\NANO\AppData\Roaming\Pub\Cache\bin;D:\flutter\flutter\bin;C:\Users\NANO\AppData\Local\Pub\Cache\bin;C:\Program Files\JetBrains\IntelliJ IDEA Community Edition 2021.1\bin;;C:\Program Files\JetBrains\IntelliJ IDEA 2021.1.3\bin;;D:\spark-3.1.2-bin-hadoop3.2\bin;D:\spark-3.1.2-bin-hadoop3.2\hadoop-3.2.0\bin;
USERNAME=NANO
OS=Windows_NT
PROCESSOR_IDENTIFIER=Intel64 Family 6 Model 142 Stepping 9, GenuineIntel



---------------  S Y S T E M  ---------------

OS: Windows 10.0 , 64 bit Build 18362 (10.0.18362.1766)

CPU:total 4 (initial active 4) (2 cores per cpu, 2 threads per core) family 6 model 142 stepping 9, cmov, cx8, fxsr, mmx, sse, sse2, sse3, ssse3, sse4.1, sse4.2, popcnt, avx, avx2, aes, clmul, erms, 3dnowpref, lzcnt, ht, tsc, tscinvbit, bmi1, bmi2, adx

Memory: 4k page, physical 16644000k(2671932k free), swap 16644000k(784k free)

vm_info: Java HotSpot(TM) 64-Bit Server VM (25.181-b13) for windows-amd64 JRE (1.8.0_181-b13), built on Jul  7 2018 04:01:33 by "java_re" with MS VC++ 10.0 (VS2010)

time: Thu Sep 23 18:55:22 2021
elapsed time: 26 seconds (0d 0h 0m 26s)

