#
# There is insufficient memory for the Java Runtime Environment to continue.
# Native memory allocation (malloc) failed to allocate 32744 bytes for ChunkPool::allocate
# Possible reasons:
#   The system is out of physical RAM or swap space
#   In 32 bit mode, the process size limit was hit
# Possible solutions:
#   Reduce memory load on the system
#   Increase physical memory or swap space
#   Check if swap backing store is full
#   Use 64 bit Java on a 64 bit OS
#   Decrease Java heap size (-Xmx/-Xms)
#   Decrease number of Java threads
#   Decrease Java thread stack sizes (-Xss)
#   Set larger code cache with -XX:ReservedCodeCacheSize=
# This output file may be truncated or incomplete.
#
#  Out of Memory Error (allocation.cpp:273), pid=8764, tid=0x0000000000002d4c
#
# JRE version: Java(TM) SE Runtime Environment (8.0_181-b13) (build 1.8.0_181-b13)
# Java VM: Java HotSpot(TM) 64-Bit Server VM (25.181-b13 mixed mode windows-amd64 compressed oops)
# Failed to write core dump. Minidumps are not enabled by default on client versions of Windows
#

---------------  T H R E A D  ---------------

Current thread (0x000000001869d000):  JavaThread "Daemon worker" [_thread_in_vm, id=11596, stack(0x000000001c3b0000,0x000000001c4b0000)]

Stack: [0x000000001c3b0000,0x000000001c4b0000]
[error occurred during error reporting (printing stack bounds), id 0xc0000005]

Native frames: (J=compiled Java code, j=interpreted, Vv=VM code, C=native code)

Java frames: (J=compiled Java code, j=interpreted, Vv=VM code)
j  sun.misc.Unsafe.defineAnonymousClass(Ljava/lang/Class;[B[Ljava/lang/Object;)Ljava/lang/Class;+0
j  java.lang.invoke.InnerClassLambdaMetafactory.spinInnerClass()Ljava/lang/Class;+511
j  java.lang.invoke.InnerClassLambdaMetafactory.buildCallSite()Ljava/lang/invoke/CallSite;+1
j  java.lang.invoke.LambdaMetafactory.altMetafactory(Ljava/lang/invoke/MethodHandles$Lookup;Ljava/lang/String;Ljava/lang/invoke/MethodType;[Ljava/lang/Object;)Ljava/lang/invoke/CallSite;+283
j  java.lang.invoke.LambdaForm$DMH.invokeStatic_L4_L(Ljava/lang/Object;Ljava/lang/Object;Ljava/lang/Object;Ljava/lang/Object;Ljava/lang/Object;)Ljava/lang/Object;+16
j  java.lang.invoke.LambdaForm$BMH.reinvoke(Ljava/lang/Object;Ljava/lang/Object;Ljava/lang/Object;Ljava/lang/Object;Ljava/lang/Object;Ljava/lang/Object;Ljava/lang/Object;Ljava/lang/Object;Ljava/lang/Object;)Ljava/lang/Object;+50
j  java.lang.invoke.LambdaForm$MH.invoke_MT(Ljava/lang/Object;Ljava/lang/Object;Ljava/lang/Object;Ljava/lang/Object;Ljava/lang/Object;Ljava/lang/Object;Ljava/lang/Object;Ljava/lang/Object;Ljava/lang/Object;Ljava/lang/Object;)Ljava/lang/Object;+34
j  java.lang.invoke.CallSite.makeSite(Ljava/lang/invoke/MethodHandle;Ljava/lang/String;Ljava/lang/invoke/MethodType;Ljava/lang/Object;Ljava/lang/Class;)Ljava/lang/invoke/CallSite;+246
j  java.lang.invoke.MethodHandleNatives.linkCallSiteImpl(Ljava/lang/Class;Ljava/lang/invoke/MethodHandle;Ljava/lang/String;Ljava/lang/invoke/MethodType;Ljava/lang/Object;[Ljava/lang/Object;)Ljava/lang/invoke/MemberName;+6
j  java.lang.invoke.MethodHandleNatives.linkCallSite(Ljava/lang/Object;Ljava/lang/Object;Ljava/lang/Object;Ljava/lang/Object;Ljava/lang/Object;[Ljava/lang/Object;)Ljava/lang/invoke/MemberName;+45
v  ~StubRoutines::call_stub
j  java.util.Comparator.comparing(Ljava/util/function/Function;)Ljava/util/Comparator;+6
j  org.gradle.api.internal.attributes.DefaultImmutableAttributes.<clinit>()V+5
v  ~StubRoutines::call_stub
j  org.gradle.api.internal.attributes.ImmutableAttributes.<clinit>()V+0
v  ~StubRoutines::call_stub
j  org.gradle.api.internal.attributes.DefaultImmutableAttributesFactory.<init>(Lorg/gradle/internal/isolation/IsolatableFactory;Lorg/gradle/api/internal/model/NamedObjectInstantiator;)V+15
j  org.gradle.internal.session.BuildSessionScopeServices.createImmutableAttributesFactory(Lorg/gradle/internal/isolation/IsolatableFactory;Lorg/gradle/api/internal/model/NamedObjectInstantiator;)Lorg/gradle/api/internal/attributes/DefaultImmutableAttributesFactory;+6
v  ~StubRoutines::call_stub
j  sun.reflect.NativeMethodAccessorImpl.invoke0(Ljava/lang/reflect/Method;Ljava/lang/Object;[Ljava/lang/Object;)Ljava/lang/Object;+0
j  sun.reflect.NativeMethodAccessorImpl.invoke(Ljava/lang/Object;[Ljava/lang/Object;)Ljava/lang/Object;+100
J 1251 C1 sun.reflect.DelegatingMethodAccessorImpl.invoke(Ljava/lang/Object;[Ljava/lang/Object;)Ljava/lang/Object; (10 bytes) @ 0x00000000037454c4 [0x00000000037453c0+0x104]
J 1250 C1 java.lang.reflect.Method.invoke(Ljava/lang/Object;[Ljava/lang/Object;)Ljava/lang/Object; (62 bytes) @ 0x0000000003744eec [0x0000000003744b00+0x3ec]
j  org.gradle.internal.reflect.JavaMethod.invoke(Ljava/lang/Object;[Ljava/lang/Object;)Ljava/lang/Object;+6
j  org.gradle.internal.service.ReflectionBasedServiceMethod.invoke(Ljava/lang/Object;[Ljava/lang/Object;)Ljava/lang/Object;+6
j  org.gradle.internal.service.DefaultServiceRegistry$FactoryMethodService.invokeMethod([Ljava/lang/Object;)Ljava/lang/Object;+9
j  org.gradle.internal.service.DefaultServiceRegistry$FactoryService.create()Ljava/lang/Object;+7
J 1426 C1 org.gradle.internal.service.DefaultServiceRegistry$ManagedObjectServiceProvider.getInstance()Ljava/lang/Object; (81 bytes) @ 0x00000000037b2dcc [0x00000000037b2b80+0x24c]
J 1425 C1 org.gradle.internal.service.DefaultServiceRegistry$SingletonService.get()Ljava/lang/Object; (5 bytes) @ 0x00000000037b0134 [0x00000000037b0040+0xf4]
j  org.gradle.internal.service.DefaultServiceRegistry$FactoryService.assembleParameters()[Ljava/lang/Object;+44
j  org.gradle.internal.service.DefaultServiceRegistry$FactoryService.create()Ljava/lang/Object;+1
J 1426 C1 org.gradle.internal.service.DefaultServiceRegistry$ManagedObjectServiceProvider.getInstance()Ljava/lang/Object; (81 bytes) @ 0x00000000037b2dcc [0x00000000037b2b80+0x24c]
J 1425 C1 org.gradle.internal.service.DefaultServiceRegistry$SingletonService.get()Ljava/lang/Object; (5 bytes) @ 0x00000000037b0134 [0x00000000037b0040+0xf4]
j  org.gradle.internal.service.DefaultServiceRegistry$FactoryService.assembleParameters()[Ljava/lang/Object;+44
j  org.gradle.internal.service.DefaultServiceRegistry$FactoryService.create()Ljava/lang/Object;+1
J 1426 C1 org.gradle.internal.service.DefaultServiceRegistry$ManagedObjectServiceProvider.getInstance()Ljava/lang/Object; (81 bytes) @ 0x00000000037b2dcc [0x00000000037b2b80+0x24c]
J 1425 C1 org.gradle.internal.service.DefaultServiceRegistry$SingletonService.get()Ljava/lang/Object; (5 bytes) @ 0x00000000037b0134 [0x00000000037b0040+0xf4]
j  org.gradle.internal.service.DefaultServiceRegistry.find(Ljava/lang/reflect/Type;)Ljava/lang/Object;+22
j  org.gradle.internal.service.DefaultServiceRegistry.get(Ljava/lang/reflect/Type;)Ljava/lang/Object;+2
j  org.gradle.internal.service.DefaultServiceRegistry.get(Ljava/lang/Class;)Ljava/lang/Object;+3
j  org.gradle.launcher.exec.BuildTreeScopeLifecycleBuildActionExecuter.lambda$execute$0(Lorg/gradle/internal/invocation/BuildAction;Lorg/gradle/launcher/exec/BuildActionParameters;Lorg/gradle/internal/buildtree/BuildTreeContext;)Lorg/gradle/launcher/exec/BuildActionResult;+8
j  org.gradle.launcher.exec.BuildTreeScopeLifecycleBuildActionExecuter$$Lambda$17.apply(Ljava/lang/Object;)Ljava/lang/Object;+12
j  org.gradle.internal.buildtree.BuildTreeState.run(Ljava/util/function/Function;)Ljava/lang/Object;+7
j  org.gradle.launcher.exec.BuildTreeScopeLifecycleBuildActionExecuter.execute(Lorg/gradle/internal/invocation/BuildAction;Lorg/gradle/launcher/exec/BuildActionParameters;Lorg/gradle/internal/session/BuildSessionContext;)Lorg/gradle/launcher/exec/BuildActionResult;+46
j  org.gradle.launcher.exec.BuildTreeScopeLifecycleBuildActionExecuter.execute(Lorg/gradle/internal/invocation/BuildAction;Ljava/lang/Object;Ljava/lang/Object;)Lorg/gradle/launcher/exec/BuildActionResult;+10
j  org.gradle.tooling.internal.provider.ContinuousBuildActionExecuter.execute(Lorg/gradle/internal/invocation/BuildAction;Lorg/gradle/launcher/exec/BuildActionParameters;Lorg/gradle/internal/session/BuildSessionContext;)Lorg/gradle/launcher/exec/BuildActionResult;+59
j  org.gradle.tooling.internal.provider.ContinuousBuildActionExecuter.execute(Lorg/gradle/internal/invocation/BuildAction;Ljava/lang/Object;Ljava/lang/Object;)Lorg/gradle/launcher/exec/BuildActionResult;+10
j  org.gradle.tooling.internal.provider.SubscribableBuildActionExecuter.execute(Lorg/gradle/internal/invocation/BuildAction;Lorg/gradle/launcher/exec/BuildActionParameters;Lorg/gradle/internal/session/BuildSessionContext;)Lorg/gradle/launcher/exec/BuildActionResult;+33
j  org.gradle.tooling.internal.provider.SubscribableBuildActionExecuter.execute(Lorg/gradle/internal/invocation/BuildAction;Ljava/lang/Object;Ljava/lang/Object;)Lorg/gradle/launcher/exec/BuildActionResult;+10
j  org.gradle.tooling.internal.provider.SessionScopeLifecycleBuildActionExecuter.lambda$execute$0(Lorg/gradle/internal/invocation/BuildAction;Lorg/gradle/launcher/exec/BuildActionParameters;Lorg/gradle/internal/session/BuildSessionContext;)Lorg/gradle/launcher/exec/BuildActionResult;+52
j  org.gradle.tooling.internal.provider.SessionScopeLifecycleBuildActionExecuter$$Lambda$11.apply(Ljava/lang/Object;)Ljava/lang/Object;+12
j  org.gradle.internal.session.BuildSessionState.run(Ljava/util/function/Function;)Ljava/lang/Object;+9
j  org.gradle.tooling.internal.provider.SessionScopeLifecycleBuildActionExecuter.execute(Lorg/gradle/internal/invocation/BuildAction;Lorg/gradle/launcher/exec/BuildActionParameters;Lorg/gradle/initialization/BuildRequestContext;)Lorg/gradle/launcher/exec/BuildActionResult;+74
j  org.gradle.tooling.internal.provider.SessionScopeLifecycleBuildActionExecuter.execute(Lorg/gradle/internal/invocation/BuildAction;Ljava/lang/Object;Ljava/lang/Object;)Lorg/gradle/launcher/exec/BuildActionResult;+10
j  org.gradle.tooling.internal.provider.GradleThreadBuildActionExecuter.execute(Lorg/gradle/internal/invocation/BuildAction;Lorg/gradle/launcher/exec/BuildActionParameters;Lorg/gradle/initialization/BuildRequestContext;)Lorg/gradle/launcher/exec/BuildActionResult;+10
j  org.gradle.tooling.internal.provider.GradleThreadBuildActionExecuter.execute(Lorg/gradle/internal/invocation/BuildAction;Ljava/lang/Object;Ljava/lang/Object;)Lorg/gradle/launcher/exec/BuildActionResult;+10
j  org.gradle.tooling.internal.provider.StartParamsValidatingActionExecuter.execute(Lorg/gradle/internal/invocation/BuildAction;Lorg/gradle/launcher/exec/BuildActionParameters;Lorg/gradle/initialization/BuildRequestContext;)Lorg/gradle/launcher/exec/BuildActionResult;+175
j  org.gradle.tooling.internal.provider.StartParamsValidatingActionExecuter.execute(Lorg/gradle/internal/invocation/BuildAction;Ljava/lang/Object;Ljava/lang/Object;)Lorg/gradle/launcher/exec/BuildActionResult;+10
j  org.gradle.tooling.internal.provider.SessionFailureReportingActionExecuter.execute(Lorg/gradle/internal/invocation/BuildAction;Lorg/gradle/launcher/exec/BuildActionParameters;Lorg/gradle/initialization/BuildRequestContext;)Lorg/gradle/launcher/exec/BuildActionResult;+7
j  org.gradle.tooling.internal.provider.SessionFailureReportingActionExecuter.execute(Lorg/gradle/internal/invocation/BuildAction;Ljava/lang/Object;Ljava/lang/Object;)Lorg/gradle/launcher/exec/BuildActionResult;+10
j  org.gradle.tooling.internal.provider.SetupLoggingActionExecuter.execute(Lorg/gradle/internal/invocation/BuildAction;Lorg/gradle/launcher/exec/BuildActionParameters;Lorg/gradle/initialization/BuildRequestContext;)Lorg/gradle/launcher/exec/BuildActionResult;+50
j  org.gradle.tooling.internal.provider.SetupLoggingActionExecuter.execute(Lorg/gradle/internal/invocation/BuildAction;Ljava/lang/Object;Ljava/lang/Object;)Lorg/gradle/launcher/exec/BuildActionResult;+10
j  org.gradle.launcher.daemon.server.exec.ExecuteBuild.doBuild(Lorg/gradle/launcher/daemon/server/api/DaemonCommandExecution;Lorg/gradle/launcher/daemon/protocol/Build;)V+114
j  org.gradle.launcher.daemon.server.exec.BuildCommandOnly.execute(Lorg/gradle/launcher/daemon/server/api/DaemonCommandExecution;)V+49
j  org.gradle.launcher.daemon.server.api.DaemonCommandExecution.proceed()Z+23
j  org.gradle.launcher.daemon.server.exec.WatchForDisconnection.execute(Lorg/gradle/launcher/daemon/server/api/DaemonCommandExecution;)V+19
j  org.gradle.launcher.daemon.server.api.DaemonCommandExecution.proceed()Z+23
j  org.gradle.launcher.daemon.server.exec.ResetDeprecationLogger.execute(Lorg/gradle/launcher/daemon/server/api/DaemonCommandExecution;)V+7
j  org.gradle.launcher.daemon.server.api.DaemonCommandExecution.proceed()Z+23
j  org.gradle.launcher.daemon.server.exec.RequestStopIfSingleUsedDaemon.execute(Lorg/gradle/launcher/daemon/server/api/DaemonCommandExecution;)V+33
j  org.gradle.launcher.daemon.server.api.DaemonCommandExecution.proceed()Z+23
j  org.gradle.launcher.daemon.server.exec.ForwardClientInput$2.create()Ljava/lang/Void;+4
j  org.gradle.launcher.daemon.server.exec.ForwardClientInput$2.create()Ljava/lang/Object;+1
j  org.gradle.util.Swapper.swap(Ljava/lang/Object;Lorg/gradle/internal/Factory;)Ljava/lang/Object;+21
j  org.gradle.launcher.daemon.server.exec.ForwardClientInput.execute(Lorg/gradle/launcher/daemon/server/api/DaemonCommandExecution;)V+63
j  org.gradle.launcher.daemon.server.api.DaemonCommandExecution.proceed()Z+23
j  org.gradle.launcher.daemon.server.exec.LogAndCheckHealth.execute(Lorg/gradle/launcher/daemon/server/api/DaemonCommandExecution;)V+28
j  org.gradle.launcher.daemon.server.api.DaemonCommandExecution.proceed()Z+23
j  org.gradle.launcher.daemon.server.exec.LogToClient.doBuild(Lorg/gradle/launcher/daemon/server/api/DaemonCommandExecution;Lorg/gradle/launcher/daemon/protocol/Build;)V+87
j  org.gradle.launcher.daemon.server.exec.BuildCommandOnly.execute(Lorg/gradle/launcher/daemon/server/api/DaemonCommandExecution;)V+49
j  org.gradle.launcher.daemon.server.api.DaemonCommandExecution.proceed()Z+23
j  org.gradle.launcher.daemon.server.exec.EstablishBuildEnvironment.doBuild(Lorg/gradle/launcher/daemon/server/api/DaemonCommandExecution;Lorg/gradle/launcher/daemon/protocol/Build;)V+356
j  org.gradle.launcher.daemon.server.exec.BuildCommandOnly.execute(Lorg/gradle/launcher/daemon/server/api/DaemonCommandExecution;)V+49
j  org.gradle.launcher.daemon.server.api.DaemonCommandExecution.proceed()Z+23
j  org.gradle.launcher.daemon.server.exec.StartBuildOrRespondWithBusy$1.run()V+44
j  org.gradle.launcher.daemon.server.DaemonStateCoordinator$1.run()V+4
j  org.gradle.internal.concurrent.ExecutorPolicy$CatchAndRecordFailures.onExecute(Ljava/lang/Runnable;)V+1
j  org.gradle.internal.concurrent.ManagedExecutorImpl$1.run()V+25
j  java.util.concurrent.ThreadPoolExecutor.runWorker(Ljava/util/concurrent/ThreadPoolExecutor$Worker;)V+95
j  java.util.concurrent.ThreadPoolExecutor$Worker.run()V+5
j  org.gradle.internal.concurrent.ThreadFactoryImpl$ManagedThreadRunnable.run()V+7
j  java.lang.Thread.run()V+11
v  ~StubRoutines::call_stub

---------------  P R O C E S S  ---------------

Java Threads: ( => current thread )
  0x000000001931d000 JavaThread "File lock request listener" [_thread_in_native, id=628, stack(0x000000001da80000,0x000000001db80000)]
  0x000000001931f000 JavaThread "Cache worker for file hash cache (C:\Users\NANO\.gradle\caches\6.7\fileHashes)" [_thread_blocked, id=14024, stack(0x000000001d980000,0x000000001da80000)]
  0x000000001931e800 JavaThread "Thread-9" [_thread_blocked, id=13132, stack(0x000000001c6b0000,0x000000001c7b0000)]
  0x000000001931d800 JavaThread "Stdin handler" [_thread_blocked, id=12372, stack(0x000000001c5b0000,0x000000001c6b0000)]
  0x000000001918e000 JavaThread "Asynchronous log dispatcher for DefaultDaemonConnection: socket connection from /127.0.0.1:62445 to /127.0.0.1:62446" [_thread_blocked, id=12176, stack(0x000000001c4b0000,0x000000001c5b0000)]
=>0x000000001869d000 JavaThread "Daemon worker" [_thread_in_vm, id=11596, stack(0x000000001c3b0000,0x000000001c4b0000)]
  0x000000001869b000 JavaThread "Cancel handler" [_thread_blocked, id=9940, stack(0x000000001c2b0000,0x000000001c3b0000)]
  0x0000000019998000 JavaThread "Handler for socket connection from /127.0.0.1:62445 to /127.0.0.1:62446" [_thread_in_native, id=10580, stack(0x000000001c1b0000,0x000000001c2b0000)]
  0x0000000019992800 JavaThread "Daemon" [_thread_blocked, id=2044, stack(0x000000001beb0000,0x000000001bfb0000)]
  0x000000001a3e6800 JavaThread "Daemon periodic checks" [_thread_blocked, id=9072, stack(0x000000001bdb0000,0x000000001beb0000)]
  0x000000001a3e4000 JavaThread "Incoming local TCP Connector on port 62445" [_thread_in_native, id=2624, stack(0x000000001bb70000,0x000000001bc70000)]
  0x000000001a354800 JavaThread "Daemon health stats" [_thread_blocked, id=3380, stack(0x000000001b330000,0x000000001b430000)]
  0x00000000183e5000 JavaThread "Service Thread" daemon [_thread_blocked, id=1376, stack(0x0000000018990000,0x0000000018a90000)]
  0x00000000183db800 JavaThread "C1 CompilerThread2" daemon [_thread_blocked, id=13272, stack(0x0000000018890000,0x0000000018990000)]
  0x00000000183d9000 JavaThread "C2 CompilerThread1" daemon [_thread_in_native, id=5740, stack(0x0000000018790000,0x0000000018890000)]
  0x0000000016c29800 JavaThread "C2 CompilerThread0" daemon [_thread_in_native, id=14460, stack(0x0000000018290000,0x0000000018390000)]
  0x0000000016c26000 JavaThread "Attach Listener" daemon [_thread_blocked, id=12580, stack(0x0000000018190000,0x0000000018290000)]
  0x0000000016c76000 JavaThread "Signal Dispatcher" daemon [_thread_blocked, id=14108, stack(0x0000000018090000,0x0000000018190000)]
  0x0000000016c0a800 JavaThread "Finalizer" daemon [_thread_blocked, id=3160, stack(0x0000000017e90000,0x0000000017f90000)]
  0x00000000031c1000 JavaThread "Reference Handler" daemon [_thread_blocked, id=7808, stack(0x0000000017d90000,0x0000000017e90000)]
  0x00000000030d2800 JavaThread "main" [_thread_blocked, id=12656, stack(0x0000000002fa0000,0x00000000030a0000)]

Other Threads:
  0x0000000016be8000 VMThread [stack: 0x0000000017c90000,0x0000000017d90000] [id=976]
  0x00000000183ff000 WatcherThread [stack: 0x0000000018a90000,0x0000000018b90000] [id=2372]

VM state:not at safepoint (normal execution)

VM Mutex/Monitor currently owned by a thread: None

Heap:
 PSYoungGen      total 75776K, used 19684K [0x00000000e0000000, 0x00000000e5480000, 0x0000000100000000)
  eden space 65024K, 15% used [0x00000000e0000000,0x00000000e09fb9c0,0x00000000e3f80000)
  from space 10752K, 88% used [0x00000000e4a00000,0x00000000e533d908,0x00000000e5480000)
  to   space 10752K, 0% used [0x00000000e3f80000,0x00000000e3f80000,0x00000000e4a00000)
 ParOldGen       total 173568K, used 16K [0x00000000a0000000, 0x00000000aa980000, 0x00000000e0000000)
  object space 173568K, 0% used [0x00000000a0000000,0x00000000a0004000,0x00000000aa980000)
 Metaspace       used 15534K, capacity 16118K, committed 16256K, reserved 1062912K
  class space    used 2193K, capacity 2383K, committed 2432K, reserved 1048576K

Card table byte_map: [0x0000000012670000,0x0000000012980000] byte_map_base: 0x0000000012170000

Marking Bits: (ParMarkBitMap*) 0x0000000074702d00
 Begin Bits: [0x0000000012f80000, 0x0000000014780000)
 End Bits:   [0x0000000014780000, 0x0000000015f80000)

Polling page: 0x00000000013d0000

CodeCache: size=245760Kb used=5428Kb max_used=5428Kb free=240331Kb
 bounds [0x00000000032b0000, 0x0000000003800000, 0x00000000122b0000]
 total_blobs=1913 nmethods=1522 adapters=303
 compilation: enabled

Compilation events (10 events):
Event: 7.710 Thread 0x00000000183db800 1523       3       java.lang.reflect.Method::setMethodAccessor (21 bytes)
Event: 7.710 Thread 0x00000000183db800 nmethod 1523 0x00000000037fd290 code [0x00000000037fd400, 0x00000000037fd7a8]
Event: 7.755 Thread 0x00000000183db800 1524       3       com.google.common.base.Preconditions::checkNotNull (14 bytes)
Event: 7.755 Thread 0x00000000183db800 nmethod 1524 0x00000000037fd8d0 code [0x00000000037fda40, 0x00000000037fdc68]
Event: 7.765 Thread 0x00000000183db800 1525       3       jdk.internal.org.objectweb.asm.MethodWriter::visitTypeInsn (110 bytes)
Event: 7.766 Thread 0x00000000183db800 nmethod 1525 0x00000000037fdd50 code [0x00000000037fdee0, 0x00000000037fe308]
Event: 7.767 Thread 0x00000000183db800 1527       3       java.lang.invoke.LambdaForm::returnType (26 bytes)
Event: 7.767 Thread 0x00000000183db800 nmethod 1527 0x00000000037fe690 code [0x00000000037fe800, 0x00000000037fe9d0]
Event: 7.767 Thread 0x00000000183db800 1528       3       java.lang.invoke.LambdaForm$Name::isParam (13 bytes)
Event: 7.767 Thread 0x00000000183db800 nmethod 1528 0x00000000037fead0 code [0x00000000037fec20, 0x00000000037fedd0]

GC Heap History (4 events):
Event: 3.446 GC heap before
{Heap before GC invocations=1 (full 0):
 PSYoungGen      total 75776K, used 65024K [0x00000000e0000000, 0x00000000e5480000, 0x0000000100000000)
  eden space 65024K, 100% used [0x00000000e0000000,0x00000000e3f80000,0x00000000e3f80000)
  from space 10752K, 0% used [0x00000000e4a00000,0x00000000e4a00000,0x00000000e5480000)
  to   space 10752K, 0% used [0x00000000e3f80000,0x00000000e3f80000,0x00000000e4a00000)
 ParOldGen       total 173568K, used 0K [0x00000000a0000000, 0x00000000aa980000, 0x00000000e0000000)
  object space 173568K, 0% used [0x00000000a0000000,0x00000000a0000000,0x00000000aa980000)
 Metaspace       used 7358K, capacity 7606K, committed 7680K, reserved 1056768K
  class space    used 921K, capacity 1005K, committed 1024K, reserved 1048576K
Event: 3.461 GC heap after
Heap after GC invocations=1 (full 0):
 PSYoungGen      total 75776K, used 5831K [0x00000000e0000000, 0x00000000e5480000, 0x0000000100000000)
  eden space 65024K, 0% used [0x00000000e0000000,0x00000000e0000000,0x00000000e3f80000)
  from space 10752K, 54% used [0x00000000e3f80000,0x00000000e4531d90,0x00000000e4a00000)
  to   space 10752K, 0% used [0x00000000e4a00000,0x00000000e4a00000,0x00000000e5480000)
 ParOldGen       total 173568K, used 8K [0x00000000a0000000, 0x00000000aa980000, 0x00000000e0000000)
  object space 173568K, 0% used [0x00000000a0000000,0x00000000a0002000,0x00000000aa980000)
 Metaspace       used 7358K, capacity 7606K, committed 7680K, reserved 1056768K
  class space    used 921K, capacity 1005K, committed 1024K, reserved 1048576K
}
Event: 7.287 GC heap before
{Heap before GC invocations=2 (full 0):
 PSYoungGen      total 75776K, used 70855K [0x00000000e0000000, 0x00000000e5480000, 0x0000000100000000)
  eden space 65024K, 100% used [0x00000000e0000000,0x00000000e3f80000,0x00000000e3f80000)
  from space 10752K, 54% used [0x00000000e3f80000,0x00000000e4531d90,0x00000000e4a00000)
  to   space 10752K, 0% used [0x00000000e4a00000,0x00000000e4a00000,0x00000000e5480000)
 ParOldGen       total 173568K, used 8K [0x00000000a0000000, 0x00000000aa980000, 0x00000000e0000000)
  object space 173568K, 0% used [0x00000000a0000000,0x00000000a0002000,0x00000000aa980000)
 Metaspace       used 14207K, capacity 14634K, committed 14976K, reserved 1062912K
  class space    used 1998K, capacity 2101K, committed 2176K, reserved 1048576K
Event: 7.307 GC heap after
Heap after GC invocations=2 (full 0):
 PSYoungGen      total 75776K, used 9462K [0x00000000e0000000, 0x00000000e5480000, 0x0000000100000000)
  eden space 65024K, 0% used [0x00000000e0000000,0x00000000e0000000,0x00000000e3f80000)
  from space 10752K, 88% used [0x00000000e4a00000,0x00000000e533d908,0x00000000e5480000)
  to   space 10752K, 0% used [0x00000000e3f80000,0x00000000e3f80000,0x00000000e4a00000)
 ParOldGen       total 173568K, used 16K [0x00000000a0000000, 0x00000000aa980000, 0x00000000e0000000)
  object space 173568K, 0% used [0x00000000a0000000,0x00000000a0004000,0x00000000aa980000)
 Metaspace       used 14207K, capacity 14634K, committed 14976K, reserved 1062912K
  class space    used 1998K, capacity 2101K, committed 2176K, reserved 1048576K
}

Deoptimization events (10 events):
Event: 6.738 Thread 0x000000001869d000 Uncommon trap: reason=bimorphic action=maybe_recompile pc=0x0000000003506b8c method=java.util.HashMap.putVal(ILjava/lang/Object;Ljava/lang/Object;ZZ)Ljava/lang/Object; @ 253
Event: 6.738 Thread 0x000000001869d000 Uncommon trap: reason=bimorphic action=maybe_recompile pc=0x0000000003506b8c method=java.util.HashMap.putVal(ILjava/lang/Object;Ljava/lang/Object;ZZ)Ljava/lang/Object; @ 253
Event: 6.738 Thread 0x000000001869d000 Uncommon trap: reason=bimorphic action=maybe_recompile pc=0x0000000003506b8c method=java.util.HashMap.putVal(ILjava/lang/Object;Ljava/lang/Object;ZZ)Ljava/lang/Object; @ 253
Event: 6.738 Thread 0x000000001869d000 Uncommon trap: reason=bimorphic action=maybe_recompile pc=0x000000000350e51c method=java.util.HashMap.putVal(ILjava/lang/Object;Ljava/lang/Object;ZZ)Ljava/lang/Object; @ 253
Event: 7.160 Thread 0x000000001869d000 Uncommon trap: reason=class_check action=maybe_recompile pc=0x00000000035e0c44 method=java.util.regex.Matcher.match(II)Z @ 86
Event: 7.223 Thread 0x000000001869d000 Uncommon trap: reason=class_check action=maybe_recompile pc=0x00000000035e0c44 method=java.util.regex.Matcher.match(II)Z @ 86
Event: 7.224 Thread 0x000000001869d000 Uncommon trap: reason=class_check action=maybe_recompile pc=0x00000000035e0c44 method=java.util.regex.Matcher.match(II)Z @ 86
Event: 7.224 Thread 0x000000001869d000 Uncommon trap: reason=class_check action=maybe_recompile pc=0x000000000346e29c method=java.util.regex.Matcher.match(II)Z @ 86
Event: 7.429 Thread 0x000000001869d000 Uncommon trap: reason=unstable_if action=reinterpret pc=0x00000000035de35c method=java.io.File.getName()Ljava/lang/String; @ 16
Event: 7.429 Thread 0x000000001869d000 Uncommon trap: reason=unstable_if action=reinterpret pc=0x00000000035d69dc method=java.lang.String.substring(I)Ljava/lang/String; @ 35

Classes redefined (0 events):
No events

Internal exceptions (10 events):
Event: 1.774 Thread 0x00000000030d2800 Exception <a 'java/lang/ArrayIndexOutOfBoundsException'> (0x00000000e1618d90) thrown at [C:\re\workspace\8-2-build-windows-amd64-cygwin\jdk8u181\11358\hotspot\src\share\vm\runtime\sharedRuntime.cpp, line 605]
Event: 1.774 Thread 0x00000000030d2800 Exception <a 'java/lang/ArrayIndexOutOfBoundsException'> (0x00000000e161ba28) thrown at [C:\re\workspace\8-2-build-windows-amd64-cygwin\jdk8u181\11358\hotspot\src\share\vm\runtime\sharedRuntime.cpp, line 605]
Event: 1.776 Thread 0x00000000030d2800 Exception <a 'java/lang/ArrayIndexOutOfBoundsException'> (0x00000000e1633450) thrown at [C:\re\workspace\8-2-build-windows-amd64-cygwin\jdk8u181\11358\hotspot\src\share\vm\runtime\sharedRuntime.cpp, line 605]
Event: 1.777 Thread 0x00000000030d2800 Exception <a 'java/lang/ArrayIndexOutOfBoundsException'> (0x00000000e1646600) thrown at [C:\re\workspace\8-2-build-windows-amd64-cygwin\jdk8u181\11358\hotspot\src\share\vm\runtime\sharedRuntime.cpp, line 605]
Event: 6.581 Thread 0x00000000030d2800 Exception <a 'java/io/IOException'> (0x00000000e1c9d398) thrown at [C:\re\workspace\8-2-build-windows-amd64-cygwin\jdk8u181\11358\hotspot\src\share\vm\prims\jni.cpp, line 709]
Event: 7.062 Thread 0x000000001869d000 Exception <a 'java/lang/NoSuchMethodError': java.lang.Object.lambda$static$0(Lorg/gradle/internal/state/ModelObject;)Ljava/lang/String;> (0x00000000e34ec520) thrown at [C:\re\workspace\8-2-build-windows-amd64-cygwin\jdk8u181\11358\hotspot\src\share\vm\int
Event: 7.655 Thread 0x000000001869d000 Exception <a 'java/lang/NoSuchMethodError': java.lang.Object.lambda$and$0(Ljava/util/function/Predicate;Ljava/lang/Object;)Z> (0x00000000e0610dd0) thrown at [C:\re\workspace\8-2-build-windows-amd64-cygwin\jdk8u181\11358\hotspot\src\share\vm\interpreter\li
Event: 7.665 Thread 0x000000001869d000 Exception <a 'java/lang/IncompatibleClassChangeError': Found class java.lang.Object, but interface was expected> (0x00000000e06211f8) thrown at [C:\re\workspace\8-2-build-windows-amd64-cygwin\jdk8u181\11358\hotspot\src\share\vm\interpreter\linkResolver.cp
Event: 7.683 Thread 0x000000001869d000 Exception <a 'java/lang/NoSuchMethodError': java.lang.Object.lambda$or$2(Ljava/util/function/Predicate;Ljava/lang/Object;)Z> (0x00000000e0625fa8) thrown at [C:\re\workspace\8-2-build-windows-amd64-cygwin\jdk8u181\11358\hotspot\src\share\vm\interpreter\lin
Event: 7.767 Thread 0x000000001869d000 Exception <a 'java/lang/NoSuchMethodError': java.lang.Object.lambda$comparing$77a9974f$1(Ljava/util/function/Function;Ljava/lang/Object;Ljava/lang/Object;)I> (0x00000000e09c3a98) thrown at [C:\re\workspace\8-2-build-windows-amd64-cygwin\jdk8u181\11358\hot

Events (10 events):
Event: 7.761 loading class org/gradle/api/internal/attributes/AttributeMergingException
Event: 7.761 loading class org/gradle/api/internal/attributes/AttributeMergingException done
Event: 7.762 loading class org/gradle/api/internal/attributes/DefaultImmutableAttributes
Event: 7.762 loading class org/gradle/api/internal/attributes/DefaultImmutableAttributes done
Event: 7.764 loading class org/gradle/api/internal/attributes/AttributeValue
Event: 7.764 loading class org/gradle/api/internal/attributes/AttributeValue done
Event: 7.765 loading class org/gradle/api/attributes/Attribute
Event: 7.765 loading class org/gradle/api/attributes/Attribute done
Event: 7.765 loading class org/gradle/api/attributes/Attribute
Event: 7.765 loading class org/gradle/api/attributes/Attribute done


Dynamic libraries:
0x00007ff639a40000 - 0x00007ff639a77000 	C:\Program Files\Java\jdk1.8.0_181\bin\java.exe
0x00007ffd7d980000 - 0x00007ffd7db70000 	C:\WINDOWS\SYSTEM32\ntdll.dll
0x00007ffd7d820000 - 0x00007ffd7d8d2000 	C:\WINDOWS\System32\KERNEL32.DLL
0x00007ffd7b850000 - 0x00007ffd7baf6000 	C:\WINDOWS\System32\KERNELBASE.dll
0x00007ffd77250000 - 0x00007ffd772df000 	C:\WINDOWS\SYSTEM32\apphelp.dll
0x00007ffd7c6b0000 - 0x00007ffd7c753000 	C:\WINDOWS\System32\ADVAPI32.dll
0x00007ffd7d6d0000 - 0x00007ffd7d76e000 	C:\WINDOWS\System32\msvcrt.dll
0x00007ffd7bb00000 - 0x00007ffd7bb97000 	C:\WINDOWS\System32\sechost.dll
0x00007ffd7bc80000 - 0x00007ffd7bd9f000 	C:\WINDOWS\System32\RPCRT4.dll
0x00007ffd7cde0000 - 0x00007ffd7cf74000 	C:\WINDOWS\System32\USER32.dll
0x00007ffd7acf0000 - 0x00007ffd7ad11000 	C:\WINDOWS\System32\win32u.dll
0x00007ffd7d680000 - 0x00007ffd7d6a6000 	C:\WINDOWS\System32\GDI32.dll
0x00007ffd7aaa0000 - 0x00007ffd7ac38000 	C:\WINDOWS\System32\gdi32full.dll
0x00007ffd7b720000 - 0x00007ffd7b7be000 	C:\WINDOWS\System32\msvcp_win.dll
0x00007ffd7b4a0000 - 0x00007ffd7b59a000 	C:\WINDOWS\System32\ucrtbase.dll
0x00007ffd68a40000 - 0x00007ffd68cc4000 	C:\WINDOWS\WinSxS\amd64_microsoft.windows.common-controls_6595b64144ccf1df_6.0.18362.1734_none_9e7c63e3e45fdc87\COMCTL32.dll
0x00007ffd7ca20000 - 0x00007ffd7cd56000 	C:\WINDOWS\System32\combase.dll
0x00007ffd7b7c0000 - 0x00007ffd7b844000 	C:\WINDOWS\System32\bcryptPrimitives.dll
0x00007ffd7c9f0000 - 0x00007ffd7ca1e000 	C:\WINDOWS\System32\IMM32.DLL
0x0000000074790000 - 0x0000000074862000 	C:\Program Files\Java\jdk1.8.0_181\jre\bin\msvcr100.dll
0x0000000073ee0000 - 0x0000000074782000 	C:\Program Files\Java\jdk1.8.0_181\jre\bin\server\jvm.dll
0x00007ffd7c760000 - 0x00007ffd7c768000 	C:\WINDOWS\System32\PSAPI.DLL
0x00007ffd66ba0000 - 0x00007ffd66ba9000 	C:\WINDOWS\SYSTEM32\WSOCK32.dll
0x00007ffd7c770000 - 0x00007ffd7c7df000 	C:\WINDOWS\System32\WS2_32.dll
0x00007ffd76590000 - 0x00007ffd765b4000 	C:\WINDOWS\SYSTEM32\WINMM.dll
0x00007ffd6e450000 - 0x00007ffd6e45a000 	C:\WINDOWS\SYSTEM32\VERSION.dll
0x00007ffd76560000 - 0x00007ffd7658d000 	C:\WINDOWS\SYSTEM32\WINMMBASE.dll
0x00007ffd7ac40000 - 0x00007ffd7ac8a000 	C:\WINDOWS\System32\cfgmgr32.dll
0x0000000073ed0000 - 0x0000000073edf000 	C:\Program Files\Java\jdk1.8.0_181\jre\bin\verify.dll
0x0000000073ea0000 - 0x0000000073ec9000 	C:\Program Files\Java\jdk1.8.0_181\jre\bin\java.dll
0x0000000073e80000 - 0x0000000073e96000 	C:\Program Files\Java\jdk1.8.0_181\jre\bin\zip.dll
0x00007ffd7cf90000 - 0x00007ffd7d677000 	C:\WINDOWS\System32\SHELL32.dll
0x00007ffd7c940000 - 0x00007ffd7c9e9000 	C:\WINDOWS\System32\shcore.dll
0x00007ffd7ad20000 - 0x00007ffd7b49b000 	C:\WINDOWS\System32\windows.storage.dll
0x00007ffd7a930000 - 0x00007ffd7a94e000 	C:\WINDOWS\System32\profapi.dll
0x00007ffd7a970000 - 0x00007ffd7a9ba000 	C:\WINDOWS\System32\powrprof.dll
0x00007ffd7a900000 - 0x00007ffd7a910000 	C:\WINDOWS\System32\UMPDC.dll
0x00007ffd7c650000 - 0x00007ffd7c6a2000 	C:\WINDOWS\System32\shlwapi.dll
0x00007ffd7a910000 - 0x00007ffd7a921000 	C:\WINDOWS\System32\kernel.appcore.dll
0x00007ffd7b700000 - 0x00007ffd7b717000 	C:\WINDOWS\System32\cryptsp.dll
0x0000000073d30000 - 0x0000000073d4a000 	C:\Program Files\Java\jdk1.8.0_181\jre\bin\net.dll
0x00007ffd7a150000 - 0x00007ffd7a1b7000 	C:\WINDOWS\system32\mswsock.dll
0x00000000738c0000 - 0x00000000738d1000 	C:\Program Files\Java\jdk1.8.0_181\jre\bin\nio.dll
0x00007ffd6a8b0000 - 0x00007ffd6a8d6000 	C:\Users\NANO\.gradle\native\fdc75f09e3144964f2cf3f50f0aa648679c211496f362492102eb8c894070792\windows-amd64\native-platform.dll
0x00007ffd369f0000 - 0x00007ffd36b81000 	C:\Users\NANO\.gradle\native\12488b8bf47d2d4c9fbf2f6322a914ad602e24e48041cd04a747c6da556b65c4\windows-amd64\native-platform-file-events.dll
0x00000000738b0000 - 0x00000000738bd000 	C:\Program Files\Java\jdk1.8.0_181\jre\bin\management.dll
0x00007ffd79cd0000 - 0x00007ffd79d03000 	C:\WINDOWS\system32\rsaenh.dll
0x00007ffd7a9c0000 - 0x00007ffd7a9e6000 	C:\WINDOWS\System32\bcrypt.dll
0x00007ffd7a820000 - 0x00007ffd7a845000 	C:\WINDOWS\SYSTEM32\USERENV.dll
0x00007ffd7a320000 - 0x00007ffd7a32c000 	C:\WINDOWS\SYSTEM32\CRYPTBASE.dll
0x00007ffd79e60000 - 0x00007ffd79e9a000 	C:\WINDOWS\SYSTEM32\IPHLPAPI.DLL
0x00007ffd7bc70000 - 0x00007ffd7bc78000 	C:\WINDOWS\System32\NSI.dll
0x00007ffd725d0000 - 0x00007ffd725e6000 	C:\WINDOWS\SYSTEM32\dhcpcsvc6.DLL
0x00007ffd71320000 - 0x00007ffd7133c000 	C:\WINDOWS\SYSTEM32\dhcpcsvc.DLL
0x00007ffd79ea0000 - 0x00007ffd79f6a000 	C:\WINDOWS\SYSTEM32\DNSAPI.dll
0x00007ffd72710000 - 0x00007ffd7271b000 	C:\WINDOWS\SYSTEM32\WINNSI.DLL

VM Arguments:
jvm_args: -Xmx1536M -Dfile.encoding=windows-1258 -Duser.country=US -Duser.language=en -Duser.variant 
java_command: org.gradle.launcher.daemon.bootstrap.GradleDaemon 6.7
java_class_path (initial): C:\Users\NANO\.gradle\wrapper\dists\gradle-6.7-all\cuy9mc7upwgwgeb72wkcrupxe\gradle-6.7\lib\gradle-launcher-6.7.jar
Launcher Type: SUN_STANDARD

Environment Variables:
CLASSPATH=D:\Desktop\Flutter Projects\amquick\android\\gradle\wrapper\gradle-wrapper.jar
PATH=C:\Program Files (x86)\Common Files\Oracle\Java\javapath;C:\WINDOWS\system32;C:\WINDOWS;C:\WINDOWS\System32\Wbem;C:\WINDOWS\System32\WindowsPowerShell\v1.0\;C:\Program Files\Microsoft SQL Server\110\DTS\Binn\;C:\Program Files (x86)\Microsoft SQL Server\110\Tools\Binn\;C:\Program Files\Microsoft SQL Server\110\Tools\Binn\;C:\Program Files (x86)\Microsoft SQL Server\110\Tools\Binn\ManagementStudio\;C:\Program Files (x86)\Microsoft Visual Studio 10.0\Common7\IDE\PrivateAssemblies\;C:\Program Files (x86)\Microsoft SQL Server\110\DTS\Binn\;C:\Users\NANO\.dnx\bin;C:\Program Files\Microsoft DNX\Dnvm\;C:\Program Files\Microsoft SQL Server\130\Tools\Binn\;C:\WINDOWS\System32\OpenSSH\;C:\Program Files\nodejs\;C:\Program Files\MongoDB\Server\4.4\bin;C:\Program Files\Microsoft SQL Server\Client SDK\ODBC\170\Tools\Binn\;C:\Program Files (x86)\Windows Kits\8.1\Windows Performance Toolkit\;C:\Program Files\dotnet\;C:\Program Files\Git\cmd;C:\ProgramData\chocolatey\bin;C:\Program Files\PuTTY\;C:\Users\NANO\AppData\Local\Programs\Python\Python39\Scripts\;C:\Users\NANO\AppData\Local\Programs\Python\Python39\;C:\Users\NANO\AppData\Local\Microsoft\WindowsApps;C:\Users\NANO\AppData\Roaming\npm;C:\Users\NANO\AppData\Local\Programs\Microsoft VS Code\bin;C:\Program Files\JetBrains\PyCharm 2020.3.2\bin;;C:\Program Files\JetBrains\PyCharm Community Edition 2020.3.2\bin;;C:\Users\NANO\.dotnet\tools;C:\tools\dart-sdk\bin;C:\Users\NANO\AppData\Roaming\Pub\Cache\bin;D:\flutter\flutter\bin;C:\Users\NANO\AppData\Local\Pub\Cache\bin;C:\Program Files\JetBrains\IntelliJ IDEA Community Edition 2021.1\bin;;C:\Program Files\JetBrains\IntelliJ IDEA 2021.1.3\bin;;D:\spark-3.1.2-bin-hadoop3.2\bin;D:\spark-3.1.2-bin-hadoop3.2\hadoop-3.2.0\bin;
USERNAME=NANO
OS=Windows_NT
PROCESSOR_IDENTIFIER=Intel64 Family 6 Model 142 Stepping 9, GenuineIntel



---------------  S Y S T E M  ---------------

OS: Windows 10.0 , 64 bit Build 18362 (10.0.18362.1714)

CPU:total 4 (initial active 4) (2 cores per cpu, 2 threads per core) family 6 model 142 stepping 9, cmov, cx8, fxsr, mmx, sse, sse2, sse3, ssse3, sse4.1, sse4.2, popcnt, avx, avx2, aes, clmul, erms, 3dnowpref, lzcnt, ht, tsc, tscinvbit, bmi1, bmi2, adx

Memory: 4k page, physical 16644000k(1843456k free), swap 16644000k(4048k free)

vm_info: Java HotSpot(TM) 64-Bit Server VM (25.181-b13) for windows-amd64 JRE (1.8.0_181-b13), built on Jul  7 2018 04:01:33 by "java_re" with MS VC++ 10.0 (VS2010)

time: Wed Sep 15 23:26:43 2021
elapsed time: 7 seconds (0d 0h 0m 7s)

