#
# There is insufficient memory for the Java Runtime Environment to continue.
# Native memory allocation (malloc) failed to allocate 176096 bytes for Chunk::new
# Possible reasons:
#   The system is out of physical RAM or swap space
#   In 32 bit mode, the process size limit was hit
# Possible solutions:
#   Reduce memory load on the system
#   Increase physical memory or swap space
#   Check if swap backing store is full
#   Use 64 bit Java on a 64 bit OS
#   Decrease Java heap size (-Xmx/-Xms)
#   Decrease number of Java threads
#   Decrease Java thread stack sizes (-Xss)
#   Set larger code cache with -XX:ReservedCodeCacheSize=
# This output file may be truncated or incomplete.
#
#  Out of Memory Error (allocation.cpp:390), pid=15640, tid=0x00000000000039c0
#
# JRE version: Java(TM) SE Runtime Environment (8.0_181-b13) (build 1.8.0_181-b13)
# Java VM: Java HotSpot(TM) 64-Bit Server VM (25.181-b13 mixed mode windows-amd64 compressed oops)
# Failed to write core dump. Minidumps are not enabled by default on client versions of Windows
#

---------------  T H R E A D  ---------------

Current thread (0x000000001668c800):  JavaThread "C2 CompilerThread1" daemon [_thread_in_native, id=14784, stack(0x0000000017dd0000,0x0000000017ed0000)]

Stack: [0x0000000017dd0000,0x0000000017ed0000]
[error occurred during error reporting (printing stack bounds), id 0xc0000005]

Native frames: (J=compiled Java code, j=interpreted, Vv=VM code, C=native code)


Current CompileTask:
C2:  45973 8671       4       org.gradle.internal.logging.text.AbstractLineChoppingStyledTextOutput::doAppend (43 bytes)


---------------  P R O C E S S  ---------------

Java Threads: ( => current thread )
  0x000000001cce4000 JavaThread "File lock release action executor" [_thread_blocked, id=14328, stack(0x000000002cea0000,0x000000002cfa0000)]
  0x000000001cce1000 JavaThread "Exec process Thread 3" [_thread_in_native, id=8864, stack(0x000000002cda0000,0x000000002cea0000)]
  0x000000001cce5000 JavaThread "Exec process Thread 2" [_thread_in_native, id=13980, stack(0x000000002cca0000,0x000000002cda0000)]
  0x000000001e8ca000 JavaThread "Exec process" [_thread_in_native, id=17992, stack(0x000000002cba0000,0x000000002cca0000)]
  0x000000001e8cc000 JavaThread "Cache worker for execution history cache (D:\Desktop\Flutter Projects\amquick\android\.gradle\6.7\executionHistory)" [_thread_blocked, id=18012, stack(0x000000002caa0000,0x000000002cba0000)]
  0x000000001e8c9000 JavaThread "Execution worker for ':' Thread 3" [_thread_blocked, id=18008, stack(0x000000002c9a0000,0x000000002caa0000)]
  0x000000001e8c8800 JavaThread "Execution worker for ':' Thread 2" [_thread_blocked, id=17996, stack(0x000000002c8a0000,0x000000002c9a0000)]
  0x000000001e8c7000 JavaThread "Execution worker for ':'" [_thread_blocked, id=18000, stack(0x0000000029070000,0x0000000029170000)]
  0x000000001e8c1000 JavaThread "Memory manager" [_thread_blocked, id=17776, stack(0x0000000028d70000,0x0000000028e70000)]
  0x000000001e8c5800 JavaThread "jar transforms Thread 112" [_thread_blocked, id=17552, stack(0x0000000028870000,0x0000000028970000)]
  0x000000001e8c7800 JavaThread "jar transforms Thread 111" [_thread_blocked, id=17548, stack(0x0000000028770000,0x0000000028870000)]
  0x000000001e8c4800 JavaThread "jar transforms Thread 110" [_thread_blocked, id=17544, stack(0x0000000028670000,0x0000000028770000)]
  0x000000001e8c2800 JavaThread "jar transforms Thread 109" [_thread_blocked, id=17540, stack(0x0000000028570000,0x0000000028670000)]
  0x000000001e8c6000 JavaThread "jar transforms Thread 108" [_thread_blocked, id=17536, stack(0x0000000028470000,0x0000000028570000)]
  0x000000001e8bd000 JavaThread "jar transforms Thread 107" [_thread_blocked, id=17532, stack(0x0000000028370000,0x0000000028470000)]
  0x000000001e8c3000 JavaThread "jar transforms Thread 106" [_thread_blocked, id=17528, stack(0x0000000028270000,0x0000000028370000)]
  0x000000001e8be800 JavaThread "jar transforms Thread 105" [_thread_blocked, id=17524, stack(0x0000000028170000,0x0000000028270000)]
  0x000000001e8bf800 JavaThread "jar transforms Thread 104" [_thread_blocked, id=17520, stack(0x0000000028070000,0x0000000028170000)]
  0x000000001e8be000 JavaThread "jar transforms Thread 103" [_thread_blocked, id=17516, stack(0x0000000027f70000,0x0000000028070000)]
  0x000000001e8c4000 JavaThread "jar transforms Thread 102" [_thread_blocked, id=17512, stack(0x0000000027e70000,0x0000000027f70000)]
  0x000000001e8c0000 JavaThread "jar transforms Thread 101" [_thread_blocked, id=17508, stack(0x0000000027d70000,0x0000000027e70000)]
  0x000000001e8c1800 JavaThread "jar transforms Thread 100" [_thread_blocked, id=17504, stack(0x0000000027c70000,0x0000000027d70000)]
  0x0000000018cad800 JavaThread "jar transforms Thread 99" [_thread_blocked, id=17500, stack(0x0000000027b70000,0x0000000027c70000)]
  0x0000000018cac000 JavaThread "jar transforms Thread 98" [_thread_blocked, id=17496, stack(0x0000000027a70000,0x0000000027b70000)]
  0x0000000018caa800 JavaThread "jar transforms Thread 97" [_thread_blocked, id=17492, stack(0x0000000027970000,0x0000000027a70000)]
  0x0000000018cad000 JavaThread "jar transforms Thread 96" [_thread_blocked, id=17488, stack(0x0000000027870000,0x0000000027970000)]
  0x0000000018caa000 JavaThread "jar transforms Thread 95" [_thread_blocked, id=17484, stack(0x0000000027770000,0x0000000027870000)]
  0x0000000018cab800 JavaThread "jar transforms Thread 94" [_thread_blocked, id=17480, stack(0x0000000027670000,0x0000000027770000)]
  0x0000000018ca9000 JavaThread "jar transforms Thread 93" [_thread_blocked, id=17476, stack(0x0000000027570000,0x0000000027670000)]
  0x0000000018cae800 JavaThread "jar transforms Thread 92" [_thread_blocked, id=17472, stack(0x0000000027470000,0x0000000027570000)]
  0x0000000018ca1800 JavaThread "jar transforms Thread 91" [_thread_blocked, id=17468, stack(0x0000000027370000,0x0000000027470000)]
  0x0000000018ca8800 JavaThread "jar transforms Thread 90" [_thread_blocked, id=17464, stack(0x0000000027270000,0x0000000027370000)]
  0x0000000018ca4800 JavaThread "jar transforms Thread 89" [_thread_blocked, id=17460, stack(0x0000000027170000,0x0000000027270000)]
  0x0000000018ca7000 JavaThread "jar transforms Thread 88" [_thread_blocked, id=17456, stack(0x0000000027070000,0x0000000027170000)]
  0x0000000018ca7800 JavaThread "jar transforms Thread 87" [_thread_blocked, id=17452, stack(0x0000000026f70000,0x0000000027070000)]
  0x0000000018ca4000 JavaThread "jar transforms Thread 86" [_thread_blocked, id=17448, stack(0x0000000026e70000,0x0000000026f70000)]
  0x0000000018ca1000 JavaThread "jar transforms Thread 85" [_thread_blocked, id=17444, stack(0x0000000026d70000,0x0000000026e70000)]
  0x0000000018ca5800 JavaThread "jar transforms Thread 84" [_thread_blocked, id=17440, stack(0x0000000026c70000,0x0000000026d70000)]
  0x0000000018ca6000 JavaThread "jar transforms Thread 83" [_thread_blocked, id=17436, stack(0x0000000026b70000,0x0000000026c70000)]
  0x0000000018ca0000 JavaThread "jar transforms Thread 82" [_thread_blocked, id=17432, stack(0x0000000026a70000,0x0000000026b70000)]
  0x0000000018c9f800 JavaThread "jar transforms Thread 81" [_thread_blocked, id=17428, stack(0x0000000026970000,0x0000000026a70000)]
  0x0000000018ca2800 JavaThread "jar transforms Thread 80" [_thread_blocked, id=17424, stack(0x0000000026870000,0x0000000026970000)]
  0x0000000018ca3000 JavaThread "jar transforms Thread 79" [_thread_blocked, id=17420, stack(0x0000000026770000,0x0000000026870000)]
  0x000000001b24e000 JavaThread "jar transforms Thread 78" [_thread_blocked, id=17416, stack(0x0000000026670000,0x0000000026770000)]
  0x000000001b24f800 JavaThread "jar transforms Thread 77" [_thread_blocked, id=17412, stack(0x0000000026570000,0x0000000026670000)]
  0x000000001b24c800 JavaThread "jar transforms Thread 76" [_thread_blocked, id=472, stack(0x0000000026470000,0x0000000026570000)]
  0x000000001b24e800 JavaThread "jar transforms Thread 75" [_thread_blocked, id=8584, stack(0x0000000026370000,0x0000000026470000)]
  0x000000001b246800 JavaThread "jar transforms Thread 74" [_thread_blocked, id=15084, stack(0x0000000026270000,0x0000000026370000)]
  0x000000001b24b800 JavaThread "jar transforms Thread 73" [_thread_blocked, id=16044, stack(0x0000000026170000,0x0000000026270000)]
  0x000000001b24b000 JavaThread "jar transforms Thread 72" [_thread_blocked, id=4548, stack(0x0000000026070000,0x0000000026170000)]
  0x000000001b24a000 JavaThread "jar transforms Thread 71" [_thread_blocked, id=4848, stack(0x0000000025f70000,0x0000000026070000)]
  0x000000001b249800 JavaThread "jar transforms Thread 70" [_thread_blocked, id=9976, stack(0x0000000025e70000,0x0000000025f70000)]
  0x000000001b24d000 JavaThread "jar transforms Thread 69" [_thread_blocked, id=12056, stack(0x0000000025d70000,0x0000000025e70000)]
  0x000000001b242000 JavaThread "jar transforms Thread 68" [_thread_blocked, id=1428, stack(0x0000000025c70000,0x0000000025d70000)]
  0x000000001b245000 JavaThread "jar transforms Thread 67" [_thread_blocked, id=16308, stack(0x0000000025b70000,0x0000000025c70000)]
  0x000000001b248800 JavaThread "jar transforms Thread 66" [_thread_blocked, id=16152, stack(0x0000000025a70000,0x0000000025b70000)]
  0x000000001b242800 JavaThread "jar transforms Thread 65" [_thread_blocked, id=6836, stack(0x0000000025970000,0x0000000025a70000)]
  0x000000001b243800 JavaThread "jar transforms Thread 64" [_thread_blocked, id=15804, stack(0x0000000025870000,0x0000000025970000)]
  0x000000001b241000 JavaThread "jar transforms Thread 63" [_thread_blocked, id=7424, stack(0x0000000025770000,0x0000000025870000)]
  0x000000001b245800 JavaThread "jar transforms Thread 62" [_thread_blocked, id=16516, stack(0x0000000025670000,0x0000000025770000)]
  0x000000001b247000 JavaThread "jar transforms Thread 61" [_thread_blocked, id=3348, stack(0x0000000025570000,0x0000000025670000)]
  0x000000001b248000 JavaThread "jar transforms Thread 60" [_thread_blocked, id=10460, stack(0x0000000025470000,0x0000000025570000)]
  0x000000001b240800 JavaThread "jar transforms Thread 59" [_thread_blocked, id=16692, stack(0x0000000025370000,0x0000000025470000)]
  0x000000001b244000 JavaThread "jar transforms Thread 58" [_thread_blocked, id=1664, stack(0x0000000025270000,0x0000000025370000)]
  0x000000001b785000 JavaThread "jar transforms Thread 57" [_thread_blocked, id=17316, stack(0x0000000025170000,0x0000000025270000)]
  0x000000001b784000 JavaThread "jar transforms Thread 56" [_thread_blocked, id=15008, stack(0x0000000025070000,0x0000000025170000)]
  0x000000001b783800 JavaThread "jar transforms Thread 55" [_thread_blocked, id=13184, stack(0x0000000024f70000,0x0000000025070000)]
  0x000000001b782800 JavaThread "jar transforms Thread 54" [_thread_blocked, id=15256, stack(0x0000000024e70000,0x0000000024f70000)]
  0x000000001b782000 JavaThread "jar transforms Thread 53" [_thread_blocked, id=16464, stack(0x0000000024d70000,0x0000000024e70000)]
  0x000000001b781000 JavaThread "jar transforms Thread 52" [_thread_blocked, id=16744, stack(0x0000000024c70000,0x0000000024d70000)]
  0x000000001b785800 JavaThread "jar transforms Thread 51" [_thread_blocked, id=4440, stack(0x0000000024b70000,0x0000000024c70000)]
  0x000000001b779800 JavaThread "jar transforms Thread 50" [_thread_blocked, id=9784, stack(0x0000000024a70000,0x0000000024b70000)]
  0x000000001b780800 JavaThread "jar transforms Thread 49" [_thread_blocked, id=16712, stack(0x0000000024970000,0x0000000024a70000)]
  0x000000001b779000 JavaThread "jar transforms Thread 48" [_thread_blocked, id=3244, stack(0x0000000024770000,0x0000000024870000)]
  0x000000001b77f800 JavaThread "jar transforms Thread 47" [_thread_blocked, id=5676, stack(0x0000000024670000,0x0000000024770000)]
  0x000000001b77f000 JavaThread "jar transforms Thread 46" [_thread_blocked, id=8236, stack(0x0000000024570000,0x0000000024670000)]
  0x000000001b77e000 JavaThread "jar transforms Thread 45" [_thread_blocked, id=9296, stack(0x0000000024470000,0x0000000024570000)]
  0x000000001b776800 JavaThread "jar transforms Thread 44" [_thread_blocked, id=11628, stack(0x0000000024370000,0x0000000024470000)]
  0x000000001b77d800 JavaThread "jar transforms Thread 43" [_thread_blocked, id=17136, stack(0x0000000024270000,0x0000000024370000)]
  0x000000001b777800 JavaThread "jar transforms Thread 42" [_thread_blocked, id=16484, stack(0x0000000024170000,0x0000000024270000)]
  0x000000001b77c800 JavaThread "jar transforms Thread 41" [_thread_blocked, id=9588, stack(0x0000000024070000,0x0000000024170000)]
  0x000000001b77a800 JavaThread "jar transforms Thread 40" [_thread_blocked, id=16984, stack(0x0000000023f70000,0x0000000024070000)]
  0x000000001b77c000 JavaThread "jar transforms Thread 39" [_thread_blocked, id=8788, stack(0x0000000023e70000,0x0000000023f70000)]
  0x000000001b778000 JavaThread "jar transforms Thread 38" [_thread_blocked, id=11344, stack(0x0000000023d70000,0x0000000023e70000)]
  0x000000001b77b000 JavaThread "jar transforms Thread 37" [_thread_blocked, id=1832, stack(0x0000000023c70000,0x0000000023d70000)]
  0x000000001b236800 JavaThread "jar transforms Thread 36" [_thread_blocked, id=13784, stack(0x0000000023b70000,0x0000000023c70000)]
  0x000000001b233800 JavaThread "jar transforms Thread 35" [_thread_blocked, id=15288, stack(0x0000000023a70000,0x0000000023b70000)]
  0x000000001b233000 JavaThread "jar transforms Thread 34" [_thread_blocked, id=10588, stack(0x0000000023970000,0x0000000023a70000)]
  0x000000001b236000 JavaThread "jar transforms Thread 33" [_thread_blocked, id=9480, stack(0x0000000023870000,0x0000000023970000)]
  0x000000001b234800 JavaThread "jar transforms Thread 32" [_thread_blocked, id=15704, stack(0x0000000023770000,0x0000000023870000)]
  0x000000001b231800 JavaThread "jar transforms Thread 31" [_thread_blocked, id=11600, stack(0x0000000023670000,0x0000000023770000)]
  0x000000001b237800 JavaThread "jar transforms Thread 30" [_thread_blocked, id=3612, stack(0x0000000023570000,0x0000000023670000)]
  0x000000001b230800 JavaThread "jar transforms Thread 29" [_thread_blocked, id=11236, stack(0x0000000023470000,0x0000000023570000)]
  0x000000001b235000 JavaThread "jar transforms Thread 28" [_thread_blocked, id=16228, stack(0x0000000023370000,0x0000000023470000)]
  0x000000001b232000 JavaThread "jar transforms Thread 27" [_thread_blocked, id=11824, stack(0x0000000023270000,0x0000000023370000)]
  0x000000001b229000 JavaThread "jar transforms Thread 26" [_thread_blocked, id=12692, stack(0x0000000023170000,0x0000000023270000)]
  0x000000001b230000 JavaThread "jar transforms Thread 25" [_thread_blocked, id=14112, stack(0x0000000023070000,0x0000000023170000)]
  0x000000001b228800 JavaThread "jar transforms Thread 24" [_thread_blocked, id=6392, stack(0x0000000022f70000,0x0000000023070000)]
  0x000000001b22f000 JavaThread "jar transforms Thread 23" [_thread_blocked, id=11508, stack(0x0000000022e70000,0x0000000022f70000)]
  0x000000001b22d800 JavaThread "jar transforms Thread 22" [_thread_blocked, id=12080, stack(0x0000000022d70000,0x0000000022e70000)]
  0x000000001b22d000 JavaThread "jar transforms Thread 21" [_thread_blocked, id=1168, stack(0x0000000022c70000,0x0000000022d70000)]
  0x000000001b22a000 JavaThread "jar transforms Thread 20" [_thread_blocked, id=14780, stack(0x0000000022b70000,0x0000000022c70000)]
  0x000000001b22b800 JavaThread "jar transforms Thread 19" [_thread_blocked, id=12088, stack(0x0000000022a70000,0x0000000022b70000)]
  0x000000001b22c000 JavaThread "jar transforms Thread 18" [_thread_blocked, id=3264, stack(0x0000000022970000,0x0000000022a70000)]
  0x000000001b22a800 JavaThread "jar transforms Thread 17" [_thread_blocked, id=3904, stack(0x0000000022870000,0x0000000022970000)]
  0x000000001b22e800 JavaThread "jar transforms Thread 16" [_thread_blocked, id=14716, stack(0x0000000022770000,0x0000000022870000)]
  0x0000000019630800 JavaThread "jar transforms Thread 15" [_thread_blocked, id=4520, stack(0x0000000022670000,0x0000000022770000)]
  0x000000001962d800 JavaThread "jar transforms Thread 14" [_thread_blocked, id=16000, stack(0x0000000022570000,0x0000000022670000)]
  0x0000000019630000 JavaThread "jar transforms Thread 13" [_thread_blocked, id=8524, stack(0x0000000022470000,0x0000000022570000)]
  0x000000001962f000 JavaThread "jar transforms Thread 12" [_thread_blocked, id=11172, stack(0x0000000022370000,0x0000000022470000)]
  0x000000001962c000 JavaThread "jar transforms Thread 11" [_thread_blocked, id=10840, stack(0x0000000022270000,0x0000000022370000)]
  0x000000001962b800 JavaThread "jar transforms Thread 10" [_thread_blocked, id=4248, stack(0x0000000022170000,0x0000000022270000)]
  0x000000001962a800 JavaThread "jar transforms Thread 9" [_thread_blocked, id=8132, stack(0x0000000022070000,0x0000000022170000)]
  0x0000000019631800 JavaThread "jar transforms Thread 8" [_thread_blocked, id=17108, stack(0x0000000021f70000,0x0000000022070000)]
  0x000000001962e800 JavaThread "jar transforms Thread 7" [_thread_blocked, id=16732, stack(0x0000000021e70000,0x0000000021f70000)]
  0x000000001962d000 JavaThread "jar transforms Thread 6" [_thread_blocked, id=6488, stack(0x0000000021d70000,0x0000000021e70000)]
  0x0000000019623000 JavaThread "jar transforms Thread 5" [_thread_blocked, id=14212, stack(0x0000000021c70000,0x0000000021d70000)]
  0x0000000019627800 JavaThread "jar transforms Thread 4" [_thread_blocked, id=11028, stack(0x0000000021b70000,0x0000000021c70000)]
  0x0000000019629000 JavaThread "jar transforms Thread 3" [_thread_blocked, id=2292, stack(0x0000000021a70000,0x0000000021b70000)]
  0x0000000019626000 JavaThread "jar transforms Thread 2" [_thread_blocked, id=15860, stack(0x0000000021970000,0x0000000021a70000)]
  0x000000001962a000 JavaThread "Build operations Thread 4" [_thread_blocked, id=13780, stack(0x0000000021870000,0x0000000021970000)]
  0x0000000019626800 JavaThread "Build operations Thread 3" [_thread_blocked, id=17044, stack(0x0000000021770000,0x0000000021870000)]
  0x0000000019622000 JavaThread "Build operations Thread 2" [_thread_blocked, id=12992, stack(0x0000000021670000,0x0000000021770000)]
  0x0000000019624800 JavaThread "Build operations" [_thread_blocked, id=17348, stack(0x0000000021570000,0x0000000021670000)]
  0x0000000019623800 JavaThread "Cache worker for Build Output Cleanup Cache (D:\Desktop\Flutter Projects\amquick\android\.gradle\buildOutputCleanup)" [_thread_blocked, id=5220, stack(0x0000000020fe0000,0x00000000210e0000)]
  0x000000001b16d800 JavaThread "Cache worker for file content cache (C:\Users\NANO\.gradle\caches\6.7\fileContent)" [_thread_blocked, id=11552, stack(0x0000000020ae0000,0x0000000020be0000)]
  0x000000001b16d000 JavaThread "jar transforms" [_thread_blocked, id=13236, stack(0x00000000209e0000,0x0000000020ae0000)]
  0x000000001b173000 JavaThread "Cache worker for execution history cache (C:\Users\NANO\.gradle\caches\6.7\executionHistory)" [_thread_blocked, id=7840, stack(0x00000000202e0000,0x00000000203e0000)]
  0x000000001b171800 JavaThread "Cache worker for cache directory md-rule (C:\Users\NANO\.gradle\caches\6.7\md-rule)" [_thread_blocked, id=4460, stack(0x000000001f150000,0x000000001f250000)]
  0x000000001b170800 JavaThread "Cache worker for cache directory md-supplier (C:\Users\NANO\.gradle\caches\6.7\md-supplier)" [_thread_blocked, id=16204, stack(0x000000001ea90000,0x000000001eb90000)]
  0x000000001b170000 JavaThread "Cache worker for checksums cache (D:\Desktop\Flutter Projects\amquick\android\.gradle\checksums)" [_thread_blocked, id=7760, stack(0x000000001e990000,0x000000001ea90000)]
  0x000000001b16c000 JavaThread "Cache worker for file hash cache (D:\Desktop\Flutter Projects\amquick\android\.gradle\6.7\fileHashes)" [_thread_blocked, id=11324, stack(0x000000001ec40000,0x000000001ed40000)]
  0x000000001b16e800 JavaThread "Cache worker for journal cache (C:\Users\NANO\.gradle\caches\journal-1)" [_thread_blocked, id=17128, stack(0x000000001c6f0000,0x000000001c7f0000)]
  0x000000001b16f000 JavaThread "File lock request listener" [_thread_in_native, id=15980, stack(0x000000001c5f0000,0x000000001c6f0000)]
  0x000000001b172000 JavaThread "Cache worker for file hash cache (C:\Users\NANO\.gradle\caches\6.7\fileHashes)" [_thread_blocked, id=13860, stack(0x000000001c3f0000,0x000000001c4f0000)]
  0x0000000019d79000 JavaThread "Thread-9" [_thread_blocked, id=14176, stack(0x000000001c0f0000,0x000000001c1f0000)]
  0x0000000019d7a000 JavaThread "Stdin handler" [_thread_blocked, id=10904, stack(0x000000001bff0000,0x000000001c0f0000)]
  0x0000000019d51800 JavaThread "Asynchronous log dispatcher for DefaultDaemonConnection: socket connection from /127.0.0.1:61551 to /127.0.0.1:61552" [_thread_blocked, id=1956, stack(0x000000001af20000,0x000000001b020000)]
  0x0000000019d48000 JavaThread "Daemon worker" [_thread_blocked, id=16524, stack(0x000000001ae20000,0x000000001af20000)]
  0x0000000019d47000 JavaThread "Cancel handler" [_thread_blocked, id=16708, stack(0x000000001ad20000,0x000000001ae20000)]
  0x0000000019d45000 JavaThread "Handler for socket connection from /127.0.0.1:61551 to /127.0.0.1:61552" [_thread_in_native, id=13760, stack(0x000000001ac20000,0x000000001ad20000)]
  0x0000000019d40800 JavaThread "Daemon" [_thread_blocked, id=3424, stack(0x000000001a920000,0x000000001aa20000)]
  0x0000000019ce2800 JavaThread "Daemon periodic checks" [_thread_blocked, id=15960, stack(0x000000001a820000,0x000000001a920000)]
  0x0000000019ce1800 JavaThread "Incoming local TCP Connector on port 61551" [_thread_in_native, id=2940, stack(0x000000001a5e0000,0x000000001a6e0000)]
  0x0000000019c9c800 JavaThread "Daemon health stats" [_thread_blocked, id=2000, stack(0x0000000019da0000,0x0000000019ea0000)]
  0x0000000017f40800 JavaThread "Service Thread" daemon [_thread_blocked, id=16428, stack(0x00000000183d0000,0x00000000184d0000)]
  0x0000000017ed8800 JavaThread "C1 CompilerThread2" daemon [_thread_blocked, id=9728, stack(0x00000000182d0000,0x00000000183d0000)]
=>0x000000001668c800 JavaThread "C2 CompilerThread1" daemon [_thread_in_native, id=14784, stack(0x0000000017dd0000,0x0000000017ed0000)]
  0x0000000016689000 JavaThread "C2 CompilerThread0" daemon [_thread_blocked, id=1680, stack(0x0000000017cd0000,0x0000000017dd0000)]
  0x0000000016686000 JavaThread "Attach Listener" daemon [_thread_blocked, id=15200, stack(0x0000000017bd0000,0x0000000017cd0000)]
  0x00000000166d6000 JavaThread "Signal Dispatcher" daemon [_thread_blocked, id=9124, stack(0x0000000017ad0000,0x0000000017bd0000)]
  0x0000000002d0c000 JavaThread "Finalizer" daemon [_thread_blocked, id=628, stack(0x00000000178d0000,0x00000000179d0000)]
  0x0000000002d01000 JavaThread "Reference Handler" daemon [_thread_blocked, id=10940, stack(0x00000000177d0000,0x00000000178d0000)]
  0x0000000002c12800 JavaThread "main" [_thread_blocked, id=16860, stack(0x0000000002b10000,0x0000000002c10000)]

Other Threads:
  0x0000000016648000 VMThread [stack: 0x00000000176d0000,0x00000000177d0000] [id=68]
  0x0000000017f7d000 WatcherThread [stack: 0x00000000184d0000,0x00000000185d0000] [id=8832]

VM state:not at safepoint (normal execution)

VM Mutex/Monitor currently owned by a thread: None

Heap:
 PSYoungGen      total 265216K, used 228378K [0x00000000e0000000, 0x00000000f2880000, 0x0000000100000000)
  eden space 246272K, 85% used [0x00000000e0000000,0x00000000eccc29d8,0x00000000ef080000)
  from space 18944K, 98% used [0x00000000f1600000,0x00000000f2843f80,0x00000000f2880000)
  to   space 23040K, 0% used [0x00000000efb80000,0x00000000efb80000,0x00000000f1200000)
 ParOldGen       total 233472K, used 31720K [0x00000000a0000000, 0x00000000ae400000, 0x00000000e0000000)
  object space 233472K, 13% used [0x00000000a0000000,0x00000000a1efa180,0x00000000ae400000)
 Metaspace       used 68760K, capacity 72678K, committed 72832K, reserved 1112064K
  class space    used 9733K, capacity 10558K, committed 10624K, reserved 1048576K

Card table byte_map: [0x00000000120d0000,0x00000000123e0000] byte_map_base: 0x0000000011bd0000

Marking Bits: (ParMarkBitMap*) 0x0000000077f72d00
 Begin Bits: [0x00000000129e0000, 0x00000000141e0000)
 End Bits:   [0x00000000141e0000, 0x00000000159e0000)

Polling page: 0x0000000001240000

CodeCache: size=245760Kb used=26467Kb max_used=26675Kb free=219292Kb
 bounds [0x0000000002d10000, 0x0000000004740000, 0x0000000011d10000]
 total_blobs=8692 nmethods=7899 adapters=705
 compilation: enabled

Compilation events (10 events):
Event: 45.964 Thread 0x0000000017ed8800 nmethod 8674 0x00000000034c17d0 code [0x00000000034c1a20, 0x00000000034c2958]
Event: 45.965 Thread 0x0000000017ed8800 8675       3       org.gradle.internal.io.LinePerThreadBufferingOutputStream::getStream (44 bytes)
Event: 45.965 Thread 0x0000000016689000 nmethod 8670 0x00000000033c7090 code [0x00000000033c7200, 0x00000000033c75a8]
Event: 45.966 Thread 0x0000000017ed8800 nmethod 8675 0x0000000003c97f90 code [0x0000000003c981a0, 0x0000000003c98bf8]
Event: 45.966 Thread 0x0000000017ed8800 8676   !   3       java.io.PrintStream::write (66 bytes)
Event: 45.966 Thread 0x0000000017ed8800 nmethod 8676 0x0000000003c9a290 code [0x0000000003c9a460, 0x0000000003c9abf8]
Event: 45.966 Thread 0x0000000017ed8800 8677       3       org.gradle.internal.io.StreamByteBuffer$StreamByteBufferOutputStream::write (22 bytes)
Event: 45.966 Thread 0x0000000017ed8800 nmethod 8677 0x0000000003425010 code [0x00000000034251a0, 0x0000000003425468]
Event: 45.967 Thread 0x0000000017ed8800 8678       1       org.gradle.launcher.daemon.server.exec.LogToClient::access$100 (5 bytes)
Event: 45.967 Thread 0x0000000017ed8800 nmethod 8678 0x0000000003333d10 code [0x0000000003333e60, 0x0000000003333f50]

GC Heap History (10 events):
Event: 9.045 GC heap before
{Heap before GC invocations=9 (full 2):
 PSYoungGen      total 212992K, used 197120K [0x00000000e0000000, 0x00000000eeb80000, 0x0000000100000000)
  eden space 197120K, 100% used [0x00000000e0000000,0x00000000ec080000,0x00000000ec080000)
  from space 15872K, 0% used [0x00000000ecf80000,0x00000000ecf80000,0x00000000edf00000)
  to   space 15360K, 0% used [0x00000000ec080000,0x00000000ec080000,0x00000000ecf80000)
 ParOldGen       total 168448K, used 15761K [0x00000000a0000000, 0x00000000aa480000, 0x00000000e0000000)
  object space 168448K, 9% used [0x00000000a0000000,0x00000000a0f644c8,0x00000000aa480000)
 Metaspace       used 44200K, capacity 45992K, committed 46208K, reserved 1089536K
  class space    used 6118K, capacity 6499K, committed 6528K, reserved 1048576K
Event: 9.072 GC heap after
Heap after GC invocations=9 (full 2):
 PSYoungGen      total 212480K, used 12859K [0x00000000e0000000, 0x00000000f2e00000, 0x0000000100000000)
  eden space 197120K, 0% used [0x00000000e0000000,0x00000000e0000000,0x00000000ec080000)
  from space 15360K, 83% used [0x00000000ec080000,0x00000000ecd0ee60,0x00000000ecf80000)
  to   space 15872K, 0% used [0x00000000f1e80000,0x00000000f1e80000,0x00000000f2e00000)
 ParOldGen       total 168448K, used 15769K [0x00000000a0000000, 0x00000000aa480000, 0x00000000e0000000)
  object space 168448K, 9% used [0x00000000a0000000,0x00000000a0f664c8,0x00000000aa480000)
 Metaspace       used 44200K, capacity 45992K, committed 46208K, reserved 1089536K
  class space    used 6118K, capacity 6499K, committed 6528K, reserved 1048576K
}
Event: 11.537 GC heap before
{Heap before GC invocations=10 (full 2):
 PSYoungGen      total 212480K, used 209979K [0x00000000e0000000, 0x00000000f2e00000, 0x0000000100000000)
  eden space 197120K, 100% used [0x00000000e0000000,0x00000000ec080000,0x00000000ec080000)
  from space 15360K, 83% used [0x00000000ec080000,0x00000000ecd0ee60,0x00000000ecf80000)
  to   space 15872K, 0% used [0x00000000f1e80000,0x00000000f1e80000,0x00000000f2e00000)
 ParOldGen       total 168448K, used 15769K [0x00000000a0000000, 0x00000000aa480000, 0x00000000e0000000)
  object space 168448K, 9% used [0x00000000a0000000,0x00000000a0f664c8,0x00000000aa480000)
 Metaspace       used 52652K, capacity 54960K, committed 55168K, reserved 1097728K
  class space    used 7201K, capacity 7700K, committed 7808K, reserved 1048576K
Event: 11.572 GC heap after
Heap after GC invocations=10 (full 2):
 PSYoungGen      total 212992K, used 15864K [0x00000000e0000000, 0x00000000f2e00000, 0x0000000100000000)
  eden space 197120K, 0% used [0x00000000e0000000,0x00000000e0000000,0x00000000ec080000)
  from space 15872K, 99% used [0x00000000f1e80000,0x00000000f2dfe198,0x00000000f2e00000)
  to   space 15360K, 0% used [0x00000000ec080000,0x00000000ec080000,0x00000000ecf80000)
 ParOldGen       total 168448K, used 21570K [0x00000000a0000000, 0x00000000aa480000, 0x00000000e0000000)
  object space 168448K, 12% used [0x00000000a0000000,0x00000000a15109d8,0x00000000aa480000)
 Metaspace       used 52652K, capacity 54960K, committed 55168K, reserved 1097728K
  class space    used 7201K, capacity 7700K, committed 7808K, reserved 1048576K
}
Event: 11.825 GC heap before
{Heap before GC invocations=11 (full 2):
 PSYoungGen      total 212992K, used 25481K [0x00000000e0000000, 0x00000000f2e00000, 0x0000000100000000)
  eden space 197120K, 4% used [0x00000000e0000000,0x00000000e0964388,0x00000000ec080000)
  from space 15872K, 99% used [0x00000000f1e80000,0x00000000f2dfe198,0x00000000f2e00000)
  to   space 15360K, 0% used [0x00000000ec080000,0x00000000ec080000,0x00000000ecf80000)
 ParOldGen       total 168448K, used 21570K [0x00000000a0000000, 0x00000000aa480000, 0x00000000e0000000)
  object space 168448K, 12% used [0x00000000a0000000,0x00000000a15109d8,0x00000000aa480000)
 Metaspace       used 53307K, capacity 55542K, committed 55680K, reserved 1101824K
  class space    used 7288K, capacity 7741K, committed 7808K, reserved 1048576K
Event: 11.851 GC heap after
Heap after GC invocations=11 (full 2):
 PSYoungGen      total 212480K, used 15352K [0x00000000e0000000, 0x00000000f2b00000, 0x0000000100000000)
  eden space 197120K, 0% used [0x00000000e0000000,0x00000000e0000000,0x00000000ec080000)
  from space 15360K, 99% used [0x00000000ec080000,0x00000000ecf7e178,0x00000000ecf80000)
  to   space 21504K, 0% used [0x00000000f1600000,0x00000000f1600000,0x00000000f2b00000)
 ParOldGen       total 168448K, used 23089K [0x00000000a0000000, 0x00000000aa480000, 0x00000000e0000000)
  object space 168448K, 13% used [0x00000000a0000000,0x00000000a168c4b0,0x00000000aa480000)
 Metaspace       used 53307K, capacity 55542K, committed 55680K, reserved 1101824K
  class space    used 7288K, capacity 7741K, committed 7808K, reserved 1048576K
}
Event: 11.851 GC heap before
{Heap before GC invocations=12 (full 3):
 PSYoungGen      total 212480K, used 15352K [0x00000000e0000000, 0x00000000f2b00000, 0x0000000100000000)
  eden space 197120K, 0% used [0x00000000e0000000,0x00000000e0000000,0x00000000ec080000)
  from space 15360K, 99% used [0x00000000ec080000,0x00000000ecf7e178,0x00000000ecf80000)
  to   space 21504K, 0% used [0x00000000f1600000,0x00000000f1600000,0x00000000f2b00000)
 ParOldGen       total 168448K, used 23089K [0x00000000a0000000, 0x00000000aa480000, 0x00000000e0000000)
  object space 168448K, 13% used [0x00000000a0000000,0x00000000a168c4b0,0x00000000aa480000)
 Metaspace       used 53307K, capacity 55542K, committed 55680K, reserved 1101824K
  class space    used 7288K, capacity 7741K, committed 7808K, reserved 1048576K
Event: 12.194 GC heap after
Heap after GC invocations=12 (full 3):
 PSYoungGen      total 212480K, used 0K [0x00000000e0000000, 0x00000000f2b00000, 0x0000000100000000)
  eden space 197120K, 0% used [0x00000000e0000000,0x00000000e0000000,0x00000000ec080000)
  from space 15360K, 0% used [0x00000000ec080000,0x00000000ec080000,0x00000000ecf80000)
  to   space 21504K, 0% used [0x00000000f1600000,0x00000000f1600000,0x00000000f2b00000)
 ParOldGen       total 233472K, used 31712K [0x00000000a0000000, 0x00000000ae400000, 0x00000000e0000000)
  object space 233472K, 13% used [0x00000000a0000000,0x00000000a1ef8180,0x00000000ae400000)
 Metaspace       used 53295K, capacity 55500K, committed 55680K, reserved 1099776K
  class space    used 7284K, capacity 7734K, committed 7808K, reserved 1048576K
}
Event: 15.860 GC heap before
{Heap before GC invocations=13 (full 3):
 PSYoungGen      total 212480K, used 197120K [0x00000000e0000000, 0x00000000f2b00000, 0x0000000100000000)
  eden space 197120K, 100% used [0x00000000e0000000,0x00000000ec080000,0x00000000ec080000)
  from space 15360K, 0% used [0x00000000ec080000,0x00000000ec080000,0x00000000ecf80000)
  to   space 21504K, 0% used [0x00000000f1600000,0x00000000f1600000,0x00000000f2b00000)
 ParOldGen       total 233472K, used 31712K [0x00000000a0000000, 0x00000000ae400000, 0x00000000e0000000)
  object space 233472K, 13% used [0x00000000a0000000,0x00000000a1ef8180,0x00000000ae400000)
 Metaspace       used 61263K, capacity 64358K, committed 64640K, reserved 1105920K
  class space    used 8597K, capacity 9268K, committed 9344K, reserved 1048576K
Event: 15.883 GC heap after
Heap after GC invocations=13 (full 3):
 PSYoungGen      total 265216K, used 18703K [0x00000000e0000000, 0x00000000f2880000, 0x0000000100000000)
  eden space 246272K, 0% used [0x00000000e0000000,0x00000000e0000000,0x00000000ef080000)
  from space 18944K, 98% used [0x00000000f1600000,0x00000000f2843f80,0x00000000f2880000)
  to   space 23040K, 0% used [0x00000000efb80000,0x00000000efb80000,0x00000000f1200000)
 ParOldGen       total 233472K, used 31720K [0x00000000a0000000, 0x00000000ae400000, 0x00000000e0000000)
  object space 233472K, 13% used [0x00000000a0000000,0x00000000a1efa180,0x00000000ae400000)
 Metaspace       used 61263K, capacity 64358K, committed 64640K, reserved 1105920K
  class space    used 8597K, capacity 9268K, committed 9344K, reserved 1048576K
}

Deoptimization events (10 events):
Event: 19.797 Thread 0x0000000019d48000 Uncommon trap: reason=null_check action=make_not_entrant pc=0x0000000004659aa4 method=org.gradle.internal.instantiation.generator.AbstractClassGenerator$DslMixInPropertyType.visitProperty(Lorg/gradle/internal/instantiation/generator/AbstractClassGenerator
Event: 43.428 Thread 0x0000000019ce2800 Uncommon trap: reason=bimorphic action=maybe_recompile pc=0x00000000044fa7e0 method=java.util.HashMap.removeNode(ILjava/lang/Object;Ljava/lang/Object;ZZ)Ljava/util/HashMap$Node; @ 283
Event: 43.428 Thread 0x0000000019ce2800 Uncommon trap: reason=bimorphic action=maybe_recompile pc=0x00000000044fa7e0 method=java.util.HashMap.removeNode(ILjava/lang/Object;Ljava/lang/Object;ZZ)Ljava/util/HashMap$Node; @ 283
Event: 44.278 Thread 0x000000001cce4000 Uncommon trap: reason=bimorphic action=maybe_recompile pc=0x00000000044fa874 method=java.util.HashMap.removeNode(ILjava/lang/Object;Ljava/lang/Object;ZZ)Ljava/util/HashMap$Node; @ 68
Event: 44.807 Thread 0x000000001cce4000 Uncommon trap: reason=bimorphic action=maybe_recompile pc=0x00000000044fa874 method=java.util.HashMap.removeNode(ILjava/lang/Object;Ljava/lang/Object;ZZ)Ljava/util/HashMap$Node; @ 68
Event: 45.959 Thread 0x000000001cce5000 Uncommon trap: reason=bimorphic action=maybe_recompile pc=0x0000000003b3a9b0 method=org.gradle.internal.logging.sink.OutputEventRenderer.onOutput(Lorg/gradle/internal/logging/events/OutputEvent;)V @ 1
Event: 45.960 Thread 0x000000001cce5000 Uncommon trap: reason=unstable_if action=reinterpret pc=0x00000000042dfb74 method=org.gradle.internal.operations.logging.LoggingBuildOperationProgressBroadcaster.onOutput(Lorg/gradle/internal/logging/events/OutputEvent;)V @ 4
Event: 45.960 Thread 0x000000001cce5000 Uncommon trap: reason=bimorphic action=maybe_recompile pc=0x0000000003b3a9b0 method=org.gradle.internal.logging.sink.OutputEventRenderer.onOutput(Lorg/gradle/internal/logging/events/OutputEvent;)V @ 1
Event: 45.961 Thread 0x000000001cce5000 Uncommon trap: reason=bimorphic action=maybe_recompile pc=0x0000000003b3a9b0 method=org.gradle.internal.logging.sink.OutputEventRenderer.onOutput(Lorg/gradle/internal/logging/events/OutputEvent;)V @ 1
Event: 45.961 Thread 0x000000001cce5000 Uncommon trap: reason=bimorphic action=maybe_recompile pc=0x0000000003b3a9b0 method=org.gradle.internal.logging.sink.OutputEventRenderer.onOutput(Lorg/gradle/internal/logging/events/OutputEvent;)V @ 1

Classes redefined (0 events):
No events

Internal exceptions (10 events):
Event: 19.811 Thread 0x0000000019d48000 Exception <a 'java/lang/ClassNotFoundException': org/gradle/process/internal/DefaultProcessForkOptionsBeanInfo> (0x00000000ec1d4588) thrown at [C:\re\workspace\8-2-build-windows-amd64-cygwin\jdk8u181\11358\hotspot\src\share\vm\classfile\systemDictionary.c
Event: 19.812 Thread 0x0000000019d48000 Exception <a 'java/lang/ClassNotFoundException': org/gradle/process/internal/DefaultProcessForkOptionsCustomizer> (0x00000000ec21a178) thrown at [C:\re\workspace\8-2-build-windows-amd64-cygwin\jdk8u181\11358\hotspot\src\share\vm\classfile\systemDictionary
Event: 19.814 Thread 0x0000000019d48000 Exception <a 'java/lang/ClassNotFoundException': org/gradle/process/internal/AbstractExecHandleBuilderCustomizer> (0x00000000ec272990) thrown at [C:\re\workspace\8-2-build-windows-amd64-cygwin\jdk8u181\11358\hotspot\src\share\vm\classfile\systemDictionary
Event: 19.816 Thread 0x0000000019d48000 Exception <a 'java/lang/ClassNotFoundException': org/gradle/process/internal/DefaultExecHandleBuilderCustomizer> (0x00000000ec2ce3a8) thrown at [C:\re\workspace\8-2-build-windows-amd64-cygwin\jdk8u181\11358\hotspot\src\share\vm\classfile\systemDictionary.
Event: 19.817 Thread 0x0000000019d48000 Exception <a 'java/lang/ClassNotFoundException': org/gradle/process/internal/DefaultExecActionCustomizer> (0x00000000ec34cfc0) thrown at [C:\re\workspace\8-2-build-windows-amd64-cygwin\jdk8u181\11358\hotspot\src\share\vm\classfile\systemDictionary.cpp, li
Event: 19.819 Thread 0x0000000019d48000 Exception <a 'java/lang/ClassNotFoundException': org/gradle/process/internal/DefaultExecAction_DecoratedCustomizer> (0x00000000ec39f250) thrown at [C:\re\workspace\8-2-build-windows-amd64-cygwin\jdk8u181\11358\hotspot\src\share\vm\classfile\systemDictiona
Event: 19.821 Thread 0x0000000019d48000 Exception <a 'java/lang/ClassNotFoundException': org/gradle/api/logging/LogLevelBeanInfo> (0x00000000ec409900) thrown at [C:\re\workspace\8-2-build-windows-amd64-cygwin\jdk8u181\11358\hotspot\src\share\vm\classfile\systemDictionary.cpp, line 210]
Event: 19.825 Thread 0x0000000019d48000 Exception <a 'java/lang/ClassNotFoundException': org/gradle/api/logging/LogLevelCustomizer> (0x00000000ec43eeb8) thrown at [C:\re\workspace\8-2-build-windows-amd64-cygwin\jdk8u181\11358\hotspot\src\share\vm\classfile\systemDictionary.cpp, line 210]
Event: 19.827 Thread 0x0000000019d48000 Exception <a 'java/lang/ClassNotFoundException': org/gradle/internal/logging/compatbridge/LoggingManagerInternalCompatibilityBridgeBeanInfo> (0x00000000ec4ccec8) thrown at [C:\re\workspace\8-2-build-windows-amd64-cygwin\jdk8u181\11358\hotspot\src\share\vm
Event: 19.828 Thread 0x0000000019d48000 Exception <a 'java/lang/ClassNotFoundException': org/gradle/internal/logging/compatbridge/LoggingManagerInternalCompatibilityBridgeCustomizer> (0x00000000ec5270f8) thrown at [C:\re\workspace\8-2-build-windows-amd64-cygwin\jdk8u181\11358\hotspot\src\share\

Events (10 events):
Event: 45.960 Thread 0x000000001cce5000 DEOPT UNPACKING pc=0x0000000002d5583b sp=0x000000002cd9e9b8 mode 2
Event: 45.960 Thread 0x000000001cce5000 Uncommon trap: trap_request=0xffffffc6 fr.pc=0x0000000003b3a9b0
Event: 45.960 Thread 0x000000001cce5000 DEOPT PACKING pc=0x0000000003b3a9b0 sp=0x000000002cd9e920
Event: 45.960 Thread 0x000000001cce5000 DEOPT UNPACKING pc=0x0000000002d5583b sp=0x000000002cd9e8d0 mode 2
Event: 45.961 Thread 0x000000001cce5000 Uncommon trap: trap_request=0xffffffc6 fr.pc=0x0000000003b3a9b0
Event: 45.961 Thread 0x000000001cce5000 DEOPT PACKING pc=0x0000000003b3a9b0 sp=0x000000002cd9e920
Event: 45.961 Thread 0x000000001cce5000 DEOPT UNPACKING pc=0x0000000002d5583b sp=0x000000002cd9e8d0 mode 2
Event: 45.961 Thread 0x000000001cce5000 Uncommon trap: trap_request=0xffffffc6 fr.pc=0x0000000003b3a9b0
Event: 45.961 Thread 0x000000001cce5000 DEOPT PACKING pc=0x0000000003b3a9b0 sp=0x000000002cd9e920
Event: 45.961 Thread 0x000000001cce5000 DEOPT UNPACKING pc=0x0000000002d5583b sp=0x000000002cd9e8d0 mode 2


Dynamic libraries:
0x00007ff66e9d0000 - 0x00007ff66ea07000 	C:\Program Files\Java\jdk1.8.0_181\bin\java.exe
0x00007ffc91540000 - 0x00007ffc91730000 	C:\WINDOWS\SYSTEM32\ntdll.dll
0x00007ffc8f640000 - 0x00007ffc8f6f3000 	C:\WINDOWS\System32\KERNEL32.DLL
0x00007ffc8e510000 - 0x00007ffc8e7b6000 	C:\WINDOWS\System32\KERNELBASE.dll
0x00007ffc8fb60000 - 0x00007ffc8fc03000 	C:\WINDOWS\System32\ADVAPI32.dll
0x00007ffc91210000 - 0x00007ffc912ae000 	C:\WINDOWS\System32\msvcrt.dll
0x00007ffc90e30000 - 0x00007ffc90ec7000 	C:\WINDOWS\System32\sechost.dll
0x00007ffc905b0000 - 0x00007ffc906cf000 	C:\WINDOWS\System32\RPCRT4.dll
0x00007ffc912e0000 - 0x00007ffc91474000 	C:\WINDOWS\System32\USER32.dll
0x00007ffc8ea50000 - 0x00007ffc8ea71000 	C:\WINDOWS\System32\win32u.dll
0x00007ffc8fd70000 - 0x00007ffc8fd96000 	C:\WINDOWS\System32\GDI32.dll
0x00007ffc8f4a0000 - 0x00007ffc8f638000 	C:\WINDOWS\System32\gdi32full.dll
0x00007ffc8ea80000 - 0x00007ffc8eb1e000 	C:\WINDOWS\System32\msvcp_win.dll
0x00007ffc8ec00000 - 0x00007ffc8ecfa000 	C:\WINDOWS\System32\ucrtbase.dll
0x00007ffc7be50000 - 0x00007ffc7c0d4000 	C:\WINDOWS\WinSxS\amd64_microsoft.windows.common-controls_6595b64144ccf1df_6.0.18362.1801_none_9e79a739e46243f0\COMCTL32.dll
0x00007ffc90ed0000 - 0x00007ffc91206000 	C:\WINDOWS\System32\combase.dll
0x00007ffc8e820000 - 0x00007ffc8e8a4000 	C:\WINDOWS\System32\bcryptPrimitives.dll
0x00007ffc912b0000 - 0x00007ffc912de000 	C:\WINDOWS\System32\IMM32.DLL
0x00000000502e0000 - 0x00000000503b2000 	C:\Program Files\Java\jdk1.8.0_181\jre\bin\msvcr100.dll
0x0000000077750000 - 0x0000000077ff2000 	C:\Program Files\Java\jdk1.8.0_181\jre\bin\server\jvm.dll
0x00007ffc900b0000 - 0x00007ffc900b8000 	C:\WINDOWS\System32\PSAPI.DLL
0x00007ffc7a130000 - 0x00007ffc7a139000 	C:\WINDOWS\SYSTEM32\WSOCK32.dll
0x00007ffc900c0000 - 0x00007ffc9012f000 	C:\WINDOWS\System32\WS2_32.dll
0x00007ffc89f60000 - 0x00007ffc89f84000 	C:\WINDOWS\SYSTEM32\WINMM.dll
0x00007ffc8b7b0000 - 0x00007ffc8b7ba000 	C:\WINDOWS\SYSTEM32\VERSION.dll
0x00007ffc89f30000 - 0x00007ffc89f5d000 	C:\WINDOWS\SYSTEM32\WINMMBASE.dll
0x00007ffc8ea00000 - 0x00007ffc8ea4a000 	C:\WINDOWS\System32\cfgmgr32.dll
0x00000000502d0000 - 0x00000000502df000 	C:\Program Files\Java\jdk1.8.0_181\jre\bin\verify.dll
0x00000000502a0000 - 0x00000000502c9000 	C:\Program Files\Java\jdk1.8.0_181\jre\bin\java.dll
0x0000000050280000 - 0x0000000050296000 	C:\Program Files\Java\jdk1.8.0_181\jre\bin\zip.dll
0x00007ffc90740000 - 0x00007ffc90e27000 	C:\WINDOWS\System32\SHELL32.dll
0x00007ffc8fe80000 - 0x00007ffc8ff29000 	C:\WINDOWS\System32\shcore.dll
0x00007ffc8ed20000 - 0x00007ffc8f49b000 	C:\WINDOWS\System32\windows.storage.dll
0x00007ffc8e460000 - 0x00007ffc8e47e000 	C:\WINDOWS\System32\profapi.dll
0x00007ffc8e480000 - 0x00007ffc8e4ca000 	C:\WINDOWS\System32\powrprof.dll
0x00007ffc8e450000 - 0x00007ffc8e460000 	C:\WINDOWS\System32\UMPDC.dll
0x00007ffc8fda0000 - 0x00007ffc8fdf2000 	C:\WINDOWS\System32\shlwapi.dll
0x00007ffc8e4f0000 - 0x00007ffc8e501000 	C:\WINDOWS\System32\kernel.appcore.dll
0x00007ffc8ed00000 - 0x00007ffc8ed17000 	C:\WINDOWS\System32\cryptsp.dll
0x0000000050130000 - 0x000000005014a000 	C:\Program Files\Java\jdk1.8.0_181\jre\bin\net.dll
0x00007ffc8dc90000 - 0x00007ffc8dcf7000 	C:\WINDOWS\system32\mswsock.dll
0x00000000500e0000 - 0x00000000500f1000 	C:\Program Files\Java\jdk1.8.0_181\jre\bin\nio.dll
0x00007ffc89e60000 - 0x00007ffc89e86000 	C:\Users\NANO\.gradle\native\fdc75f09e3144964f2cf3f50f0aa648679c211496f362492102eb8c894070792\windows-amd64\native-platform.dll
0x00007ffc4ebf0000 - 0x00007ffc4ed81000 	C:\Users\NANO\.gradle\native\12488b8bf47d2d4c9fbf2f6322a914ad602e24e48041cd04a747c6da556b65c4\windows-amd64\native-platform-file-events.dll
0x00000000500d0000 - 0x00000000500dd000 	C:\Program Files\Java\jdk1.8.0_181\jre\bin\management.dll
0x00007ffc8d810000 - 0x00007ffc8d843000 	C:\WINDOWS\system32\rsaenh.dll
0x00007ffc8ebd0000 - 0x00007ffc8ebf6000 	C:\WINDOWS\System32\bcrypt.dll
0x00007ffc8e370000 - 0x00007ffc8e395000 	C:\WINDOWS\SYSTEM32\USERENV.dll
0x00007ffc8de60000 - 0x00007ffc8de6c000 	C:\WINDOWS\SYSTEM32\CRYPTBASE.dll
0x00007ffc8d9a0000 - 0x00007ffc8d9da000 	C:\WINDOWS\SYSTEM32\IPHLPAPI.DLL
0x00007ffc8fc20000 - 0x00007ffc8fc28000 	C:\WINDOWS\System32\NSI.dll
0x00007ffc84240000 - 0x00007ffc84256000 	C:\WINDOWS\SYSTEM32\dhcpcsvc6.DLL
0x00007ffc84220000 - 0x00007ffc8423c000 	C:\WINDOWS\SYSTEM32\dhcpcsvc.DLL
0x00007ffc8d9e0000 - 0x00007ffc8daaa000 	C:\WINDOWS\SYSTEM32\DNSAPI.dll
0x00007ffc84b10000 - 0x00007ffc84b1b000 	C:\WINDOWS\SYSTEM32\WINNSI.DLL

VM Arguments:
jvm_args: -Xmx1536M -Dfile.encoding=windows-1258 -Duser.country=US -Duser.language=en -Duser.variant 
java_command: org.gradle.launcher.daemon.bootstrap.GradleDaemon 6.7
java_class_path (initial): C:\Users\NANO\.gradle\wrapper\dists\gradle-6.7-all\cuy9mc7upwgwgeb72wkcrupxe\gradle-6.7\lib\gradle-launcher-6.7.jar
Launcher Type: SUN_STANDARD

Environment Variables:
CLASSPATH=D:\Desktop\Flutter Projects\amquick\android\\gradle\wrapper\gradle-wrapper.jar
PATH=C:\Program Files (x86)\Common Files\Oracle\Java\javapath;C:\WINDOWS\system32;C:\WINDOWS;C:\WINDOWS\System32\Wbem;C:\WINDOWS\System32\WindowsPowerShell\v1.0\;C:\Program Files\Microsoft SQL Server\110\DTS\Binn\;C:\Program Files (x86)\Microsoft SQL Server\110\Tools\Binn\;C:\Program Files\Microsoft SQL Server\110\Tools\Binn\;C:\Program Files (x86)\Microsoft SQL Server\110\Tools\Binn\ManagementStudio\;C:\Program Files (x86)\Microsoft Visual Studio 10.0\Common7\IDE\PrivateAssemblies\;C:\Program Files (x86)\Microsoft SQL Server\110\DTS\Binn\;C:\WINDOWS\system32\config\systemprofile\.dnx\bin;C:\Program Files\Microsoft DNX\Dnvm\;C:\Program Files\Microsoft SQL Server\130\Tools\Binn\;C:\WINDOWS\System32\OpenSSH\;C:\Program Files\nodejs\;C:\Program Files\MongoDB\Server\4.4\bin;C:\Program Files\Microsoft SQL Server\Client SDK\ODBC\170\Tools\Binn\;C:\Program Files (x86)\Windows Kits\8.1\Windows Performance Toolkit\;C:\Program Files\dotnet\;C:\Program Files\Git\cmd;C:\ProgramData\chocolatey\bin;C:\Program Files\PuTTY\;C:\Users\NANO\AppData\Local\Programs\Python\Python39\Scripts\;C:\Users\NANO\AppData\Local\Programs\Python\Python39\;C:\Users\NANO\AppData\Local\Microsoft\WindowsApps;C:\Users\NANO\AppData\Roaming\npm;C:\Users\NANO\AppData\Local\Programs\Microsoft VS Code\bin;C:\Program Files\JetBrains\PyCharm 2020.3.2\bin;;C:\Program Files\JetBrains\PyCharm Community Edition 2020.3.2\bin;;C:\Users\NANO\.dotnet\tools;C:\tools\dart-sdk\bin;C:\Users\NANO\AppData\Roaming\Pub\Cache\bin;D:\flutter\flutter\bin;C:\Users\NANO\AppData\Local\Pub\Cache\bin;C:\Program Files\JetBrains\IntelliJ IDEA Community Edition 2021.1\bin;;C:\Program Files\JetBrains\IntelliJ IDEA 2021.1.3\bin;;D:\spark-3.1.2-bin-hadoop3.2\bin;D:\spark-3.1.2-bin-hadoop3.2\hadoop-3.2.0\bin;
USERNAME=NANO
OS=Windows_NT
PROCESSOR_IDENTIFIER=Intel64 Family 6 Model 142 Stepping 9, GenuineIntel



---------------  S Y S T E M  ---------------

OS: Windows 10.0 , 64 bit Build 18362 (10.0.18362.1766)

CPU:total 4 (initial active 4) (2 cores per cpu, 2 threads per core) family 6 model 142 stepping 9, cmov, cx8, fxsr, mmx, sse, sse2, sse3, ssse3, sse4.1, sse4.2, popcnt, avx, avx2, aes, clmul, erms, 3dnowpref, lzcnt, ht, tsc, tscinvbit, bmi1, bmi2, adx

Memory: 4k page, physical 16644000k(2888948k free), swap 16644000k(5120k free)

vm_info: Java HotSpot(TM) 64-Bit Server VM (25.181-b13) for windows-amd64 JRE (1.8.0_181-b13), built on Jul  7 2018 04:01:33 by "java_re" with MS VC++ 10.0 (VS2010)

time: Fri Sep 24 00:04:56 2021
elapsed time: 45 seconds (0d 0h 0m 45s)

