#
# There is insufficient memory for the Java Runtime Environment to continue.
# Native memory allocation (malloc) failed to allocate 32744 bytes for ChunkPool::allocate
# Possible reasons:
#   The system is out of physical RAM or swap space
#   In 32 bit mode, the process size limit was hit
# Possible solutions:
#   Reduce memory load on the system
#   Increase physical memory or swap space
#   Check if swap backing store is full
#   Use 64 bit Java on a 64 bit OS
#   Decrease Java heap size (-Xmx/-Xms)
#   Decrease number of Java threads
#   Decrease Java thread stack sizes (-Xss)
#   Set larger code cache with -XX:ReservedCodeCacheSize=
# This output file may be truncated or incomplete.
#
#  Out of Memory Error (allocation.cpp:273), pid=13888, tid=0x00000000000014f0
#
# JRE version: Java(TM) SE Runtime Environment (8.0_181-b13) (build 1.8.0_181-b13)
# Java VM: Java HotSpot(TM) 64-Bit Server VM (25.181-b13 mixed mode windows-amd64 compressed oops)
# Failed to write core dump. Minidumps are not enabled by default on client versions of Windows
#

---------------  T H R E A D  ---------------

Current thread (0x000000001b96d800):  JavaThread "C2 CompilerThread0" daemon [_thread_in_native, id=5360, stack(0x000000001cf70000,0x000000001d070000)]

Stack: [0x000000001cf70000,0x000000001d070000]
[error occurred during error reporting (printing stack bounds), id 0xc0000005]

Native frames: (J=compiled Java code, j=interpreted, Vv=VM code, C=native code)


Current CompileTask:
C2:  48449 1036       4       org.gradle.internal.logging.text.AbstractLineChoppingStyledTextOutput$1::execute (9 bytes)


---------------  P R O C E S S  ---------------

Java Threads: ( => current thread )
  0x000000001d36e800 JavaThread "Thread-0" [_thread_new, id=5900, stack(0x0000000000000000,0x0000000000000000)]
  0x000000001d0e6000 JavaThread "Service Thread" daemon [_thread_blocked, id=16168, stack(0x000000001d670000,0x000000001d770000)]
  0x000000001d0c1000 JavaThread "C1 CompilerThread2" daemon [_thread_in_vm, id=1108, stack(0x000000001d570000,0x000000001d670000)]
  0x000000001d0b5800 JavaThread "C2 CompilerThread1" daemon [_thread_in_vm, id=9532, stack(0x000000001d470000,0x000000001d570000)]
=>0x000000001b96d800 JavaThread "C2 CompilerThread0" daemon [_thread_in_native, id=5360, stack(0x000000001cf70000,0x000000001d070000)]
  0x000000001b96b000 JavaThread "Attach Listener" daemon [_thread_blocked, id=13048, stack(0x000000001ce70000,0x000000001cf70000)]
  0x000000001b96a800 JavaThread "Signal Dispatcher" daemon [_thread_blocked, id=6868, stack(0x000000001cd70000,0x000000001ce70000)]
  0x000000001b90a800 JavaThread "Finalizer" daemon [_thread_blocked, id=11504, stack(0x000000001cb70000,0x000000001cc70000)]
  0x000000001b8e9000 JavaThread "Reference Handler" daemon [_thread_blocked, id=16896, stack(0x000000001ca70000,0x000000001cb70000)]
  0x000000000053e800 JavaThread "main" [_thread_blocked, id=1300, stack(0x0000000002180000,0x0000000002280000)]

Other Threads:
  0x000000001b8e7800 VMThread [stack: 0x000000001c970000,0x000000001ca70000] [id=8800]
  0x000000001d0e9000 WatcherThread [stack: 0x000000001d770000,0x000000001d870000] [id=3924]

VM state:not at safepoint (normal execution)

VM Mutex/Monitor currently owned by a thread: None

Heap:
 PSYoungGen      total 75776K, used 54632K [0x000000076b580000, 0x0000000770a00000, 0x00000007c0000000)
  eden space 65024K, 84% used [0x000000076b580000,0x000000076eada1c8,0x000000076f500000)
  from space 10752K, 0% used [0x000000076ff80000,0x000000076ff80000,0x0000000770a00000)
  to   space 10752K, 0% used [0x000000076f500000,0x000000076f500000,0x000000076ff80000)
 ParOldGen       total 173568K, used 0K [0x00000006c2000000, 0x00000006cc980000, 0x000000076b580000)
  object space 173568K, 0% used [0x00000006c2000000,0x00000006c2000000,0x00000006cc980000)
 Metaspace       used 11551K, capacity 11878K, committed 12032K, reserved 1058816K
  class space    used 1578K, capacity 1707K, committed 1792K, reserved 1048576K

Card table byte_map: [0x0000000011740000,0x0000000011f40000] byte_map_base: 0x000000000e130000

Marking Bits: (ParMarkBitMap*) 0x0000000076592d00
 Begin Bits: [0x0000000012890000, 0x0000000016810000)
 End Bits:   [0x0000000016810000, 0x000000001a790000)

Polling page: 0x00000000001e0000

CodeCache: size=245760Kb used=3706Kb max_used=3717Kb free=242053Kb
 bounds [0x0000000002380000, 0x0000000002730000, 0x0000000011380000]
 total_blobs=1400 nmethods=1035 adapters=278
 compilation: enabled

Compilation events (10 events):
Event: 48.430 Thread 0x000000001b96d800 1032       4       org.gradle.internal.logging.text.AbstractLineChoppingStyledTextOutput$StateContext::isCurrentCharEquals (61 bytes)
Event: 48.431 Thread 0x000000001b96d800 nmethod 1032 0x00000000027221d0 code [0x0000000002722320, 0x0000000002722418]
Event: 48.433 Thread 0x000000001d0c1000 1033       3       java.nio.Buffer::flip (20 bytes)
Event: 48.433 Thread 0x000000001d0c1000 nmethod 1033 0x0000000002721e90 code [0x0000000002721fe0, 0x0000000002722150]
Event: 48.434 Thread 0x000000001d0c1000 1034       3       java.nio.Buffer::remaining (10 bytes)
Event: 48.434 Thread 0x000000001d0c1000 nmethod 1034 0x0000000002721b90 code [0x0000000002721ce0, 0x0000000002721e30]
Event: 48.441 Thread 0x000000001d0b5800 1035       4       org.gradle.internal.logging.text.AbstractLineChoppingStyledTextOutput$StateContext::hasChar (22 bytes)
Event: 48.442 Thread 0x000000001d0b5800 nmethod 1035 0x0000000002720490 code [0x00000000027205c0, 0x0000000002720638]
Event: 48.442 Thread 0x000000001b96d800 1036       4       org.gradle.internal.logging.text.AbstractLineChoppingStyledTextOutput$1::execute (9 bytes)
Event: 48.444 Thread 0x000000001d0b5800 1037       4       org.gradle.internal.logging.text.AbstractLineChoppingStyledTextOutput$2::execute (73 bytes)

GC Heap History (0 events):
No events

Deoptimization events (10 events):
Event: 0.788 Thread 0x000000000053e800 Uncommon trap: reason=class_check action=maybe_recompile pc=0x000000000256cb70 method=java.util.regex.Matcher.match(II)Z @ 86
Event: 0.788 Thread 0x000000000053e800 Uncommon trap: reason=class_check action=maybe_recompile pc=0x000000000256cb70 method=java.util.regex.Matcher.match(II)Z @ 86
Event: 0.924 Thread 0x000000000053e800 Uncommon trap: reason=bimorphic action=maybe_recompile pc=0x0000000002607760 method=java.util.regex.Pattern$Slice.match(Ljava/util/regex/Matcher;ILjava/lang/CharSequence;)Z @ 75
Event: 1.010 Thread 0x000000000053e800 Uncommon trap: reason=unstable_if action=reinterpret pc=0x00000000026062a0 method=java.util.HashMap.getNode(ILjava/lang/Object;)Ljava/util/HashMap$Node; @ 129
Event: 1.010 Thread 0x000000000053e800 Uncommon trap: reason=bimorphic action=maybe_recompile pc=0x00000000025d21ec method=java.util.HashMap.putVal(ILjava/lang/Object;Ljava/lang/Object;ZZ)Ljava/lang/Object; @ 203
Event: 2.296 Thread 0x000000001ec44000 Uncommon trap: reason=unstable_if action=reinterpret pc=0x00000000025f4010 method=java.util.HashMap.getNode(ILjava/lang/Object;)Ljava/util/HashMap$Node; @ 129
Event: 2.296 Thread 0x000000001ec44000 Uncommon trap: reason=bimorphic action=maybe_recompile pc=0x00000000025d21ec method=java.util.HashMap.putVal(ILjava/lang/Object;Ljava/lang/Object;ZZ)Ljava/lang/Object; @ 203
Event: 2.296 Thread 0x000000001ec44000 Uncommon trap: reason=bimorphic action=maybe_recompile pc=0x00000000025d21ec method=java.util.HashMap.putVal(ILjava/lang/Object;Ljava/lang/Object;ZZ)Ljava/lang/Object; @ 203
Event: 48.423 Thread 0x000000000053e800 Uncommon trap: reason=unstable_if action=reinterpret pc=0x0000000002583188 method=java.net.URI.match(CJJ)Z @ 19
Event: 48.423 Thread 0x000000000053e800 Uncommon trap: reason=unstable_if action=reinterpret pc=0x0000000002695114 method=java.net.URI.match(CJJ)Z @ 19

Classes redefined (0 events):
No events

Internal exceptions (10 events):
Event: 48.443 Thread 0x000000000053e800 Exception <a 'java/io/IOException'> (0x000000076e9a3450) thrown at [C:\re\workspace\8-2-build-windows-amd64-cygwin\jdk8u181\11358\hotspot\src\share\vm\prims\jni.cpp, line 709]
Event: 48.444 Thread 0x000000000053e800 Exception <a 'java/io/IOException'> (0x000000076e9a38c0) thrown at [C:\re\workspace\8-2-build-windows-amd64-cygwin\jdk8u181\11358\hotspot\src\share\vm\prims\jni.cpp, line 709]
Event: 48.444 Thread 0x000000000053e800 Exception <a 'java/io/IOException'> (0x000000076e9a3dc8) thrown at [C:\re\workspace\8-2-build-windows-amd64-cygwin\jdk8u181\11358\hotspot\src\share\vm\prims\jni.cpp, line 709]
Event: 48.444 Thread 0x000000000053e800 Exception <a 'java/io/IOException'> (0x000000076e9a4238) thrown at [C:\re\workspace\8-2-build-windows-amd64-cygwin\jdk8u181\11358\hotspot\src\share\vm\prims\jni.cpp, line 709]
Event: 48.444 Thread 0x000000000053e800 Exception <a 'java/io/IOException'> (0x000000076e9a47b0) thrown at [C:\re\workspace\8-2-build-windows-amd64-cygwin\jdk8u181\11358\hotspot\src\share\vm\prims\jni.cpp, line 709]
Event: 48.444 Thread 0x000000000053e800 Exception <a 'java/io/IOException'> (0x000000076e9a4c20) thrown at [C:\re\workspace\8-2-build-windows-amd64-cygwin\jdk8u181\11358\hotspot\src\share\vm\prims\jni.cpp, line 709]
Event: 48.444 Thread 0x000000000053e800 Exception <a 'java/io/IOException'> (0x000000076e9a50d8) thrown at [C:\re\workspace\8-2-build-windows-amd64-cygwin\jdk8u181\11358\hotspot\src\share\vm\prims\jni.cpp, line 709]
Event: 48.444 Thread 0x000000000053e800 Exception <a 'java/io/IOException'> (0x000000076e9a5548) thrown at [C:\re\workspace\8-2-build-windows-amd64-cygwin\jdk8u181\11358\hotspot\src\share\vm\prims\jni.cpp, line 709]
Event: 48.444 Thread 0x000000000053e800 Exception <a 'java/io/IOException'> (0x000000076e9a5be0) thrown at [C:\re\workspace\8-2-build-windows-amd64-cygwin\jdk8u181\11358\hotspot\src\share\vm\prims\jni.cpp, line 709]
Event: 48.444 Thread 0x000000000053e800 Exception <a 'java/io/IOException'> (0x000000076e9a6050) thrown at [C:\re\workspace\8-2-build-windows-amd64-cygwin\jdk8u181\11358\hotspot\src\share\vm\prims\jni.cpp, line 709]

Events (10 events):
Event: 48.437 loading class org/gradle/internal/logging/text/AbstractStyledTextOutput$StyleOverrideTextOutput
Event: 48.437 loading class org/gradle/internal/logging/text/AbstractStyledTextOutput$StyleOverrideTextOutput done
Event: 48.438 loading class org/gradle/internal/logging/text/BufferingStyledTextOutput$ChangeStyleAction
Event: 48.438 loading class org/gradle/internal/logging/text/BufferingStyledTextOutput$ChangeStyleAction done
Event: 48.438 loading class org/gradle/internal/exceptions/ContextAwareException
Event: 48.438 loading class org/gradle/internal/exceptions/ContextAwareException done
Event: 48.439 loading class org/gradle/internal/exceptions/StyledException
Event: 48.439 loading class org/gradle/internal/exceptions/StyledException done
Event: 48.441 loading class org/gradle/internal/buildevents/BuildExceptionReporter$1
Event: 48.441 loading class org/gradle/internal/buildevents/BuildExceptionReporter$1 done


Dynamic libraries:
0x00007ff716eb0000 - 0x00007ff716ee7000 	C:\Program Files (x86)\Common Files\Oracle\Java\javapath\java.exe
0x00007ffc91540000 - 0x00007ffc91730000 	C:\WINDOWS\SYSTEM32\ntdll.dll
0x00007ffc8f640000 - 0x00007ffc8f6f3000 	C:\WINDOWS\System32\KERNEL32.DLL
0x00007ffc8e510000 - 0x00007ffc8e7b6000 	C:\WINDOWS\System32\KERNELBASE.dll
0x00007ffc8fb60000 - 0x00007ffc8fc03000 	C:\WINDOWS\System32\ADVAPI32.dll
0x00007ffc91210000 - 0x00007ffc912ae000 	C:\WINDOWS\System32\msvcrt.dll
0x00007ffc90e30000 - 0x00007ffc90ec7000 	C:\WINDOWS\System32\sechost.dll
0x00007ffc905b0000 - 0x00007ffc906cf000 	C:\WINDOWS\System32\RPCRT4.dll
0x00007ffc912e0000 - 0x00007ffc91474000 	C:\WINDOWS\System32\USER32.dll
0x00007ffc8ea50000 - 0x00007ffc8ea71000 	C:\WINDOWS\System32\win32u.dll
0x00007ffc8fd70000 - 0x00007ffc8fd96000 	C:\WINDOWS\System32\GDI32.dll
0x00007ffc8f4a0000 - 0x00007ffc8f638000 	C:\WINDOWS\System32\gdi32full.dll
0x00007ffc8ea80000 - 0x00007ffc8eb1e000 	C:\WINDOWS\System32\msvcp_win.dll
0x00007ffc8ec00000 - 0x00007ffc8ecfa000 	C:\WINDOWS\System32\ucrtbase.dll
0x00007ffc7be50000 - 0x00007ffc7c0d4000 	C:\WINDOWS\WinSxS\amd64_microsoft.windows.common-controls_6595b64144ccf1df_6.0.18362.1801_none_9e79a739e46243f0\COMCTL32.dll
0x00007ffc90ed0000 - 0x00007ffc91206000 	C:\WINDOWS\System32\combase.dll
0x00007ffc8e820000 - 0x00007ffc8e8a4000 	C:\WINDOWS\System32\bcryptPrimitives.dll
0x00007ffc912b0000 - 0x00007ffc912de000 	C:\WINDOWS\System32\IMM32.DLL
0x0000000076620000 - 0x00000000766f2000 	C:\Program Files\Java\jre1.8.0_181\bin\msvcr100.dll
0x0000000075d70000 - 0x0000000076612000 	C:\Program Files\Java\jre1.8.0_181\bin\server\jvm.dll
0x00007ffc900b0000 - 0x00007ffc900b8000 	C:\WINDOWS\System32\PSAPI.DLL
0x00007ffc7a130000 - 0x00007ffc7a139000 	C:\WINDOWS\SYSTEM32\WSOCK32.dll
0x00007ffc89f60000 - 0x00007ffc89f84000 	C:\WINDOWS\SYSTEM32\WINMM.dll
0x00007ffc900c0000 - 0x00007ffc9012f000 	C:\WINDOWS\System32\WS2_32.dll
0x00007ffc8b7b0000 - 0x00007ffc8b7ba000 	C:\WINDOWS\SYSTEM32\VERSION.dll
0x00007ffc89f30000 - 0x00007ffc89f5d000 	C:\WINDOWS\SYSTEM32\winmmbase.dll
0x00007ffc8ea00000 - 0x00007ffc8ea4a000 	C:\WINDOWS\System32\cfgmgr32.dll
0x0000000075d60000 - 0x0000000075d6f000 	C:\Program Files\Java\jre1.8.0_181\bin\verify.dll
0x0000000075d30000 - 0x0000000075d59000 	C:\Program Files\Java\jre1.8.0_181\bin\java.dll
0x0000000075d10000 - 0x0000000075d26000 	C:\Program Files\Java\jre1.8.0_181\bin\zip.dll
0x00007ffc90740000 - 0x00007ffc90e27000 	C:\WINDOWS\System32\SHELL32.dll
0x00007ffc8fe80000 - 0x00007ffc8ff29000 	C:\WINDOWS\System32\shcore.dll
0x00007ffc8ed20000 - 0x00007ffc8f49b000 	C:\WINDOWS\System32\windows.storage.dll
0x00007ffc8e460000 - 0x00007ffc8e47e000 	C:\WINDOWS\System32\profapi.dll
0x00007ffc8e480000 - 0x00007ffc8e4ca000 	C:\WINDOWS\System32\powrprof.dll
0x00007ffc8e450000 - 0x00007ffc8e460000 	C:\WINDOWS\System32\UMPDC.dll
0x00007ffc8fda0000 - 0x00007ffc8fdf2000 	C:\WINDOWS\System32\shlwapi.dll
0x00007ffc8e4f0000 - 0x00007ffc8e501000 	C:\WINDOWS\System32\kernel.appcore.dll
0x00007ffc8ed00000 - 0x00007ffc8ed17000 	C:\WINDOWS\System32\cryptsp.dll
0x0000000075cf0000 - 0x0000000075d0a000 	C:\Program Files\Java\jre1.8.0_181\bin\net.dll
0x00007ffc8dc90000 - 0x00007ffc8dcf7000 	C:\WINDOWS\system32\mswsock.dll
0x0000000075cd0000 - 0x0000000075ce1000 	C:\Program Files\Java\jre1.8.0_181\bin\nio.dll
0x00007ffc89e60000 - 0x00007ffc89e86000 	C:\Users\NANO\.gradle\native\fdc75f09e3144964f2cf3f50f0aa648679c211496f362492102eb8c894070792\windows-amd64\native-platform.dll
0x00007ffc4ebf0000 - 0x00007ffc4ed81000 	C:\Users\NANO\.gradle\native\12488b8bf47d2d4c9fbf2f6322a914ad602e24e48041cd04a747c6da556b65c4\windows-amd64\native-platform-file-events.dll
0x0000000075cc0000 - 0x0000000075ccd000 	C:\Program Files\Java\jre1.8.0_181\bin\management.dll
0x00007ffc8d810000 - 0x00007ffc8d843000 	C:\WINDOWS\system32\rsaenh.dll
0x00007ffc8ebd0000 - 0x00007ffc8ebf6000 	C:\WINDOWS\System32\bcrypt.dll
0x00007ffc8e370000 - 0x00007ffc8e395000 	C:\WINDOWS\SYSTEM32\USERENV.dll
0x00007ffc8de60000 - 0x00007ffc8de6c000 	C:\WINDOWS\SYSTEM32\CRYPTBASE.dll
0x00007ffc8d9a0000 - 0x00007ffc8d9da000 	C:\WINDOWS\SYSTEM32\IPHLPAPI.DLL
0x00007ffc8fc20000 - 0x00007ffc8fc28000 	C:\WINDOWS\System32\NSI.dll
0x00007ffc84240000 - 0x00007ffc84256000 	C:\WINDOWS\SYSTEM32\dhcpcsvc6.DLL
0x00007ffc84220000 - 0x00007ffc8423c000 	C:\WINDOWS\SYSTEM32\dhcpcsvc.DLL
0x00007ffc8d9e0000 - 0x00007ffc8daaa000 	C:\WINDOWS\SYSTEM32\DNSAPI.dll
0x00007ffc84b10000 - 0x00007ffc84b1b000 	C:\WINDOWS\SYSTEM32\WINNSI.DLL

VM Arguments:
jvm_args: -Dorg.gradle.appname=gradlew 
java_command: org.gradle.wrapper.GradleWrapperMain -q -Ptarget-platform=android-arm -Ptarget=D:\Desktop\Flutter Projects\amquick\lib\main.dart -Pdart-defines=Zmx1dHRlci5pbnNwZWN0b3Iuc3RydWN0dXJlZEVycm9ycz10cnVl,RkxVVFRFUl9XRUJfQVVUT19ERVRFQ1Q9dHJ1ZQ== -Pdart-obfuscation=false -Ptrack-widget-creation=true -Ptree-shake-icons=false -Pfilesystem-scheme=org-dartlang-root assembleDebug
java_class_path (initial): D:\Desktop\Flutter Projects\amquick\android\\gradle\wrapper\gradle-wrapper.jar
Launcher Type: SUN_STANDARD

Environment Variables:
CLASSPATH=D:\Desktop\Flutter Projects\amquick\android\\gradle\wrapper\gradle-wrapper.jar
PATH=C:\Program Files (x86)\Common Files\Oracle\Java\javapath;C:\WINDOWS\system32;C:\WINDOWS;C:\WINDOWS\System32\Wbem;C:\WINDOWS\System32\WindowsPowerShell\v1.0\;C:\Program Files\Microsoft SQL Server\110\DTS\Binn\;C:\Program Files (x86)\Microsoft SQL Server\110\Tools\Binn\;C:\Program Files\Microsoft SQL Server\110\Tools\Binn\;C:\Program Files (x86)\Microsoft SQL Server\110\Tools\Binn\ManagementStudio\;C:\Program Files (x86)\Microsoft Visual Studio 10.0\Common7\IDE\PrivateAssemblies\;C:\Program Files (x86)\Microsoft SQL Server\110\DTS\Binn\;C:\WINDOWS\system32\config\systemprofile\.dnx\bin;C:\Program Files\Microsoft DNX\Dnvm\;C:\Program Files\Microsoft SQL Server\130\Tools\Binn\;C:\WINDOWS\System32\OpenSSH\;C:\Program Files\nodejs\;C:\Program Files\MongoDB\Server\4.4\bin;C:\Program Files\Microsoft SQL Server\Client SDK\ODBC\170\Tools\Binn\;C:\Program Files (x86)\Windows Kits\8.1\Windows Performance Toolkit\;C:\Program Files\dotnet\;C:\Program Files\Git\cmd;C:\ProgramData\chocolatey\bin;C:\Program Files\PuTTY\;C:\Users\NANO\AppData\Local\Programs\Python\Python39\Scripts\;C:\Users\NANO\AppData\Local\Programs\Python\Python39\;C:\Users\NANO\AppData\Local\Microsoft\WindowsApps;C:\Users\NANO\AppData\Roaming\npm;C:\Users\NANO\AppData\Local\Programs\Microsoft VS Code\bin;C:\Program Files\JetBrains\PyCharm 2020.3.2\bin;;C:\Program Files\JetBrains\PyCharm Community Edition 2020.3.2\bin;;C:\Users\NANO\.dotnet\tools;C:\tools\dart-sdk\bin;C:\Users\NANO\AppData\Roaming\Pub\Cache\bin;D:\flutter\flutter\bin;C:\Users\NANO\AppData\Local\Pub\Cache\bin;C:\Program Files\JetBrains\IntelliJ IDEA Community Edition 2021.1\bin;;C:\Program Files\JetBrains\IntelliJ IDEA 2021.1.3\bin;;D:\spark-3.1.2-bin-hadoop3.2\bin;D:\spark-3.1.2-bin-hadoop3.2\hadoop-3.2.0\bin;
USERNAME=NANO
OS=Windows_NT
PROCESSOR_IDENTIFIER=Intel64 Family 6 Model 142 Stepping 9, GenuineIntel



---------------  S Y S T E M  ---------------

OS: Windows 10.0 , 64 bit Build 18362 (10.0.18362.1766)

CPU:total 4 (initial active 4) (2 cores per cpu, 2 threads per core) family 6 model 142 stepping 9, cmov, cx8, fxsr, mmx, sse, sse2, sse3, ssse3, sse4.1, sse4.2, popcnt, avx, avx2, aes, clmul, erms, 3dnowpref, lzcnt, ht, tsc, tscinvbit, bmi1, bmi2, adx

Memory: 4k page, physical 16644000k(2889064k free), swap 16644000k(10620k free)

vm_info: Java HotSpot(TM) 64-Bit Server VM (25.181-b13) for windows-amd64 JRE (1.8.0_181-b13), built on Jul  7 2018 04:01:33 by "java_re" with MS VC++ 10.0 (VS2010)

time: Fri Sep 24 00:04:56 2021
elapsed time: 48 seconds (0d 0h 0m 48s)

