#
# There is insufficient memory for the Java Runtime Environment to continue.
# Native memory allocation (mmap) failed to map 266338304 bytes for Failed to commit area from 0x0000000702000000 to 0x0000000711e00000 of length 266338304.
# Possible reasons:
#   The system is out of physical RAM or swap space
#   The process is running with CompressedOops enabled, and the Java Heap may be blocking the growth of the native heap
# Possible solutions:
#   Reduce memory load on the system
#   Increase physical memory or swap space
#   Check if swap backing store is full
#   Decrease Java heap size (-Xmx/-Xms)
#   Decrease number of Java threads
#   Decrease Java thread stack sizes (-Xss)
#   Set larger code cache with -XX:ReservedCodeCacheSize=
# This output file may be truncated or incomplete.
#
#  Out of Memory Error (./src/hotspot/os/windows/os_windows.cpp:3301), pid=16388, tid=18400
#
# JRE version:  (11.0.10) (build )
# Java VM: OpenJDK 64-Bit Server VM (11.0.10+0-b96-7249189, mixed mode, sharing, tiered, compressed oops, g1 gc, windows-amd64)
# No core dump will be written. Minidumps are not enabled by default on client versions of Windows
#

---------------  S U M M A R Y ------------

Command Line: org.jetbrains.kotlin.cli.jvm.K2JVMCompiler -Xallow-no-source-files -classpath D:\Desktop\Flutter Projects\amquick\build\app\intermediates\compile_and_runtime_not_namespaced_r_class_jar\debug\R.jar;C:\Users\NANO\.gradle\caches\transforms-2\files-2.1\c15236db949026821bd0ec3ac12c7941\jetified-libs.jar;D:\Desktop\Flutter Projects\amquick\build\flutter_plugin_android_lifecycle\intermediates\compile_library_classes_jar\debug\classes.jar;D:\Desktop\Flutter Projects\amquick\build\bluetooth_print\intermediates\compile_library_classes_jar\debug\classes.jar;C:\Users\NANO\.gradle\caches\transforms-2\files-2.1\05f1399b68faabdd2eb1bb43a0437476\jetified-gprintersdkv2.jar;D:\Desktop\Flutter Projects\amquick\build\shared_preferences\intermediates\compile_library_classes_jar\debug\classes.jar;D:\Desktop\Flutter Projects\amquick\build\image_picker\intermediates\compile_library_classes_jar\debug\classes.jar;D:\Desktop\Flutter Projects\amquick\build\syncfusion_flutter_pdfviewer\intermediates\compile_library_classes_jar\debug\classes.jar;D:\Desktop\Flutter Projects\amquick\build\flutter_barcode_scanner\intermediates\compile_library_classes_jar\debug\classes.jar;C:\Users\NANO\.gradle\caches\transforms-2\files-2.1\3be258c05c16a90cc341176a82db55bd\jetified-armeabi_v7a_debug-1.0.0-1d521d89d8d98f27be4e0ff84d5c6b72dbdc91ca.jar;C:\Users\NANO\.gradle\caches\transforms-2\files-2.1\492f72a8bf953cf070683dcd82d6ff30\jetified-x86_debug-1.0.0-1d521d89d8d98f27be4e0ff84d5c6b72dbdc91ca.jar;C:\Users\NANO\.gradle\caches\transforms-2\files-2.1\7d02021749bca3d0b44251565aaaf73d\jetified-x86_64_debug-1.0.0-1d521d89d8d98f27be4e0ff84d5c6b72dbdc91ca.jar;C:\Users\NANO\.gradle\caches\transforms-2\files-2.1\2f8cbaa787a979bb45bf769b917d98e6\jetified-flutter_embedding_debug-1.0.0-1d521d89d8d98f27be4e0ff84d5c6b72dbdc91ca.jar;C:\Users\NANO\.gradle\caches\modules-2\files-2.1\androidx.lifecycle\lifecycle-common-java8\2.2.0\cd3478503da69b1a7e0319bd2d1389943db9b364\lifecycle-common-java8-2.2.0.jar;C:\Users\NANO\.gradle\caches\transforms-2\files-2.1\31240ef1ae7e0365e6321699dbee624b\fragment-1.1.0-api.jar;C:\Users\NANO\.gradle\caches\transforms-2\files-2.1\cc0c54d8dd10de04ecda814197633d8e\jetified-activity-1.0.0-api.jar;C:\Users\NANO\.gradle\caches\transforms-2\files-2.1\1a56cb1680709fa74c1e508e03dec561\viewpager-1.0.0-api.jar;C:\Users\NANO\.gradle\caches\transforms-2\files-2.1\694551794b2cc74a9b1b00398ddd5ef8\loader-1.0.0-api.jar;C:\Users\NANO\.gradle\caches\transforms-2\files-2.1\e661fda004dfb1a4dca45a145fecd638\customview-1.0.0-api.jar;C:\Users\NANO\.gradle\caches\transforms-2\files-2.1\5cf2135b16df513a9d2d48512fb89fa6\core-1.6.0-api.jar;C:\Users\NANO\.gradle\caches\transforms-2\files-2.1\d9e80541c77196ed6414b8ed2324cd38\lifecycle-runtime-2.2.0-api.jar;C:\Users\NANO\.gradle\caches\transforms-2\files-2.1\98a41cd290c2c15eb7cba5f731b79ad4\jetified-savedstate-1.0.0-api.jar;C:\Users\NANO\.gradle\caches\transforms-2\files-2.1\86cd6fad239680af23eb8ff13790ea09\lifecycle-livedata-2.0.0-api.jar;C:\Users\NANO\.gradle\caches\transforms-2\files-2.1\33ee64a2c6a5e488f30e1f2b0b675365\lifecycle-livedata-core-2.0.0-api.jar;C:\Users\NANO\.gradle\caches\modules-2\files-2.1\androidx.lifecycle\lifecycle-common\2.2.0\4ef09a745007778eef83b92f8f23987a8ea59496\lifecycle-common-2.2.0.jar;C:\Users\NANO\.gradle\caches\transforms-2\files-2.1\353fae10062ae25ce77775e4a7e46aba\core-runtime-2.0.0-api.jar;C:\Users\NANO\.gradle\caches\modules-2\files-2.1\androidx.arch.core\core-common\2.1.0\b3152fc64428c9354344bd89848ecddc09b6f07e\core-common-2.1.0.jar;C:\Users\NANO\.gradle\caches\transforms-2\files-2.1\d0c334a0e8d1315ad5e4f055f0e852ac\versionedparcelable-1.1.1-api.jar;C:\Users\NANO\.gradle\caches\modules-2\files-2.1\androidx.collection\collection\1.1.0\1f27220b47669781457de0d600849a5de0e89909\collection-1.1.0.jar;C:\Users\NANO\.gradle\caches\transforms-2\files-2.1\2b70c360cfd74ab897630308732c49cf\lifecycle-viewmodel-2.1.0-api.jar;C:\Users\NANO\.gradle\caches\modules-2\files-2.1\androidx.annotation\annotation\1.2.0\57136ff68ee784c6e19db34ed4a175338fadfde1\annotation-1.2.0.jar;C:\Users\NANO\.gradle\caches\transforms-2\files-2.1\aabbef59fa1a4a543a666e62985f0f2c\jetified-annotation-experimental-1.1.0-api.jar;C:\Users\NANO\.gradle\caches\transforms-2\files-2.1\6697cfdd11e9fefb1f002637ca986f5e\jetified-kotlin-stdlib-jdk7-1.3.50.jar;C:\Users\NANO\.gradle\caches\transforms-2\files-2.1\aa48591568018e27fbbfd58c8ab4f3a5\jetified-kotlin-stdlib-1.3.50.jar;C:\Users\NANO\.gradle\caches\transforms-2\files-2.1\dfb001feea1636c96c049690d52e137c\jetified-kotlin-stdlib-common-1.3.50.jar;C:\Users\NANO\.gradle\caches\transforms-2\files-2.1\9f6f0b8e84065942bc807d82087eeefd\jetified-annotations-13.0.jar;C:\Users\NANO\.gradle\caches\transforms-2\files-2.1\ecec2ff14c5dcfe2eb29d3026807908c\multidex-2.0.0-api.jar;C:\Users\NANO\AppData\Local\Android\sdk\platforms\android-30\android.jar;C:\Users\NANO\AppData\Local\Android\sdk\build-tools\29.0.2\core-lambda-stubs.jar -d D:\Desktop\Flutter Projects\amquick\build\app\tmp\kotlin-classes\debug -Xjava-source-roots=D:\Desktop\Flutter Projects\amquick\android\app\src\main\java,D:\Desktop\Flutter Projects\amquick\build\app\generated\source\buildConfig\debug -jvm-target 1.8 -module-name app_debug -no-jdk -no-reflect -no-stdlib -Xcommon-sources=D:\Desktop\Flutter Projects\amquick\android\app\src\main\kotlin\com\example\amquick\MainActivity.kt,D:\Desktop\Flutter Projects\amquick\android\app\src\main\java\io\flutter\plugins\GeneratedPluginRegistrant.java D:\Desktop\Flutter Projects\amquick\android\app\src\main\kotlin\com\example\amquick\MainActivity.kt

Host: Intel(R) Core(TM) i7-7500U CPU @ 2.70GHz, 4 cores, 15G,  Windows 10 , 64 bit Build 18362 (10.0.18362.1766)
Time: Mon Sep 27 15:33:08 2021 SE Asia Standard Time elapsed time: 0.018043 seconds (0d 0h 0m 0s)

---------------  T H R E A D  ---------------

Current thread (0x000001daca1ec000):  JavaThread "Unknown thread" [_thread_in_vm, id=18400, stack(0x00000074b3300000,0x00000074b3400000)]

Stack: [0x00000074b3300000,0x00000074b3400000]
Native frames: (J=compiled Java code, j=interpreted, Vv=VM code, C=native code)
V  [jvm.dll+0x5ecfaa]
V  [jvm.dll+0x722bd5]
V  [jvm.dll+0x72412d]
V  [jvm.dll+0x7247e3]
V  [jvm.dll+0x242928]
V  [jvm.dll+0x5ea374]
V  [jvm.dll+0x5df425]
V  [jvm.dll+0x2fdebb]
V  [jvm.dll+0x2fde2a]
V  [jvm.dll+0x2fdd02]
V  [jvm.dll+0x302bf6]
V  [jvm.dll+0x34b2a3]
V  [jvm.dll+0x34b9a6]
V  [jvm.dll+0x34b3a3]
V  [jvm.dll+0x2d8888]
V  [jvm.dll+0x2d9a37]
V  [jvm.dll+0x701737]
V  [jvm.dll+0x702f2c]
V  [jvm.dll+0x3587d9]
V  [jvm.dll+0x6e4fae]
V  [jvm.dll+0x3c0be3]
V  [jvm.dll+0x3c2e91]
C  [jli.dll+0x5373]
C  [ucrtbase.dll+0x210b2]
C  [KERNEL32.DLL+0x17c24]
C  [ntdll.dll+0x6d721]


---------------  P R O C E S S  ---------------

Threads class SMR info:
_java_thread_list=0x000001dac7ffe690, length=0, elements={
}

Java Threads: ( => current thread )

Other Threads:
  0x000001daca205000 GCTaskThread "GC Thread#0" [stack: 0x00000074b3400000,0x00000074b3500000] [id=12496]
  0x000001daca262800 ConcurrentGCThread "G1 Main Marker" [stack: 0x00000074b3500000,0x00000074b3600000] [id=9272]
  0x000001daca265000 ConcurrentGCThread "G1 Conc#0" [stack: 0x00000074b3600000,0x00000074b3700000] [id=17360]

[error occurred during error reporting (printing all threads), id 0xc0000005, EXCEPTION_ACCESS_VIOLATION (0xc0000005) at pc=0x00007ffc88da9107]

VM state:not at safepoint (not fully initialized)

VM Mutex/Monitor currently owned by a thread:  ([mutex/lock_event])
[0x000001daca1e8650] Heap_lock - owner thread: 0x000001daca1ec000

Heap address: 0x0000000702000000, size: 4064 MB, Compressed Oops mode: Non-zero based: 0x0000000702000000
Narrow klass base: 0x0000000000000000, Narrow klass shift: 0

GC Heap History (0 events):
No events

Deoptimization events (0 events):
No events

Classes redefined (0 events):
No events

Internal exceptions (0 events):
No events

Events (1 events):
Event: 0.009 Loaded shared library C:\Program Files\Android\Android Studio1\jre\bin\zip.dll


Dynamic libraries:
0x00007ff7bb600000 - 0x00007ff7bb60a000 	C:\Program Files\Android\Android Studio1\jre\bin\java.exe
0x00007ffce2da0000 - 0x00007ffce2f90000 	C:\WINDOWS\SYSTEM32\ntdll.dll
0x00007ffce2730000 - 0x00007ffce27e3000 	C:\WINDOWS\System32\KERNEL32.DLL
0x00007ffce0b90000 - 0x00007ffce0e36000 	C:\WINDOWS\System32\KERNELBASE.dll
0x00007ffce0890000 - 0x00007ffce098a000 	C:\WINDOWS\System32\ucrtbase.dll
0x00007ffccffc0000 - 0x00007ffccffd9000 	C:\Program Files\Android\Android Studio1\jre\bin\jli.dll
0x00007ffce2900000 - 0x00007ffce2a94000 	C:\WINDOWS\System32\USER32.dll
0x00007ffce0990000 - 0x00007ffce09b1000 	C:\WINDOWS\System32\win32u.dll
0x00007ffce2c40000 - 0x00007ffce2c66000 	C:\WINDOWS\System32\GDI32.dll
0x00007ffcdfd10000 - 0x00007ffcdfea8000 	C:\WINDOWS\System32\gdi32full.dll
0x00007ffcdffc0000 - 0x00007ffce005e000 	C:\WINDOWS\System32\msvcp_win.dll
0x00007ffccffa0000 - 0x00007ffccffb7000 	C:\Program Files\Android\Android Studio1\jre\bin\VCRUNTIME140.dll
0x00007ffccdc30000 - 0x00007ffccdeb4000 	C:\WINDOWS\WinSxS\amd64_microsoft.windows.common-controls_6595b64144ccf1df_6.0.18362.1801_none_9e79a739e46243f0\COMCTL32.dll
0x00007ffce0fc0000 - 0x00007ffce105e000 	C:\WINDOWS\System32\msvcrt.dll
0x00007ffce1820000 - 0x00007ffce1b56000 	C:\WINDOWS\System32\combase.dll
0x00007ffce1b60000 - 0x00007ffce1c7f000 	C:\WINDOWS\System32\RPCRT4.dll
0x00007ffcdfeb0000 - 0x00007ffcdff34000 	C:\WINDOWS\System32\bcryptPrimitives.dll
0x00007ffce2c10000 - 0x00007ffce2c3e000 	C:\WINDOWS\System32\IMM32.DLL
0x00007ffccff00000 - 0x00007ffccff9d000 	C:\Program Files\Android\Android Studio1\jre\bin\msvcp140.dll
0x00007ffc88ac0000 - 0x00007ffc8958f000 	C:\Program Files\Android\Android Studio1\jre\bin\server\jvm.dll
0x00007ffce2850000 - 0x00007ffce28f3000 	C:\WINDOWS\System32\ADVAPI32.dll
0x00007ffce2aa0000 - 0x00007ffce2b37000 	C:\WINDOWS\System32\sechost.dll
0x00007ffce0f90000 - 0x00007ffce0f98000 	C:\WINDOWS\System32\PSAPI.DLL
0x00007ffccbe80000 - 0x00007ffccbe89000 	C:\WINDOWS\SYSTEM32\WSOCK32.dll
0x00007ffce2640000 - 0x00007ffce26af000 	C:\WINDOWS\System32\WS2_32.dll
0x00007ffcda810000 - 0x00007ffcda834000 	C:\WINDOWS\SYSTEM32\WINMM.dll
0x00007ffcd48d0000 - 0x00007ffcd48da000 	C:\WINDOWS\SYSTEM32\VERSION.dll
0x00007ffcda760000 - 0x00007ffcda78d000 	C:\WINDOWS\SYSTEM32\WINMMBASE.dll
0x00007ffcdff70000 - 0x00007ffcdffba000 	C:\WINDOWS\System32\cfgmgr32.dll
0x00007ffcdfc80000 - 0x00007ffcdfc91000 	C:\WINDOWS\System32\kernel.appcore.dll
0x00007ffcdb9b0000 - 0x00007ffcdb9c1000 	C:\Program Files\Android\Android Studio1\jre\bin\verify.dll
0x00007ffcde3a0000 - 0x00007ffcde594000 	C:\WINDOWS\SYSTEM32\DBGHELP.DLL
0x00007ffccb570000 - 0x00007ffccb59a000 	C:\WINDOWS\SYSTEM32\dbgcore.DLL
0x00007ffccfdb0000 - 0x00007ffccfdd9000 	C:\Program Files\Android\Android Studio1\jre\bin\java.dll
0x00007ffcdb8c0000 - 0x00007ffcdb8cb000 	C:\Program Files\Android\Android Studio1\jre\bin\jimage.dll
0x00007ffcdb7f0000 - 0x00007ffcdb808000 	C:\Program Files\Android\Android Studio1\jre\bin\zip.dll

dbghelp: loaded successfully - version: 4.0.5 - missing functions: none
symbol engine: initialized successfully - sym options: 0x614 - pdb path: .;C:\Program Files\Android\Android Studio1\jre\bin;C:\WINDOWS\SYSTEM32;C:\WINDOWS\WinSxS\amd64_microsoft.windows.common-controls_6595b64144ccf1df_6.0.18362.1801_none_9e79a739e46243f0;C:\Program Files\Android\Android Studio1\jre\bin\server

VM Arguments:
java_command: org.jetbrains.kotlin.cli.jvm.K2JVMCompiler -Xallow-no-source-files -classpath D:\Desktop\Flutter Projects\amquick\build\app\intermediates\compile_and_runtime_not_namespaced_r_class_jar\debug\R.jar;C:\Users\NANO\.gradle\caches\transforms-2\files-2.1\c15236db949026821bd0ec3ac12c7941\jetified-libs.jar;D:\Desktop\Flutter Projects\amquick\build\flutter_plugin_android_lifecycle\intermediates\compile_library_classes_jar\debug\classes.jar;D:\Desktop\Flutter Projects\amquick\build\bluetooth_print\intermediates\compile_library_classes_jar\debug\classes.jar;C:\Users\NANO\.gradle\caches\transforms-2\files-2.1\05f1399b68faabdd2eb1bb43a0437476\jetified-gprintersdkv2.jar;D:\Desktop\Flutter Projects\amquick\build\shared_preferences\intermediates\compile_library_classes_jar\debug\classes.jar;D:\Desktop\Flutter Projects\amquick\build\image_picker\intermediates\compile_library_classes_jar\debug\classes.jar;D:\Desktop\Flutter Projects\amquick\build\syncfusion_flutter_pdfviewer\intermediates\compile_library_classes_jar\debug\classes.jar;D:\Desktop\Flutter Projects\amquick\build\flutter_barcode_scanner\intermediates\compile_library_classes_jar\debug\classes.jar;C:\Users\NANO\.gradle\caches\transforms-2\files-2.1\3be258c05c16a90cc341176a82db55bd\jetified-armeabi_v7a_debug-1.0.0-1d521d89d8d98f27be4e0ff84d5c6b72dbdc91ca.jar;C:\Users\NANO\.gradle\caches\transforms-2\files-2.1\492f72a8bf953cf070683dcd82d6ff30\jetified-x86_debug-1.0.0-1d521d89d8d98f27be4e0ff84d5c6b72dbdc91ca.jar;C:\Users\NANO\.gradle\caches\transforms-2\files-2.1\7d02021749bca3d0b44251565aaaf73d\jetified-x86_64_debug-1.0.0-1d521d89d8d98f27be4e0ff84d5c6b72dbdc91ca.jar;C:\Users\NANO\.gradle\caches\transforms-2\files-2.1\2f8cbaa787a979bb45bf769b917d98e6\jetified-flutter_embedding_debug-1.0.0-1d521d89d8d98f27be4e0ff84d5c6b72dbdc91ca.jar;C:\Users\NANO\.gradle\caches\modules-2\files-2.1\androidx.lifecycle\lifecycle-common-java8\2.2.0\cd3478503da69b1a7e0319bd2d1389943db9b364\lifecycle-common-java8-2.2.0.jar;C:\Users\N
java_class_path (initial): C:\Users\NANO\.gradle\caches\modules-2\files-2.1\org.jetbrains.kotlin\kotlin-compiler-embeddable\1.3.50\1251c1768e5769b06c2487d6f6cf8acf6efb8960\kotlin-compiler-embeddable-1.3.50.jar;C:\Users\NANO\.gradle\caches\modules-2\files-2.1\org.jetbrains.kotlin\kotlin-reflect\1.3.50\b499f22fd7c3e9c2e5b6c4005221fa47fc7f9a7a\kotlin-reflect-1.3.50.jar;C:\Users\NANO\.gradle\caches\modules-2\files-2.1\org.jetbrains.kotlin\kotlin-stdlib\1.3.50\b529d1738c7e98bbfa36a4134039528f2ce78ebf\kotlin-stdlib-1.3.50.jar;C:\Users\NANO\.gradle\caches\modules-2\files-2.1\org.jetbrains.kotlin\kotlin-script-runtime\1.3.50\59492b8dfb92522ba0ddb5dd1c4d0ef0a4fca1af\kotlin-script-runtime-1.3.50.jar;C:\Users\NANO\.gradle\caches\modules-2\files-2.1\org.jetbrains.kotlin\kotlin-daemon-embeddable\1.3.50\5cb93bb33f4c6f833ead0beca4c831668e00cf52\kotlin-daemon-embeddable-1.3.50.jar;C:\Users\NANO\.gradle\caches\modules-2\files-2.1\org.jetbrains.intellij.deps\trove4j\1.0.20181211\216c2e14b070f334479d800987affe4054cd563f\trove4j-1.0.20181211.jar;C:\Users\NANO\.gradle\caches\modules-2\files-2.1\org.jetbrains.kotlin\kotlin-stdlib-common\1.3.50\3d9cd3e1bc7b92e95f43d45be3bfbcf38e36ab87\kotlin-stdlib-common-1.3.50.jar;C:\Users\NANO\.gradle\caches\modules-2\files-2.1\org.jetbrains\annotations\13.0\919f0dfe192fb4e063e7dacadee7f8bb9a2672a9\annotations-13.0.jar
Launcher Type: SUN_STANDARD

[Global flags]
     intx CICompilerCount                          = 3                                         {product} {ergonomic}
     uint ConcGCThreads                            = 1                                         {product} {ergonomic}
     uint G1ConcRefinementThreads                  = 4                                         {product} {ergonomic}
   size_t G1HeapRegionSize                         = 1048576                                   {product} {ergonomic}
    uintx GCDrainStackTargetSize                   = 64                                        {product} {ergonomic}
   size_t InitialHeapSize                          = 266338304                                 {product} {ergonomic}
   size_t MarkStackSize                            = 4194304                                   {product} {ergonomic}
   size_t MaxHeapSize                              = 4261412864                                {product} {ergonomic}
   size_t MinHeapDeltaBytes                        = 1048576                                   {product} {ergonomic}
    uintx NonNMethodCodeHeapSize                   = 5830732                                {pd product} {ergonomic}
    uintx NonProfiledCodeHeapSize                  = 122913754                              {pd product} {ergonomic}
    uintx ProfiledCodeHeapSize                     = 122913754                              {pd product} {ergonomic}
    uintx ReservedCodeCacheSize                    = 251658240                              {pd product} {ergonomic}
     bool SegmentedCodeCache                       = true                                      {product} {ergonomic}
     bool UseCompressedClassPointers               = true                                 {lp64_product} {ergonomic}
     bool UseCompressedOops                        = true                                 {lp64_product} {ergonomic}
     bool UseG1GC                                  = true                                      {product} {ergonomic}
     bool UseLargePagesIndividualAllocation        = false                                  {pd product} {ergonomic}

Logging:
Log output configuration:
 #0: stdout all=warning uptime,level,tags
 #1: stderr all=off uptime,level,tags

Environment Variables:
JAVA_HOME=C:\Program Files\Android\Android Studio1\jre
CLASSPATH=D:\Desktop\Flutter Projects\amquick\android\\gradle\wrapper\gradle-wrapper.jar
PATH=C:\Program Files (x86)\Common Files\Oracle\Java\javapath;C:\WINDOWS\system32;C:\WINDOWS;C:\WINDOWS\System32\Wbem;C:\WINDOWS\System32\WindowsPowerShell\v1.0\;C:\Program Files\Microsoft SQL Server\110\DTS\Binn\;C:\Program Files (x86)\Microsoft SQL Server\110\Tools\Binn\;C:\Program Files\Microsoft SQL Server\110\Tools\Binn\;C:\Program Files (x86)\Microsoft SQL Server\110\Tools\Binn\ManagementStudio\;C:\Program Files (x86)\Microsoft Visual Studio 10.0\Common7\IDE\PrivateAssemblies\;C:\Program Files (x86)\Microsoft SQL Server\110\DTS\Binn\;C:\WINDOWS\system32\config\systemprofile\.dnx\bin;C:\Program Files\Microsoft DNX\Dnvm\;C:\Program Files\Microsoft SQL Server\130\Tools\Binn\;C:\WINDOWS\System32\OpenSSH\;C:\Program Files\nodejs\;C:\Program Files\MongoDB\Server\4.4\bin;C:\Program Files\Microsoft SQL Server\Client SDK\ODBC\170\Tools\Binn\;C:\Program Files (x86)\Windows Kits\8.1\Windows Performance Toolkit\;C:\Program Files\dotnet\;C:\Program Files\Git\cmd;C:\ProgramData\chocolatey\bin;C:\Program Files\PuTTY\;C:\Users\NANO\AppData\Local\Programs\Python\Python39\Scripts\;C:\Users\NANO\AppData\Local\Programs\Python\Python39\;C:\Users\NANO\AppData\Local\Microsoft\WindowsApps;C:\Users\NANO\AppData\Roaming\npm;C:\Users\NANO\AppData\Local\Programs\Microsoft VS Code\bin;C:\Program Files\JetBrains\PyCharm 2020.3.2\bin;;C:\Program Files\JetBrains\PyCharm Community Edition 2020.3.2\bin;;C:\Users\NANO\.dotnet\tools;C:\tools\dart-sdk\bin;C:\Users\NANO\AppData\Roaming\Pub\Cache\bin;D:\flutter\flutter\bin;C:\Users\NANO\AppData\Local\Pub\Cache\bin;C:\Program Files\JetBrains\IntelliJ IDEA Community Edition 2021.1\bin;;C:\Program Files\JetBrains\IntelliJ IDEA 2021.1.3\bin;;D:\spark-3.1.2-bin-hadoop3.2\bin;D:\spark-3.1.2-bin-hadoop3.2\hadoop-3.2.0\bin;
USERNAME=NANO
OS=Windows_NT
PROCESSOR_IDENTIFIER=Intel64 Family 6 Model 142 Stepping 9, GenuineIntel



---------------  S Y S T E M  ---------------

OS: Windows 10 , 64 bit Build 18362 (10.0.18362.1766)
OS uptime: 0 days 4:52 hours

CPU:total 4 (initial active 4) (2 cores per cpu, 2 threads per core) family 6 model 142 stepping 9 microcode 0xde, cmov, cx8, fxsr, mmx, sse, sse2, sse3, ssse3, sse4.1, sse4.2, popcnt, avx, avx2, aes, clmul, erms, 3dnowpref, lzcnt, ht, tsc, tscinvbit, bmi1, bmi2, adx, fma

Memory: 4k page, system-wide physical 16253M (1912M free)
TotalPageFile size 16253M (AvailPageFile size 65M)
current process WorkingSet (physical memory assigned to process): 10M, peak: 10M
current process commit charge ("private bytes"): 52M, peak: 306M

vm_info: OpenJDK 64-Bit Server VM (11.0.10+0-b96-7249189) for windows-amd64 JRE (11.0.10+0-b96-7249189), built on Mar 31 2021 21:44:00 by "builder" with MS VC++ 14.0 (VS2015)

END.
