#
# There is insufficient memory for the Java Runtime Environment to continue.
# Native memory allocation (malloc) failed to allocate 1312816 bytes for Chunk::new
# Possible reasons:
#   The system is out of physical RAM or swap space
#   The process is running with CompressedOops enabled, and the Java Heap may be blocking the growth of the native heap
# Possible solutions:
#   Reduce memory load on the system
#   Increase physical memory or swap space
#   Check if swap backing store is full
#   Decrease Java heap size (-Xmx/-Xms)
#   Decrease number of Java threads
#   Decrease Java thread stack sizes (-Xss)
#   Set larger code cache with -XX:ReservedCodeCacheSize=
#   JVM is running with Unscaled Compressed Oops mode in which the Java heap is
#     placed in the first 4GB address space. The Java Heap base address is the
#     maximum limit for the native heap growth. Please use -XX:HeapBaseMinAddress
#     to set the Java Heap base and to place the Java Heap above 4GB virtual address.
# This output file may be truncated or incomplete.
#
#  Out of Memory Error (allocation.cpp:389), pid=12648, tid=0x00000000000024d4
#
# JRE version: OpenJDK Runtime Environment (8.0_242-b01) (build 1.8.0_242-release-1644-b01)
# Java VM: OpenJDK 64-Bit Server VM (25.242-b01 mixed mode windows-amd64 compressed oops)
# Failed to write core dump. Minidumps are not enabled by default on client versions of Windows
#

---------------  T H R E A D  ---------------

Current thread (0x000000001699d000):  JavaThread "C2 CompilerThread1" daemon [_thread_in_native, id=9428, stack(0x00000000180f0000,0x00000000181f0000)]

Stack: [0x00000000180f0000,0x00000000181f0000]
[error occurred during error reporting (printing stack bounds), id 0xc0000005]

Native frames: (J=compiled Java code, j=interpreted, Vv=VM code, C=native code)


Current CompileTask:
C2:13643883 21803       4       com.android.tools.r8.graph.G0$b::a (66 bytes)


---------------  P R O C E S S  ---------------

Java Threads: ( => current thread )
  0x000000001adc5800 JavaThread "WorkerExecutor Queue Thread 6" [_thread_blocked, id=14976, stack(0x0000000021c70000,0x0000000021d70000)]
  0x000000001adc4800 JavaThread "WorkerExecutor Queue Thread 5" [_thread_blocked, id=10952, stack(0x0000000021b70000,0x0000000021c70000)]
  0x000000001adc1800 JavaThread "Cache worker for Java compile cache (D:\Desktop\Flutter Projects\amquick\android\.gradle\6.7\javaCompile)" [_thread_blocked, id=13956, stack(0x0000000021a70000,0x0000000021b70000)]
  0x000000001adc2800 JavaThread "RMI TCP Connection(15)-127.0.0.1" daemon [_thread_in_native, id=7348, stack(0x000000002d4e0000,0x000000002d5e0000)]
  0x000000001db68800 JavaThread "RMI Reaper" [_thread_blocked, id=10636, stack(0x000000002d3e0000,0x000000002d4e0000)]
  0x000000001fa6e000 JavaThread "GC Daemon" daemon [_thread_blocked, id=12836, stack(0x0000000030c30000,0x0000000030d30000)]
  0x0000000018cf0000 JavaThread "RMI RenewClean-[127.0.0.1:17810,org.jetbrains.kotlin.daemon.common.LoopbackNetworkInterface$ClientLoopbackSocketFactory@2d1fa85e]" daemon [_thread_blocked, id=10760, stack(0x000000002c8e0000,0x000000002c9e0000)]
  0x0000000018cee800 JavaThread "stdout" [_thread_in_native, id=10632, stack(0x0000000030b30000,0x0000000030c30000)]
  0x0000000018cec800 JavaThread "stderr" [_thread_in_native, id=724, stack(0x0000000030260000,0x0000000030360000)]
  0x0000000018cf1000 JavaThread "stdout" [_thread_in_native, id=640, stack(0x0000000030160000,0x0000000030260000)]
  0x000000001fa72000 JavaThread "stderr" [_thread_in_native, id=9160, stack(0x0000000030060000,0x0000000030160000)]
  0x000000001fa72800 JavaThread "stdout" [_thread_in_native, id=1556, stack(0x000000002ff60000,0x0000000030060000)]
  0x000000001fa71000 JavaThread "stderr" [_thread_in_native, id=14856, stack(0x000000002fe60000,0x000000002ff60000)]
  0x000000001fa69800 JavaThread "stdout" [_thread_in_native, id=224, stack(0x000000002cee0000,0x000000002cfe0000)]
  0x000000001fa70800 JavaThread "stderr" [_thread_in_native, id=15404, stack(0x000000002cde0000,0x000000002cee0000)]
  0x000000001fa69000 JavaThread "pool-22-thread-1" [_thread_blocked, id=9444, stack(0x000000002cce0000,0x000000002cde0000)]
  0x000000001fa6f800 JavaThread "WorkerExecutor Queue Thread 4" [_thread_blocked, id=4148, stack(0x000000002cbe0000,0x000000002cce0000)]
  0x000000001fa68000 JavaThread "WorkerExecutor Queue Thread 3" [_thread_in_native, id=14380, stack(0x000000002cae0000,0x000000002cbe0000)]
  0x000000001fa6f000 JavaThread "WorkerExecutor Queue Thread 2" [_thread_in_native, id=14756, stack(0x000000002c9e0000,0x000000002cae0000)]
  0x000000001fa6d800 JavaThread "Exec process Thread 40" [_thread_blocked, id=10364, stack(0x000000002c7e0000,0x000000002c8e0000)]
  0x000000001fa6a800 JavaThread "Exec process Thread 39" [_thread_blocked, id=10700, stack(0x000000002c4e0000,0x000000002c5e0000)]
  0x000000001fa6c000 JavaThread "Exec process Thread 38" [_thread_blocked, id=12372, stack(0x000000002c3e0000,0x000000002c4e0000)]
  0x000000001fa63800 JavaThread "Exec process Thread 37" [_thread_blocked, id=13012, stack(0x000000002c2e0000,0x000000002c3e0000)]
  0x000000001fa66800 JavaThread "Cache worker for execution history cache (D:\Desktop\Flutter Projects\amquick\android\.gradle\6.7\executionHistory)" [_thread_blocked, id=14520, stack(0x000000002bde0000,0x000000002bee0000)]
  0x000000001fa65000 JavaThread "Execution worker for ':' Thread 3" [_thread_blocked, id=13172, stack(0x000000002b610000,0x000000002b710000)]
  0x0000000019735000 JavaThread "Execution worker for ':' Thread 2" [_thread_blocked, id=4052, stack(0x000000002ae80000,0x000000002af80000)]
  0x0000000019734000 JavaThread "Execution worker for ':'" [_thread_blocked, id=7708, stack(0x0000000029da0000,0x0000000029ea0000)]
  0x000000001cbf6000 JavaThread "Build operations Thread 4" [_thread_blocked, id=16200, stack(0x0000000021970000,0x0000000021a70000)]
  0x000000001cbf5000 JavaThread "Build operations Thread 3" [_thread_blocked, id=10096, stack(0x0000000021870000,0x0000000021970000)]
  0x000000001cbf4800 JavaThread "Build operations Thread 2" [_thread_blocked, id=740, stack(0x0000000021770000,0x0000000021870000)]
  0x000000001cbec000 JavaThread "Build operations" [_thread_blocked, id=4260, stack(0x0000000020d70000,0x0000000020e70000)]
  0x000000001cbf1800 JavaThread "Cache worker for Build Output Cleanup Cache (D:\Desktop\Flutter Projects\amquick\android\.gradle\buildOutputCleanup)" [_thread_blocked, id=2932, stack(0x000000001f0c0000,0x000000001f1c0000)]
  0x000000001cbf0800 JavaThread "Cache worker for cache directory md-rule (C:\Users\NANO\.gradle\caches\6.7\md-rule)" [_thread_blocked, id=11324, stack(0x000000001ed10000,0x000000001ee10000)]
  0x000000001cbf3000 JavaThread "Cache worker for cache directory md-supplier (C:\Users\NANO\.gradle\caches\6.7\md-supplier)" [_thread_blocked, id=4376, stack(0x000000001ec10000,0x000000001ed10000)]
  0x000000001cbe9000 JavaThread "Cache worker for checksums cache (D:\Desktop\Flutter Projects\amquick\android\.gradle\checksums)" [_thread_blocked, id=2440, stack(0x000000001eb10000,0x000000001ec10000)]
  0x000000001cbf0000 JavaThread "Cache worker for file hash cache (D:\Desktop\Flutter Projects\amquick\android\.gradle\6.7\fileHashes)" [_thread_blocked, id=9268, stack(0x000000001c470000,0x000000001c570000)]
  0x000000001cbe8800 JavaThread "Thread-1769" [_thread_blocked, id=15232, stack(0x000000001c170000,0x000000001c270000)]
  0x000000001cbef000 JavaThread "Stdin handler" [_thread_blocked, id=15684, stack(0x000000001c070000,0x000000001c170000)]
  0x000000001cbea000 JavaThread "Asynchronous log dispatcher for DefaultDaemonConnection: socket connection from /127.0.0.1:59222 to /127.0.0.1:61418" [_thread_blocked, id=8784, stack(0x000000001bf70000,0x000000001c070000)]
  0x000000001cbea800 JavaThread "Daemon worker Thread 12" [_thread_blocked, id=2844, stack(0x000000001be70000,0x000000001bf70000)]
  0x000000001cbeb800 JavaThread "Cancel handler" [_thread_blocked, id=12940, stack(0x000000001b830000,0x000000001b930000)]
  0x000000001cbee800 JavaThread "Handler for socket connection from /127.0.0.1:59222 to /127.0.0.1:61418" [_thread_in_native, id=12348, stack(0x000000001b730000,0x000000001b830000)]
  0x000000001cbed800 JavaThread "Daemon Thread 12" [_thread_blocked, id=13144, stack(0x0000000002d90000,0x0000000002e90000)]
  0x000000001fa64000 JavaThread "Cache worker for Java compile cache (C:\Users\NANO\.gradle\caches\6.7\javaCompile)" [_thread_blocked, id=10848, stack(0x0000000031030000,0x0000000031130000)]
  0x000000001fa67000 JavaThread "RMI TCP Accept-0" daemon [_thread_in_native, id=804, stack(0x0000000030d30000,0x0000000030e30000)]
  0x000000001cbf6800 JavaThread "RMI Scheduler(0)" daemon [_thread_blocked, id=6532, stack(0x0000000030a30000,0x0000000030b30000)]
  0x0000000019736800 JavaThread "Memory manager" [_thread_blocked, id=13208, stack(0x0000000028f40000,0x0000000029040000)]
  0x0000000018cf1800 JavaThread "Cache worker for file content cache (C:\Users\NANO\.gradle\caches\6.7\fileContent)" [_thread_blocked, id=2592, stack(0x0000000020e70000,0x0000000020f70000)]
  0x0000000018ced000 JavaThread "Cache worker for execution history cache (C:\Users\NANO\.gradle\caches\6.7\executionHistory)" [_thread_blocked, id=8328, stack(0x0000000020670000,0x0000000020770000)]
  0x0000000018cf3000 JavaThread "Cache worker for journal cache (C:\Users\NANO\.gradle\caches\journal-1)" [_thread_blocked, id=14992, stack(0x000000001ca70000,0x000000001cb70000)]
  0x0000000018cef800 JavaThread "File lock request listener" [_thread_in_native, id=3164, stack(0x000000001c970000,0x000000001ca70000)]
  0x000000001a651000 JavaThread "Cache worker for file hash cache (C:\Users\NANO\.gradle\caches\6.7\fileHashes)" [_thread_blocked, id=2128, stack(0x000000001c770000,0x000000001c870000)]
  0x000000001a539000 JavaThread "Daemon periodic checks" [_thread_blocked, id=13120, stack(0x000000001bb70000,0x000000001bc70000)]
  0x000000001a536000 JavaThread "Incoming local TCP Connector on port 59222" [_thread_in_native, id=6888, stack(0x000000001b930000,0x000000001ba30000)]
  0x000000001a453800 JavaThread "Daemon health stats" [_thread_blocked, id=1348, stack(0x000000001b2f0000,0x000000001b3f0000)]
  0x0000000018247800 JavaThread "Service Thread" daemon [_thread_blocked, id=9560, stack(0x00000000186f0000,0x00000000187f0000)]
  0x0000000018243000 JavaThread "C1 CompilerThread2" daemon [_thread_blocked, id=412, stack(0x00000000185f0000,0x00000000186f0000)]
=>0x000000001699d000 JavaThread "C2 CompilerThread1" daemon [_thread_in_native, id=9428, stack(0x00000000180f0000,0x00000000181f0000)]
  0x0000000016999000 JavaThread "C2 CompilerThread0" daemon [_thread_blocked, id=13284, stack(0x0000000017ff0000,0x00000000180f0000)]
  0x0000000016996000 JavaThread "Attach Listener" daemon [_thread_blocked, id=260, stack(0x0000000017ef0000,0x0000000017ff0000)]
  0x0000000016995000 JavaThread "Signal Dispatcher" daemon [_thread_blocked, id=6400, stack(0x0000000017df0000,0x0000000017ef0000)]
  0x0000000003017000 JavaThread "Finalizer" daemon [_thread_blocked, id=10120, stack(0x0000000017bf0000,0x0000000017cf0000)]
  0x0000000016979000 JavaThread "Reference Handler" daemon [_thread_blocked, id=8636, stack(0x0000000017af0000,0x0000000017bf0000)]
  0x0000000002f22800 JavaThread "main" [_thread_blocked, id=8420, stack(0x0000000001480000,0x0000000001580000)]

Other Threads:
  0x0000000016957000 VMThread [stack: 0x00000000179f0000,0x0000000017af0000] [id=11992]
  0x0000000018248800 WatcherThread [stack: 0x00000000187f0000,0x00000000188f0000] [id=12828]

VM state:not at safepoint (normal execution)

VM Mutex/Monitor currently owned by a thread: None

heap address: 0x00000000a0000000, size: 1536 MB, Compressed Oops mode: 32-bit
Narrow klass base: 0x0000000000000000, Narrow klass shift: 3
Compressed class space size: 1073741824 Address: 0x0000000100000000

Heap:
 PSYoungGen      total 390656K, used 83095K [0x00000000e0000000, 0x00000000fc780000, 0x0000000100000000)
  eden space 330240K, 25% used [0x00000000e0000000,0x00000000e5125e78,0x00000000f4280000)
  from space 60416K, 0% used [0x00000000f4280000,0x00000000f4280000,0x00000000f7d80000)
  to   space 68096K, 0% used [0x00000000f8500000,0x00000000f8500000,0x00000000fc780000)
 ParOldGen       total 542208K, used 119933K [0x00000000a0000000, 0x00000000c1180000, 0x00000000e0000000)
  object space 542208K, 22% used [0x00000000a0000000,0x00000000a751f7d0,0x00000000c1180000)
 Metaspace       used 105833K, capacity 113152K, committed 113240K, reserved 1146880K
  class space    used 14068K, capacity 15401K, committed 15488K, reserved 1048576K

Card table byte_map: [0x00000000123e0000,0x00000000126f0000] byte_map_base: 0x0000000011ee0000

Marking Bits: (ParMarkBitMap*) 0x0000000072acf030
 Begin Bits: [0x0000000012cf0000, 0x00000000144f0000)
 End Bits:   [0x00000000144f0000, 0x0000000015cf0000)

Polling page: 0x0000000000df0000

CodeCache: size=245760Kb used=59233Kb max_used=59242Kb free=186526Kb
 bounds [0x0000000003020000, 0x0000000006a60000, 0x0000000012020000]
 total_blobs=19009 nmethods=18083 adapters=838
 compilation: enabled

Compilation events (10 events):
Event: 13643.771 Thread 0x0000000016999000 22110       4       java.util.regex.Pattern$Begin::match (62 bytes)
Event: 13643.773 Thread 0x0000000016999000 nmethod 22110 0x0000000006a45510 code [0x0000000006a45660, 0x0000000006a45798]
Event: 13643.780 Thread 0x0000000018243000 22124       3       com.android.tools.r8.t.a.a.a.h.y::<init> (5 bytes)
Event: 13643.780 Thread 0x0000000018243000 nmethod 22124 0x0000000006a47810 code [0x0000000006a47980, 0x0000000006a47b90]
Event: 13643.780 Thread 0x0000000018243000 22125       3       com.android.tools.r8.t.a.a.a.h.V0::j (27 bytes)
Event: 13643.780 Thread 0x0000000018243000 nmethod 22125 0x0000000006a46ed0 code [0x0000000006a47060, 0x0000000006a47510]
Event: 13643.780 Thread 0x0000000018243000 22126       3       sun.nio.fs.WindowsException::<init> (15 bytes)
Event: 13643.781 Thread 0x0000000018243000 nmethod 22126 0x0000000006a46850 code [0x0000000006a469e0, 0x0000000006a46d88]
Event: 13643.781 Thread 0x0000000018243000 22123       3       com.android.tools.r8.t.a.a.a.h.C::<init> (5 bytes)
Event: 13643.781 Thread 0x0000000018243000 nmethod 22123 0x0000000006a43ad0 code [0x0000000006a43c40, 0x0000000006a43eb0]

GC Heap History (10 events):
Event: 11423.594 GC heap before
{Heap before GC invocations=30 (full 6):
 PSYoungGen      total 367104K, used 321536K [0x00000000e0000000, 0x00000000fa700000, 0x0000000100000000)
  eden space 321536K, 100% used [0x00000000e0000000,0x00000000f3a00000,0x00000000f3a00000)
  from space 45568K, 0% used [0x00000000f4300000,0x00000000f4300000,0x00000000f6f80000)
  to   space 55808K, 0% used [0x00000000f7080000,0x00000000f7080000,0x00000000fa700000)
 ParOldGen       total 542208K, used 141716K [0x00000000a0000000, 0x00000000c1180000, 0x00000000e0000000)
  object space 542208K, 26% used [0x00000000a0000000,0x00000000a8a653b0,0x00000000c1180000)
 Metaspace       used 104077K, capacity 110514K, committed 110680K, reserved 1144832K
  class space    used 13925K, capacity 15138K, committed 15232K, reserved 1048576K
Event: 11423.711 GC heap after
Heap after GC invocations=30 (full 6):
 PSYoungGen      total 376832K, used 7091K [0x00000000e0000000, 0x00000000fbb00000, 0x0000000100000000)
  eden space 321024K, 0% used [0x00000000e0000000,0x00000000e0000000,0x00000000f3980000)
  from space 55808K, 12% used [0x00000000f7080000,0x00000000f776ceb8,0x00000000fa700000)
  to   space 56320K, 0% used [0x00000000f3980000,0x00000000f3980000,0x00000000f7080000)
 ParOldGen       total 542208K, used 199794K [0x00000000a0000000, 0x00000000c1180000, 0x00000000e0000000)
  object space 542208K, 36% used [0x00000000a0000000,0x00000000ac31c868,0x00000000c1180000)
 Metaspace       used 104077K, capacity 110514K, committed 110680K, reserved 1144832K
  class space    used 13925K, capacity 15138K, committed 15232K, reserved 1048576K
}
Event: 12304.671 GC heap before
{Heap before GC invocations=31 (full 6):
 PSYoungGen      total 376832K, used 328115K [0x00000000e0000000, 0x00000000fbb00000, 0x0000000100000000)
  eden space 321024K, 100% used [0x00000000e0000000,0x00000000f3980000,0x00000000f3980000)
  from space 55808K, 12% used [0x00000000f7080000,0x00000000f776ceb8,0x00000000fa700000)
  to   space 56320K, 0% used [0x00000000f3980000,0x00000000f3980000,0x00000000f7080000)
 ParOldGen       total 542208K, used 199794K [0x00000000a0000000, 0x00000000c1180000, 0x00000000e0000000)
  object space 542208K, 36% used [0x00000000a0000000,0x00000000ac31c868,0x00000000c1180000)
 Metaspace       used 104344K, capacity 111216K, committed 111576K, reserved 1144832K
  class space    used 13988K, capacity 15255K, committed 15360K, reserved 1048576K
Event: 12304.724 GC heap after
Heap after GC invocations=31 (full 6):
 PSYoungGen      total 377344K, used 44877K [0x00000000e0000000, 0x00000000fbe80000, 0x0000000100000000)
  eden space 321024K, 0% used [0x00000000e0000000,0x00000000e0000000,0x00000000f3980000)
  from space 56320K, 79% used [0x00000000f3980000,0x00000000f65535e0,0x00000000f7080000)
  to   space 60416K, 0% used [0x00000000f8380000,0x00000000f8380000,0x00000000fbe80000)
 ParOldGen       total 542208K, used 214320K [0x00000000a0000000, 0x00000000c1180000, 0x00000000e0000000)
  object space 542208K, 39% used [0x00000000a0000000,0x00000000ad14c250,0x00000000c1180000)
 Metaspace       used 104344K, capacity 111216K, committed 111576K, reserved 1144832K
  class space    used 13988K, capacity 15255K, committed 15360K, reserved 1048576K
}
Event: 13621.793 GC heap before
{Heap before GC invocations=32 (full 6):
 PSYoungGen      total 377344K, used 365901K [0x00000000e0000000, 0x00000000fbe80000, 0x0000000100000000)
  eden space 321024K, 100% used [0x00000000e0000000,0x00000000f3980000,0x00000000f3980000)
  from space 56320K, 79% used [0x00000000f3980000,0x00000000f65535e0,0x00000000f7080000)
  to   space 60416K, 0% used [0x00000000f8380000,0x00000000f8380000,0x00000000fbe80000)
 ParOldGen       total 542208K, used 214320K [0x00000000a0000000, 0x00000000c1180000, 0x00000000e0000000)
  object space 542208K, 39% used [0x00000000a0000000,0x00000000ad14c250,0x00000000c1180000)
 Metaspace       used 105023K, capacity 112118K, committed 112344K, reserved 1146880K
  class space    used 14022K, capacity 15316K, committed 15360K, reserved 1048576K
Event: 13621.823 GC heap after
Heap after GC invocations=32 (full 6):
 PSYoungGen      total 384512K, used 8998K [0x00000000e0000000, 0x00000000fb880000, 0x0000000100000000)
  eden space 330240K, 0% used [0x00000000e0000000,0x00000000e0000000,0x00000000f4280000)
  from space 54272K, 16% used [0x00000000f8380000,0x00000000f8c49998,0x00000000fb880000)
  to   space 60416K, 0% used [0x00000000f4280000,0x00000000f4280000,0x00000000f7d80000)
 ParOldGen       total 542208K, used 214328K [0x00000000a0000000, 0x00000000c1180000, 0x00000000e0000000)
  object space 542208K, 39% used [0x00000000a0000000,0x00000000ad14e250,0x00000000c1180000)
 Metaspace       used 105023K, capacity 112118K, committed 112344K, reserved 1146880K
  class space    used 14022K, capacity 15316K, committed 15360K, reserved 1048576K
}
Event: 13630.832 GC heap before
{Heap before GC invocations=33 (full 6):
 PSYoungGen      total 384512K, used 144863K [0x00000000e0000000, 0x00000000fb880000, 0x0000000100000000)
  eden space 330240K, 41% used [0x00000000e0000000,0x00000000e84ae330,0x00000000f4280000)
  from space 54272K, 16% used [0x00000000f8380000,0x00000000f8c49998,0x00000000fb880000)
  to   space 60416K, 0% used [0x00000000f4280000,0x00000000f4280000,0x00000000f7d80000)
 ParOldGen       total 542208K, used 214328K [0x00000000a0000000, 0x00000000c1180000, 0x00000000e0000000)
  object space 542208K, 39% used [0x00000000a0000000,0x00000000ad14e250,0x00000000c1180000)
 Metaspace       used 105415K, capacity 112710K, committed 112984K, reserved 1146880K
  class space    used 14052K, capacity 15372K, committed 15488K, reserved 1048576K
Event: 13630.879 GC heap after
Heap after GC invocations=33 (full 6):
 PSYoungGen      total 390656K, used 56084K [0x00000000e0000000, 0x00000000fc780000, 0x0000000100000000)
  eden space 330240K, 0% used [0x00000000e0000000,0x00000000e0000000,0x00000000f4280000)
  from space 60416K, 92% used [0x00000000f4280000,0x00000000f79450f0,0x00000000f7d80000)
  to   space 68096K, 0% used [0x00000000f8500000,0x00000000f8500000,0x00000000fc780000)
 ParOldGen       total 542208K, used 218924K [0x00000000a0000000, 0x00000000c1180000, 0x00000000e0000000)
  object space 542208K, 40% used [0x00000000a0000000,0x00000000ad5cb208,0x00000000c1180000)
 Metaspace       used 105415K, capacity 112710K, committed 112984K, reserved 1146880K
  class space    used 14052K, capacity 15372K, committed 15488K, reserved 1048576K
}
Event: 13630.879 GC heap before
{Heap before GC invocations=34 (full 7):
 PSYoungGen      total 390656K, used 56084K [0x00000000e0000000, 0x00000000fc780000, 0x0000000100000000)
  eden space 330240K, 0% used [0x00000000e0000000,0x00000000e0000000,0x00000000f4280000)
  from space 60416K, 92% used [0x00000000f4280000,0x00000000f79450f0,0x00000000f7d80000)
  to   space 68096K, 0% used [0x00000000f8500000,0x00000000f8500000,0x00000000fc780000)
 ParOldGen       total 542208K, used 218924K [0x00000000a0000000, 0x00000000c1180000, 0x00000000e0000000)
  object space 542208K, 40% used [0x00000000a0000000,0x00000000ad5cb208,0x00000000c1180000)
 Metaspace       used 105415K, capacity 112710K, committed 112984K, reserved 1146880K
  class space    used 14052K, capacity 15372K, committed 15488K, reserved 1048576K
Event: 13631.827 GC heap after
Heap after GC invocations=34 (full 7):
 PSYoungGen      total 390656K, used 0K [0x00000000e0000000, 0x00000000fc780000, 0x0000000100000000)
  eden space 330240K, 0% used [0x00000000e0000000,0x00000000e0000000,0x00000000f4280000)
  from space 60416K, 0% used [0x00000000f4280000,0x00000000f4280000,0x00000000f7d80000)
  to   space 68096K, 0% used [0x00000000f8500000,0x00000000f8500000,0x00000000fc780000)
 ParOldGen       total 542208K, used 119933K [0x00000000a0000000, 0x00000000c1180000, 0x00000000e0000000)
  object space 542208K, 22% used [0x00000000a0000000,0x00000000a751f7d0,0x00000000c1180000)
 Metaspace       used 105392K, capacity 112674K, committed 112984K, reserved 1146880K
  class space    used 14049K, capacity 15366K, committed 15488K, reserved 1048576K
}

Deoptimization events (10 events):
Event: 13631.844 Thread 0x0000000019734000 Uncommon trap: reason=unstable_if action=reinterpret pc=0x0000000005bf5780 method=java.util.concurrent.ScheduledThreadPoolExecutor$DelayedWorkQueue.offer(Ljava/lang/Runnable;)Z @ 56
Event: 13631.895 Thread 0x0000000019734000 Uncommon trap: reason=unstable_if action=reinterpret pc=0x00000000042fc538 method=java.util.concurrent.ScheduledThreadPoolExecutor$DelayedWorkQueue.offer(Ljava/lang/Runnable;)Z @ 56
Event: 13642.479 Thread 0x0000000019734000 Uncommon trap: reason=unstable_if action=reinterpret pc=0x0000000004c9b020 method=com.sun.tools.javac.util.Name$Table.equals([BI[BII)Z @ 22
Event: 13642.616 Thread 0x0000000019734000 Uncommon trap: reason=bimorphic action=maybe_recompile pc=0x000000000350ae1c method=java.util.AbstractQueue.clear()V @ 1
Event: 13643.117 Thread 0x000000001fa6f800 Uncommon trap: reason=unstable_if action=reinterpret pc=0x0000000003711780 method=java.util.concurrent.ConcurrentHashMap.computeIfAbsent(Ljava/lang/Object;Ljava/util/function/Function;)Ljava/lang/Object; @ 200
Event: 13643.224 Thread 0x000000001fa68000 Uncommon trap: reason=class_check action=maybe_recompile pc=0x000000000520c8d4 method=com.android.tools.r8.t.a.a.a.f.c.get(Ljava/lang/Object;)Ljava/lang/Object; @ 16
Event: 13643.412 Thread 0x000000001fa6f800 Uncommon trap: reason=array_check action=maybe_recompile pc=0x0000000003c01438 method=java.util.TimSort.mergeHi(IIII)V @ 101
Event: 13643.412 Thread 0x000000001fa6f800 Uncommon trap: reason=array_check action=maybe_recompile pc=0x0000000003c01438 method=java.util.TimSort.mergeHi(IIII)V @ 101
Event: 13643.544 Thread 0x000000001fa6f000 Uncommon trap: reason=unstable_if action=reinterpret pc=0x0000000004dfc0c4 method=com.android.tools.build.apkzlib.zip.ZFile$1.read([BII)I @ 93
Event: 13643.553 Thread 0x000000001fa6f000 Uncommon trap: reason=predicate action=maybe_recompile pc=0x0000000006a30dfc method=com.google.common.collect.RegularImmutableMap.fromEntryArray(I[Ljava/util/Map$Entry;)Lcom/google/common/collect/ImmutableMap; @ 62

Classes redefined (0 events):
No events

Internal exceptions (10 events):
Event: 13643.240 Thread 0x000000001fa68000 Exception <a 'sun/nio/fs/WindowsException'> (0x00000000e3d38cf0) thrown at [C:\src\AOSP-openjdk-git\hotspot\src\share\vm\prims\jni.cpp, line 710]
Event: 13643.240 Thread 0x000000001fa68000 Exception <a 'sun/nio/fs/WindowsException'> (0x00000000e3d39ae8) thrown at [C:\src\AOSP-openjdk-git\hotspot\src\share\vm\prims\jni.cpp, line 710]
Event: 13643.240 Thread 0x000000001fa68000 Exception <a 'sun/nio/fs/WindowsException'> (0x00000000e3d3a000) thrown at [C:\src\AOSP-openjdk-git\hotspot\src\share\vm\prims\jni.cpp, line 710]
Event: 13643.240 Thread 0x000000001fa68000 Exception <a 'sun/nio/fs/WindowsException'> (0x00000000e3d3ade8) thrown at [C:\src\AOSP-openjdk-git\hotspot\src\share\vm\prims\jni.cpp, line 710]
Event: 13643.780 Thread 0x000000001fa68000 Exception <a 'sun/nio/fs/WindowsException'> (0x00000000e50dc1b0) thrown at [C:\src\AOSP-openjdk-git\hotspot\src\share\vm\prims\jni.cpp, line 710]
Event: 13643.780 Thread 0x000000001fa68000 Exception <a 'sun/nio/fs/WindowsException'> (0x00000000e50dcbc0) thrown at [C:\src\AOSP-openjdk-git\hotspot\src\share\vm\prims\jni.cpp, line 710]
Event: 13643.780 Thread 0x000000001fa68000 Exception <a 'sun/nio/fs/WindowsException'> (0x00000000e50dd0e0) thrown at [C:\src\AOSP-openjdk-git\hotspot\src\share\vm\prims\jni.cpp, line 710]
Event: 13643.780 Thread 0x000000001fa68000 Exception <a 'sun/nio/fs/WindowsException'> (0x00000000e50ddec8) thrown at [C:\src\AOSP-openjdk-git\hotspot\src\share\vm\prims\jni.cpp, line 710]
Event: 13643.780 Thread 0x000000001fa68000 Exception <a 'sun/nio/fs/WindowsException'> (0x00000000e50de3d8) thrown at [C:\src\AOSP-openjdk-git\hotspot\src\share\vm\prims\jni.cpp, line 710]
Event: 13643.780 Thread 0x000000001fa68000 Exception <a 'sun/nio/fs/WindowsException'> (0x00000000e50df1c0) thrown at [C:\src\AOSP-openjdk-git\hotspot\src\share\vm\prims\jni.cpp, line 710]

Events (10 events):
Event: 13643.412 Thread 0x000000001fa6f800 DEOPT UNPACKING pc=0x000000000306557b sp=0x000000002ccdd6b0 mode 2
Event: 13643.412 Thread 0x000000001fa6f800 Uncommon trap: trap_request=0xffffffd6 fr.pc=0x0000000003c01438
Event: 13643.412 Thread 0x000000001fa6f800 DEOPT PACKING pc=0x0000000003c01438 sp=0x000000002ccdd6c0
Event: 13643.412 Thread 0x000000001fa6f800 DEOPT UNPACKING pc=0x000000000306557b sp=0x000000002ccdd6b0 mode 2
Event: 13643.544 Thread 0x000000001fa6f000 Uncommon trap: trap_request=0xffffff65 fr.pc=0x0000000004dfc0c4
Event: 13643.544 Thread 0x000000001fa6f000 DEOPT PACKING pc=0x0000000004dfc0c4 sp=0x000000002cade1e0
Event: 13643.544 Thread 0x000000001fa6f000 DEOPT UNPACKING pc=0x000000000306557b sp=0x000000002cade1c0 mode 2
Event: 13643.553 Thread 0x000000001fa6f000 Uncommon trap: trap_request=0xffffff86 fr.pc=0x0000000006a30dfc
Event: 13643.553 Thread 0x000000001fa6f000 DEOPT PACKING pc=0x0000000006a30dfc sp=0x000000002cadde90
Event: 13643.553 Thread 0x000000001fa6f000 DEOPT UNPACKING pc=0x000000000306557b sp=0x000000002cadde30 mode 2


Dynamic libraries:
0x00007ff7d5660000 - 0x00007ff7d5691000 	C:\Program Files\Android\Android Studio\jre\bin\java.exe
0x00007ffd7d980000 - 0x00007ffd7db70000 	C:\WINDOWS\SYSTEM32\ntdll.dll
0x00007ffd7d820000 - 0x00007ffd7d8d2000 	C:\WINDOWS\System32\KERNEL32.DLL
0x00007ffd7b850000 - 0x00007ffd7baf6000 	C:\WINDOWS\System32\KERNELBASE.dll
0x00007ffd7c6b0000 - 0x00007ffd7c753000 	C:\WINDOWS\System32\ADVAPI32.dll
0x00007ffd7d6d0000 - 0x00007ffd7d76e000 	C:\WINDOWS\System32\msvcrt.dll
0x00007ffd7bb00000 - 0x00007ffd7bb97000 	C:\WINDOWS\System32\sechost.dll
0x00007ffd7bc80000 - 0x00007ffd7bd9f000 	C:\WINDOWS\System32\RPCRT4.dll
0x00007ffd7cde0000 - 0x00007ffd7cf74000 	C:\WINDOWS\System32\USER32.dll
0x00007ffd7acf0000 - 0x00007ffd7ad11000 	C:\WINDOWS\System32\win32u.dll
0x00007ffd7d680000 - 0x00007ffd7d6a6000 	C:\WINDOWS\System32\GDI32.dll
0x00007ffd7aaa0000 - 0x00007ffd7ac38000 	C:\WINDOWS\System32\gdi32full.dll
0x00007ffd7b720000 - 0x00007ffd7b7be000 	C:\WINDOWS\System32\msvcp_win.dll
0x00007ffd7b4a0000 - 0x00007ffd7b59a000 	C:\WINDOWS\System32\ucrtbase.dll
0x00007ffd68a40000 - 0x00007ffd68cc4000 	C:\WINDOWS\WinSxS\amd64_microsoft.windows.common-controls_6595b64144ccf1df_6.0.18362.1734_none_9e7c63e3e45fdc87\COMCTL32.dll
0x00007ffd7ca20000 - 0x00007ffd7cd56000 	C:\WINDOWS\System32\combase.dll
0x00007ffd7b7c0000 - 0x00007ffd7b844000 	C:\WINDOWS\System32\bcryptPrimitives.dll
0x00007ffd7c9f0000 - 0x00007ffd7ca1e000 	C:\WINDOWS\System32\IMM32.DLL
0x0000000072b50000 - 0x0000000072c22000 	C:\Program Files\Android\Android Studio\jre\jre\bin\msvcr100.dll
0x0000000072300000 - 0x0000000072b4b000 	C:\Program Files\Android\Android Studio\jre\jre\bin\server\jvm.dll
0x00007ffd7c760000 - 0x00007ffd7c768000 	C:\WINDOWS\System32\PSAPI.DLL
0x00007ffd66ba0000 - 0x00007ffd66ba9000 	C:\WINDOWS\SYSTEM32\WSOCK32.dll
0x00007ffd7c770000 - 0x00007ffd7c7df000 	C:\WINDOWS\System32\WS2_32.dll
0x00007ffd76590000 - 0x00007ffd765b4000 	C:\WINDOWS\SYSTEM32\WINMM.dll
0x00007ffd6e450000 - 0x00007ffd6e45a000 	C:\WINDOWS\SYSTEM32\VERSION.dll
0x00007ffd76560000 - 0x00007ffd7658d000 	C:\WINDOWS\SYSTEM32\WINMMBASE.dll
0x00007ffd7ac40000 - 0x00007ffd7ac8a000 	C:\WINDOWS\System32\cfgmgr32.dll
0x00007ffd6bb50000 - 0x00007ffd6bb5f000 	C:\Program Files\Android\Android Studio\jre\jre\bin\verify.dll
0x00007ffd4de50000 - 0x00007ffd4de79000 	C:\Program Files\Android\Android Studio\jre\jre\bin\java.dll
0x00007ffd511c0000 - 0x00007ffd511d6000 	C:\Program Files\Android\Android Studio\jre\jre\bin\zip.dll
0x00007ffd7cf90000 - 0x00007ffd7d677000 	C:\WINDOWS\System32\SHELL32.dll
0x00007ffd7c940000 - 0x00007ffd7c9e9000 	C:\WINDOWS\System32\shcore.dll
0x00007ffd7ad20000 - 0x00007ffd7b49b000 	C:\WINDOWS\System32\windows.storage.dll
0x00007ffd7a930000 - 0x00007ffd7a94e000 	C:\WINDOWS\System32\profapi.dll
0x00007ffd7a970000 - 0x00007ffd7a9ba000 	C:\WINDOWS\System32\powrprof.dll
0x00007ffd7a900000 - 0x00007ffd7a910000 	C:\WINDOWS\System32\UMPDC.dll
0x00007ffd7c650000 - 0x00007ffd7c6a2000 	C:\WINDOWS\System32\shlwapi.dll
0x00007ffd7a910000 - 0x00007ffd7a921000 	C:\WINDOWS\System32\kernel.appcore.dll
0x00007ffd7b700000 - 0x00007ffd7b717000 	C:\WINDOWS\System32\cryptsp.dll
0x00007ffd4df50000 - 0x00007ffd4df6a000 	C:\Program Files\Android\Android Studio\jre\jre\bin\net.dll
0x00007ffd7a150000 - 0x00007ffd7a1b7000 	C:\WINDOWS\system32\mswsock.dll
0x00007ffd4d8f0000 - 0x00007ffd4d903000 	C:\Program Files\Android\Android Studio\jre\jre\bin\nio.dll
0x00007ffd4c980000 - 0x00007ffd4c9a6000 	C:\Users\NANO\.gradle\native\fdc75f09e3144964f2cf3f50f0aa648679c211496f362492102eb8c894070792\windows-amd64\native-platform.dll
0x00007ffd361c0000 - 0x00007ffd36351000 	C:\Users\NANO\.gradle\native\12488b8bf47d2d4c9fbf2f6322a914ad602e24e48041cd04a747c6da556b65c4\windows-amd64\native-platform-file-events.dll
0x00007ffd6bb40000 - 0x00007ffd6bb4d000 	C:\Program Files\Android\Android Studio\jre\jre\bin\management.dll
0x00007ffd79cd0000 - 0x00007ffd79d03000 	C:\WINDOWS\system32\rsaenh.dll
0x00007ffd7a9c0000 - 0x00007ffd7a9e6000 	C:\WINDOWS\System32\bcrypt.dll
0x00007ffd7a820000 - 0x00007ffd7a845000 	C:\WINDOWS\SYSTEM32\USERENV.dll
0x00007ffd7a320000 - 0x00007ffd7a32c000 	C:\WINDOWS\SYSTEM32\CRYPTBASE.dll
0x00007ffd79e60000 - 0x00007ffd79e9a000 	C:\WINDOWS\SYSTEM32\IPHLPAPI.DLL
0x00007ffd7bc70000 - 0x00007ffd7bc78000 	C:\WINDOWS\System32\NSI.dll
0x00007ffd725d0000 - 0x00007ffd725e6000 	C:\WINDOWS\SYSTEM32\dhcpcsvc6.DLL
0x00007ffd71320000 - 0x00007ffd7133c000 	C:\WINDOWS\SYSTEM32\dhcpcsvc.DLL
0x00007ffd79ea0000 - 0x00007ffd79f6a000 	C:\WINDOWS\SYSTEM32\DNSAPI.dll
0x00007ffd72710000 - 0x00007ffd7271b000 	C:\WINDOWS\SYSTEM32\WINNSI.DLL
0x00007ffd79950000 - 0x00007ffd79981000 	C:\WINDOWS\SYSTEM32\ntmarta.dll
0x00007ffd67770000 - 0x00007ffd6778e000 	C:\Users\NANO\AppData\Local\Temp\native-platform5481507607264060072dir\native-platform.dll

VM Arguments:
jvm_args: -Xmx1536M -Dfile.encoding=windows-1258 -Duser.country=US -Duser.language=en -Duser.variant 
java_command: org.gradle.launcher.daemon.bootstrap.GradleDaemon 6.7
java_class_path (initial): C:\Users\NANO\.gradle\wrapper\dists\gradle-6.7-all\cuy9mc7upwgwgeb72wkcrupxe\gradle-6.7\lib\gradle-launcher-6.7.jar
Launcher Type: SUN_STANDARD

Environment Variables:
JAVA_HOME=C:\Program Files\Android\Android Studio\jre
CLASSPATH=D:\Desktop\Flutter Projects\amquick\android\\gradle\wrapper\gradle-wrapper.jar
PATH=C:\Program Files (x86)\Common Files\Oracle\Java\javapath;C:\WINDOWS\system32;C:\WINDOWS;C:\WINDOWS\System32\Wbem;C:\WINDOWS\System32\WindowsPowerShell\v1.0\;C:\Program Files\Microsoft SQL Server\110\DTS\Binn\;C:\Program Files (x86)\Microsoft SQL Server\110\Tools\Binn\;C:\Program Files\Microsoft SQL Server\110\Tools\Binn\;C:\Program Files (x86)\Microsoft SQL Server\110\Tools\Binn\ManagementStudio\;C:\Program Files (x86)\Microsoft Visual Studio 10.0\Common7\IDE\PrivateAssemblies\;C:\Program Files (x86)\Microsoft SQL Server\110\DTS\Binn\;C:\Users\NANO\.dnx\bin;C:\Program Files\Microsoft DNX\Dnvm\;C:\Program Files\Microsoft SQL Server\130\Tools\Binn\;C:\WINDOWS\System32\OpenSSH\;C:\Program Files\nodejs\;C:\Program Files\MongoDB\Server\4.4\bin;C:\Program Files\Microsoft SQL Server\Client SDK\ODBC\170\Tools\Binn\;C:\Program Files (x86)\Windows Kits\8.1\Windows Performance Toolkit\;C:\Program Files\dotnet\;C:\Program Files\Git\cmd;C:\ProgramData\chocolatey\bin;C:\Program Files\PuTTY\;C:\Users\NANO\AppData\Local\Programs\Python\Python39\Scripts\;C:\Users\NANO\AppData\Local\Programs\Python\Python39\;C:\Users\NANO\AppData\Local\Microsoft\WindowsApps;C:\Users\NANO\AppData\Roaming\npm;C:\Users\NANO\AppData\Local\Programs\Microsoft VS Code\bin;C:\Program Files\JetBrains\PyCharm 2020.3.2\bin;;C:\Program Files\JetBrains\PyCharm Community Edition 2020.3.2\bin;;C:\Users\NANO\.dotnet\tools;C:\tools\dart-sdk\bin;C:\Users\NANO\AppData\Roaming\Pub\Cache\bin;D:\flutter\flutter\bin;C:\Users\NANO\AppData\Local\Pub\Cache\bin;C:\Program Files\JetBrains\IntelliJ IDEA Community Edition 2021.1\bin;;C:\Program Files\JetBrains\IntelliJ IDEA 2021.1.3\bin;;D:\spark-3.1.2-bin-hadoop3.2\bin;D:\spark-3.1.2-bin-hadoop3.2\hadoop-3.2.0\bin;
USERNAME=NANO
OS=Windows_NT
PROCESSOR_IDENTIFIER=Intel64 Family 6 Model 142 Stepping 9, GenuineIntel



---------------  S Y S T E M  ---------------

OS: Windows 10.0 , 64 bit Build 18362 (10.0.18362.1714)

CPU:total 4 (initial active 4) (2 cores per cpu, 2 threads per core) family 6 model 142 stepping 9, cmov, cx8, fxsr, mmx, sse, sse2, sse3, ssse3, sse4.1, sse4.2, popcnt, avx, avx2, aes, clmul, erms, 3dnowpref, lzcnt, ht, tsc, tscinvbit, bmi1, bmi2, adx

Memory: 4k page, physical 16644000k(1970272k free), swap 16644000k(1840k free)

vm_info: OpenJDK 64-Bit Server VM (25.242-b01) for windows-amd64 JRE (1.8.0_242-release-1644-b01), built by "builder" with MS VC++ 10.0 (VS2010)

time: Wed Sep 15 20:59:48 2021
timezone: SE Asia Standard Time
elapsed time: 13643 seconds (0d 3h 47m 23s)

