#
# There is insufficient memory for the Java Runtime Environment to continue.
# Native memory allocation (malloc) failed to allocate 1030176 bytes for Chunk::new
# Possible reasons:
#   The system is out of physical RAM or swap space
#   The process is running with CompressedOops enabled, and the Java Heap may be blocking the growth of the native heap
# Possible solutions:
#   Reduce memory load on the system
#   Increase physical memory or swap space
#   Check if swap backing store is full
#   Decrease Java heap size (-Xmx/-Xms)
#   Decrease number of Java threads
#   Decrease Java thread stack sizes (-Xss)
#   Set larger code cache with -XX:ReservedCodeCacheSize=
#   JVM is running with Unscaled Compressed Oops mode in which the Java heap is
#     placed in the first 4GB address space. The Java Heap base address is the
#     maximum limit for the native heap growth. Please use -XX:HeapBaseMinAddress
#     to set the Java Heap base and to place the Java Heap above 4GB virtual address.
# This output file may be truncated or incomplete.
#
#  Out of Memory Error (./src/hotspot/share/memory/arena.cpp:197), pid=12628, tid=9256
#
# JRE version: OpenJDK Runtime Environment (11.0.10) (build 11.0.10+0-b96-7249189)
# Java VM: OpenJDK 64-Bit Server VM (11.0.10+0-b96-7249189, mixed mode, tiered, compressed oops, g1 gc, windows-amd64)
# No core dump will be written. Minidumps are not enabled by default on client versions of Windows
#

---------------  S U M M A R Y ------------

Command Line: --add-opens=java.base/java.util=ALL-UNNAMED --add-opens=java.base/java.lang=ALL-UNNAMED --add-opens=java.base/java.lang.invoke=ALL-UNNAMED --add-opens=java.prefs/java.util.prefs=ALL-UNNAMED -Xmx1536M -Dfile.encoding=windows-1258 -Duser.country=US -Duser.language=en -Duser.variant org.gradle.launcher.daemon.bootstrap.GradleDaemon 6.7

Host: Intel(R) Core(TM) i7-7500U CPU @ 2.70GHz, 4 cores, 15G,  Windows 10 , 64 bit Build 18362 (10.0.18362.1766)
Time: Sun Sep 26 05:46:01 2021 SE Asia Standard Time elapsed time: 6.571947 seconds (0d 0h 0m 6s)

---------------  T H R E A D  ---------------

Current thread (0x0000027867c47800):  JavaThread "C2 CompilerThread0" daemon [_thread_in_native, id=9256, stack(0x000000dc67800000,0x000000dc67900000)]


Current CompileTask:
C2:   6572 2169       4       java.net.URLClassLoader$1::run (5 bytes)

Stack: [0x000000dc67800000,0x000000dc67900000]
Native frames: (J=compiled Java code, j=interpreted, Vv=VM code, C=native code)
V  [jvm.dll+0x5ecfaa]
V  [jvm.dll+0x722bd5]
V  [jvm.dll+0x72412d]
V  [jvm.dll+0x7247e3]
V  [jvm.dll+0x242928]
V  [jvm.dll+0xbc4fc]
V  [jvm.dll+0xbca0c]
V  [jvm.dll+0x2b4fd4]
V  [jvm.dll+0x506028]
V  [jvm.dll+0x203253]
V  [jvm.dll+0x1fd07c]
V  [jvm.dll+0x1fa77f]
V  [jvm.dll+0x18354c]
V  [jvm.dll+0x208ee7]
V  [jvm.dll+0x207731]
V  [jvm.dll+0x6eb1cf]
V  [jvm.dll+0x6e3d45]
V  [jvm.dll+0x5ebe96]
C  [ucrtbase.dll+0x210b2]
C  [KERNEL32.DLL+0x17c24]
C  [ntdll.dll+0x6d721]


---------------  P R O C E S S  ---------------

Threads class SMR info:
_java_thread_list=0x000002786a6df100, length=24, elements={
0x000002784ca0e000, 0x0000027867bbb800, 0x0000027867bbd000, 0x0000027867c3d000,
0x0000027867c3e000, 0x0000027867c3f800, 0x0000027867c47800, 0x0000027867c4b000,
0x0000027867c4f000, 0x0000027867de7000, 0x0000027867de3000, 0x0000027867de4000,
0x0000027867de5800, 0x0000027867de4800, 0x0000027867de2000, 0x0000027867de6800,
0x0000027867de8000, 0x0000027867de8800, 0x0000027869d3b000, 0x0000027869d3d000,
0x0000027869d3a800, 0x0000027869d3c000, 0x0000027869d3d800, 0x0000027869d3e800
}

Java Threads: ( => current thread )
  0x000002784ca0e000 JavaThread "main" [_thread_blocked, id=12504, stack(0x000000dc66c00000,0x000000dc66d00000)]
  0x0000027867bbb800 JavaThread "Reference Handler" daemon [_thread_blocked, id=10680, stack(0x000000dc67300000,0x000000dc67400000)]
  0x0000027867bbd000 JavaThread "Finalizer" daemon [_thread_blocked, id=2784, stack(0x000000dc67400000,0x000000dc67500000)]
  0x0000027867c3d000 JavaThread "Signal Dispatcher" daemon [_thread_blocked, id=13420, stack(0x000000dc67500000,0x000000dc67600000)]
  0x0000027867c3e000 JavaThread "Attach Listener" daemon [_thread_blocked, id=3444, stack(0x000000dc67600000,0x000000dc67700000)]
  0x0000027867c3f800 JavaThread "Service Thread" daemon [_thread_blocked, id=6104, stack(0x000000dc67700000,0x000000dc67800000)]
=>0x0000027867c47800 JavaThread "C2 CompilerThread0" daemon [_thread_in_native, id=9256, stack(0x000000dc67800000,0x000000dc67900000)]
  0x0000027867c4b000 JavaThread "C1 CompilerThread0" daemon [_thread_blocked, id=3908, stack(0x000000dc67900000,0x000000dc67a00000)]
  0x0000027867c4f000 JavaThread "Sweeper thread" daemon [_thread_blocked, id=16604, stack(0x000000dc67a00000,0x000000dc67b00000)]
  0x0000027867de7000 JavaThread "Common-Cleaner" daemon [_thread_blocked, id=15324, stack(0x000000dc67b00000,0x000000dc67c00000)]
  0x0000027867de3000 JavaThread "Daemon health stats" [_thread_blocked, id=5492, stack(0x000000dc68100000,0x000000dc68200000)]
  0x0000027867de4000 JavaThread "Incoming local TCP Connector on port 49737" [_thread_in_native, id=17460, stack(0x000000dc68300000,0x000000dc68400000)]
  0x0000027867de5800 JavaThread "Daemon periodic checks" [_thread_blocked, id=10536, stack(0x000000dc68400000,0x000000dc68500000)]
  0x0000027867de4800 JavaThread "Daemon" [_thread_blocked, id=14700, stack(0x000000dc68500000,0x000000dc68600000)]
  0x0000027867de2000 JavaThread "Handler for socket connection from /127.0.0.1:49737 to /127.0.0.1:49738" [_thread_in_native, id=14156, stack(0x000000dc68600000,0x000000dc68700000)]
  0x0000027867de6800 JavaThread "Cancel handler" [_thread_blocked, id=3048, stack(0x000000dc68700000,0x000000dc68800000)]
  0x0000027867de8000 JavaThread "Daemon worker" [_thread_in_Java, id=7872, stack(0x000000dc68800000,0x000000dc68900000)]
  0x0000027867de8800 JavaThread "Asynchronous log dispatcher for DefaultDaemonConnection: socket connection from /127.0.0.1:49737 to /127.0.0.1:49738" [_thread_blocked, id=10452, stack(0x000000dc68900000,0x000000dc68a00000)]
  0x0000027869d3b000 JavaThread "Stdin handler" [_thread_blocked, id=4648, stack(0x000000dc68a00000,0x000000dc68b00000)]
  0x0000027869d3d000 JavaThread "Thread-8" [_thread_blocked, id=13472, stack(0x000000dc68b00000,0x000000dc68c00000)]
  0x0000027869d3a800 JavaThread "Cache worker for file hash cache (C:\Users\NANO\.gradle\caches\6.7\fileHashes)" [_thread_blocked, id=13764, stack(0x000000dc68c00000,0x000000dc68d00000)]
  0x0000027869d3c000 JavaThread "File lock request listener" [_thread_in_native, id=17904, stack(0x000000dc68d00000,0x000000dc68e00000)]
  0x0000027869d3d800 JavaThread "Cache worker for journal cache (C:\Users\NANO\.gradle\caches\journal-1)" [_thread_blocked, id=16940, stack(0x000000dc68e00000,0x000000dc68f00000)]
  0x0000027869d3e800 JavaThread "Cache worker for file hash cache (D:\Desktop\Flutter Projects\amquick\android\.gradle\6.7\fileHashes)" [_thread_blocked, id=7236, stack(0x000000dc68f00000,0x000000dc69000000)]

Other Threads:
  0x00000278673ad800 VMThread "VM Thread" [stack: 0x000000dc67200000,0x000000dc67300000] [id=12676]
  0x0000027867e08000 WatcherThread [stack: 0x000000dc67c00000,0x000000dc67d00000] [id=16376]
  0x000002784eab9800 GCTaskThread "GC Thread#0" [stack: 0x000000dc66d00000,0x000000dc66e00000] [id=3936]
  0x0000027868171000 GCTaskThread "GC Thread#1" [stack: 0x000000dc67e00000,0x000000dc67f00000] [id=7436]
  0x00000278683fe800 GCTaskThread "GC Thread#2" [stack: 0x000000dc67f00000,0x000000dc68000000] [id=13172]
  0x0000027868409800 GCTaskThread "GC Thread#3" [stack: 0x000000dc68000000,0x000000dc68100000] [id=13084]
  0x000002784eae0000 ConcurrentGCThread "G1 Main Marker" [stack: 0x000000dc66e00000,0x000000dc66f00000] [id=17868]
  0x000002784eae1800 ConcurrentGCThread "G1 Conc#0" [stack: 0x000000dc66f00000,0x000000dc67000000] [id=9620]
  0x000002784eb6d800 ConcurrentGCThread "G1 Refine#0" [stack: 0x000000dc67000000,0x000000dc67100000] [id=11188]
  0x000002784eb6e800 ConcurrentGCThread "G1 Young RemSet Sampling" [stack: 0x000000dc67100000,0x000000dc67200000] [id=17892]

Threads with active compile tasks:
C2 CompilerThread0   6599 2169       4       java.net.URLClassLoader$1::run (5 bytes)

VM state:not at safepoint (normal execution)

VM Mutex/Monitor currently owned by a thread: None

Heap address: 0x00000000a0000000, size: 1536 MB, Compressed Oops mode: 32-bit
Narrow klass base: 0x0000000000000000, Narrow klass shift: 3
Compressed class space size: 1073741824 Address: 0x0000000100000000

Heap:
 garbage-first heap   total 260096K, used 59991K [0x00000000a0000000, 0x0000000100000000)
  region size 1024K, 49 young (50176K), 4 survivors (4096K)
 Metaspace       used 25677K, capacity 26182K, committed 26368K, reserved 1073152K
  class space    used 3336K, capacity 3547K, committed 3584K, reserved 1048576K
Heap Regions: E=young(eden), S=young(survivor), O=old, HS=humongous(starts), HC=humongous(continues), CS=collection set, F=free, A=archive, TAMS=top-at-mark-start (previous, next)
|   0|0x00000000a0000000, 0x00000000a0100000, 0x00000000a0100000|100%| O|  |TAMS 0x00000000a0100000, 0x00000000a0000000| Untracked 
|   1|0x00000000a0100000, 0x00000000a0200000, 0x00000000a0200000|100%| O|  |TAMS 0x00000000a0200000, 0x00000000a0100000| Untracked 
|   2|0x00000000a0200000, 0x00000000a0300000, 0x00000000a0300000|100%| O|  |TAMS 0x00000000a0300000, 0x00000000a0200000| Untracked 
|   3|0x00000000a0300000, 0x00000000a0400000, 0x00000000a0400000|100%|HS|  |TAMS 0x00000000a0400000, 0x00000000a0300000| Complete 
|   4|0x00000000a0400000, 0x00000000a0500000, 0x00000000a0500000|100%|HC|  |TAMS 0x00000000a0500000, 0x00000000a0400000| Complete 
|   5|0x00000000a0500000, 0x00000000a0600000, 0x00000000a0600000|100%|HC|  |TAMS 0x00000000a0600000, 0x00000000a0500000| Complete 
|   6|0x00000000a0600000, 0x00000000a0700000, 0x00000000a0700000|100%| O|  |TAMS 0x00000000a0700000, 0x00000000a0600000| Untracked 
|   7|0x00000000a0700000, 0x00000000a0800000, 0x00000000a0800000|100%| O|  |TAMS 0x00000000a0800000, 0x00000000a0700000| Untracked 
|   8|0x00000000a0800000, 0x00000000a0900000, 0x00000000a0900000|100%| O|  |TAMS 0x00000000a0900000, 0x00000000a0800000| Untracked 
|   9|0x00000000a0900000, 0x00000000a0a00000, 0x00000000a0a00000|100%| O|  |TAMS 0x00000000a0a00000, 0x00000000a0900000| Untracked 
|  10|0x00000000a0a00000, 0x00000000a0b00000, 0x00000000a0b00000|100%| O|  |TAMS 0x00000000a0b00000, 0x00000000a0a00000| Untracked 
|  11|0x00000000a0b00000, 0x00000000a0c00000, 0x00000000a0c00000|100%| O|  |TAMS 0x00000000a0c00000, 0x00000000a0b00000| Untracked 
|  12|0x00000000a0c00000, 0x00000000a0c5b400, 0x00000000a0d00000| 35%| O|  |TAMS 0x00000000a0c5b400, 0x00000000a0c00000| Untracked 
|  13|0x00000000a0d00000, 0x00000000a0d00000, 0x00000000a0e00000|  0%| F|  |TAMS 0x00000000a0d00000, 0x00000000a0d00000| Untracked 
|  14|0x00000000a0e00000, 0x00000000a0e00000, 0x00000000a0f00000|  0%| F|  |TAMS 0x00000000a0e00000, 0x00000000a0e00000| Untracked 
|  15|0x00000000a0f00000, 0x00000000a0f00000, 0x00000000a1000000|  0%| F|  |TAMS 0x00000000a0f00000, 0x00000000a0f00000| Untracked 
|  16|0x00000000a1000000, 0x00000000a1000000, 0x00000000a1100000|  0%| F|  |TAMS 0x00000000a1000000, 0x00000000a1000000| Untracked 
|  17|0x00000000a1100000, 0x00000000a1100000, 0x00000000a1200000|  0%| F|  |TAMS 0x00000000a1100000, 0x00000000a1100000| Untracked 
|  18|0x00000000a1200000, 0x00000000a1200000, 0x00000000a1300000|  0%| F|  |TAMS 0x00000000a1200000, 0x00000000a1200000| Untracked 
|  19|0x00000000a1300000, 0x00000000a1300000, 0x00000000a1400000|  0%| F|  |TAMS 0x00000000a1300000, 0x00000000a1300000| Untracked 
|  20|0x00000000a1400000, 0x00000000a1400000, 0x00000000a1500000|  0%| F|  |TAMS 0x00000000a1400000, 0x00000000a1400000| Untracked 
|  21|0x00000000a1500000, 0x00000000a1500000, 0x00000000a1600000|  0%| F|  |TAMS 0x00000000a1500000, 0x00000000a1500000| Untracked 
|  22|0x00000000a1600000, 0x00000000a1600000, 0x00000000a1700000|  0%| F|  |TAMS 0x00000000a1600000, 0x00000000a1600000| Untracked 
|  23|0x00000000a1700000, 0x00000000a1700000, 0x00000000a1800000|  0%| F|  |TAMS 0x00000000a1700000, 0x00000000a1700000| Untracked 
|  24|0x00000000a1800000, 0x00000000a1800000, 0x00000000a1900000|  0%| F|  |TAMS 0x00000000a1800000, 0x00000000a1800000| Untracked 
|  25|0x00000000a1900000, 0x00000000a1900000, 0x00000000a1a00000|  0%| F|  |TAMS 0x00000000a1900000, 0x00000000a1900000| Untracked 
|  26|0x00000000a1a00000, 0x00000000a1a00000, 0x00000000a1b00000|  0%| F|  |TAMS 0x00000000a1a00000, 0x00000000a1a00000| Untracked 
|  27|0x00000000a1b00000, 0x00000000a1b00000, 0x00000000a1c00000|  0%| F|  |TAMS 0x00000000a1b00000, 0x00000000a1b00000| Untracked 
|  28|0x00000000a1c00000, 0x00000000a1c00000, 0x00000000a1d00000|  0%| F|  |TAMS 0x00000000a1c00000, 0x00000000a1c00000| Untracked 
|  29|0x00000000a1d00000, 0x00000000a1d00000, 0x00000000a1e00000|  0%| F|  |TAMS 0x00000000a1d00000, 0x00000000a1d00000| Untracked 
|  30|0x00000000a1e00000, 0x00000000a1e00000, 0x00000000a1f00000|  0%| F|  |TAMS 0x00000000a1e00000, 0x00000000a1e00000| Untracked 
|  31|0x00000000a1f00000, 0x00000000a1f00000, 0x00000000a2000000|  0%| F|  |TAMS 0x00000000a1f00000, 0x00000000a1f00000| Untracked 
|  32|0x00000000a2000000, 0x00000000a2000000, 0x00000000a2100000|  0%| F|  |TAMS 0x00000000a2000000, 0x00000000a2000000| Untracked 
|  33|0x00000000a2100000, 0x00000000a2100000, 0x00000000a2200000|  0%| F|  |TAMS 0x00000000a2100000, 0x00000000a2100000| Untracked 
|  34|0x00000000a2200000, 0x00000000a2200000, 0x00000000a2300000|  0%| F|  |TAMS 0x00000000a2200000, 0x00000000a2200000| Untracked 
|  35|0x00000000a2300000, 0x00000000a2300000, 0x00000000a2400000|  0%| F|  |TAMS 0x00000000a2300000, 0x00000000a2300000| Untracked 
|  36|0x00000000a2400000, 0x00000000a2400000, 0x00000000a2500000|  0%| F|  |TAMS 0x00000000a2400000, 0x00000000a2400000| Untracked 
|  37|0x00000000a2500000, 0x00000000a2500000, 0x00000000a2600000|  0%| F|  |TAMS 0x00000000a2500000, 0x00000000a2500000| Untracked 
|  38|0x00000000a2600000, 0x00000000a2600000, 0x00000000a2700000|  0%| F|  |TAMS 0x00000000a2600000, 0x00000000a2600000| Untracked 
|  39|0x00000000a2700000, 0x00000000a2700000, 0x00000000a2800000|  0%| F|  |TAMS 0x00000000a2700000, 0x00000000a2700000| Untracked 
|  40|0x00000000a2800000, 0x00000000a2800000, 0x00000000a2900000|  0%| F|  |TAMS 0x00000000a2800000, 0x00000000a2800000| Untracked 
|  41|0x00000000a2900000, 0x00000000a2900000, 0x00000000a2a00000|  0%| F|  |TAMS 0x00000000a2900000, 0x00000000a2900000| Untracked 
|  42|0x00000000a2a00000, 0x00000000a2a00000, 0x00000000a2b00000|  0%| F|  |TAMS 0x00000000a2a00000, 0x00000000a2a00000| Untracked 
|  43|0x00000000a2b00000, 0x00000000a2b00000, 0x00000000a2c00000|  0%| F|  |TAMS 0x00000000a2b00000, 0x00000000a2b00000| Untracked 
|  44|0x00000000a2c00000, 0x00000000a2c00000, 0x00000000a2d00000|  0%| F|  |TAMS 0x00000000a2c00000, 0x00000000a2c00000| Untracked 
|  45|0x00000000a2d00000, 0x00000000a2d00000, 0x00000000a2e00000|  0%| F|  |TAMS 0x00000000a2d00000, 0x00000000a2d00000| Untracked 
|  46|0x00000000a2e00000, 0x00000000a2e00000, 0x00000000a2f00000|  0%| F|  |TAMS 0x00000000a2e00000, 0x00000000a2e00000| Untracked 
|  47|0x00000000a2f00000, 0x00000000a2f00000, 0x00000000a3000000|  0%| F|  |TAMS 0x00000000a2f00000, 0x00000000a2f00000| Untracked 
|  48|0x00000000a3000000, 0x00000000a3000000, 0x00000000a3100000|  0%| F|  |TAMS 0x00000000a3000000, 0x00000000a3000000| Untracked 
|  49|0x00000000a3100000, 0x00000000a3100000, 0x00000000a3200000|  0%| F|  |TAMS 0x00000000a3100000, 0x00000000a3100000| Untracked 
|  50|0x00000000a3200000, 0x00000000a3200000, 0x00000000a3300000|  0%| F|  |TAMS 0x00000000a3200000, 0x00000000a3200000| Untracked 
|  51|0x00000000a3300000, 0x00000000a3300000, 0x00000000a3400000|  0%| F|  |TAMS 0x00000000a3300000, 0x00000000a3300000| Untracked 
|  52|0x00000000a3400000, 0x00000000a3400000, 0x00000000a3500000|  0%| F|  |TAMS 0x00000000a3400000, 0x00000000a3400000| Untracked 
|  53|0x00000000a3500000, 0x00000000a3500000, 0x00000000a3600000|  0%| F|  |TAMS 0x00000000a3500000, 0x00000000a3500000| Untracked 
|  54|0x00000000a3600000, 0x00000000a3600000, 0x00000000a3700000|  0%| F|  |TAMS 0x00000000a3600000, 0x00000000a3600000| Untracked 
|  55|0x00000000a3700000, 0x00000000a3700000, 0x00000000a3800000|  0%| F|  |TAMS 0x00000000a3700000, 0x00000000a3700000| Untracked 
|  56|0x00000000a3800000, 0x00000000a3800000, 0x00000000a3900000|  0%| F|  |TAMS 0x00000000a3800000, 0x00000000a3800000| Untracked 
|  57|0x00000000a3900000, 0x00000000a3900000, 0x00000000a3a00000|  0%| F|  |TAMS 0x00000000a3900000, 0x00000000a3900000| Untracked 
|  58|0x00000000a3a00000, 0x00000000a3a00000, 0x00000000a3b00000|  0%| F|  |TAMS 0x00000000a3a00000, 0x00000000a3a00000| Untracked 
|  59|0x00000000a3b00000, 0x00000000a3b00000, 0x00000000a3c00000|  0%| F|  |TAMS 0x00000000a3b00000, 0x00000000a3b00000| Untracked 
|  60|0x00000000a3c00000, 0x00000000a3c00000, 0x00000000a3d00000|  0%| F|  |TAMS 0x00000000a3c00000, 0x00000000a3c00000| Untracked 
|  61|0x00000000a3d00000, 0x00000000a3d00000, 0x00000000a3e00000|  0%| F|  |TAMS 0x00000000a3d00000, 0x00000000a3d00000| Untracked 
|  62|0x00000000a3e00000, 0x00000000a3e00000, 0x00000000a3f00000|  0%| F|  |TAMS 0x00000000a3e00000, 0x00000000a3e00000| Untracked 
|  63|0x00000000a3f00000, 0x00000000a3f00000, 0x00000000a4000000|  0%| F|  |TAMS 0x00000000a3f00000, 0x00000000a3f00000| Untracked 
|  64|0x00000000a4000000, 0x00000000a4000000, 0x00000000a4100000|  0%| F|  |TAMS 0x00000000a4000000, 0x00000000a4000000| Untracked 
|  65|0x00000000a4100000, 0x00000000a4100000, 0x00000000a4200000|  0%| F|  |TAMS 0x00000000a4100000, 0x00000000a4100000| Untracked 
|  66|0x00000000a4200000, 0x00000000a4200000, 0x00000000a4300000|  0%| F|  |TAMS 0x00000000a4200000, 0x00000000a4200000| Untracked 
|  67|0x00000000a4300000, 0x00000000a4300000, 0x00000000a4400000|  0%| F|  |TAMS 0x00000000a4300000, 0x00000000a4300000| Untracked 
|  68|0x00000000a4400000, 0x00000000a4400000, 0x00000000a4500000|  0%| F|  |TAMS 0x00000000a4400000, 0x00000000a4400000| Untracked 
|  69|0x00000000a4500000, 0x00000000a4500000, 0x00000000a4600000|  0%| F|  |TAMS 0x00000000a4500000, 0x00000000a4500000| Untracked 
|  70|0x00000000a4600000, 0x00000000a4600000, 0x00000000a4700000|  0%| F|  |TAMS 0x00000000a4600000, 0x00000000a4600000| Untracked 
|  71|0x00000000a4700000, 0x00000000a4700000, 0x00000000a4800000|  0%| F|  |TAMS 0x00000000a4700000, 0x00000000a4700000| Untracked 
|  72|0x00000000a4800000, 0x00000000a4800000, 0x00000000a4900000|  0%| F|  |TAMS 0x00000000a4800000, 0x00000000a4800000| Untracked 
|  73|0x00000000a4900000, 0x00000000a4900000, 0x00000000a4a00000|  0%| F|  |TAMS 0x00000000a4900000, 0x00000000a4900000| Untracked 
|  74|0x00000000a4a00000, 0x00000000a4a00000, 0x00000000a4b00000|  0%| F|  |TAMS 0x00000000a4a00000, 0x00000000a4a00000| Untracked 
|  75|0x00000000a4b00000, 0x00000000a4b00000, 0x00000000a4c00000|  0%| F|  |TAMS 0x00000000a4b00000, 0x00000000a4b00000| Untracked 
|  76|0x00000000a4c00000, 0x00000000a4c00000, 0x00000000a4d00000|  0%| F|  |TAMS 0x00000000a4c00000, 0x00000000a4c00000| Untracked 
|  77|0x00000000a4d00000, 0x00000000a4d00000, 0x00000000a4e00000|  0%| F|  |TAMS 0x00000000a4d00000, 0x00000000a4d00000| Untracked 
|  78|0x00000000a4e00000, 0x00000000a4e00000, 0x00000000a4f00000|  0%| F|  |TAMS 0x00000000a4e00000, 0x00000000a4e00000| Untracked 
|  79|0x00000000a4f00000, 0x00000000a4f00000, 0x00000000a5000000|  0%| F|  |TAMS 0x00000000a4f00000, 0x00000000a4f00000| Untracked 
|  80|0x00000000a5000000, 0x00000000a5000000, 0x00000000a5100000|  0%| F|  |TAMS 0x00000000a5000000, 0x00000000a5000000| Untracked 
|  81|0x00000000a5100000, 0x00000000a5100000, 0x00000000a5200000|  0%| F|  |TAMS 0x00000000a5100000, 0x00000000a5100000| Untracked 
|  82|0x00000000a5200000, 0x00000000a5200000, 0x00000000a5300000|  0%| F|  |TAMS 0x00000000a5200000, 0x00000000a5200000| Untracked 
|  83|0x00000000a5300000, 0x00000000a5300000, 0x00000000a5400000|  0%| F|  |TAMS 0x00000000a5300000, 0x00000000a5300000| Untracked 
|  84|0x00000000a5400000, 0x00000000a5400000, 0x00000000a5500000|  0%| F|  |TAMS 0x00000000a5400000, 0x00000000a5400000| Untracked 
|  85|0x00000000a5500000, 0x00000000a5500000, 0x00000000a5600000|  0%| F|  |TAMS 0x00000000a5500000, 0x00000000a5500000| Untracked 
|  86|0x00000000a5600000, 0x00000000a5600000, 0x00000000a5700000|  0%| F|  |TAMS 0x00000000a5600000, 0x00000000a5600000| Untracked 
|  87|0x00000000a5700000, 0x00000000a5700000, 0x00000000a5800000|  0%| F|  |TAMS 0x00000000a5700000, 0x00000000a5700000| Untracked 
|  88|0x00000000a5800000, 0x00000000a5800000, 0x00000000a5900000|  0%| F|  |TAMS 0x00000000a5800000, 0x00000000a5800000| Untracked 
|  89|0x00000000a5900000, 0x00000000a5900000, 0x00000000a5a00000|  0%| F|  |TAMS 0x00000000a5900000, 0x00000000a5900000| Untracked 
|  90|0x00000000a5a00000, 0x00000000a5a00000, 0x00000000a5b00000|  0%| F|  |TAMS 0x00000000a5a00000, 0x00000000a5a00000| Untracked 
|  91|0x00000000a5b00000, 0x00000000a5b00000, 0x00000000a5c00000|  0%| F|  |TAMS 0x00000000a5b00000, 0x00000000a5b00000| Untracked 
|  92|0x00000000a5c00000, 0x00000000a5c00000, 0x00000000a5d00000|  0%| F|  |TAMS 0x00000000a5c00000, 0x00000000a5c00000| Untracked 
|  93|0x00000000a5d00000, 0x00000000a5d00000, 0x00000000a5e00000|  0%| F|  |TAMS 0x00000000a5d00000, 0x00000000a5d00000| Untracked 
|  94|0x00000000a5e00000, 0x00000000a5e00000, 0x00000000a5f00000|  0%| F|  |TAMS 0x00000000a5e00000, 0x00000000a5e00000| Untracked 
|  95|0x00000000a5f00000, 0x00000000a5f00000, 0x00000000a6000000|  0%| F|  |TAMS 0x00000000a5f00000, 0x00000000a5f00000| Untracked 
|  96|0x00000000a6000000, 0x00000000a6000000, 0x00000000a6100000|  0%| F|  |TAMS 0x00000000a6000000, 0x00000000a6000000| Untracked 
|  97|0x00000000a6100000, 0x00000000a6100000, 0x00000000a6200000|  0%| F|  |TAMS 0x00000000a6100000, 0x00000000a6100000| Untracked 
|  98|0x00000000a6200000, 0x00000000a6200000, 0x00000000a6300000|  0%| F|  |TAMS 0x00000000a6200000, 0x00000000a6200000| Untracked 
|  99|0x00000000a6300000, 0x00000000a6300000, 0x00000000a6400000|  0%| F|  |TAMS 0x00000000a6300000, 0x00000000a6300000| Untracked 
| 100|0x00000000a6400000, 0x00000000a6400000, 0x00000000a6500000|  0%| F|  |TAMS 0x00000000a6400000, 0x00000000a6400000| Untracked 
| 101|0x00000000a6500000, 0x00000000a6500000, 0x00000000a6600000|  0%| F|  |TAMS 0x00000000a6500000, 0x00000000a6500000| Untracked 
| 102|0x00000000a6600000, 0x00000000a6600000, 0x00000000a6700000|  0%| F|  |TAMS 0x00000000a6600000, 0x00000000a6600000| Untracked 
| 103|0x00000000a6700000, 0x00000000a6700000, 0x00000000a6800000|  0%| F|  |TAMS 0x00000000a6700000, 0x00000000a6700000| Untracked 
| 104|0x00000000a6800000, 0x00000000a6800000, 0x00000000a6900000|  0%| F|  |TAMS 0x00000000a6800000, 0x00000000a6800000| Untracked 
| 105|0x00000000a6900000, 0x00000000a6900000, 0x00000000a6a00000|  0%| F|  |TAMS 0x00000000a6900000, 0x00000000a6900000| Untracked 
| 106|0x00000000a6a00000, 0x00000000a6a00000, 0x00000000a6b00000|  0%| F|  |TAMS 0x00000000a6a00000, 0x00000000a6a00000| Untracked 
| 107|0x00000000a6b00000, 0x00000000a6b00000, 0x00000000a6c00000|  0%| F|  |TAMS 0x00000000a6b00000, 0x00000000a6b00000| Untracked 
| 108|0x00000000a6c00000, 0x00000000a6c00000, 0x00000000a6d00000|  0%| F|  |TAMS 0x00000000a6c00000, 0x00000000a6c00000| Untracked 
| 109|0x00000000a6d00000, 0x00000000a6d00000, 0x00000000a6e00000|  0%| F|  |TAMS 0x00000000a6d00000, 0x00000000a6d00000| Untracked 
| 110|0x00000000a6e00000, 0x00000000a6e00000, 0x00000000a6f00000|  0%| F|  |TAMS 0x00000000a6e00000, 0x00000000a6e00000| Untracked 
| 111|0x00000000a6f00000, 0x00000000a6f00000, 0x00000000a7000000|  0%| F|  |TAMS 0x00000000a6f00000, 0x00000000a6f00000| Untracked 
| 112|0x00000000a7000000, 0x00000000a7000000, 0x00000000a7100000|  0%| F|  |TAMS 0x00000000a7000000, 0x00000000a7000000| Untracked 
| 113|0x00000000a7100000, 0x00000000a7100000, 0x00000000a7200000|  0%| F|  |TAMS 0x00000000a7100000, 0x00000000a7100000| Untracked 
| 114|0x00000000a7200000, 0x00000000a7200000, 0x00000000a7300000|  0%| F|  |TAMS 0x00000000a7200000, 0x00000000a7200000| Untracked 
| 115|0x00000000a7300000, 0x00000000a7300000, 0x00000000a7400000|  0%| F|  |TAMS 0x00000000a7300000, 0x00000000a7300000| Untracked 
| 116|0x00000000a7400000, 0x00000000a7400000, 0x00000000a7500000|  0%| F|  |TAMS 0x00000000a7400000, 0x00000000a7400000| Untracked 
| 117|0x00000000a7500000, 0x00000000a7500000, 0x00000000a7600000|  0%| F|  |TAMS 0x00000000a7500000, 0x00000000a7500000| Untracked 
| 118|0x00000000a7600000, 0x00000000a7600000, 0x00000000a7700000|  0%| F|  |TAMS 0x00000000a7600000, 0x00000000a7600000| Untracked 
| 119|0x00000000a7700000, 0x00000000a7700000, 0x00000000a7800000|  0%| F|  |TAMS 0x00000000a7700000, 0x00000000a7700000| Untracked 
| 120|0x00000000a7800000, 0x00000000a7800000, 0x00000000a7900000|  0%| F|  |TAMS 0x00000000a7800000, 0x00000000a7800000| Untracked 
| 121|0x00000000a7900000, 0x00000000a7900000, 0x00000000a7a00000|  0%| F|  |TAMS 0x00000000a7900000, 0x00000000a7900000| Untracked 
| 122|0x00000000a7a00000, 0x00000000a7a00000, 0x00000000a7b00000|  0%| F|  |TAMS 0x00000000a7a00000, 0x00000000a7a00000| Untracked 
| 123|0x00000000a7b00000, 0x00000000a7b00000, 0x00000000a7c00000|  0%| F|  |TAMS 0x00000000a7b00000, 0x00000000a7b00000| Untracked 
| 124|0x00000000a7c00000, 0x00000000a7c00000, 0x00000000a7d00000|  0%| F|  |TAMS 0x00000000a7c00000, 0x00000000a7c00000| Untracked 
| 125|0x00000000a7d00000, 0x00000000a7d00000, 0x00000000a7e00000|  0%| F|  |TAMS 0x00000000a7d00000, 0x00000000a7d00000| Untracked 
| 126|0x00000000a7e00000, 0x00000000a7e00000, 0x00000000a7f00000|  0%| F|  |TAMS 0x00000000a7e00000, 0x00000000a7e00000| Untracked 
| 127|0x00000000a7f00000, 0x00000000a7f00000, 0x00000000a8000000|  0%| F|  |TAMS 0x00000000a7f00000, 0x00000000a7f00000| Untracked 
| 128|0x00000000a8000000, 0x00000000a8000000, 0x00000000a8100000|  0%| F|  |TAMS 0x00000000a8000000, 0x00000000a8000000| Untracked 
| 129|0x00000000a8100000, 0x00000000a8100000, 0x00000000a8200000|  0%| F|  |TAMS 0x00000000a8100000, 0x00000000a8100000| Untracked 
| 130|0x00000000a8200000, 0x00000000a8200000, 0x00000000a8300000|  0%| F|  |TAMS 0x00000000a8200000, 0x00000000a8200000| Untracked 
| 131|0x00000000a8300000, 0x00000000a8300000, 0x00000000a8400000|  0%| F|  |TAMS 0x00000000a8300000, 0x00000000a8300000| Untracked 
| 132|0x00000000a8400000, 0x00000000a8400000, 0x00000000a8500000|  0%| F|  |TAMS 0x00000000a8400000, 0x00000000a8400000| Untracked 
| 133|0x00000000a8500000, 0x00000000a8500000, 0x00000000a8600000|  0%| F|  |TAMS 0x00000000a8500000, 0x00000000a8500000| Untracked 
| 134|0x00000000a8600000, 0x00000000a8600000, 0x00000000a8700000|  0%| F|  |TAMS 0x00000000a8600000, 0x00000000a8600000| Untracked 
| 135|0x00000000a8700000, 0x00000000a8700000, 0x00000000a8800000|  0%| F|  |TAMS 0x00000000a8700000, 0x00000000a8700000| Untracked 
| 136|0x00000000a8800000, 0x00000000a8800000, 0x00000000a8900000|  0%| F|  |TAMS 0x00000000a8800000, 0x00000000a8800000| Untracked 
| 137|0x00000000a8900000, 0x00000000a8900000, 0x00000000a8a00000|  0%| F|  |TAMS 0x00000000a8900000, 0x00000000a8900000| Untracked 
| 138|0x00000000a8a00000, 0x00000000a8a00000, 0x00000000a8b00000|  0%| F|  |TAMS 0x00000000a8a00000, 0x00000000a8a00000| Untracked 
| 139|0x00000000a8b00000, 0x00000000a8b00000, 0x00000000a8c00000|  0%| F|  |TAMS 0x00000000a8b00000, 0x00000000a8b00000| Untracked 
| 140|0x00000000a8c00000, 0x00000000a8c00000, 0x00000000a8d00000|  0%| F|  |TAMS 0x00000000a8c00000, 0x00000000a8c00000| Untracked 
| 141|0x00000000a8d00000, 0x00000000a8d00000, 0x00000000a8e00000|  0%| F|  |TAMS 0x00000000a8d00000, 0x00000000a8d00000| Untracked 
| 142|0x00000000a8e00000, 0x00000000a8e00000, 0x00000000a8f00000|  0%| F|  |TAMS 0x00000000a8e00000, 0x00000000a8e00000| Untracked 
| 143|0x00000000a8f00000, 0x00000000a8f00000, 0x00000000a9000000|  0%| F|  |TAMS 0x00000000a8f00000, 0x00000000a8f00000| Untracked 
| 144|0x00000000a9000000, 0x00000000a9000000, 0x00000000a9100000|  0%| F|  |TAMS 0x00000000a9000000, 0x00000000a9000000| Untracked 
| 145|0x00000000a9100000, 0x00000000a9100000, 0x00000000a9200000|  0%| F|  |TAMS 0x00000000a9100000, 0x00000000a9100000| Untracked 
| 146|0x00000000a9200000, 0x00000000a9200000, 0x00000000a9300000|  0%| F|  |TAMS 0x00000000a9200000, 0x00000000a9200000| Untracked 
| 147|0x00000000a9300000, 0x00000000a9300000, 0x00000000a9400000|  0%| F|  |TAMS 0x00000000a9300000, 0x00000000a9300000| Untracked 
| 148|0x00000000a9400000, 0x00000000a9400000, 0x00000000a9500000|  0%| F|  |TAMS 0x00000000a9400000, 0x00000000a9400000| Untracked 
| 149|0x00000000a9500000, 0x00000000a9500000, 0x00000000a9600000|  0%| F|  |TAMS 0x00000000a9500000, 0x00000000a9500000| Untracked 
| 150|0x00000000a9600000, 0x00000000a9600000, 0x00000000a9700000|  0%| F|  |TAMS 0x00000000a9600000, 0x00000000a9600000| Untracked 
| 151|0x00000000a9700000, 0x00000000a9700000, 0x00000000a9800000|  0%| F|  |TAMS 0x00000000a9700000, 0x00000000a9700000| Untracked 
| 152|0x00000000a9800000, 0x00000000a9800000, 0x00000000a9900000|  0%| F|  |TAMS 0x00000000a9800000, 0x00000000a9800000| Untracked 
| 153|0x00000000a9900000, 0x00000000a9900000, 0x00000000a9a00000|  0%| F|  |TAMS 0x00000000a9900000, 0x00000000a9900000| Untracked 
| 154|0x00000000a9a00000, 0x00000000a9a00000, 0x00000000a9b00000|  0%| F|  |TAMS 0x00000000a9a00000, 0x00000000a9a00000| Untracked 
| 155|0x00000000a9b00000, 0x00000000a9b00000, 0x00000000a9c00000|  0%| F|  |TAMS 0x00000000a9b00000, 0x00000000a9b00000| Untracked 
| 156|0x00000000a9c00000, 0x00000000a9c00000, 0x00000000a9d00000|  0%| F|  |TAMS 0x00000000a9c00000, 0x00000000a9c00000| Untracked 
| 157|0x00000000a9d00000, 0x00000000a9d00000, 0x00000000a9e00000|  0%| F|  |TAMS 0x00000000a9d00000, 0x00000000a9d00000| Untracked 
| 158|0x00000000a9e00000, 0x00000000a9e00000, 0x00000000a9f00000|  0%| F|  |TAMS 0x00000000a9e00000, 0x00000000a9e00000| Untracked 
| 159|0x00000000a9f00000, 0x00000000a9f00000, 0x00000000aa000000|  0%| F|  |TAMS 0x00000000a9f00000, 0x00000000a9f00000| Untracked 
| 160|0x00000000aa000000, 0x00000000aa000000, 0x00000000aa100000|  0%| F|  |TAMS 0x00000000aa000000, 0x00000000aa000000| Untracked 
| 161|0x00000000aa100000, 0x00000000aa100000, 0x00000000aa200000|  0%| F|  |TAMS 0x00000000aa100000, 0x00000000aa100000| Untracked 
| 162|0x00000000aa200000, 0x00000000aa200000, 0x00000000aa300000|  0%| F|  |TAMS 0x00000000aa200000, 0x00000000aa200000| Untracked 
| 163|0x00000000aa300000, 0x00000000aa300000, 0x00000000aa400000|  0%| F|  |TAMS 0x00000000aa300000, 0x00000000aa300000| Untracked 
| 164|0x00000000aa400000, 0x00000000aa400000, 0x00000000aa500000|  0%| F|  |TAMS 0x00000000aa400000, 0x00000000aa400000| Untracked 
| 165|0x00000000aa500000, 0x00000000aa500000, 0x00000000aa600000|  0%| F|  |TAMS 0x00000000aa500000, 0x00000000aa500000| Untracked 
| 166|0x00000000aa600000, 0x00000000aa600000, 0x00000000aa700000|  0%| F|  |TAMS 0x00000000aa600000, 0x00000000aa600000| Untracked 
| 167|0x00000000aa700000, 0x00000000aa700000, 0x00000000aa800000|  0%| F|  |TAMS 0x00000000aa700000, 0x00000000aa700000| Untracked 
| 168|0x00000000aa800000, 0x00000000aa800000, 0x00000000aa900000|  0%| F|  |TAMS 0x00000000aa800000, 0x00000000aa800000| Untracked 
| 169|0x00000000aa900000, 0x00000000aa900000, 0x00000000aaa00000|  0%| F|  |TAMS 0x00000000aa900000, 0x00000000aa900000| Untracked 
| 170|0x00000000aaa00000, 0x00000000aaa00000, 0x00000000aab00000|  0%| F|  |TAMS 0x00000000aaa00000, 0x00000000aaa00000| Untracked 
| 171|0x00000000aab00000, 0x00000000aab00000, 0x00000000aac00000|  0%| F|  |TAMS 0x00000000aab00000, 0x00000000aab00000| Untracked 
| 172|0x00000000aac00000, 0x00000000aac00000, 0x00000000aad00000|  0%| F|  |TAMS 0x00000000aac00000, 0x00000000aac00000| Untracked 
| 173|0x00000000aad00000, 0x00000000aad00000, 0x00000000aae00000|  0%| F|  |TAMS 0x00000000aad00000, 0x00000000aad00000| Untracked 
| 174|0x00000000aae00000, 0x00000000aae00000, 0x00000000aaf00000|  0%| F|  |TAMS 0x00000000aae00000, 0x00000000aae00000| Untracked 
| 175|0x00000000aaf00000, 0x00000000aaf00000, 0x00000000ab000000|  0%| F|  |TAMS 0x00000000aaf00000, 0x00000000aaf00000| Untracked 
| 176|0x00000000ab000000, 0x00000000ab000000, 0x00000000ab100000|  0%| F|  |TAMS 0x00000000ab000000, 0x00000000ab000000| Untracked 
| 177|0x00000000ab100000, 0x00000000ab100000, 0x00000000ab200000|  0%| F|  |TAMS 0x00000000ab100000, 0x00000000ab100000| Untracked 
| 178|0x00000000ab200000, 0x00000000ab200000, 0x00000000ab300000|  0%| F|  |TAMS 0x00000000ab200000, 0x00000000ab200000| Untracked 
| 179|0x00000000ab300000, 0x00000000ab300000, 0x00000000ab400000|  0%| F|  |TAMS 0x00000000ab300000, 0x00000000ab300000| Untracked 
| 180|0x00000000ab400000, 0x00000000ab400000, 0x00000000ab500000|  0%| F|  |TAMS 0x00000000ab400000, 0x00000000ab400000| Untracked 
| 181|0x00000000ab500000, 0x00000000ab500000, 0x00000000ab600000|  0%| F|  |TAMS 0x00000000ab500000, 0x00000000ab500000| Untracked 
| 182|0x00000000ab600000, 0x00000000ab600000, 0x00000000ab700000|  0%| F|  |TAMS 0x00000000ab600000, 0x00000000ab600000| Untracked 
| 183|0x00000000ab700000, 0x00000000ab700000, 0x00000000ab800000|  0%| F|  |TAMS 0x00000000ab700000, 0x00000000ab700000| Untracked 
| 184|0x00000000ab800000, 0x00000000ab800000, 0x00000000ab900000|  0%| F|  |TAMS 0x00000000ab800000, 0x00000000ab800000| Untracked 
| 185|0x00000000ab900000, 0x00000000ab900000, 0x00000000aba00000|  0%| F|  |TAMS 0x00000000ab900000, 0x00000000ab900000| Untracked 
| 186|0x00000000aba00000, 0x00000000aba00000, 0x00000000abb00000|  0%| F|  |TAMS 0x00000000aba00000, 0x00000000aba00000| Untracked 
| 187|0x00000000abb00000, 0x00000000abb00000, 0x00000000abc00000|  0%| F|  |TAMS 0x00000000abb00000, 0x00000000abb00000| Untracked 
| 188|0x00000000abc00000, 0x00000000abc00000, 0x00000000abd00000|  0%| F|  |TAMS 0x00000000abc00000, 0x00000000abc00000| Untracked 
| 189|0x00000000abd00000, 0x00000000abd00000, 0x00000000abe00000|  0%| F|  |TAMS 0x00000000abd00000, 0x00000000abd00000| Untracked 
| 190|0x00000000abe00000, 0x00000000abe00000, 0x00000000abf00000|  0%| F|  |TAMS 0x00000000abe00000, 0x00000000abe00000| Untracked 
| 191|0x00000000abf00000, 0x00000000abf00000, 0x00000000ac000000|  0%| F|  |TAMS 0x00000000abf00000, 0x00000000abf00000| Untracked 
| 192|0x00000000ac000000, 0x00000000ac000000, 0x00000000ac100000|  0%| F|  |TAMS 0x00000000ac000000, 0x00000000ac000000| Untracked 
| 193|0x00000000ac100000, 0x00000000ac100000, 0x00000000ac200000|  0%| F|  |TAMS 0x00000000ac100000, 0x00000000ac100000| Untracked 
| 194|0x00000000ac200000, 0x00000000ac200000, 0x00000000ac300000|  0%| F|  |TAMS 0x00000000ac200000, 0x00000000ac200000| Untracked 
| 195|0x00000000ac300000, 0x00000000ac300000, 0x00000000ac400000|  0%| F|  |TAMS 0x00000000ac300000, 0x00000000ac300000| Untracked 
| 196|0x00000000ac400000, 0x00000000ac400000, 0x00000000ac500000|  0%| F|  |TAMS 0x00000000ac400000, 0x00000000ac400000| Untracked 
| 197|0x00000000ac500000, 0x00000000ac500000, 0x00000000ac600000|  0%| F|  |TAMS 0x00000000ac500000, 0x00000000ac500000| Untracked 
| 198|0x00000000ac600000, 0x00000000ac600000, 0x00000000ac700000|  0%| F|  |TAMS 0x00000000ac600000, 0x00000000ac600000| Untracked 
| 199|0x00000000ac700000, 0x00000000ac700000, 0x00000000ac800000|  0%| F|  |TAMS 0x00000000ac700000, 0x00000000ac700000| Untracked 
| 200|0x00000000ac800000, 0x00000000ac800000, 0x00000000ac900000|  0%| F|  |TAMS 0x00000000ac800000, 0x00000000ac800000| Untracked 
| 201|0x00000000ac900000, 0x00000000ac900000, 0x00000000aca00000|  0%| F|  |TAMS 0x00000000ac900000, 0x00000000ac900000| Untracked 
| 202|0x00000000aca00000, 0x00000000aca00000, 0x00000000acb00000|  0%| F|  |TAMS 0x00000000aca00000, 0x00000000aca00000| Untracked 
| 203|0x00000000acb00000, 0x00000000acb00000, 0x00000000acc00000|  0%| F|  |TAMS 0x00000000acb00000, 0x00000000acb00000| Untracked 
| 204|0x00000000acc00000, 0x00000000acc7f5a0, 0x00000000acd00000| 49%| E|  |TAMS 0x00000000acc00000, 0x00000000acc00000| Complete 
| 205|0x00000000acd00000, 0x00000000ace00000, 0x00000000ace00000|100%| E|CS|TAMS 0x00000000acd00000, 0x00000000acd00000| Complete 
| 206|0x00000000ace00000, 0x00000000acf00000, 0x00000000acf00000|100%| E|CS|TAMS 0x00000000ace00000, 0x00000000ace00000| Complete 
| 207|0x00000000acf00000, 0x00000000ad000000, 0x00000000ad000000|100%| E|CS|TAMS 0x00000000acf00000, 0x00000000acf00000| Complete 
| 208|0x00000000ad000000, 0x00000000ad100000, 0x00000000ad100000|100%| E|CS|TAMS 0x00000000ad000000, 0x00000000ad000000| Complete 
| 209|0x00000000ad100000, 0x00000000ad200000, 0x00000000ad200000|100%| E|CS|TAMS 0x00000000ad100000, 0x00000000ad100000| Complete 
| 210|0x00000000ad200000, 0x00000000ad300000, 0x00000000ad300000|100%| E|CS|TAMS 0x00000000ad200000, 0x00000000ad200000| Complete 
| 211|0x00000000ad300000, 0x00000000ad400000, 0x00000000ad400000|100%| E|CS|TAMS 0x00000000ad300000, 0x00000000ad300000| Complete 
| 212|0x00000000ad400000, 0x00000000ad500000, 0x00000000ad500000|100%| E|CS|TAMS 0x00000000ad400000, 0x00000000ad400000| Complete 
| 213|0x00000000ad500000, 0x00000000ad600000, 0x00000000ad600000|100%| E|CS|TAMS 0x00000000ad500000, 0x00000000ad500000| Complete 
| 214|0x00000000ad600000, 0x00000000ad700000, 0x00000000ad700000|100%| E|CS|TAMS 0x00000000ad600000, 0x00000000ad600000| Complete 
| 215|0x00000000ad700000, 0x00000000ad800000, 0x00000000ad800000|100%| E|CS|TAMS 0x00000000ad700000, 0x00000000ad700000| Complete 
| 216|0x00000000ad800000, 0x00000000ad900000, 0x00000000ad900000|100%| E|CS|TAMS 0x00000000ad800000, 0x00000000ad800000| Complete 
| 217|0x00000000ad900000, 0x00000000ada00000, 0x00000000ada00000|100%| E|CS|TAMS 0x00000000ad900000, 0x00000000ad900000| Complete 
| 218|0x00000000ada00000, 0x00000000adb00000, 0x00000000adb00000|100%| E|CS|TAMS 0x00000000ada00000, 0x00000000ada00000| Complete 
| 219|0x00000000adb00000, 0x00000000adc00000, 0x00000000adc00000|100%| E|  |TAMS 0x00000000adb00000, 0x00000000adb00000| Complete 
| 220|0x00000000adc00000, 0x00000000add00000, 0x00000000add00000|100%| E|CS|TAMS 0x00000000adc00000, 0x00000000adc00000| Complete 
| 221|0x00000000add00000, 0x00000000ade00000, 0x00000000ade00000|100%| E|CS|TAMS 0x00000000add00000, 0x00000000add00000| Complete 
| 222|0x00000000ade00000, 0x00000000adf00000, 0x00000000adf00000|100%| E|CS|TAMS 0x00000000ade00000, 0x00000000ade00000| Complete 
| 223|0x00000000adf00000, 0x00000000ae000000, 0x00000000ae000000|100%| E|CS|TAMS 0x00000000adf00000, 0x00000000adf00000| Complete 
| 224|0x00000000ae000000, 0x00000000ae100000, 0x00000000ae100000|100%| E|CS|TAMS 0x00000000ae000000, 0x00000000ae000000| Complete 
| 225|0x00000000ae100000, 0x00000000ae200000, 0x00000000ae200000|100%| E|CS|TAMS 0x00000000ae100000, 0x00000000ae100000| Complete 
| 226|0x00000000ae200000, 0x00000000ae300000, 0x00000000ae300000|100%| E|CS|TAMS 0x00000000ae200000, 0x00000000ae200000| Complete 
| 227|0x00000000ae300000, 0x00000000ae400000, 0x00000000ae400000|100%| E|CS|TAMS 0x00000000ae300000, 0x00000000ae300000| Complete 
| 228|0x00000000ae400000, 0x00000000ae500000, 0x00000000ae500000|100%| E|CS|TAMS 0x00000000ae400000, 0x00000000ae400000| Complete 
| 229|0x00000000ae500000, 0x00000000ae600000, 0x00000000ae600000|100%| E|CS|TAMS 0x00000000ae500000, 0x00000000ae500000| Complete 
| 230|0x00000000ae600000, 0x00000000ae700000, 0x00000000ae700000|100%| E|CS|TAMS 0x00000000ae600000, 0x00000000ae600000| Complete 
| 231|0x00000000ae700000, 0x00000000ae800000, 0x00000000ae800000|100%| E|CS|TAMS 0x00000000ae700000, 0x00000000ae700000| Complete 
| 232|0x00000000ae800000, 0x00000000ae900000, 0x00000000ae900000|100%| E|CS|TAMS 0x00000000ae800000, 0x00000000ae800000| Complete 
| 233|0x00000000ae900000, 0x00000000aea00000, 0x00000000aea00000|100%| E|CS|TAMS 0x00000000ae900000, 0x00000000ae900000| Complete 
| 234|0x00000000aea00000, 0x00000000aeb00000, 0x00000000aeb00000|100%| E|CS|TAMS 0x00000000aea00000, 0x00000000aea00000| Complete 
| 235|0x00000000aeb00000, 0x00000000aec00000, 0x00000000aec00000|100%| E|CS|TAMS 0x00000000aeb00000, 0x00000000aeb00000| Complete 
| 236|0x00000000aec00000, 0x00000000aed00000, 0x00000000aed00000|100%| E|CS|TAMS 0x00000000aec00000, 0x00000000aec00000| Complete 
| 237|0x00000000aed00000, 0x00000000aee00000, 0x00000000aee00000|100%| E|CS|TAMS 0x00000000aed00000, 0x00000000aed00000| Complete 
| 238|0x00000000aee00000, 0x00000000aef00000, 0x00000000aef00000|100%| E|CS|TAMS 0x00000000aee00000, 0x00000000aee00000| Complete 
| 239|0x00000000aef00000, 0x00000000aef3aae0, 0x00000000af000000| 22%| S|CS|TAMS 0x00000000aef00000, 0x00000000aef00000| Complete 
| 240|0x00000000af000000, 0x00000000af100000, 0x00000000af100000|100%| S|CS|TAMS 0x00000000af000000, 0x00000000af000000| Complete 
| 241|0x00000000af100000, 0x00000000af200000, 0x00000000af200000|100%| S|CS|TAMS 0x00000000af100000, 0x00000000af100000| Complete 
| 242|0x00000000af200000, 0x00000000af300000, 0x00000000af300000|100%| S|CS|TAMS 0x00000000af200000, 0x00000000af200000| Complete 
| 243|0x00000000af300000, 0x00000000af400000, 0x00000000af400000|100%| E|CS|TAMS 0x00000000af300000, 0x00000000af300000| Complete 
| 244|0x00000000af400000, 0x00000000af500000, 0x00000000af500000|100%| E|CS|TAMS 0x00000000af400000, 0x00000000af400000| Complete 
| 245|0x00000000af500000, 0x00000000af600000, 0x00000000af600000|100%| E|CS|TAMS 0x00000000af500000, 0x00000000af500000| Complete 
| 246|0x00000000af600000, 0x00000000af700000, 0x00000000af700000|100%| E|CS|TAMS 0x00000000af600000, 0x00000000af600000| Complete 
| 247|0x00000000af700000, 0x00000000af800000, 0x00000000af800000|100%| E|CS|TAMS 0x00000000af700000, 0x00000000af700000| Complete 
| 248|0x00000000af800000, 0x00000000af900000, 0x00000000af900000|100%| E|CS|TAMS 0x00000000af800000, 0x00000000af800000| Complete 
| 249|0x00000000af900000, 0x00000000afa00000, 0x00000000afa00000|100%| E|CS|TAMS 0x00000000af900000, 0x00000000af900000| Complete 
| 250|0x00000000afa00000, 0x00000000afb00000, 0x00000000afb00000|100%| E|CS|TAMS 0x00000000afa00000, 0x00000000afa00000| Complete 
| 251|0x00000000afb00000, 0x00000000afc00000, 0x00000000afc00000|100%| E|CS|TAMS 0x00000000afb00000, 0x00000000afb00000| Complete 
| 252|0x00000000afc00000, 0x00000000afd00000, 0x00000000afd00000|100%| E|CS|TAMS 0x00000000afc00000, 0x00000000afc00000| Complete 
| 253|0x00000000afd00000, 0x00000000afe00000, 0x00000000afe00000|100%| E|CS|TAMS 0x00000000afd00000, 0x00000000afd00000| Complete 

Card table byte_map: [0x0000027861880000,0x0000027861b80000] _byte_map_base: 0x0000027861380000

Marking Bits (Prev, Next): (CMBitMap*) 0x000002784ead9410, (CMBitMap*) 0x000002784ead93d8
 Prev Bits: [0x0000027863680000, 0x0000027864e80000)
 Next Bits: [0x0000027861e80000, 0x0000027863680000)

Polling page: 0x000002784ca50000

Metaspace:

Usage:
  Non-class:     22.17 MB capacity,    21.84 MB ( 99%) used,   286.23 KB (  1%) free+waste,    44.50 KB ( <1%) overhead. 
      Class:      3.46 MB capacity,     3.26 MB ( 94%) used,   181.97 KB (  5%) free+waste,    22.06 KB ( <1%) overhead. 
       Both:     25.63 MB capacity,    25.11 MB ( 98%) used,   468.20 KB (  2%) free+waste,    66.56 KB ( <1%) overhead. 

Virtual space:
  Non-class space:       24.00 MB reserved,      22.25 MB ( 93%) committed 
      Class space:        1.00 GB reserved,       3.50 MB ( <1%) committed 
             Both:        1.02 GB reserved,      25.75 MB (  2%) committed 

Chunk freelists:
   Non-Class:  21.00 KB
       Class:  5.00 KB
        Both:  26.00 KB

MaxMetaspaceSize: 17179869184.00 GB
CompressedClassSpaceSize: 1.00 GB

CodeHeap 'non-profiled nmethods': size=120064Kb used=955Kb max_used=955Kb free=119108Kb
 bounds [0x000002785a040000, 0x000002785a2b0000, 0x0000027861580000]
CodeHeap 'profiled nmethods': size=120000Kb used=4698Kb max_used=4698Kb free=115301Kb
 bounds [0x0000027852b10000, 0x0000027852fb0000, 0x000002785a040000]
CodeHeap 'non-nmethods': size=5696Kb used=1147Kb max_used=1179Kb free=4548Kb
 bounds [0x0000027852580000, 0x00000278527f0000, 0x0000027852b10000]
 total_blobs=2672 nmethods=2190 adapters=393
 compilation: enabled
              stopped_count=0, restarted_count=0
 full_count=0

Compilation events (20 events):
Event: 6.498 Thread 0x0000027867c4b000 2185       3       java.net.URI::match (56 bytes)
Event: 6.498 Thread 0x0000027867c4b000 nmethod 2185 0x0000027852f9a590 code [0x0000027852f9a740, 0x0000027852f9a9f8]
Event: 6.525 Thread 0x0000027867c4b000 2186       3       sun.reflect.generics.repository.AbstractRepository::getReifier (8 bytes)
Event: 6.525 Thread 0x0000027867c4b000 nmethod 2186 0x0000027852f9aa90 code [0x0000027852f9ac60, 0x0000027852f9af38]
Event: 6.529 Thread 0x0000027867c4b000 2187   !   3       org.gradle.internal.service.DefaultServiceRegistry$FactoryService::bind (283 bytes)
Event: 6.533 Thread 0x0000027867c4b000 nmethod 2187 0x0000027852f9b090 code [0x0000027852f9b780, 0x0000027852f9fc28]
Event: 6.534 Thread 0x0000027867c4b000 2189       3       java.lang.ClassLoader::getBuiltinPlatformClassLoader (4 bytes)
Event: 6.534 Thread 0x0000027867c4b000 nmethod 2189 0x0000027852fa1290 code [0x0000027852fa1440, 0x0000027852fa1578]
Event: 6.534 Thread 0x0000027867c4b000 2188       3       jdk.internal.misc.VM::isSystemDomainLoader (17 bytes)
Event: 6.535 Thread 0x0000027867c4b000 nmethod 2188 0x0000027852fa1610 code [0x0000027852fa1860, 0x0000027852fa21d8]
Event: 6.542 Thread 0x0000027867c4b000 2190       3       org.gradle.internal.service.DefaultServiceRegistry$FactoryMethodService::getParameterTypes (10 bytes)
Event: 6.542 Thread 0x0000027867c4b000 nmethod 2190 0x0000027852fa2510 code [0x0000027852fa26c0, 0x0000027852fa2898]
Event: 6.547 Thread 0x0000027867c4b000 2191       3       jdk.internal.reflect.ReflectionFactory::newMethodAccessor (119 bytes)
Event: 6.550 Thread 0x0000027867c4b000 nmethod 2191 0x0000027852fa2990 code [0x0000027852fa2d80, 0x0000027852fa4ac8]
Event: 6.550 Thread 0x0000027867c4b000 2192       3       jdk.internal.reflect.NativeMethodAccessorImpl::<init> (10 bytes)
Event: 6.550 Thread 0x0000027867c4b000 nmethod 2192 0x0000027852fa5410 code [0x0000027852fa55e0, 0x0000027852fa5858]
Event: 6.550 Thread 0x0000027867c4b000 2193       3       jdk.internal.reflect.DelegatingMethodAccessorImpl::<init> (10 bytes)
Event: 6.551 Thread 0x0000027867c4b000 nmethod 2193 0x0000027852fa5990 code [0x0000027852fa5b60, 0x0000027852fa5df8]
Event: 6.559 Thread 0x0000027867c4b000 2194       3       com.google.common.cache.LocalCache::evictsBySize (15 bytes)
Event: 6.560 Thread 0x0000027867c4b000 nmethod 2194 0x0000027852fa5f10 code [0x0000027852fa60c0, 0x0000027852fa6238]

GC Heap History (10 events):
Event: 0.685 GC heap before
{Heap before GC invocations=0 (full 0):
 garbage-first heap   total 260096K, used 19456K [0x00000000a0000000, 0x0000000100000000)
  region size 1024K, 14 young (14336K), 0 survivors (0K)
 Metaspace       used 7475K, capacity 7615K, committed 7680K, reserved 1056768K
  class space    used 690K, capacity 748K, committed 768K, reserved 1048576K
}
Event: 0.804 GC heap after
{Heap after GC invocations=1 (full 0):
 garbage-first heap   total 260096K, used 7628K [0x00000000a0000000, 0x0000000100000000)
  region size 1024K, 2 young (2048K), 2 survivors (2048K)
 Metaspace       used 7475K, capacity 7615K, committed 7680K, reserved 1056768K
  class space    used 690K, capacity 748K, committed 768K, reserved 1048576K
}
Event: 1.588 GC heap before
{Heap before GC invocations=1 (full 0):
 garbage-first heap   total 260096K, used 19916K [0x00000000a0000000, 0x0000000100000000)
  region size 1024K, 14 young (14336K), 2 survivors (2048K)
 Metaspace       used 10513K, capacity 10709K, committed 11008K, reserved 1058816K
  class space    used 1102K, capacity 1164K, committed 1280K, reserved 1048576K
}
Event: 1.591 GC heap after
{Heap after GC invocations=2 (full 0):
 garbage-first heap   total 260096K, used 8569K [0x00000000a0000000, 0x0000000100000000)
  region size 1024K, 1 young (1024K), 1 survivors (1024K)
 Metaspace       used 10513K, capacity 10709K, committed 11008K, reserved 1058816K
  class space    used 1102K, capacity 1164K, committed 1280K, reserved 1048576K
}
Event: 2.410 GC heap before
{Heap before GC invocations=2 (full 0):
 garbage-first heap   total 260096K, used 36217K [0x00000000a0000000, 0x0000000100000000)
  region size 1024K, 29 young (29696K), 1 survivors (1024K)
 Metaspace       used 10666K, capacity 10901K, committed 11264K, reserved 1058816K
  class space    used 1103K, capacity 1164K, committed 1280K, reserved 1048576K
}
Event: 2.414 GC heap after
{Heap after GC invocations=3 (full 0):
 garbage-first heap   total 260096K, used 12993K [0x00000000a0000000, 0x0000000100000000)
  region size 1024K, 4 young (4096K), 4 survivors (4096K)
 Metaspace       used 10666K, capacity 10901K, committed 11264K, reserved 1058816K
  class space    used 1103K, capacity 1164K, committed 1280K, reserved 1048576K
}
Event: 5.403 GC heap before
{Heap before GC invocations=3 (full 0):
 garbage-first heap   total 260096K, used 54977K [0x00000000a0000000, 0x0000000100000000)
  region size 1024K, 45 young (46080K), 4 survivors (4096K)
 Metaspace       used 18728K, capacity 19143K, committed 19328K, reserved 1067008K
  class space    used 2270K, capacity 2406K, committed 2432K, reserved 1048576K
}
Event: 5.409 GC heap after
{Heap after GC invocations=4 (full 0):
 garbage-first heap   total 260096K, used 15536K [0x00000000a0000000, 0x0000000100000000)
  region size 1024K, 3 young (3072K), 3 survivors (3072K)
 Metaspace       used 18728K, capacity 19143K, committed 19328K, reserved 1067008K
  class space    used 2270K, capacity 2406K, committed 2432K, reserved 1048576K
}
Event: 5.652 GC heap before
{Heap before GC invocations=4 (full 0):
 garbage-first heap   total 260096K, used 25776K [0x00000000a0000000, 0x0000000100000000)
  region size 1024K, 14 young (14336K), 3 survivors (3072K)
 Metaspace       used 20585K, capacity 21069K, committed 21248K, reserved 1067008K
  class space    used 2527K, capacity 2691K, committed 2816K, reserved 1048576K
}
Event: 5.658 GC heap after
{Heap after GC invocations=5 (full 0):
 garbage-first heap   total 260096K, used 15959K [0x00000000a0000000, 0x0000000100000000)
  region size 1024K, 4 young (4096K), 4 survivors (4096K)
 Metaspace       used 20585K, capacity 21069K, committed 21248K, reserved 1067008K
  class space    used 2527K, capacity 2691K, committed 2816K, reserved 1048576K
}

Deoptimization events (20 events):
Event: 6.075 Thread 0x0000027867de8000 Uncommon trap: trap_request=0xffffff4d fr.pc=0x000002785a08ac00 relative=0x0000000000000240
Event: 6.075 Thread 0x0000027867de8000 Uncommon trap: reason=unstable_if action=reinterpret pc=0x000002785a08ac00 method=java.util.concurrent.ConcurrentHashMap.get(Ljava/lang/Object;)Ljava/lang/Object; @ 76 c2
Event: 6.075 Thread 0x0000027867de8000 DEOPT PACKING pc=0x000002785a08ac00 sp=0x000000dc688f8a30
Event: 6.075 Thread 0x0000027867de8000 DEOPT UNPACKING pc=0x00000278525a78af sp=0x000000dc688f8998 mode 2
Event: 6.223 Thread 0x0000027867de8000 Uncommon trap: trap_request=0xffffff4d fr.pc=0x000002785a10dda8 relative=0x0000000000000168
Event: 6.223 Thread 0x0000027867de8000 Uncommon trap: reason=unstable_if action=reinterpret pc=0x000002785a10dda8 method=java.util.HashMap.getNode(ILjava/lang/Object;)Ljava/util/HashMap$Node; @ 129 c2
Event: 6.223 Thread 0x0000027867de8000 DEOPT PACKING pc=0x000002785a10dda8 sp=0x000000dc688fcd60
Event: 6.223 Thread 0x0000027867de8000 DEOPT UNPACKING pc=0x00000278525a78af sp=0x000000dc688fcc70 mode 2
Event: 6.431 Thread 0x0000027867de8000 Uncommon trap: trap_request=0xffffff7e fr.pc=0x000002785a112230 relative=0x0000000000000150
Event: 6.431 Thread 0x0000027867de8000 Uncommon trap: reason=predicate action=maybe_recompile pc=0x000002785a112230 method=com.google.common.base.CharMatcher.indexIn(Ljava/lang/CharSequence;I)I @ 19 c2
Event: 6.431 Thread 0x0000027867de8000 DEOPT PACKING pc=0x000002785a112230 sp=0x000000dc688fba90
Event: 6.431 Thread 0x0000027867de8000 DEOPT UNPACKING pc=0x00000278525a78af sp=0x000000dc688fba20 mode 2
Event: 6.498 Thread 0x0000027867de8000 Uncommon trap: trap_request=0xffffff4d fr.pc=0x000002785a05ce68 relative=0x0000000000000048
Event: 6.498 Thread 0x0000027867de8000 Uncommon trap: reason=unstable_if action=reinterpret pc=0x000002785a05ce68 method=java.net.URI.match(CJJ)Z @ 19 c2
Event: 6.498 Thread 0x0000027867de8000 DEOPT PACKING pc=0x000002785a05ce68 sp=0x000000dc688faf90
Event: 6.498 Thread 0x0000027867de8000 DEOPT UNPACKING pc=0x00000278525a78af sp=0x000000dc688faf18 mode 2
Event: 6.498 Thread 0x0000027867de8000 Uncommon trap: trap_request=0xffffff4d fr.pc=0x000002785a084354 relative=0x00000000000001b4
Event: 6.498 Thread 0x0000027867de8000 Uncommon trap: reason=unstable_if action=reinterpret pc=0x000002785a084354 method=java.net.URI.match(CJJ)Z @ 19 c2
Event: 6.498 Thread 0x0000027867de8000 DEOPT PACKING pc=0x000002785a084354 sp=0x000000dc688faf00
Event: 6.498 Thread 0x0000027867de8000 DEOPT UNPACKING pc=0x00000278525a78af sp=0x000000dc688fadf0 mode 2

Classes redefined (0 events):
No events

Internal exceptions (20 events):
Event: 4.885 Thread 0x000002784ca0e000 Exception <a 'java/io/IOException'{0x00000000ae9b2a48}> (0x00000000ae9b2a48) thrown at [./src/hotspot/share/prims/jni.cpp, line 615]
Event: 5.080 Thread 0x0000027867de8000 Exception <a 'java/lang/NoSuchMethodError'{0x00000000ae466e60}: 'void java.lang.invoke.DelegatingMethodHandle$Holder.reinvoke_L(java.lang.Object, java.lang.Object, java.lang.Object, java.lang.Object)'> (0x00000000ae466e60) thrown at [./src/hotspot/share/interpreter/linkResolver.cpp, line 773]
Event: 5.087 Thread 0x0000027867de8000 Exception <a 'java/lang/NoSuchMethodError'{0x00000000ae49dbf8}: 'long java.lang.invoke.DirectMethodHandle$Holder.invokeInterface(java.lang.Object, java.lang.Object)'> (0x00000000ae49dbf8) thrown at [./src/hotspot/share/interpreter/linkResolver.cpp, line 773]
Event: 5.091 Thread 0x0000027867de8000 Exception <a 'java/lang/NoSuchMethodError'{0x00000000ae4bf370}: 'void java.lang.invoke.DelegatingMethodHandle$Holder.reinvoke_L(java.lang.Object, java.lang.Object, java.lang.Object, java.lang.Object, java.lang.Object, java.lang.Object, java.lang.Object)'> (0x00000000ae4bf370) thrown at [./src/hotspot/share/interpreter/linkResolver.cpp, line 773]
Event: 5.339 Thread 0x0000027867de8000 Exception <a 'java/lang/NoSuchMethodError'{0x00000000ad4a7f30}: 'java.lang.Object java.lang.invoke.DirectMethodHandle$Holder.invokeVirtual(java.lang.Object, java.lang.Object, java.lang.Object)'> (0x00000000ad4a7f30) thrown at [./src/hotspot/share/interpreter/linkResolver.cpp, line 773]
Event: 5.411 Thread 0x0000027867de8000 Exception <a 'java/lang/NoSuchMethodError'{0x00000000afd09b08}: 'void java.lang.invoke.DirectMethodHandle$Holder.invokeStaticInit(java.lang.Object)'> (0x00000000afd09b08) thrown at [./src/hotspot/share/interpreter/linkResolver.cpp, line 773]
Event: 5.557 Thread 0x0000027867de8000 Exception <a 'java/lang/NoSuchMethodError'{0x00000000af7c5470}: 'int java.lang.invoke.DirectMethodHandle$Holder.invokeSpecialIFC(java.lang.Object, java.lang.Object, java.lang.Object, java.lang.Object)'> (0x00000000af7c5470) thrown at [./src/hotspot/share/interpreter/linkResolver.cpp, line 773]
Event: 5.559 Thread 0x0000027867de8000 Exception <a 'java/lang/NoSuchMethodError'{0x00000000af7d3230}: 'java.lang.Object java.lang.invoke.DirectMethodHandle$Holder.invokeInterface(java.lang.Object, java.lang.Object, java.lang.Object)'> (0x00000000af7d3230) thrown at [./src/hotspot/share/interpreter/linkResolver.cpp, line 773]
Event: 5.559 Thread 0x0000027867de8000 Exception <a 'java/lang/IncompatibleClassChangeError'{0x00000000af7d6708}: Found class java.lang.Object, but interface was expected> (0x00000000af7d6708) thrown at [./src/hotspot/share/interpreter/linkResolver.cpp, line 839]
Event: 5.675 Thread 0x0000027867de8000 Exception <a 'java/lang/NoSuchMethodError'{0x00000000afdd3a88}: 'void java.lang.invoke.DirectMethodHandle$Holder.invokeSpecial(java.lang.Object, java.lang.Object)'> (0x00000000afdd3a88) thrown at [./src/hotspot/share/interpreter/linkResolver.cpp, line 773]
Event: 5.851 Thread 0x0000027867de8000 Exception <a 'java/lang/NoSuchMethodError'{0x00000000aee66768}: 'java.lang.Object java.lang.invoke.DirectMethodHandle$Holder.invokeVirtual(java.lang.Object, java.lang.Object, java.lang.Object, java.lang.Object)'> (0x00000000aee66768) thrown at [./src/hotspot/share/interpreter/linkResolver.cpp, line 773]
Event: 6.123 Thread 0x0000027867de8000 Exception <a 'java/lang/NoSuchMethodError'{0x00000000ae102ec0}: 'void java.lang.invoke.DirectMethodHandle$Holder.invokeSpecial(java.lang.Object, java.lang.Object, java.lang.Object, java.lang.Object, java.lang.Object, java.lang.Object)'> (0x00000000ae102ec0) thrown at [./src/hotspot/share/interpreter/linkResolver.cpp, line 773]
Event: 6.212 Thread 0x0000027867de8000 Exception <a 'java/lang/NoSuchMethodError'{0x00000000ae095b98}: 'java.lang.Object java.lang.invoke.Invokers$Holder.invoker(java.lang.Object, java.lang.Object, java.lang.Object)'> (0x00000000ae095b98) thrown at [./src/hotspot/share/interpreter/linkResolver.cpp, line 773]
Event: 6.251 Thread 0x0000027867de8000 Exception <a 'java/lang/NoSuchMethodError'{0x00000000adf889f0}: 'void java.lang.invoke.DirectMethodHandle$Holder.invokeSpecial(java.lang.Object, java.lang.Object, java.lang.Object, java.lang.Object, java.lang.Object, java.lang.Object, java.lang.Object)'> (0x00000000adf889f0) thrown at [./src/hotspot/share/interpreter/linkResolver.cpp, line 773]
Event: 6.252 Thread 0x0000027867de8000 Exception <a 'java/lang/NoSuchMethodError'{0x00000000adf90c38}: 'java.lang.Object java.lang.invoke.Invokers$Holder.linkToTargetMethod(java.lang.Object, java.lang.Object, java.lang.Object, java.lang.Object, java.lang.Object, java.lang.Object)'> (0x00000000adf90c38) thrown at [./src/hotspot/share/interpreter/linkResolver.cpp, line 773]
Event: 6.277 Thread 0x0000027867de8000 Exception <a 'java/lang/NoSuchMethodError'{0x00000000adec9f98}: 'java.lang.Object java.lang.invoke.DirectMethodHandle$Holder.invokeVirtual(java.lang.Object, java.lang.Object, java.lang.Object, java.lang.Object, java.lang.Object, java.lang.Object, java.lang.Object, java.lang.Object, java.lang.Object, java.lang.Object, java.lang.Object, java.lang.Object, java.lang.Object, java.lang.Object, java.lang.Object, java.lang.Object, java.lang.Object)'> (0x00000000adec9f98) thrown at [./src/hotspot/share/interpreter/
Event: 6.281 Thread 0x0000027867de8000 Exception <a 'java/lang/NoSuchMethodError'{0x00000000adefa5d8}: 'java.lang.Object java.lang.invoke.DirectMethodHandle$Holder.invokeSpecial(java.lang.Object, java.lang.Object, java.lang.Object, java.lang.Object, java.lang.Object, java.lang.Object, java.lang.Object, java.lang.Object, java.lang.Object)'> (0x00000000adefa5d8) thrown at [./src/hotspot/share/interpreter/linkResolver.cpp, line 773]
Event: 6.456 Thread 0x0000027867de8000 Exception <a 'java/lang/NoSuchMethodError'{0x00000000ad5fb640}: 'java.lang.Object java.lang.invoke.DirectMethodHandle$Holder.invokeStatic(java.lang.Object, java.lang.Object, java.lang.Object, int, java.lang.Object, java.lang.Object)'> (0x00000000ad5fb640) thrown at [./src/hotspot/share/interpreter/linkResolver.cpp, line 773]
Event: 6.457 Thread 0x0000027867de8000 Exception <a 'java/lang/NoSuchMethodError'{0x00000000ad403288}: 'java.lang.Object java.lang.invoke.Invokers$Holder.linkToTargetMethod(java.lang.Object, java.lang.Object, int, java.lang.Object, java.lang.Object, java.lang.Object)'> (0x00000000ad403288) thrown at [./src/hotspot/share/interpreter/linkResolver.cpp, line 773]
Event: 6.483 Thread 0x0000027867de8000 Exception <a 'java/lang/NoSuchMethodError'{0x00000000ad3739a0}: 'void java.lang.invoke.DirectMethodHandle$Holder.invokeSpecial(java.lang.Object, java.lang.Object, java.lang.Object, java.lang.Object)'> (0x00000000ad3739a0) thrown at [./src/hotspot/share/interpreter/linkResolver.cpp, line 773]

Events (20 events):
Event: 6.567 loading class org/gradle/model/internal/manage/schema/extract/JdkValueTypeStrategy
Event: 6.567 loading class org/gradle/model/internal/manage/schema/extract/JdkValueTypeStrategy done
Event: 6.568 loading class org/gradle/model/internal/manage/schema/extract/ModelSetStrategy
Event: 6.568 loading class org/gradle/model/internal/manage/schema/extract/ModelSetStrategy done
Event: 6.568 loading class org/gradle/model/internal/type/ModelType
Event: 6.568 loading class org/gradle/model/internal/type/ModelType done
Event: 6.569 loading class org/gradle/model/internal/manage/schema/extract/ModelSetStrategy$1
Event: 6.569 loading class org/gradle/model/internal/manage/schema/extract/ModelSetStrategy$1 done
Event: 6.569 loading class org/gradle/model/internal/manage/schema/CollectionSchema
Event: 6.569 loading class org/gradle/model/internal/manage/schema/CollectionSchema done
Event: 6.569 loading class org/gradle/model/internal/manage/schema/ManagedImplSchema
Event: 6.569 loading class org/gradle/model/internal/manage/schema/ManagedImplSchema done
Event: 6.570 loading class org/gradle/model/internal/manage/schema/AbstractModelSchema
Event: 6.570 loading class org/gradle/model/internal/manage/schema/AbstractModelSchema done
Event: 6.570 loading class org/gradle/model/internal/manage/schema/ModelSetSchema
Event: 6.570 loading class org/gradle/model/internal/manage/schema/ModelSetSchema done
Event: 6.570 loading class org/gradle/model/internal/manage/schema/CompositeSchema
Event: 6.570 loading class org/gradle/model/internal/manage/schema/CompositeSchema done
Event: 6.571 loading class org/gradle/model/internal/type/ModelType$Simple
Event: 6.571 loading class org/gradle/model/internal/type/ModelType$Simple done


Dynamic libraries:
0x00007ff73c280000 - 0x00007ff73c28a000 	C:\Program Files\Android\Android Studio1\jre\bin\java.exe
0x00007ffde4600000 - 0x00007ffde47f0000 	C:\WINDOWS\SYSTEM32\ntdll.dll
0x00007ffde3c10000 - 0x00007ffde3cc3000 	C:\WINDOWS\System32\KERNEL32.DLL
0x00007ffde22f0000 - 0x00007ffde2596000 	C:\WINDOWS\System32\KERNELBASE.dll
0x00007ffde1fa0000 - 0x00007ffde209a000 	C:\WINDOWS\System32\ucrtbase.dll
0x00007ffddcbe0000 - 0x00007ffddcbf7000 	C:\Program Files\Android\Android Studio1\jre\bin\VCRUNTIME140.dll
0x00007ffdde8e0000 - 0x00007ffdde8f9000 	C:\Program Files\Android\Android Studio1\jre\bin\jli.dll
0x00007ffde3d90000 - 0x00007ffde3f24000 	C:\WINDOWS\System32\USER32.dll
0x00007ffde1570000 - 0x00007ffde1591000 	C:\WINDOWS\System32\win32u.dll
0x00007ffde2d70000 - 0x00007ffde2d96000 	C:\WINDOWS\System32\GDI32.dll
0x00007ffde20c0000 - 0x00007ffde2258000 	C:\WINDOWS\System32\gdi32full.dll
0x00007ffdcc790000 - 0x00007ffdcca14000 	C:\WINDOWS\WinSxS\amd64_microsoft.windows.common-controls_6595b64144ccf1df_6.0.18362.1801_none_9e79a739e46243f0\COMCTL32.dll
0x00007ffde15d0000 - 0x00007ffde166e000 	C:\WINDOWS\System32\msvcp_win.dll
0x00007ffde2760000 - 0x00007ffde27fe000 	C:\WINDOWS\System32\msvcrt.dll
0x00007ffde2800000 - 0x00007ffde2b36000 	C:\WINDOWS\System32\combase.dll
0x00007ffde2fc0000 - 0x00007ffde30df000 	C:\WINDOWS\System32\RPCRT4.dll
0x00007ffde2260000 - 0x00007ffde22e4000 	C:\WINDOWS\System32\bcryptPrimitives.dll
0x00007ffde3160000 - 0x00007ffde318e000 	C:\WINDOWS\System32\IMM32.DLL
0x00007ffd9e4b0000 - 0x00007ffd9e54d000 	C:\Program Files\Android\Android Studio1\jre\bin\msvcp140.dll
0x00007ffda1370000 - 0x00007ffda1e3f000 	C:\Program Files\Android\Android Studio1\jre\bin\server\jvm.dll
0x00007ffde3cd0000 - 0x00007ffde3d73000 	C:\WINDOWS\System32\ADVAPI32.dll
0x00007ffde3a60000 - 0x00007ffde3af7000 	C:\WINDOWS\System32\sechost.dll
0x00007ffde4500000 - 0x00007ffde4508000 	C:\WINDOWS\System32\PSAPI.DLL
0x00007ffdca6f0000 - 0x00007ffdca6f9000 	C:\WINDOWS\SYSTEM32\WSOCK32.dll
0x00007ffddcfc0000 - 0x00007ffddcfe4000 	C:\WINDOWS\SYSTEM32\WINMM.dll
0x00007ffde2f50000 - 0x00007ffde2fbf000 	C:\WINDOWS\System32\WS2_32.dll
0x00007ffdde810000 - 0x00007ffdde81a000 	C:\WINDOWS\SYSTEM32\VERSION.dll
0x00007ffddcd30000 - 0x00007ffddcd5d000 	C:\WINDOWS\SYSTEM32\winmmbase.dll
0x00007ffde25a0000 - 0x00007ffde25ea000 	C:\WINDOWS\System32\cfgmgr32.dll
0x00007ffde14c0000 - 0x00007ffde14d1000 	C:\WINDOWS\System32\kernel.appcore.dll
0x00007ffdcf5c0000 - 0x00007ffdcf5d1000 	C:\Program Files\Android\Android Studio1\jre\bin\verify.dll
0x00007ffddfc10000 - 0x00007ffddfe04000 	C:\WINDOWS\SYSTEM32\DBGHELP.DLL
0x00007ffdc9bc0000 - 0x00007ffdc9bea000 	C:\WINDOWS\SYSTEM32\dbgcore.DLL
0x00007ffdcf590000 - 0x00007ffdcf5b9000 	C:\Program Files\Android\Android Studio1\jre\bin\java.dll
0x00007ffdde8a0000 - 0x00007ffdde8ab000 	C:\Program Files\Android\Android Studio1\jre\bin\jimage.dll
0x00007ffdcf570000 - 0x00007ffdcf588000 	C:\Program Files\Android\Android Studio1\jre\bin\zip.dll
0x00007ffde3370000 - 0x00007ffde3a57000 	C:\WINDOWS\System32\SHELL32.dll
0x00007ffde3b60000 - 0x00007ffde3c09000 	C:\WINDOWS\System32\shcore.dll
0x00007ffde1670000 - 0x00007ffde1deb000 	C:\WINDOWS\System32\windows.storage.dll
0x00007ffde1530000 - 0x00007ffde154e000 	C:\WINDOWS\System32\profapi.dll
0x00007ffde14e0000 - 0x00007ffde152a000 	C:\WINDOWS\System32\powrprof.dll
0x00007ffde14b0000 - 0x00007ffde14c0000 	C:\WINDOWS\System32\UMPDC.dll
0x00007ffde26a0000 - 0x00007ffde26f2000 	C:\WINDOWS\System32\shlwapi.dll
0x00007ffde20a0000 - 0x00007ffde20b7000 	C:\WINDOWS\System32\cryptsp.dll
0x00007ffdcf550000 - 0x00007ffdcf56a000 	C:\Program Files\Android\Android Studio1\jre\bin\net.dll
0x00007ffdd7e70000 - 0x00007ffdd7f69000 	C:\WINDOWS\SYSTEM32\WINHTTP.dll
0x00007ffde0cf0000 - 0x00007ffde0d57000 	C:\WINDOWS\system32\mswsock.dll
0x00007ffdcf010000 - 0x00007ffdcf024000 	C:\Program Files\Android\Android Studio1\jre\bin\nio.dll
0x00007ffdce000000 - 0x00007ffdce026000 	C:\Users\NANO\.gradle\native\fdc75f09e3144964f2cf3f50f0aa648679c211496f362492102eb8c894070792\windows-amd64\native-platform.dll
0x00007ffda2a60000 - 0x00007ffda2bf1000 	C:\Users\NANO\.gradle\native\12488b8bf47d2d4c9fbf2f6322a914ad602e24e48041cd04a747c6da556b65c4\windows-amd64\native-platform-file-events.dll
0x00007ffdde830000 - 0x00007ffdde83a000 	C:\Program Files\Android\Android Studio1\jre\bin\management.dll
0x00007ffddcbd0000 - 0x00007ffddcbdc000 	C:\Program Files\Android\Android Studio1\jre\bin\management_ext.dll
0x00007ffde0870000 - 0x00007ffde08a3000 	C:\WINDOWS\system32\rsaenh.dll
0x00007ffde15a0000 - 0x00007ffde15c6000 	C:\WINDOWS\System32\bcrypt.dll
0x00007ffde13d0000 - 0x00007ffde13f5000 	C:\WINDOWS\SYSTEM32\USERENV.dll
0x00007ffde0ec0000 - 0x00007ffde0ecc000 	C:\WINDOWS\SYSTEM32\CRYPTBASE.dll
0x00007ffde0a00000 - 0x00007ffde0a3a000 	C:\WINDOWS\SYSTEM32\IPHLPAPI.DLL
0x00007ffde3d80000 - 0x00007ffde3d88000 	C:\WINDOWS\System32\NSI.dll
0x00007ffdd7430000 - 0x00007ffdd7446000 	C:\WINDOWS\SYSTEM32\dhcpcsvc6.DLL
0x00007ffdd71b0000 - 0x00007ffdd71cc000 	C:\WINDOWS\SYSTEM32\dhcpcsvc.DLL
0x00007ffde0a40000 - 0x00007ffde0b0a000 	C:\WINDOWS\SYSTEM32\DNSAPI.dll
0x00007ffdd7c40000 - 0x00007ffdd7c4b000 	C:\WINDOWS\SYSTEM32\WINNSI.DLL

dbghelp: loaded successfully - version: 4.0.5 - missing functions: none
symbol engine: initialized successfully - sym options: 0x614 - pdb path: .;C:\Program Files\Android\Android Studio1\jre\bin;C:\WINDOWS\SYSTEM32;C:\WINDOWS\WinSxS\amd64_microsoft.windows.common-controls_6595b64144ccf1df_6.0.18362.1801_none_9e79a739e46243f0;C:\Program Files\Android\Android Studio1\jre\bin\server;C:\Users\NANO\.gradle\native\fdc75f09e3144964f2cf3f50f0aa648679c211496f362492102eb8c894070792\windows-amd64;C:\Users\NANO\.gradle\native\12488b8bf47d2d4c9fbf2f6322a914ad602e24e48041cd04a747c6da556b65c4\windows-amd64

VM Arguments:
jvm_args: --add-opens=java.base/java.util=ALL-UNNAMED --add-opens=java.base/java.lang=ALL-UNNAMED --add-opens=java.base/java.lang.invoke=ALL-UNNAMED --add-opens=java.prefs/java.util.prefs=ALL-UNNAMED -Xmx1536M -Dfile.encoding=windows-1258 -Duser.country=US -Duser.language=en -Duser.variant 
java_command: org.gradle.launcher.daemon.bootstrap.GradleDaemon 6.7
java_class_path (initial): C:\Users\NANO\.gradle\wrapper\dists\gradle-6.7-all\cuy9mc7upwgwgeb72wkcrupxe\gradle-6.7\lib\gradle-launcher-6.7.jar
Launcher Type: SUN_STANDARD

[Global flags]
     intx CICompilerCount                          = 3                                         {product} {ergonomic}
     uint ConcGCThreads                            = 1                                         {product} {ergonomic}
     uint G1ConcRefinementThreads                  = 4                                         {product} {ergonomic}
   size_t G1HeapRegionSize                         = 1048576                                   {product} {ergonomic}
    uintx GCDrainStackTargetSize                   = 64                                        {product} {ergonomic}
   size_t InitialHeapSize                          = 266338304                                 {product} {ergonomic}
   size_t MarkStackSize                            = 4194304                                   {product} {ergonomic}
   size_t MaxHeapSize                              = 1610612736                                {product} {command line}
   size_t MaxNewSize                               = 965738496                                 {product} {ergonomic}
   size_t MinHeapDeltaBytes                        = 1048576                                   {product} {ergonomic}
    uintx NonNMethodCodeHeapSize                   = 5830732                                {pd product} {ergonomic}
    uintx NonProfiledCodeHeapSize                  = 122913754                              {pd product} {ergonomic}
    uintx ProfiledCodeHeapSize                     = 122913754                              {pd product} {ergonomic}
    uintx ReservedCodeCacheSize                    = 251658240                              {pd product} {ergonomic}
     bool SegmentedCodeCache                       = true                                      {product} {ergonomic}
     bool UseCompressedClassPointers               = true                                 {lp64_product} {ergonomic}
     bool UseCompressedOops                        = true                                 {lp64_product} {ergonomic}
     bool UseG1GC                                  = true                                      {product} {ergonomic}
     bool UseLargePagesIndividualAllocation        = false                                  {pd product} {ergonomic}

Logging:
Log output configuration:
 #0: stdout all=warning uptime,level,tags
 #1: stderr all=off uptime,level,tags

Environment Variables:
JAVA_HOME=C:\Program Files\Android\Android Studio1\jre
CLASSPATH=D:\Desktop\Flutter Projects\amquick\android\\gradle\wrapper\gradle-wrapper.jar
PATH=C:\Program Files (x86)\Common Files\Oracle\Java\javapath;C:\WINDOWS\system32;C:\WINDOWS;C:\WINDOWS\System32\Wbem;C:\WINDOWS\System32\WindowsPowerShell\v1.0\;C:\Program Files\Microsoft SQL Server\110\DTS\Binn\;C:\Program Files (x86)\Microsoft SQL Server\110\Tools\Binn\;C:\Program Files\Microsoft SQL Server\110\Tools\Binn\;C:\Program Files (x86)\Microsoft SQL Server\110\Tools\Binn\ManagementStudio\;C:\Program Files (x86)\Microsoft Visual Studio 10.0\Common7\IDE\PrivateAssemblies\;C:\Program Files (x86)\Microsoft SQL Server\110\DTS\Binn\;C:\WINDOWS\system32\config\systemprofile\.dnx\bin;C:\Program Files\Microsoft DNX\Dnvm\;C:\Program Files\Microsoft SQL Server\130\Tools\Binn\;C:\WINDOWS\System32\OpenSSH\;C:\Program Files\nodejs\;C:\Program Files\MongoDB\Server\4.4\bin;C:\Program Files\Microsoft SQL Server\Client SDK\ODBC\170\Tools\Binn\;C:\Program Files (x86)\Windows Kits\8.1\Windows Performance Toolkit\;C:\Program Files\dotnet\;C:\Program Files\Git\cmd;C:\ProgramData\chocolatey\bin;C:\Program Files\PuTTY\;C:\Users\NANO\AppData\Local\Programs\Python\Python39\Scripts\;C:\Users\NANO\AppData\Local\Programs\Python\Python39\;C:\Users\NANO\AppData\Local\Microsoft\WindowsApps;C:\Users\NANO\AppData\Roaming\npm;C:\Users\NANO\AppData\Local\Programs\Microsoft VS Code\bin;C:\Program Files\JetBrains\PyCharm 2020.3.2\bin;;C:\Program Files\JetBrains\PyCharm Community Edition 2020.3.2\bin;;C:\Users\NANO\.dotnet\tools;C:\tools\dart-sdk\bin;C:\Users\NANO\AppData\Roaming\Pub\Cache\bin;D:\flutter\flutter\bin;C:\Users\NANO\AppData\Local\Pub\Cache\bin;C:\Program Files\JetBrains\IntelliJ IDEA Community Edition 2021.1\bin;;C:\Program Files\JetBrains\IntelliJ IDEA 2021.1.3\bin;;D:\spark-3.1.2-bin-hadoop3.2\bin;D:\spark-3.1.2-bin-hadoop3.2\hadoop-3.2.0\bin;
USERNAME=NANO
OS=Windows_NT
PROCESSOR_IDENTIFIER=Intel64 Family 6 Model 142 Stepping 9, GenuineIntel



---------------  S Y S T E M  ---------------

OS: Windows 10 , 64 bit Build 18362 (10.0.18362.1766)
OS uptime: 0 days 15:34 hours

CPU:total 4 (initial active 4) (2 cores per cpu, 2 threads per core) family 6 model 142 stepping 9 microcode 0xde, cmov, cx8, fxsr, mmx, sse, sse2, sse3, ssse3, sse4.1, sse4.2, popcnt, avx, avx2, aes, clmul, erms, 3dnowpref, lzcnt, ht, tsc, tscinvbit, bmi1, bmi2, adx, fma

Memory: 4k page, system-wide physical 16253M (1928M free)
TotalPageFile size 16253M (AvailPageFile size 4M)
current process WorkingSet (physical memory assigned to process): 177M, peak: 177M
current process commit charge ("private bytes"): 398M, peak: 399M

vm_info: OpenJDK 64-Bit Server VM (11.0.10+0-b96-7249189) for windows-amd64 JRE (11.0.10+0-b96-7249189), built on Mar 31 2021 21:44:00 by "builder" with MS VC++ 14.0 (VS2015)

END.
