#
# There is insufficient memory for the Java Runtime Environment to continue.
# Native memory allocation (malloc) failed to allocate 557216 bytes for Chunk::new
# Possible reasons:
#   The system is out of physical RAM or swap space
#   In 32 bit mode, the process size limit was hit
# Possible solutions:
#   Reduce memory load on the system
#   Increase physical memory or swap space
#   Check if swap backing store is full
#   Use 64 bit Java on a 64 bit OS
#   Decrease Java heap size (-Xmx/-Xms)
#   Decrease number of Java threads
#   Decrease Java thread stack sizes (-Xss)
#   Set larger code cache with -XX:ReservedCodeCacheSize=
# This output file may be truncated or incomplete.
#
#  Out of Memory Error (allocation.cpp:390), pid=11356, tid=0x00000000000008c0
#
# JRE version: Java(TM) SE Runtime Environment (8.0_181-b13) (build 1.8.0_181-b13)
# Java VM: Java HotSpot(TM) 64-Bit Server VM (25.181-b13 mixed mode windows-amd64 compressed oops)
# Failed to write core dump. Minidumps are not enabled by default on client versions of Windows
#

---------------  T H R E A D  ---------------

Current thread (0x000000001669b000):  JavaThread "C2 CompilerThread0" daemon [_thread_in_native, id=2240, stack(0x0000000017d20000,0x0000000017e20000)]

Stack: [0x0000000017d20000,0x0000000017e20000]
[error occurred during error reporting (printing stack bounds), id 0xc0000005]

Native frames: (J=compiled Java code, j=interpreted, Vv=VM code, C=native code)


Current CompileTask:
C2:  87338 10534       4       org.gradle.internal.snapshot.SnapshotUtil::getMetadataFromChildren (317 bytes)


---------------  P R O C E S S  ---------------

Java Threads: ( => current thread )
  0x000000001a8be000 JavaThread "Cache worker for execution history cache (D:\Desktop\Flutter Projects\amquick\android\.gradle\6.7\executionHistory)" [_thread_blocked, id=15844, stack(0x000000002d100000,0x000000002d200000)]
  0x000000001a8bb000 JavaThread "Execution worker for ':' Thread 3" [_thread_blocked, id=17376, stack(0x000000002c900000,0x000000002ca00000)]
  0x000000001a8bd800 JavaThread "Execution worker for ':' Thread 2" [_thread_blocked, id=8104, stack(0x000000002bf80000,0x000000002c080000)]
  0x000000001a8b8000 JavaThread "Execution worker for ':'" [_thread_blocked, id=13868, stack(0x000000002bc10000,0x000000002bd10000)]
  0x00000000182de800 JavaThread "Build operations Thread 4" [_thread_blocked, id=1396, stack(0x0000000028e60000,0x0000000028f60000)]
  0x00000000182db800 JavaThread "Build operations Thread 3" [_thread_in_native, id=7840, stack(0x0000000021860000,0x0000000021960000)]
  0x00000000182dc000 JavaThread "Build operations Thread 2" [_thread_in_Java, id=5044, stack(0x0000000021760000,0x0000000021860000)]
  0x00000000182dd000 JavaThread "Build operations" [_thread_in_native, id=14164, stack(0x0000000021260000,0x0000000021360000)]
  0x00000000182da800 JavaThread "Cache worker for Build Output Cleanup Cache (D:\Desktop\Flutter Projects\amquick\android\.gradle\buildOutputCleanup)" [_thread_blocked, id=8124, stack(0x0000000020260000,0x0000000020360000)]
  0x00000000182d9000 JavaThread "Cache worker for cache directory md-rule (C:\Users\NANO\.gradle\caches\6.7\md-rule)" [_thread_blocked, id=16616, stack(0x000000001ff60000,0x0000000020060000)]
  0x00000000182da000 JavaThread "Cache worker for cache directory md-supplier (C:\Users\NANO\.gradle\caches\6.7\md-supplier)" [_thread_blocked, id=15420, stack(0x000000001eda0000,0x000000001eea0000)]
  0x00000000182dd800 JavaThread "Cache worker for checksums cache (D:\Desktop\Flutter Projects\amquick\android\.gradle\checksums)" [_thread_blocked, id=15916, stack(0x000000001e9e0000,0x000000001eae0000)]
  0x00000000182d1000 JavaThread "Cache worker for file hash cache (D:\Desktop\Flutter Projects\amquick\android\.gradle\6.7\fileHashes)" [_thread_blocked, id=256, stack(0x000000001c140000,0x000000001c240000)]
  0x00000000182d7800 JavaThread "Thread-147" [_thread_blocked, id=11388, stack(0x000000001c040000,0x000000001c140000)]
  0x00000000182d6000 JavaThread "Stdin handler" [_thread_blocked, id=13352, stack(0x000000001bf40000,0x000000001c040000)]
  0x00000000182d5800 JavaThread "Asynchronous log dispatcher for DefaultDaemonConnection: socket connection from /127.0.0.1:62645 to /127.0.0.1:57362" [_thread_blocked, id=1924, stack(0x000000001bd40000,0x000000001be40000)]
  0x00000000182d3000 JavaThread "Cancel handler" [_thread_blocked, id=4052, stack(0x000000001bc40000,0x000000001bd40000)]
  0x00000000182d7000 JavaThread "Handler for socket connection from /127.0.0.1:62645 to /127.0.0.1:57362" [_thread_in_native, id=7596, stack(0x0000000000ee0000,0x0000000000fe0000)]
  0x00000000182d8800 JavaThread "Exec process Thread 3" [_thread_blocked, id=2648, stack(0x000000002ce00000,0x000000002cf00000)]
  0x00000000182d4000 JavaThread "Exec process Thread 2" [_thread_blocked, id=6796, stack(0x000000002cd00000,0x000000002ce00000)]
  0x00000000182d1800 JavaThread "Exec process" [_thread_blocked, id=1168, stack(0x000000002cc00000,0x000000002cd00000)]
  0x0000000018e3c800 JavaThread "Memory manager" [_thread_blocked, id=2000, stack(0x0000000028d60000,0x0000000028e60000)]
  0x0000000018e3b800 JavaThread "jar transforms Thread 112" [_thread_blocked, id=13260, stack(0x0000000028860000,0x0000000028960000)]
  0x0000000018e34000 JavaThread "jar transforms Thread 111" [_thread_blocked, id=14972, stack(0x0000000028760000,0x0000000028860000)]
  0x0000000018e3b000 JavaThread "jar transforms Thread 110" [_thread_blocked, id=9736, stack(0x0000000028660000,0x0000000028760000)]
  0x0000000018e3a000 JavaThread "jar transforms Thread 109" [_thread_blocked, id=12204, stack(0x0000000028560000,0x0000000028660000)]
  0x0000000018e39800 JavaThread "jar transforms Thread 108" [_thread_blocked, id=5680, stack(0x0000000028460000,0x0000000028560000)]
  0x0000000018e38800 JavaThread "jar transforms Thread 107" [_thread_blocked, id=7896, stack(0x0000000028360000,0x0000000028460000)]
  0x0000000018e38000 JavaThread "jar transforms Thread 106" [_thread_blocked, id=17396, stack(0x0000000028260000,0x0000000028360000)]
  0x0000000018e30800 JavaThread "jar transforms Thread 105" [_thread_blocked, id=13480, stack(0x0000000028160000,0x0000000028260000)]
  0x0000000018e37000 JavaThread "jar transforms Thread 104" [_thread_blocked, id=1568, stack(0x0000000028060000,0x0000000028160000)]
  0x0000000018e36800 JavaThread "jar transforms Thread 103" [_thread_blocked, id=14304, stack(0x0000000027f60000,0x0000000028060000)]
  0x0000000018e35000 JavaThread "jar transforms Thread 102" [_thread_blocked, id=17124, stack(0x0000000027e60000,0x0000000027f60000)]
  0x0000000018e32000 JavaThread "jar transforms Thread 101" [_thread_blocked, id=9172, stack(0x0000000027d60000,0x0000000027e60000)]
  0x0000000018e32800 JavaThread "jar transforms Thread 100" [_thread_blocked, id=2236, stack(0x0000000027c60000,0x0000000027d60000)]
  0x0000000018e33800 JavaThread "jar transforms Thread 99" [_thread_blocked, id=13136, stack(0x0000000027b60000,0x0000000027c60000)]
  0x0000000018e35800 JavaThread "jar transforms Thread 98" [_thread_blocked, id=12036, stack(0x0000000027a60000,0x0000000027b60000)]
  0x0000000018e31000 JavaThread "jar transforms Thread 97" [_thread_blocked, id=13912, stack(0x0000000027960000,0x0000000027a60000)]
  0x000000001d2c2000 JavaThread "jar transforms Thread 96" [_thread_blocked, id=14372, stack(0x0000000027860000,0x0000000027960000)]
  0x000000001d2c1000 JavaThread "jar transforms Thread 95" [_thread_blocked, id=16624, stack(0x0000000027760000,0x0000000027860000)]
  0x000000001d2c0800 JavaThread "jar transforms Thread 94" [_thread_blocked, id=5304, stack(0x0000000027660000,0x0000000027760000)]
  0x000000001d2bf800 JavaThread "jar transforms Thread 93" [_thread_blocked, id=3680, stack(0x0000000027560000,0x0000000027660000)]
  0x000000001d2bf000 JavaThread "jar transforms Thread 92" [_thread_blocked, id=11088, stack(0x0000000027460000,0x0000000027560000)]
  0x000000001d2bd800 JavaThread "jar transforms Thread 91" [_thread_blocked, id=3424, stack(0x0000000027360000,0x0000000027460000)]
  0x000000001d2be000 JavaThread "jar transforms Thread 90" [_thread_blocked, id=17100, stack(0x0000000027260000,0x0000000027360000)]
  0x000000001d2bc800 JavaThread "jar transforms Thread 89" [_thread_blocked, id=4716, stack(0x0000000027160000,0x0000000027260000)]
  0x000000001d2b5000 JavaThread "jar transforms Thread 88" [_thread_blocked, id=16388, stack(0x0000000027060000,0x0000000027160000)]
  0x000000001d2bc000 JavaThread "jar transforms Thread 87" [_thread_blocked, id=5436, stack(0x0000000026f60000,0x0000000027060000)]
  0x000000001d2bb000 JavaThread "jar transforms Thread 86" [_thread_blocked, id=17112, stack(0x0000000026e60000,0x0000000026f60000)]
  0x000000001d2b7800 JavaThread "jar transforms Thread 85" [_thread_blocked, id=16628, stack(0x0000000026d60000,0x0000000026e60000)]
  0x000000001d2b6800 JavaThread "jar transforms Thread 84" [_thread_blocked, id=16204, stack(0x0000000026c60000,0x0000000026d60000)]
  0x000000001d2b3800 JavaThread "jar transforms Thread 83" [_thread_blocked, id=14772, stack(0x0000000026b60000,0x0000000026c60000)]
  0x000000001d2ba800 JavaThread "jar transforms Thread 82" [_thread_blocked, id=15336, stack(0x0000000026a60000,0x0000000026b60000)]
  0x000000001d2b4800 JavaThread "jar transforms Thread 81" [_thread_blocked, id=14780, stack(0x0000000026960000,0x0000000026a60000)]
  0x000000001d2b9800 JavaThread "jar transforms Thread 80" [_thread_blocked, id=220, stack(0x0000000026860000,0x0000000026960000)]
  0x000000001d2b6000 JavaThread "jar transforms Thread 79" [_thread_blocked, id=15040, stack(0x0000000026760000,0x0000000026860000)]
  0x000000001d2b9000 JavaThread "jar transforms Thread 78" [_thread_blocked, id=11624, stack(0x0000000026660000,0x0000000026760000)]
  0x000000001d2b3000 JavaThread "jar transforms Thread 77" [_thread_blocked, id=6800, stack(0x0000000026560000,0x0000000026660000)]
  0x000000001d2b8000 JavaThread "jar transforms Thread 76" [_thread_blocked, id=4768, stack(0x0000000026460000,0x0000000026560000)]
  0x000000001994e800 JavaThread "jar transforms Thread 75" [_thread_blocked, id=16708, stack(0x0000000026360000,0x0000000026460000)]
  0x000000001994f800 JavaThread "jar transforms Thread 74" [_thread_blocked, id=796, stack(0x0000000026260000,0x0000000026360000)]
  0x0000000019950000 JavaThread "jar transforms Thread 73" [_thread_blocked, id=9308, stack(0x0000000026160000,0x0000000026260000)]
  0x000000001994d000 JavaThread "jar transforms Thread 72" [_thread_blocked, id=12912, stack(0x0000000026060000,0x0000000026160000)]
  0x000000001994e000 JavaThread "jar transforms Thread 71" [_thread_blocked, id=11324, stack(0x0000000025f60000,0x0000000026060000)]
  0x000000001994c800 JavaThread "jar transforms Thread 70" [_thread_blocked, id=5724, stack(0x0000000025e60000,0x0000000025f60000)]
  0x0000000019952800 JavaThread "jar transforms Thread 69" [_thread_blocked, id=16328, stack(0x0000000025d60000,0x0000000025e60000)]
  0x000000001994b800 JavaThread "jar transforms Thread 68" [_thread_blocked, id=11052, stack(0x0000000025c60000,0x0000000025d60000)]
  0x0000000019951000 JavaThread "jar transforms Thread 67" [_thread_blocked, id=15868, stack(0x0000000025b60000,0x0000000025c60000)]
  0x0000000019951800 JavaThread "jar transforms Thread 66" [_thread_blocked, id=15036, stack(0x0000000025a60000,0x0000000025b60000)]
  0x0000000019944000 JavaThread "jar transforms Thread 65" [_thread_blocked, id=15172, stack(0x0000000025960000,0x0000000025a60000)]
  0x000000001994b000 JavaThread "jar transforms Thread 64" [_thread_blocked, id=10556, stack(0x0000000025760000,0x0000000025860000)]
  0x0000000019949800 JavaThread "jar transforms Thread 63" [_thread_blocked, id=11628, stack(0x0000000025660000,0x0000000025760000)]
  0x0000000019947000 JavaThread "jar transforms Thread 62" [_thread_blocked, id=17016, stack(0x0000000025560000,0x0000000025660000)]
  0x0000000019948000 JavaThread "jar transforms Thread 61" [_thread_blocked, id=4564, stack(0x0000000025460000,0x0000000025560000)]
  0x0000000019943800 JavaThread "jar transforms Thread 60" [_thread_blocked, id=14776, stack(0x0000000025360000,0x0000000025460000)]
  0x0000000019948800 JavaThread "jar transforms Thread 59" [_thread_blocked, id=9652, stack(0x0000000025260000,0x0000000025360000)]
  0x000000001994a000 JavaThread "jar transforms Thread 58" [_thread_blocked, id=12776, stack(0x0000000025160000,0x0000000025260000)]
  0x0000000019945800 JavaThread "jar transforms Thread 57" [_thread_blocked, id=2972, stack(0x0000000025060000,0x0000000025160000)]
  0x0000000019945000 JavaThread "jar transforms Thread 56" [_thread_blocked, id=10260, stack(0x0000000024f60000,0x0000000025060000)]
  0x0000000019946800 JavaThread "jar transforms Thread 55" [_thread_blocked, id=17120, stack(0x0000000024e60000,0x0000000024f60000)]
  0x000000001f462000 JavaThread "jar transforms Thread 54" [_thread_blocked, id=3688, stack(0x0000000024d60000,0x0000000024e60000)]
  0x000000001f464800 JavaThread "jar transforms Thread 53" [_thread_blocked, id=12680, stack(0x0000000024c60000,0x0000000024d60000)]
  0x000000001f463800 JavaThread "jar transforms Thread 52" [_thread_blocked, id=3900, stack(0x0000000024b60000,0x0000000024c60000)]
  0x000000001f463000 JavaThread "jar transforms Thread 51" [_thread_blocked, id=16432, stack(0x0000000024a60000,0x0000000024b60000)]
  0x000000001f461800 JavaThread "jar transforms Thread 50" [_thread_blocked, id=3088, stack(0x0000000024960000,0x0000000024a60000)]
  0x000000001f460800 JavaThread "jar transforms Thread 49" [_thread_blocked, id=7932, stack(0x0000000024860000,0x0000000024960000)]
  0x000000001f460000 JavaThread "jar transforms Thread 48" [_thread_blocked, id=14508, stack(0x0000000024760000,0x0000000024860000)]
  0x000000001f45e800 JavaThread "jar transforms Thread 47" [_thread_blocked, id=14176, stack(0x0000000024660000,0x0000000024760000)]
  0x000000001f45a000 JavaThread "jar transforms Thread 46" [_thread_blocked, id=472, stack(0x0000000024560000,0x0000000024660000)]
  0x000000001f45f000 JavaThread "jar transforms Thread 45" [_thread_blocked, id=1964, stack(0x0000000024460000,0x0000000024560000)]
  0x000000001f45d800 JavaThread "jar transforms Thread 44" [_thread_blocked, id=9124, stack(0x0000000024360000,0x0000000024460000)]
  0x000000001f456000 JavaThread "jar transforms Thread 43" [_thread_blocked, id=9904, stack(0x0000000024260000,0x0000000024360000)]
  0x000000001f459000 JavaThread "jar transforms Thread 42" [_thread_blocked, id=4732, stack(0x0000000024160000,0x0000000024260000)]
  0x000000001f45d000 JavaThread "jar transforms Thread 41" [_thread_blocked, id=9800, stack(0x0000000024060000,0x0000000024160000)]
  0x000000001f455800 JavaThread "jar transforms Thread 40" [_thread_blocked, id=13908, stack(0x0000000023f60000,0x0000000024060000)]
  0x000000001f45c000 JavaThread "jar transforms Thread 39" [_thread_blocked, id=4956, stack(0x0000000023e60000,0x0000000023f60000)]
  0x000000001f458800 JavaThread "jar transforms Thread 38" [_thread_blocked, id=3136, stack(0x0000000023d60000,0x0000000023e60000)]
  0x000000001f457000 JavaThread "jar transforms Thread 37" [_thread_blocked, id=10460, stack(0x0000000023c60000,0x0000000023d60000)]
  0x000000001f45a800 JavaThread "jar transforms Thread 36" [_thread_blocked, id=14348, stack(0x0000000023b60000,0x0000000023c60000)]
  0x000000001f45b800 JavaThread "jar transforms Thread 35" [_thread_blocked, id=13608, stack(0x0000000023a60000,0x0000000023b60000)]
  0x000000001f457800 JavaThread "jar transforms Thread 34" [_thread_blocked, id=16524, stack(0x0000000023960000,0x0000000023a60000)]
  0x000000001e160000 JavaThread "jar transforms Thread 33" [_thread_blocked, id=16288, stack(0x0000000023860000,0x0000000023960000)]
  0x000000001e15f800 JavaThread "jar transforms Thread 32" [_thread_blocked, id=8364, stack(0x0000000023760000,0x0000000023860000)]
  0x000000001e15e800 JavaThread "jar transforms Thread 31" [_thread_blocked, id=6908, stack(0x0000000023660000,0x0000000023760000)]
  0x000000001e165800 JavaThread "jar transforms Thread 30" [_thread_blocked, id=13544, stack(0x0000000023560000,0x0000000023660000)]
  0x000000001e164800 JavaThread "jar transforms Thread 29" [_thread_blocked, id=13592, stack(0x0000000023460000,0x0000000023560000)]
  0x000000001e164000 JavaThread "jar transforms Thread 28" [_thread_blocked, id=5604, stack(0x0000000023360000,0x0000000023460000)]
  0x000000001e161000 JavaThread "jar transforms Thread 27" [_thread_blocked, id=13000, stack(0x0000000023260000,0x0000000023360000)]
  0x000000001e163000 JavaThread "jar transforms Thread 26" [_thread_blocked, id=3800, stack(0x0000000023160000,0x0000000023260000)]
  0x000000001e15e000 JavaThread "jar transforms Thread 25" [_thread_blocked, id=4248, stack(0x0000000023060000,0x0000000023160000)]
  0x000000001e161800 JavaThread "jar transforms Thread 24" [_thread_blocked, id=10916, stack(0x0000000022f60000,0x0000000023060000)]
  0x000000001e15b800 JavaThread "jar transforms Thread 23" [_thread_blocked, id=11040, stack(0x0000000022e60000,0x0000000022f60000)]
  0x000000001e15c800 JavaThread "jar transforms Thread 22" [_thread_blocked, id=15136, stack(0x0000000022d60000,0x0000000022e60000)]
  0x000000001e162800 JavaThread "jar transforms Thread 21" [_thread_blocked, id=7464, stack(0x0000000022c60000,0x0000000022d60000)]
  0x000000001e156800 JavaThread "jar transforms Thread 20" [_thread_blocked, id=14140, stack(0x0000000022b60000,0x0000000022c60000)]
  0x000000001e15b000 JavaThread "jar transforms Thread 19" [_thread_blocked, id=16980, stack(0x0000000022a60000,0x0000000022b60000)]
  0x000000001e15a000 JavaThread "jar transforms Thread 18" [_thread_blocked, id=2756, stack(0x0000000022960000,0x0000000022a60000)]
  0x000000001e15d000 JavaThread "jar transforms Thread 17" [_thread_blocked, id=6696, stack(0x0000000022860000,0x0000000022960000)]
  0x000000001e158000 JavaThread "jar transforms Thread 16" [_thread_blocked, id=1364, stack(0x0000000022760000,0x0000000022860000)]
  0x000000001e158800 JavaThread "jar transforms Thread 15" [_thread_blocked, id=2020, stack(0x0000000022660000,0x0000000022760000)]
  0x000000001e157000 JavaThread "jar transforms Thread 14" [_thread_blocked, id=11296, stack(0x0000000022560000,0x0000000022660000)]
  0x000000001e159800 JavaThread "jar transforms Thread 13" [_thread_blocked, id=10900, stack(0x0000000022460000,0x0000000022560000)]
  0x000000001a8bf800 JavaThread "jar transforms Thread 12" [_thread_blocked, id=7300, stack(0x0000000022360000,0x0000000022460000)]
  0x000000001a8c4000 JavaThread "jar transforms Thread 11" [_thread_blocked, id=4332, stack(0x0000000022260000,0x0000000022360000)]
  0x000000001a8c6800 JavaThread "jar transforms Thread 10" [_thread_blocked, id=5892, stack(0x0000000022160000,0x0000000022260000)]
  0x000000001a8bf000 JavaThread "jar transforms Thread 9" [_thread_blocked, id=7940, stack(0x0000000022060000,0x0000000022160000)]
  0x000000001a8c5800 JavaThread "jar transforms Thread 8" [_thread_blocked, id=1228, stack(0x0000000021f60000,0x0000000022060000)]
  0x000000001a8c2000 JavaThread "jar transforms Thread 7" [_thread_blocked, id=12460, stack(0x0000000021e60000,0x0000000021f60000)]
  0x000000001a8c2800 JavaThread "jar transforms Thread 6" [_thread_blocked, id=13532, stack(0x0000000021d60000,0x0000000021e60000)]
  0x000000001a8c5000 JavaThread "jar transforms Thread 5" [_thread_blocked, id=16380, stack(0x0000000021c60000,0x0000000021d60000)]
  0x000000001a8c3800 JavaThread "jar transforms Thread 4" [_thread_blocked, id=10668, stack(0x0000000021b60000,0x0000000021c60000)]
  0x000000001a8c1000 JavaThread "jar transforms Thread 3" [_thread_blocked, id=2028, stack(0x0000000021a60000,0x0000000021b60000)]
  0x000000001a8c0800 JavaThread "jar transforms Thread 2" [_thread_blocked, id=15612, stack(0x0000000021960000,0x0000000021a60000)]
  0x000000001a8bc000 JavaThread "Cache worker for file content cache (C:\Users\NANO\.gradle\caches\6.7\fileContent)" [_thread_blocked, id=16312, stack(0x0000000020b60000,0x0000000020c60000)]
  0x00000000196e3800 JavaThread "jar transforms" [_thread_blocked, id=7496, stack(0x0000000020a60000,0x0000000020b60000)]
  0x00000000196e4000 JavaThread "Cache worker for execution history cache (C:\Users\NANO\.gradle\caches\6.7\executionHistory)" [_thread_blocked, id=10880, stack(0x0000000020360000,0x0000000020460000)]
  0x00000000196e1000 JavaThread "Cache worker for journal cache (C:\Users\NANO\.gradle\caches\journal-1)" [_thread_blocked, id=15704, stack(0x000000001c740000,0x000000001c840000)]
  0x00000000196df800 JavaThread "File lock request listener" [_thread_in_native, id=1724, stack(0x000000001c640000,0x000000001c740000)]
  0x00000000196e6800 JavaThread "Cache worker for file hash cache (C:\Users\NANO\.gradle\caches\6.7\fileHashes)" [_thread_blocked, id=6804, stack(0x000000001c440000,0x000000001c540000)]
  0x0000000019f85000 JavaThread "Daemon worker" [_thread_blocked, id=13556, stack(0x000000001be40000,0x000000001bf40000)]
  0x0000000019f06800 JavaThread "Daemon" [_thread_blocked, id=17080, stack(0x000000001b940000,0x000000001ba40000)]
  0x0000000019ed5800 JavaThread "Daemon periodic checks" [_thread_blocked, id=948, stack(0x000000001b840000,0x000000001b940000)]
  0x0000000019ed4800 JavaThread "Incoming local TCP Connector on port 62645" [_thread_in_native, id=16132, stack(0x000000001b600000,0x000000001b700000)]
  0x0000000019e73000 JavaThread "Daemon health stats" [_thread_blocked, id=13792, stack(0x000000001adc0000,0x000000001aec0000)]
  0x0000000017f95800 JavaThread "Service Thread" daemon [_thread_blocked, id=7332, stack(0x0000000018420000,0x0000000018520000)]
  0x0000000017f3f000 JavaThread "C1 CompilerThread2" daemon [_thread_blocked, id=932, stack(0x0000000018320000,0x0000000018420000)]
  0x000000001669e000 JavaThread "C2 CompilerThread1" daemon [_thread_in_native, id=16108, stack(0x0000000017e20000,0x0000000017f20000)]
=>0x000000001669b000 JavaThread "C2 CompilerThread0" daemon [_thread_in_native, id=2240, stack(0x0000000017d20000,0x0000000017e20000)]
  0x0000000016698000 JavaThread "Attach Listener" daemon [_thread_blocked, id=16860, stack(0x0000000017c20000,0x0000000017d20000)]
  0x00000000166e6000 JavaThread "Signal Dispatcher" daemon [_thread_blocked, id=14700, stack(0x0000000017b20000,0x0000000017c20000)]
  0x0000000002d1b800 JavaThread "Finalizer" daemon [_thread_blocked, id=11304, stack(0x0000000017920000,0x0000000017a20000)]
  0x0000000002d11000 JavaThread "Reference Handler" daemon [_thread_blocked, id=16924, stack(0x0000000017820000,0x0000000017920000)]
  0x0000000002c22800 JavaThread "main" [_thread_blocked, id=4968, stack(0x0000000002b20000,0x0000000002c20000)]

Other Threads:
  0x0000000016658000 VMThread [stack: 0x0000000017720000,0x0000000017820000] [id=6436]
  0x0000000017fbf800 WatcherThread [stack: 0x0000000018520000,0x0000000018620000] [id=11716]

VM state:not at safepoint (normal execution)

VM Mutex/Monitor currently owned by a thread: None

Heap:
 PSYoungGen      total 259584K, used 190720K [0x00000000e0000000, 0x00000000f1a00000, 0x0000000100000000)
  eden space 240640K, 71% used [0x00000000e0000000,0x00000000ea7cd2d8,0x00000000eeb00000)
  from space 18944K, 99% used [0x00000000f0780000,0x00000000f19f2eb0,0x00000000f1a00000)
  to   space 24064K, 0% used [0x00000000eeb00000,0x00000000eeb00000,0x00000000f0280000)
 ParOldGen       total 211968K, used 53449K [0x00000000a0000000, 0x00000000acf00000, 0x00000000e0000000)
  object space 211968K, 25% used [0x00000000a0000000,0x00000000a34326d8,0x00000000acf00000)
 Metaspace       used 73811K, capacity 78534K, committed 78720K, reserved 1116160K
  class space    used 10217K, capacity 11134K, committed 11136K, reserved 1048576K

Card table byte_map: [0x00000000120e0000,0x00000000123f0000] byte_map_base: 0x0000000011be0000

Marking Bits: (ParMarkBitMap*) 0x0000000077f72d00
 Begin Bits: [0x00000000129f0000, 0x00000000141f0000)
 End Bits:   [0x00000000141f0000, 0x00000000159f0000)

Polling page: 0x00000000028e0000

CodeCache: size=245760Kb used=28435Kb max_used=28903Kb free=217324Kb
 bounds [0x0000000002d20000, 0x0000000004980000, 0x0000000011d20000]
 total_blobs=9765 nmethods=8968 adapters=708
 compilation: enabled

Compilation events (10 events):
Event: 87.330 Thread 0x000000001669e000 nmethod 10672 0x0000000004231a90 code [0x0000000004231bc0, 0x0000000004231c38]
Event: 87.332 Thread 0x0000000017f3f000 10673       3       java.lang.ClassLoader::getParent (32 bytes)
Event: 87.333 Thread 0x0000000017f3f000 nmethod 10673 0x0000000003374890 code [0x0000000003374a60, 0x0000000003375358]
Event: 87.333 Thread 0x0000000017f3f000 10674       3       java.io.BufferedReader::fill (170 bytes)
Event: 87.334 Thread 0x0000000017f3f000 nmethod 10674 0x0000000004921550 code [0x0000000004921700, 0x0000000004921d88]
Event: 87.335 Thread 0x0000000017f3f000 10675       1       org.gradle.api.internal.artifacts.transform.DefaultTransformationWorkspace::getResultsFile (5 bytes)
Event: 87.335 Thread 0x0000000017f3f000 nmethod 10675 0x0000000003374550 code [0x00000000033746a0, 0x00000000033747b0]
Event: 87.336 Thread 0x0000000017f3f000 10676       3       org.gradle.internal.execution.history.changes.AbstractFingerprintChanges$1::updated (17 bytes)
Event: 87.337 Thread 0x0000000017f3f000 nmethod 10676 0x00000000030b7890 code [0x00000000030b7a20, 0x00000000030b7ea8]
Event: 87.337 Thread 0x0000000017f3f000 10677       3       org.gradle.internal.execution.history.changes.AbstractFingerprintCompareStrategy::hasSameRootHashes (22 bytes)

GC Heap History (10 events):
Event: 14.818 GC heap before
{Heap before GC invocations=11 (full 2):
 PSYoungGen      total 172544K, used 172376K [0x00000000e0000000, 0x00000000ed180000, 0x0000000100000000)
  eden space 165888K, 100% used [0x00000000e0000000,0x00000000ea200000,0x00000000ea200000)
  from space 6656K, 97% used [0x00000000ecb00000,0x00000000ed156060,0x00000000ed180000)
  to   space 11776K, 0% used [0x00000000eba80000,0x00000000eba80000,0x00000000ec600000)
 ParOldGen       total 137728K, used 15641K [0x00000000a0000000, 0x00000000a8680000, 0x00000000e0000000)
  object space 137728K, 11% used [0x00000000a0000000,0x00000000a0f467c0,0x00000000a8680000)
 Metaspace       used 51545K, capacity 53528K, committed 53760K, reserved 1095680K
  class space    used 7022K, capacity 7408K, committed 7424K, reserved 1048576K
Event: 14.846 GC heap after
Heap after GC invocations=11 (full 2):
 PSYoungGen      total 202752K, used 11774K [0x00000000e0000000, 0x00000000eed80000, 0x0000000100000000)
  eden space 190976K, 0% used [0x00000000e0000000,0x00000000e0000000,0x00000000eba80000)
  from space 11776K, 99% used [0x00000000eba80000,0x00000000ec5ffb70,0x00000000ec600000)
  to   space 15872K, 0% used [0x00000000ede00000,0x00000000ede00000,0x00000000eed80000)
 ParOldGen       total 137728K, used 23506K [0x00000000a0000000, 0x00000000a8680000, 0x00000000e0000000)
  object space 137728K, 17% used [0x00000000a0000000,0x00000000a16f49b0,0x00000000a8680000)
 Metaspace       used 51545K, capacity 53528K, committed 53760K, reserved 1095680K
  class space    used 7022K, capacity 7408K, committed 7424K, reserved 1048576K
}
Event: 17.620 GC heap before
{Heap before GC invocations=12 (full 2):
 PSYoungGen      total 202752K, used 139744K [0x00000000e0000000, 0x00000000eed80000, 0x0000000100000000)
  eden space 190976K, 67% used [0x00000000e0000000,0x00000000e7cf87c0,0x00000000eba80000)
  from space 11776K, 99% used [0x00000000eba80000,0x00000000ec5ffb70,0x00000000ec600000)
  to   space 15872K, 0% used [0x00000000ede00000,0x00000000ede00000,0x00000000eed80000)
 ParOldGen       total 137728K, used 23506K [0x00000000a0000000, 0x00000000a8680000, 0x00000000e0000000)
  object space 137728K, 17% used [0x00000000a0000000,0x00000000a16f49b0,0x00000000a8680000)
 Metaspace       used 56605K, capacity 59056K, committed 59136K, reserved 1099776K
  class space    used 7888K, capacity 8394K, committed 8448K, reserved 1048576K
Event: 17.657 GC heap after
Heap after GC invocations=12 (full 2):
 PSYoungGen      total 223232K, used 15864K [0x00000000e0000000, 0x00000000f1300000, 0x0000000100000000)
  eden space 207360K, 0% used [0x00000000e0000000,0x00000000e0000000,0x00000000eca80000)
  from space 15872K, 99% used [0x00000000ede00000,0x00000000eed7e178,0x00000000eed80000)
  to   space 19968K, 0% used [0x00000000eca80000,0x00000000eca80000,0x00000000ede00000)
 ParOldGen       total 137728K, used 29879K [0x00000000a0000000, 0x00000000a8680000, 0x00000000e0000000)
  object space 137728K, 21% used [0x00000000a0000000,0x00000000a1d2dfb8,0x00000000a8680000)
 Metaspace       used 56605K, capacity 59056K, committed 59136K, reserved 1099776K
  class space    used 7888K, capacity 8394K, committed 8448K, reserved 1048576K
}
Event: 17.657 GC heap before
{Heap before GC invocations=13 (full 3):
 PSYoungGen      total 223232K, used 15864K [0x00000000e0000000, 0x00000000f1300000, 0x0000000100000000)
  eden space 207360K, 0% used [0x00000000e0000000,0x00000000e0000000,0x00000000eca80000)
  from space 15872K, 99% used [0x00000000ede00000,0x00000000eed7e178,0x00000000eed80000)
  to   space 19968K, 0% used [0x00000000eca80000,0x00000000eca80000,0x00000000ede00000)
 ParOldGen       total 137728K, used 29879K [0x00000000a0000000, 0x00000000a8680000, 0x00000000e0000000)
  object space 137728K, 21% used [0x00000000a0000000,0x00000000a1d2dfb8,0x00000000a8680000)
 Metaspace       used 56605K, capacity 59056K, committed 59136K, reserved 1099776K
  class space    used 7888K, capacity 8394K, committed 8448K, reserved 1048576K
Event: 18.092 GC heap after
Heap after GC invocations=13 (full 3):
 PSYoungGen      total 223232K, used 0K [0x00000000e0000000, 0x00000000f1300000, 0x0000000100000000)
  eden space 207360K, 0% used [0x00000000e0000000,0x00000000e0000000,0x00000000eca80000)
  from space 15872K, 0% used [0x00000000ede00000,0x00000000ede00000,0x00000000eed80000)
  to   space 19968K, 0% used [0x00000000eca80000,0x00000000eca80000,0x00000000ede00000)
 ParOldGen       total 211968K, used 36486K [0x00000000a0000000, 0x00000000acf00000, 0x00000000e0000000)
  object space 211968K, 17% used [0x00000000a0000000,0x00000000a23a1ad8,0x00000000acf00000)
 Metaspace       used 56598K, capacity 59032K, committed 59136K, reserved 1099776K
  class space    used 7886K, capacity 8390K, committed 8448K, reserved 1048576K
}
Event: 24.069 GC heap before
{Heap before GC invocations=14 (full 3):
 PSYoungGen      total 223232K, used 207360K [0x00000000e0000000, 0x00000000f1300000, 0x0000000100000000)
  eden space 207360K, 100% used [0x00000000e0000000,0x00000000eca80000,0x00000000eca80000)
  from space 15872K, 0% used [0x00000000ede00000,0x00000000ede00000,0x00000000eed80000)
  to   space 19968K, 0% used [0x00000000eca80000,0x00000000eca80000,0x00000000ede00000)
 ParOldGen       total 211968K, used 36486K [0x00000000a0000000, 0x00000000acf00000, 0x00000000e0000000)
  object space 211968K, 17% used [0x00000000a0000000,0x00000000a23a1ad8,0x00000000acf00000)
 Metaspace       used 62855K, capacity 66248K, committed 66432K, reserved 1105920K
  class space    used 8830K, capacity 9566K, committed 9600K, reserved 1048576K
Event: 24.134 GC heap after
Heap after GC invocations=14 (full 3):
 PSYoungGen      total 227328K, used 19952K [0x00000000e0000000, 0x00000000f1d80000, 0x0000000100000000)
  eden space 207360K, 0% used [0x00000000e0000000,0x00000000e0000000,0x00000000eca80000)
  from space 19968K, 99% used [0x00000000eca80000,0x00000000eddfc2e0,0x00000000ede00000)
  to   space 22528K, 0% used [0x00000000f0780000,0x00000000f0780000,0x00000000f1d80000)
 ParOldGen       total 211968K, used 37337K [0x00000000a0000000, 0x00000000acf00000, 0x00000000e0000000)
  object space 211968K, 17% used [0x00000000a0000000,0x00000000a24765a8,0x00000000acf00000)
 Metaspace       used 62855K, capacity 66248K, committed 66432K, reserved 1105920K
  class space    used 8830K, capacity 9566K, committed 9600K, reserved 1048576K
}
Event: 53.374 GC heap before
{Heap before GC invocations=15 (full 3):
 PSYoungGen      total 227328K, used 227312K [0x00000000e0000000, 0x00000000f1d80000, 0x0000000100000000)
  eden space 207360K, 100% used [0x00000000e0000000,0x00000000eca80000,0x00000000eca80000)
  from space 19968K, 99% used [0x00000000eca80000,0x00000000eddfc2e0,0x00000000ede00000)
  to   space 22528K, 0% used [0x00000000f0780000,0x00000000f0780000,0x00000000f1d80000)
 ParOldGen       total 211968K, used 37337K [0x00000000a0000000, 0x00000000acf00000, 0x00000000e0000000)
  object space 211968K, 17% used [0x00000000a0000000,0x00000000a24765a8,0x00000000acf00000)
 Metaspace       used 72434K, capacity 76600K, committed 76800K, reserved 1116160K
  class space    used 10061K, capacity 10911K, committed 11008K, reserved 1048576K
Event: 53.413 GC heap after
Heap after GC invocations=15 (full 3):
 PSYoungGen      total 259584K, used 18891K [0x00000000e0000000, 0x00000000f1a00000, 0x0000000100000000)
  eden space 240640K, 0% used [0x00000000e0000000,0x00000000e0000000,0x00000000eeb00000)
  from space 18944K, 99% used [0x00000000f0780000,0x00000000f19f2eb0,0x00000000f1a00000)
  to   space 24064K, 0% used [0x00000000eeb00000,0x00000000eeb00000,0x00000000f0280000)
 ParOldGen       total 211968K, used 53449K [0x00000000a0000000, 0x00000000acf00000, 0x00000000e0000000)
  object space 211968K, 25% used [0x00000000a0000000,0x00000000a34326d8,0x00000000acf00000)
 Metaspace       used 72434K, capacity 76600K, committed 76800K, reserved 1116160K
  class space    used 10061K, capacity 10911K, committed 11008K, reserved 1048576K
}

Deoptimization events (10 events):
Event: 86.875 Thread 0x00000000182de800 Uncommon trap: reason=bimorphic action=maybe_recompile pc=0x00000000046f457c method=org.gradle.internal.snapshot.SnapshotUtil.getSnapshotFromChild(Lorg/gradle/internal/snapshot/FileSystemNode;Lorg/gradle/internal/snapshot/VfsRelativePath;Lorg/gradle/inter
Event: 86.934 Thread 0x00000000182dc000 Uncommon trap: reason=bimorphic action=maybe_recompile pc=0x00000000046f4be4 method=org.gradle.internal.snapshot.SnapshotUtil.getMetadataFromChildren(Ljava/util/List;Lorg/gradle/internal/snapshot/VfsRelativePath;Lorg/gradle/internal/snapshot/CaseSensitivi
Event: 86.944 Thread 0x00000000182dc000 Uncommon trap: reason=bimorphic action=maybe_recompile pc=0x00000000046e7720 method=org.gradle.internal.snapshot.SnapshotUtil.getMetadataFromChildren(Ljava/util/List;Lorg/gradle/internal/snapshot/VfsRelativePath;Lorg/gradle/internal/snapshot/CaseSensitivi
Event: 86.953 Thread 0x00000000182dc000 Uncommon trap: reason=bimorphic action=maybe_recompile pc=0x000000000471b32c method=org.gradle.internal.snapshot.SnapshotUtil.getMetadataFromChildren(Ljava/util/List;Lorg/gradle/internal/snapshot/VfsRelativePath;Lorg/gradle/internal/snapshot/CaseSensitivi
Event: 87.130 Thread 0x00000000182db800 Uncommon trap: reason=bimorphic action=maybe_recompile pc=0x00000000047d726c method=com.google.common.cache.LocalCache$Segment.getLiveValue(Lcom/google/common/cache/ReferenceEntry;J)Ljava/lang/Object; @ 21
Event: 87.131 Thread 0x00000000182dc000 Uncommon trap: reason=unstable_if action=reinterpret pc=0x0000000003e45538 method=com.google.common.util.concurrent.AbstractFuture.releaseWaiters()V @ 22
Event: 87.131 Thread 0x00000000182db800 Uncommon trap: reason=bimorphic action=maybe_recompile pc=0x00000000047d726c method=com.google.common.cache.LocalCache$Segment.getLiveValue(Lcom/google/common/cache/ReferenceEntry;J)Ljava/lang/Object; @ 21
Event: 87.175 Thread 0x00000000182de800 Uncommon trap: reason=bimorphic action=maybe_recompile pc=0x00000000047d726c method=com.google.common.cache.LocalCache$Segment.getLiveValue(Lcom/google/common/cache/ReferenceEntry;J)Ljava/lang/Object; @ 21
Event: 87.186 Thread 0x00000000182dd000 Uncommon trap: reason=bimorphic action=maybe_recompile pc=0x00000000047d726c method=com.google.common.cache.LocalCache$Segment.getLiveValue(Lcom/google/common/cache/ReferenceEntry;J)Ljava/lang/Object; @ 21
Event: 87.238 Thread 0x00000000182dd000 Uncommon trap: reason=unstable_if action=reinterpret pc=0x0000000002ff8cc0 method=java.util.concurrent.locks.ReentrantLock$Sync.nonfairTryAcquire(I)Z @ 19

Classes redefined (0 events):
No events

Internal exceptions (10 events):
Event: 53.584 Thread 0x0000000019f85000 Implicit null exception at 0x00000000046229a3 to 0x0000000004622add
Event: 54.559 Thread 0x0000000019f85000 Exception <a 'sun/nio/fs/WindowsException'> (0x00000000e527ee40) thrown at [C:\re\workspace\8-2-build-windows-amd64-cygwin\jdk8u181\11358\hotspot\src\share\vm\prims\jni.cpp, line 709]
Event: 86.168 Thread 0x0000000019f85000 Exception <a 'java/lang/NoSuchMethodError': java.lang.Object.lambda$static$0(Lorg/gradle/internal/snapshot/FileSystemSnapshotVisitor;)V> (0x00000000e7ab8b70) thrown at [C:\re\workspace\8-2-build-windows-amd64-cygwin\jdk8u181\11358\hotspot\src\share\vm\int
Event: 86.720 Thread 0x00000000182de800 Exception <a 'java/lang/NoSuchMethodError': java.lang.Object.lambda$identity$2(Ljava/lang/Object;)Ljava/lang/Object;> (0x00000000e894cb38) thrown at [C:\re\workspace\8-2-build-windows-amd64-cygwin\jdk8u181\11358\hotspot\src\share\vm\interpreter\linkResolv
Event: 86.725 Thread 0x00000000182dd000 Exception <a 'java/lang/NoSuchMethodError': java.lang.Object.lambda$flatMap$1(Ljava/util/function/Function;Lorg/gradle/internal/Try;)Lorg/gradle/api/internal/artifacts/transform/CacheableInvocation;> (0x00000000e8a03ea0) thrown at [C:\re\workspace\8-2-bui
Event: 86.725 Thread 0x00000000182dd000 Exception <a 'java/lang/NoSuchMethodError': java.lang.Object.lambda$flatMap$4(Ljava/util/function/Function;)Lorg/gradle/api/internal/artifacts/transform/CacheableInvocation;> (0x00000000e8a082d0) thrown at [C:\re\workspace\8-2-build-windows-amd64-cygwin\j
Event: 86.725 Thread 0x00000000182de800 Exception <a 'java/lang/NoSuchMethodError': java.lang.Object.lambda$flatMap$1(Ljava/util/function/Function;Lorg/gradle/internal/Try;)Lorg/gradle/api/internal/artifacts/transform/CacheableInvocation;> (0x00000000e89fc9f0) thrown at [C:\re\workspace\8-2-bui
Event: 86.726 Thread 0x00000000182de800 Exception <a 'java/lang/NoSuchMethodError': java.lang.Object.lambda$flatMap$3(Ljava/util/function/Function;)Lorg/gradle/internal/Try;> (0x00000000e89fd380) thrown at [C:\re\workspace\8-2-build-windows-amd64-cygwin\jdk8u181\11358\hotspot\src\share\vm\inter
Event: 86.726 Thread 0x00000000182dc000 Exception <a 'java/lang/NoSuchMethodError': java.lang.Object.lambda$flatMap$3(Ljava/util/function/Function;)Lorg/gradle/internal/Try;> (0x00000000e8a112a8) thrown at [C:\re\workspace\8-2-build-windows-amd64-cygwin\jdk8u181\11358\hotspot\src\share\vm\inter
Event: 86.810 Thread 0x00000000182de800 Exception <a 'java/lang/NoSuchMethodError': java.lang.Object.lambda$flatMap$2(Ljava/util/function/Function;Ljava/lang/Object;)Lorg/gradle/internal/Try;> (0x00000000e8fd4f68) thrown at [C:\re\workspace\8-2-build-windows-amd64-cygwin\jdk8u181\11358\hotspot\

Events (10 events):
Event: 87.317 Thread 0x0000000017f3f000 flushing nmethod 0x0000000004917990
Event: 87.317 Thread 0x0000000017f3f000 flushing nmethod 0x0000000004921550
Event: 87.318 Executing VM operation: RevokeBias
Event: 87.319 Executing VM operation: RevokeBias done
Event: 87.321 Executing VM operation: RevokeBias
Event: 87.321 Executing VM operation: RevokeBias done
Event: 87.324 Executing VM operation: RevokeBias
Event: 87.324 Executing VM operation: RevokeBias done
Event: 87.328 Executing VM operation: RevokeBias
Event: 87.328 Executing VM operation: RevokeBias done


Dynamic libraries:
0x00007ff66e9d0000 - 0x00007ff66ea07000 	C:\Program Files\Java\jdk1.8.0_181\bin\java.exe
0x00007ffc91540000 - 0x00007ffc91730000 	C:\WINDOWS\SYSTEM32\ntdll.dll
0x00007ffc8f640000 - 0x00007ffc8f6f3000 	C:\WINDOWS\System32\KERNEL32.DLL
0x00007ffc8e510000 - 0x00007ffc8e7b6000 	C:\WINDOWS\System32\KERNELBASE.dll
0x00007ffc8fb60000 - 0x00007ffc8fc03000 	C:\WINDOWS\System32\ADVAPI32.dll
0x00007ffc91210000 - 0x00007ffc912ae000 	C:\WINDOWS\System32\msvcrt.dll
0x00007ffc90e30000 - 0x00007ffc90ec7000 	C:\WINDOWS\System32\sechost.dll
0x00007ffc905b0000 - 0x00007ffc906cf000 	C:\WINDOWS\System32\RPCRT4.dll
0x00007ffc912e0000 - 0x00007ffc91474000 	C:\WINDOWS\System32\USER32.dll
0x00007ffc8ea50000 - 0x00007ffc8ea71000 	C:\WINDOWS\System32\win32u.dll
0x00007ffc8fd70000 - 0x00007ffc8fd96000 	C:\WINDOWS\System32\GDI32.dll
0x00007ffc8f4a0000 - 0x00007ffc8f638000 	C:\WINDOWS\System32\gdi32full.dll
0x00007ffc8ea80000 - 0x00007ffc8eb1e000 	C:\WINDOWS\System32\msvcp_win.dll
0x00007ffc8ec00000 - 0x00007ffc8ecfa000 	C:\WINDOWS\System32\ucrtbase.dll
0x00007ffc7be50000 - 0x00007ffc7c0d4000 	C:\WINDOWS\WinSxS\amd64_microsoft.windows.common-controls_6595b64144ccf1df_6.0.18362.1801_none_9e79a739e46243f0\COMCTL32.dll
0x00007ffc90ed0000 - 0x00007ffc91206000 	C:\WINDOWS\System32\combase.dll
0x00007ffc8e820000 - 0x00007ffc8e8a4000 	C:\WINDOWS\System32\bcryptPrimitives.dll
0x00007ffc912b0000 - 0x00007ffc912de000 	C:\WINDOWS\System32\IMM32.DLL
0x00000000502e0000 - 0x00000000503b2000 	C:\Program Files\Java\jdk1.8.0_181\jre\bin\msvcr100.dll
0x0000000077750000 - 0x0000000077ff2000 	C:\Program Files\Java\jdk1.8.0_181\jre\bin\server\jvm.dll
0x00007ffc900b0000 - 0x00007ffc900b8000 	C:\WINDOWS\System32\PSAPI.DLL
0x00007ffc7a130000 - 0x00007ffc7a139000 	C:\WINDOWS\SYSTEM32\WSOCK32.dll
0x00007ffc900c0000 - 0x00007ffc9012f000 	C:\WINDOWS\System32\WS2_32.dll
0x00007ffc89f60000 - 0x00007ffc89f84000 	C:\WINDOWS\SYSTEM32\WINMM.dll
0x00007ffc8b7b0000 - 0x00007ffc8b7ba000 	C:\WINDOWS\SYSTEM32\VERSION.dll
0x00007ffc89f30000 - 0x00007ffc89f5d000 	C:\WINDOWS\SYSTEM32\WINMMBASE.dll
0x00007ffc8ea00000 - 0x00007ffc8ea4a000 	C:\WINDOWS\System32\cfgmgr32.dll
0x00000000502d0000 - 0x00000000502df000 	C:\Program Files\Java\jdk1.8.0_181\jre\bin\verify.dll
0x00000000502a0000 - 0x00000000502c9000 	C:\Program Files\Java\jdk1.8.0_181\jre\bin\java.dll
0x0000000050280000 - 0x0000000050296000 	C:\Program Files\Java\jdk1.8.0_181\jre\bin\zip.dll
0x00007ffc90740000 - 0x00007ffc90e27000 	C:\WINDOWS\System32\SHELL32.dll
0x00007ffc8fe80000 - 0x00007ffc8ff29000 	C:\WINDOWS\System32\shcore.dll
0x00007ffc8ed20000 - 0x00007ffc8f49b000 	C:\WINDOWS\System32\windows.storage.dll
0x00007ffc8e460000 - 0x00007ffc8e47e000 	C:\WINDOWS\System32\profapi.dll
0x00007ffc8e480000 - 0x00007ffc8e4ca000 	C:\WINDOWS\System32\powrprof.dll
0x00007ffc8e450000 - 0x00007ffc8e460000 	C:\WINDOWS\System32\UMPDC.dll
0x00007ffc8fda0000 - 0x00007ffc8fdf2000 	C:\WINDOWS\System32\shlwapi.dll
0x00007ffc8e4f0000 - 0x00007ffc8e501000 	C:\WINDOWS\System32\kernel.appcore.dll
0x00007ffc8ed00000 - 0x00007ffc8ed17000 	C:\WINDOWS\System32\cryptsp.dll
0x0000000050130000 - 0x000000005014a000 	C:\Program Files\Java\jdk1.8.0_181\jre\bin\net.dll
0x00007ffc8dc90000 - 0x00007ffc8dcf7000 	C:\WINDOWS\system32\mswsock.dll
0x00000000500e0000 - 0x00000000500f1000 	C:\Program Files\Java\jdk1.8.0_181\jre\bin\nio.dll
0x00007ffc7da80000 - 0x00007ffc7daa6000 	C:\Users\NANO\.gradle\native\fdc75f09e3144964f2cf3f50f0aa648679c211496f362492102eb8c894070792\windows-amd64\native-platform.dll
0x00007ffc49e80000 - 0x00007ffc4a011000 	C:\Users\NANO\.gradle\native\12488b8bf47d2d4c9fbf2f6322a914ad602e24e48041cd04a747c6da556b65c4\windows-amd64\native-platform-file-events.dll
0x00000000500d0000 - 0x00000000500dd000 	C:\Program Files\Java\jdk1.8.0_181\jre\bin\management.dll
0x00007ffc8d810000 - 0x00007ffc8d843000 	C:\WINDOWS\system32\rsaenh.dll
0x00007ffc8ebd0000 - 0x00007ffc8ebf6000 	C:\WINDOWS\System32\bcrypt.dll
0x00007ffc8e370000 - 0x00007ffc8e395000 	C:\WINDOWS\SYSTEM32\USERENV.dll
0x00007ffc8de60000 - 0x00007ffc8de6c000 	C:\WINDOWS\SYSTEM32\CRYPTBASE.dll
0x00007ffc8d9a0000 - 0x00007ffc8d9da000 	C:\WINDOWS\SYSTEM32\IPHLPAPI.DLL
0x00007ffc8fc20000 - 0x00007ffc8fc28000 	C:\WINDOWS\System32\NSI.dll
0x00007ffc84240000 - 0x00007ffc84256000 	C:\WINDOWS\SYSTEM32\dhcpcsvc6.DLL
0x00007ffc84220000 - 0x00007ffc8423c000 	C:\WINDOWS\SYSTEM32\dhcpcsvc.DLL
0x00007ffc8d9e0000 - 0x00007ffc8daaa000 	C:\WINDOWS\SYSTEM32\DNSAPI.dll
0x00007ffc84b10000 - 0x00007ffc84b1b000 	C:\WINDOWS\SYSTEM32\WINNSI.DLL

VM Arguments:
jvm_args: -Xmx1536M -Dfile.encoding=windows-1258 -Duser.country=US -Duser.language=en -Duser.variant 
java_command: org.gradle.launcher.daemon.bootstrap.GradleDaemon 6.7
java_class_path (initial): C:\Users\NANO\.gradle\wrapper\dists\gradle-6.7-all\cuy9mc7upwgwgeb72wkcrupxe\gradle-6.7\lib\gradle-launcher-6.7.jar
Launcher Type: SUN_STANDARD

Environment Variables:
CLASSPATH=D:\Desktop\Flutter Projects\amquick\android\\gradle\wrapper\gradle-wrapper.jar
PATH=C:\Program Files (x86)\Common Files\Oracle\Java\javapath;C:\WINDOWS\system32;C:\WINDOWS;C:\WINDOWS\System32\Wbem;C:\WINDOWS\System32\WindowsPowerShell\v1.0\;C:\Program Files\Microsoft SQL Server\110\DTS\Binn\;C:\Program Files (x86)\Microsoft SQL Server\110\Tools\Binn\;C:\Program Files\Microsoft SQL Server\110\Tools\Binn\;C:\Program Files (x86)\Microsoft SQL Server\110\Tools\Binn\ManagementStudio\;C:\Program Files (x86)\Microsoft Visual Studio 10.0\Common7\IDE\PrivateAssemblies\;C:\Program Files (x86)\Microsoft SQL Server\110\DTS\Binn\;C:\WINDOWS\system32\config\systemprofile\.dnx\bin;C:\Program Files\Microsoft DNX\Dnvm\;C:\Program Files\Microsoft SQL Server\130\Tools\Binn\;C:\WINDOWS\System32\OpenSSH\;C:\Program Files\nodejs\;C:\Program Files\MongoDB\Server\4.4\bin;C:\Program Files\Microsoft SQL Server\Client SDK\ODBC\170\Tools\Binn\;C:\Program Files (x86)\Windows Kits\8.1\Windows Performance Toolkit\;C:\Program Files\dotnet\;C:\Program Files\Git\cmd;C:\ProgramData\chocolatey\bin;C:\Program Files\PuTTY\;C:\Users\NANO\AppData\Local\Programs\Python\Python39\Scripts\;C:\Users\NANO\AppData\Local\Programs\Python\Python39\;C:\Users\NANO\AppData\Local\Microsoft\WindowsApps;C:\Users\NANO\AppData\Roaming\npm;C:\Users\NANO\AppData\Local\Programs\Microsoft VS Code\bin;C:\Program Files\JetBrains\PyCharm 2020.3.2\bin;;C:\Program Files\JetBrains\PyCharm Community Edition 2020.3.2\bin;;C:\Users\NANO\.dotnet\tools;C:\tools\dart-sdk\bin;C:\Users\NANO\AppData\Roaming\Pub\Cache\bin;D:\flutter\flutter\bin;C:\Users\NANO\AppData\Local\Pub\Cache\bin;C:\Program Files\JetBrains\IntelliJ IDEA Community Edition 2021.1\bin;;C:\Program Files\JetBrains\IntelliJ IDEA 2021.1.3\bin;;D:\spark-3.1.2-bin-hadoop3.2\bin;D:\spark-3.1.2-bin-hadoop3.2\hadoop-3.2.0\bin;
USERNAME=NANO
OS=Windows_NT
PROCESSOR_IDENTIFIER=Intel64 Family 6 Model 142 Stepping 9, GenuineIntel



---------------  S Y S T E M  ---------------

OS: Windows 10.0 , 64 bit Build 18362 (10.0.18362.1766)

CPU:total 4 (initial active 4) (2 cores per cpu, 2 threads per core) family 6 model 142 stepping 9, cmov, cx8, fxsr, mmx, sse, sse2, sse3, ssse3, sse4.1, sse4.2, popcnt, avx, avx2, aes, clmul, erms, 3dnowpref, lzcnt, ht, tsc, tscinvbit, bmi1, bmi2, adx

Memory: 4k page, physical 16644000k(3183204k free), swap 16644000k(4288k free)

vm_info: Java HotSpot(TM) 64-Bit Server VM (25.181-b13) for windows-amd64 JRE (1.8.0_181-b13), built on Jul  7 2018 04:01:33 by "java_re" with MS VC++ 10.0 (VS2010)

time: Thu Sep 23 18:57:02 2021
elapsed time: 87 seconds (0d 0h 1m 27s)

