#
# There is insufficient memory for the Java Runtime Environment to continue.
# Native memory allocation (malloc) failed to allocate 32744 bytes for ChunkPool::allocate
# Possible reasons:
#   The system is out of physical RAM or swap space
#   The process is running with CompressedOops enabled, and the Java Heap may be blocking the growth of the native heap
# Possible solutions:
#   Reduce memory load on the system
#   Increase physical memory or swap space
#   Check if swap backing store is full
#   Decrease Java heap size (-Xmx/-Xms)
#   Decrease number of Java threads
#   Decrease Java thread stack sizes (-Xss)
#   Set larger code cache with -XX:ReservedCodeCacheSize=
#   JVM is running with Zero Based Compressed Oops mode in which the Java heap is
#     placed in the first 32GB address space. The Java Heap base address is the
#     maximum limit for the native heap growth. Please use -XX:HeapBaseMinAddress
#     to set the Java Heap base and to place the Java Heap above 32GB virtual address.
# This output file may be truncated or incomplete.
#
#  Out of Memory Error (allocation.cpp:272), pid=2084, tid=0x0000000000002a20
#
# JRE version: OpenJDK Runtime Environment (8.0_242-b01) (build 1.8.0_242-release-1644-b01)
# Java VM: OpenJDK 64-Bit Server VM (25.242-b01 mixed mode windows-amd64 compressed oops)
# Failed to write core dump. Minidumps are not enabled by default on client versions of Windows
#

---------------  T H R E A D  ---------------

Current thread (0x000000000329e800):  JavaThread "main" [_thread_in_vm, id=10784, stack(0x0000000001670000,0x0000000001770000)]

Stack: [0x0000000001670000,0x0000000001770000]
[error occurred during error reporting (printing stack bounds), id 0xc0000005]

Native frames: (J=compiled Java code, j=interpreted, Vv=VM code, C=native code)

Java frames: (J=compiled Java code, j=interpreted, Vv=VM code)
J 683  java.lang.ClassLoader.defineClass1(Ljava/lang/String;[BIILjava/security/ProtectionDomain;Ljava/lang/String;)Ljava/lang/Class; (0 bytes) @ 0x000000000354d65f [0x000000000354d5c0+0x9f]
J 687 C1 java.lang.ClassLoader.defineClass(Ljava/lang/String;[BIILjava/security/ProtectionDomain;)Ljava/lang/Class; (43 bytes) @ 0x000000000355616c [0x0000000003555b80+0x5ec]
J 621 C1 java.net.URLClassLoader.defineClass(Ljava/lang/String;Lsun/misc/Resource;)Ljava/lang/Class; (142 bytes) @ 0x000000000352560c [0x0000000003523a80+0x1b8c]
J 566 C1 java.net.URLClassLoader$1.run()Ljava/lang/Class; (63 bytes) @ 0x00000000034ec56c [0x00000000034ec2a0+0x2cc]
J 507 C1 java.net.URLClassLoader$1.run()Ljava/lang/Object; (5 bytes) @ 0x00000000034c65cc [0x00000000034c6540+0x8c]
v  ~StubRoutines::call_stub
J 485  java.security.AccessController.doPrivileged(Ljava/security/PrivilegedExceptionAction;Ljava/security/AccessControlContext;)Ljava/lang/Object; (0 bytes) @ 0x00000000034b5826 [0x00000000034b57c0+0x66]
J 506 C1 java.net.URLClassLoader.findClass(Ljava/lang/String;)Ljava/lang/Class; (47 bytes) @ 0x00000000034c6ad4 [0x00000000034c6940+0x194]
J 148 C1 java.lang.ClassLoader.loadClass(Ljava/lang/String;Z)Ljava/lang/Class; (122 bytes) @ 0x00000000033f15b4 [0x00000000033f0c40+0x974]
J 326 C1 java.lang.ClassLoader.loadClass(Ljava/lang/String;)Ljava/lang/Class; (7 bytes) @ 0x000000000344c24c [0x000000000344c140+0x10c]
v  ~StubRoutines::call_stub
j  org.gradle.launcher.bootstrap.EntryPoint.createCompleter()Lorg/gradle/launcher/bootstrap/ExecutionCompleter;+0
j  org.gradle.launcher.bootstrap.EntryPoint.run([Ljava/lang/String;)V+40
v  ~StubRoutines::call_stub
j  sun.reflect.NativeMethodAccessorImpl.invoke0(Ljava/lang/reflect/Method;Ljava/lang/Object;[Ljava/lang/Object;)Ljava/lang/Object;+0
j  sun.reflect.NativeMethodAccessorImpl.invoke(Ljava/lang/Object;[Ljava/lang/Object;)Ljava/lang/Object;+100
j  sun.reflect.DelegatingMethodAccessorImpl.invoke(Ljava/lang/Object;[Ljava/lang/Object;)Ljava/lang/Object;+6
j  java.lang.reflect.Method.invoke(Ljava/lang/Object;[Ljava/lang/Object;)Ljava/lang/Object;+56
j  org.gradle.launcher.bootstrap.ProcessBootstrap.runNoExit(Ljava/lang/String;[Ljava/lang/String;)V+161
j  org.gradle.launcher.bootstrap.ProcessBootstrap.run(Ljava/lang/String;[Ljava/lang/String;)V+3
j  org.gradle.launcher.GradleMain.main([Ljava/lang/String;)V+36
v  ~StubRoutines::call_stub
j  sun.reflect.NativeMethodAccessorImpl.invoke0(Ljava/lang/reflect/Method;Ljava/lang/Object;[Ljava/lang/Object;)Ljava/lang/Object;+0
j  sun.reflect.NativeMethodAccessorImpl.invoke(Ljava/lang/Object;[Ljava/lang/Object;)Ljava/lang/Object;+100
j  sun.reflect.DelegatingMethodAccessorImpl.invoke(Ljava/lang/Object;[Ljava/lang/Object;)Ljava/lang/Object;+6
j  java.lang.reflect.Method.invoke(Ljava/lang/Object;[Ljava/lang/Object;)Ljava/lang/Object;+56
j  org.gradle.wrapper.BootstrapMainStarter.start([Ljava/lang/String;Ljava/io/File;)V+82
j  org.gradle.wrapper.WrapperExecutor.execute([Ljava/lang/String;Lorg/gradle/wrapper/Install;Lorg/gradle/wrapper/BootstrapMainStarter;)V+14
j  org.gradle.wrapper.GradleWrapperMain.main([Ljava/lang/String;)V+190
v  ~StubRoutines::call_stub

---------------  P R O C E S S  ---------------

Java Threads: ( => current thread )
  0x000000001dfe4000 JavaThread "Service Thread" daemon [_thread_blocked, id=6504, stack(0x000000001e590000,0x000000001e690000)]
  0x000000001dfdf800 JavaThread "C1 CompilerThread2" daemon [_thread_blocked, id=12712, stack(0x000000001e490000,0x000000001e590000)]
  0x000000001dfdb800 JavaThread "C2 CompilerThread1" daemon [_thread_blocked, id=15260, stack(0x000000001e390000,0x000000001e490000)]
  0x000000001c847000 JavaThread "C2 CompilerThread0" daemon [_thread_blocked, id=15384, stack(0x000000001de90000,0x000000001df90000)]
  0x000000001c895800 JavaThread "Attach Listener" daemon [_thread_blocked, id=2472, stack(0x000000001dd90000,0x000000001de90000)]
  0x000000001c894800 JavaThread "Signal Dispatcher" daemon [_thread_blocked, id=9784, stack(0x000000001dc90000,0x000000001dd90000)]
  0x00000000031b7000 JavaThread "Finalizer" daemon [_thread_blocked, id=13228, stack(0x000000001da90000,0x000000001db90000)]
  0x000000001c829000 JavaThread "Reference Handler" daemon [_thread_blocked, id=224, stack(0x000000001d990000,0x000000001da90000)]
=>0x000000000329e800 JavaThread "main" [_thread_in_vm, id=10784, stack(0x0000000001670000,0x0000000001770000)]

Other Threads:
  0x000000001c807000 VMThread [stack: 0x000000001d890000,0x000000001d990000] [id=1976]
  0x000000001dfe5000 WatcherThread [stack: 0x000000001e690000,0x000000001e790000] [id=15940]

VM state:not at safepoint (normal execution)

VM Mutex/Monitor currently owned by a thread: None

heap address: 0x00000006c2000000, size: 4064 MB, Compressed Oops mode: Zero based, Oop shift amount: 3
Narrow klass base: 0x0000000000000000, Narrow klass shift: 3
Compressed class space size: 1073741824 Address: 0x00000007c0000000

Heap:
 PSYoungGen      total 75776K, used 42936K [0x000000076b580000, 0x0000000770a00000, 0x00000007c0000000)
  eden space 65024K, 66% used [0x000000076b580000,0x000000076df6e330,0x000000076f500000)
  from space 10752K, 0% used [0x000000076ff80000,0x000000076ff80000,0x0000000770a00000)
  to   space 10752K, 0% used [0x000000076f500000,0x000000076f500000,0x000000076ff80000)
 ParOldGen       total 173568K, used 0K [0x00000006c2000000, 0x00000006cc980000, 0x000000076b580000)
  object space 173568K, 0% used [0x00000006c2000000,0x00000006c2000000,0x00000006cc980000)
 Metaspace       used 9401K, capacity 9670K, committed 9856K, reserved 1058816K
  class space    used 1253K, capacity 1375K, committed 1408K, reserved 1048576K

Card table byte_map: [0x0000000012660000,0x0000000012e60000] byte_map_base: 0x000000000f050000

Marking Bits: (ParMarkBitMap*) 0x0000000072acf030
 Begin Bits: [0x00000000137b0000, 0x0000000017730000)
 End Bits:   [0x0000000017730000, 0x000000001b6b0000)

Polling page: 0x0000000001440000

CodeCache: size=245760Kb used=3059Kb max_used=3059Kb free=242700Kb
 bounds [0x00000000032a0000, 0x00000000035a0000, 0x00000000122a0000]
 total_blobs=1142 nmethods=820 adapters=236
 compilation: enabled

Compilation events (10 events):
Event: 5.561 Thread 0x000000001dfdf800  816       3       org.gradle.internal.logging.text.AbstractLineChoppingStyledTextOutput$2::execute (9 bytes)
Event: 5.561 Thread 0x000000001dfdf800 nmethod 816 0x000000000359c450 code [0x000000000359c5c0, 0x000000000359c828]
Event: 5.561 Thread 0x000000001dfdf800  817       3       org.gradle.internal.logging.text.AbstractLineChoppingStyledTextOutput$2::execute (73 bytes)
Event: 5.562 Thread 0x000000001dfdf800 nmethod 817 0x000000000359c910 code [0x000000000359cb40, 0x000000000359d4f8]
Event: 5.562 Thread 0x000000001dfdf800  818       3       org.gradle.internal.logging.text.AbstractLineChoppingStyledTextOutput::access$900 (4 bytes)
Event: 5.563 Thread 0x000000001dfdf800 nmethod 818 0x000000000359d9d0 code [0x000000000359db20, 0x000000000359dc50]
Event: 5.563 Thread 0x000000001dfdf800  819       3       org.gradle.internal.logging.text.AbstractLineChoppingStyledTextOutput$StateContext::next (11 bytes)
Event: 5.563 Thread 0x000000001dfdf800 nmethod 819 0x000000000359dcd0 code [0x000000000359de20, 0x000000000359df70]
Event: 5.563 Thread 0x000000001dfdf800  820       1       java.util.concurrent.locks.AbstractOwnableSynchronizer::getExclusiveOwnerThread (5 bytes)
Event: 5.563 Thread 0x000000001dfdf800 nmethod 820 0x000000000359e010 code [0x000000000359e160, 0x000000000359e270]

GC Heap History (0 events):
No events

Deoptimization events (7 events):
Event: 2.446 Thread 0x000000000329e800 Uncommon trap: reason=unstable_if action=reinterpret pc=0x00000000034801c8 method=java.util.regex.Matcher.reset()Ljava/util/regex/Matcher; @ 47
Event: 2.446 Thread 0x000000000329e800 Uncommon trap: reason=class_check action=maybe_recompile pc=0x000000000348a8f0 method=java.util.regex.Matcher.match(II)Z @ 86
Event: 2.446 Thread 0x000000000329e800 Uncommon trap: reason=class_check action=maybe_recompile pc=0x000000000348a8f0 method=java.util.regex.Matcher.match(II)Z @ 86
Event: 2.447 Thread 0x000000000329e800 Uncommon trap: reason=class_check action=maybe_recompile pc=0x000000000348a8f0 method=java.util.regex.Matcher.match(II)Z @ 86
Event: 2.447 Thread 0x000000000329e800 Uncommon trap: reason=class_check action=maybe_recompile pc=0x000000000348a8f0 method=java.util.regex.Matcher.match(II)Z @ 86
Event: 3.869 Thread 0x000000000329e800 Uncommon trap: reason=unstable_if action=reinterpret pc=0x0000000003530720 method=java.util.HashMap.getNode(ILjava/lang/Object;)Ljava/util/HashMap$Node; @ 129
Event: 3.869 Thread 0x000000000329e800 Uncommon trap: reason=bimorphic action=maybe_recompile pc=0x00000000035334a4 method=java.util.HashMap.putVal(ILjava/lang/Object;Ljava/lang/Object;ZZ)Ljava/lang/Object; @ 203

Classes redefined (0 events):
No events

Internal exceptions (10 events):
Event: 3.600 Thread 0x000000000329e800 Exception <a 'java/lang/ArrayIndexOutOfBoundsException'> (0x000000076d835e90) thrown at [C:\src\AOSP-openjdk-git\hotspot\src\share\vm\runtime\sharedRuntime.cpp, line 605]
Event: 3.601 Thread 0x000000000329e800 Exception <a 'java/lang/ArrayIndexOutOfBoundsException'> (0x000000076d837258) thrown at [C:\src\AOSP-openjdk-git\hotspot\src\share\vm\runtime\sharedRuntime.cpp, line 605]
Event: 3.601 Thread 0x000000000329e800 Exception <a 'java/lang/ArrayIndexOutOfBoundsException'> (0x000000076d8390b8) thrown at [C:\src\AOSP-openjdk-git\hotspot\src\share\vm\runtime\sharedRuntime.cpp, line 605]
Event: 3.601 Thread 0x000000000329e800 Exception <a 'java/lang/ArrayIndexOutOfBoundsException'> (0x000000076d83a928) thrown at [C:\src\AOSP-openjdk-git\hotspot\src\share\vm\runtime\sharedRuntime.cpp, line 605]
Event: 3.602 Thread 0x000000000329e800 Exception <a 'java/lang/ArrayIndexOutOfBoundsException'> (0x000000076d83ba60) thrown at [C:\src\AOSP-openjdk-git\hotspot\src\share\vm\runtime\sharedRuntime.cpp, line 605]
Event: 3.602 Thread 0x000000000329e800 Exception <a 'java/lang/ArrayIndexOutOfBoundsException'> (0x000000076d83f0b8) thrown at [C:\src\AOSP-openjdk-git\hotspot\src\share\vm\runtime\sharedRuntime.cpp, line 605]
Event: 3.603 Thread 0x000000000329e800 Exception <a 'java/lang/ArrayIndexOutOfBoundsException'> (0x000000076d841cf8) thrown at [C:\src\AOSP-openjdk-git\hotspot\src\share\vm\runtime\sharedRuntime.cpp, line 605]
Event: 5.547 Thread 0x000000000329e800 Exception <a 'java/lang/Error': IP Helper Library GetIpAddrTable function failed> (0x000000076dde5820) thrown at [C:\src\AOSP-openjdk-git\hotspot\src\share\vm\prims\jni.cpp, line 737]
Event: 5.548 Thread 0x000000000329e800 Exception <a 'java/lang/Error'> (0x000000076dde5820) thrown at [C:\src\AOSP-openjdk-git\hotspot\src\share\vm\prims\jvm.cpp, line 1506]
Event: 5.548 Thread 0x000000000329e800 Exception <a 'java/lang/Error'> (0x000000076dde5820) thrown at [C:\src\AOSP-openjdk-git\hotspot\src\share\vm\oops\instanceKlass.cpp, line 960]

Events (10 events):
Event: 5.555 loading class org/gradle/internal/logging/text/AbstractLineChoppingStyledTextOutput$StateContext done
Event: 5.556 loading class org/gradle/internal/logging/events/StyledTextOutputEvent$Span
Event: 5.556 loading class org/gradle/internal/logging/events/StyledTextOutputEvent$Span done
Event: 5.556 loading class org/gradle/internal/logging/events/operations/StyledTextBuildOperationProgressDetails$Span
Event: 5.556 loading class org/gradle/internal/logging/events/operations/StyledTextBuildOperationProgressDetails$Span done
Event: 5.558 loading class org/gradle/internal/buildevents/BuildExceptionReporter$1
Event: 5.558 loading class org/gradle/internal/buildevents/BuildExceptionReporter$1 done
Event: 5.560 loading class org/gradle/launcher/bootstrap/ProcessCompleter
Event: 5.560 loading class org/gradle/launcher/bootstrap/ProcessCompleter done
Event: 5.561 Thread 0x000000001ed9e800 Thread exited: 0x000000001ed9e800


Dynamic libraries:
0x00007ff7d5660000 - 0x00007ff7d5691000 	C:\Program Files\Android\Android Studio\jre\bin\java.exe
0x00007ffd7d980000 - 0x00007ffd7db70000 	C:\WINDOWS\SYSTEM32\ntdll.dll
0x00007ffd7d820000 - 0x00007ffd7d8d2000 	C:\WINDOWS\System32\KERNEL32.DLL
0x00007ffd7b850000 - 0x00007ffd7baf6000 	C:\WINDOWS\System32\KERNELBASE.dll
0x00007ffd7c6b0000 - 0x00007ffd7c753000 	C:\WINDOWS\System32\ADVAPI32.dll
0x00007ffd7d6d0000 - 0x00007ffd7d76e000 	C:\WINDOWS\System32\msvcrt.dll
0x00007ffd7bb00000 - 0x00007ffd7bb97000 	C:\WINDOWS\System32\sechost.dll
0x00007ffd7bc80000 - 0x00007ffd7bd9f000 	C:\WINDOWS\System32\RPCRT4.dll
0x00007ffd7cde0000 - 0x00007ffd7cf74000 	C:\WINDOWS\System32\USER32.dll
0x00007ffd7acf0000 - 0x00007ffd7ad11000 	C:\WINDOWS\System32\win32u.dll
0x00007ffd7d680000 - 0x00007ffd7d6a6000 	C:\WINDOWS\System32\GDI32.dll
0x00007ffd7aaa0000 - 0x00007ffd7ac38000 	C:\WINDOWS\System32\gdi32full.dll
0x00007ffd7b720000 - 0x00007ffd7b7be000 	C:\WINDOWS\System32\msvcp_win.dll
0x00007ffd7b4a0000 - 0x00007ffd7b59a000 	C:\WINDOWS\System32\ucrtbase.dll
0x00007ffd68a40000 - 0x00007ffd68cc4000 	C:\WINDOWS\WinSxS\amd64_microsoft.windows.common-controls_6595b64144ccf1df_6.0.18362.1734_none_9e7c63e3e45fdc87\COMCTL32.dll
0x00007ffd7ca20000 - 0x00007ffd7cd56000 	C:\WINDOWS\System32\combase.dll
0x00007ffd7b7c0000 - 0x00007ffd7b844000 	C:\WINDOWS\System32\bcryptPrimitives.dll
0x00007ffd7c9f0000 - 0x00007ffd7ca1e000 	C:\WINDOWS\System32\IMM32.DLL
0x0000000072b50000 - 0x0000000072c22000 	C:\Program Files\Android\Android Studio\jre\jre\bin\msvcr100.dll
0x0000000072300000 - 0x0000000072b4b000 	C:\Program Files\Android\Android Studio\jre\jre\bin\server\jvm.dll
0x00007ffd7c760000 - 0x00007ffd7c768000 	C:\WINDOWS\System32\PSAPI.DLL
0x00007ffd66ba0000 - 0x00007ffd66ba9000 	C:\WINDOWS\SYSTEM32\WSOCK32.dll
0x00007ffd7c770000 - 0x00007ffd7c7df000 	C:\WINDOWS\System32\WS2_32.dll
0x00007ffd76590000 - 0x00007ffd765b4000 	C:\WINDOWS\SYSTEM32\WINMM.dll
0x00007ffd6e450000 - 0x00007ffd6e45a000 	C:\WINDOWS\SYSTEM32\VERSION.dll
0x00007ffd76560000 - 0x00007ffd7658d000 	C:\WINDOWS\SYSTEM32\WINMMBASE.dll
0x00007ffd7ac40000 - 0x00007ffd7ac8a000 	C:\WINDOWS\System32\cfgmgr32.dll
0x00007ffd6bb50000 - 0x00007ffd6bb5f000 	C:\Program Files\Android\Android Studio\jre\jre\bin\verify.dll
0x00007ffd4de50000 - 0x00007ffd4de79000 	C:\Program Files\Android\Android Studio\jre\jre\bin\java.dll
0x00007ffd511c0000 - 0x00007ffd511d6000 	C:\Program Files\Android\Android Studio\jre\jre\bin\zip.dll
0x00007ffd7cf90000 - 0x00007ffd7d677000 	C:\WINDOWS\System32\SHELL32.dll
0x00007ffd7c940000 - 0x00007ffd7c9e9000 	C:\WINDOWS\System32\shcore.dll
0x00007ffd7ad20000 - 0x00007ffd7b49b000 	C:\WINDOWS\System32\windows.storage.dll
0x00007ffd7a930000 - 0x00007ffd7a94e000 	C:\WINDOWS\System32\profapi.dll
0x00007ffd7a970000 - 0x00007ffd7a9ba000 	C:\WINDOWS\System32\powrprof.dll
0x00007ffd7a900000 - 0x00007ffd7a910000 	C:\WINDOWS\System32\UMPDC.dll
0x00007ffd7c650000 - 0x00007ffd7c6a2000 	C:\WINDOWS\System32\shlwapi.dll
0x00007ffd7a910000 - 0x00007ffd7a921000 	C:\WINDOWS\System32\kernel.appcore.dll
0x00007ffd7b700000 - 0x00007ffd7b717000 	C:\WINDOWS\System32\cryptsp.dll
0x00007ffd4df50000 - 0x00007ffd4df6a000 	C:\Program Files\Android\Android Studio\jre\jre\bin\net.dll
0x00007ffd7a150000 - 0x00007ffd7a1b7000 	C:\WINDOWS\system32\mswsock.dll
0x00007ffd4d8f0000 - 0x00007ffd4d903000 	C:\Program Files\Android\Android Studio\jre\jre\bin\nio.dll
0x00007ffd4c980000 - 0x00007ffd4c9a6000 	C:\Users\NANO\.gradle\native\fdc75f09e3144964f2cf3f50f0aa648679c211496f362492102eb8c894070792\windows-amd64\native-platform.dll
0x00007ffd361c0000 - 0x00007ffd36351000 	C:\Users\NANO\.gradle\native\12488b8bf47d2d4c9fbf2f6322a914ad602e24e48041cd04a747c6da556b65c4\windows-amd64\native-platform-file-events.dll
0x00007ffd6bb40000 - 0x00007ffd6bb4d000 	C:\Program Files\Android\Android Studio\jre\jre\bin\management.dll
0x00007ffd79cd0000 - 0x00007ffd79d03000 	C:\WINDOWS\system32\rsaenh.dll
0x00007ffd7a9c0000 - 0x00007ffd7a9e6000 	C:\WINDOWS\System32\bcrypt.dll
0x00007ffd7a820000 - 0x00007ffd7a845000 	C:\WINDOWS\SYSTEM32\USERENV.dll
0x00007ffd7a320000 - 0x00007ffd7a32c000 	C:\WINDOWS\SYSTEM32\CRYPTBASE.dll
0x00007ffd79e60000 - 0x00007ffd79e9a000 	C:\WINDOWS\SYSTEM32\IPHLPAPI.DLL
0x00007ffd7bc70000 - 0x00007ffd7bc78000 	C:\WINDOWS\System32\NSI.dll
0x00007ffd725d0000 - 0x00007ffd725e6000 	C:\WINDOWS\SYSTEM32\dhcpcsvc6.DLL
0x00007ffd71320000 - 0x00007ffd7133c000 	C:\WINDOWS\SYSTEM32\dhcpcsvc.DLL
0x00007ffd79ea0000 - 0x00007ffd79f6a000 	C:\WINDOWS\SYSTEM32\DNSAPI.dll

VM Arguments:
jvm_args: -Dorg.gradle.appname=gradlew 
java_command: org.gradle.wrapper.GradleWrapperMain -q -Ptarget-platform=android-x86 -Ptarget=D:\Desktop\Flutter Projects\amquick\lib\main.dart -Pdart-defines=Zmx1dHRlci5pbnNwZWN0b3Iuc3RydWN0dXJlZEVycm9ycz10cnVl,RkxVVFRFUl9XRUJfQVVUT19ERVRFQ1Q9dHJ1ZQ== -Pdart-obfuscation=false -Ptrack-widget-creation=true -Ptree-shake-icons=false -Pfilesystem-scheme=org-dartlang-root assembleDebug
java_class_path (initial): D:\Desktop\Flutter Projects\amquick\android\\gradle\wrapper\gradle-wrapper.jar
Launcher Type: SUN_STANDARD

Environment Variables:
JAVA_HOME=C:\Program Files\Android\Android Studio\jre
CLASSPATH=D:\Desktop\Flutter Projects\amquick\android\\gradle\wrapper\gradle-wrapper.jar
PATH=C:\Program Files (x86)\Common Files\Oracle\Java\javapath;C:\WINDOWS\system32;C:\WINDOWS;C:\WINDOWS\System32\Wbem;C:\WINDOWS\System32\WindowsPowerShell\v1.0\;C:\Program Files\Microsoft SQL Server\110\DTS\Binn\;C:\Program Files (x86)\Microsoft SQL Server\110\Tools\Binn\;C:\Program Files\Microsoft SQL Server\110\Tools\Binn\;C:\Program Files (x86)\Microsoft SQL Server\110\Tools\Binn\ManagementStudio\;C:\Program Files (x86)\Microsoft Visual Studio 10.0\Common7\IDE\PrivateAssemblies\;C:\Program Files (x86)\Microsoft SQL Server\110\DTS\Binn\;C:\Users\NANO\.dnx\bin;C:\Program Files\Microsoft DNX\Dnvm\;C:\Program Files\Microsoft SQL Server\130\Tools\Binn\;C:\WINDOWS\System32\OpenSSH\;C:\Program Files\nodejs\;C:\Program Files\MongoDB\Server\4.4\bin;C:\Program Files\Microsoft SQL Server\Client SDK\ODBC\170\Tools\Binn\;C:\Program Files (x86)\Windows Kits\8.1\Windows Performance Toolkit\;C:\Program Files\dotnet\;C:\Program Files\Git\cmd;C:\ProgramData\chocolatey\bin;C:\Program Files\PuTTY\;C:\Users\NANO\AppData\Local\Programs\Python\Python39\Scripts\;C:\Users\NANO\AppData\Local\Programs\Python\Python39\;C:\Users\NANO\AppData\Local\Microsoft\WindowsApps;C:\Users\NANO\AppData\Roaming\npm;C:\Users\NANO\AppData\Local\Programs\Microsoft VS Code\bin;C:\Program Files\JetBrains\PyCharm 2020.3.2\bin;;C:\Program Files\JetBrains\PyCharm Community Edition 2020.3.2\bin;;C:\Users\NANO\.dotnet\tools;C:\tools\dart-sdk\bin;C:\Users\NANO\AppData\Roaming\Pub\Cache\bin;D:\flutter\flutter\bin;C:\Users\NANO\AppData\Local\Pub\Cache\bin;C:\Program Files\JetBrains\IntelliJ IDEA Community Edition 2021.1\bin;;C:\Program Files\JetBrains\IntelliJ IDEA 2021.1.3\bin;;D:\spark-3.1.2-bin-hadoop3.2\bin;D:\spark-3.1.2-bin-hadoop3.2\hadoop-3.2.0\bin;
USERNAME=NANO
OS=Windows_NT
PROCESSOR_IDENTIFIER=Intel64 Family 6 Model 142 Stepping 9, GenuineIntel



---------------  S Y S T E M  ---------------

OS: Windows 10.0 , 64 bit Build 18362 (10.0.18362.1714)

CPU:total 4 (initial active 4) (2 cores per cpu, 2 threads per core) family 6 model 142 stepping 9, cmov, cx8, fxsr, mmx, sse, sse2, sse3, ssse3, sse4.1, sse4.2, popcnt, avx, avx2, aes, clmul, erms, 3dnowpref, lzcnt, ht, tsc, tscinvbit, bmi1, bmi2, adx

Memory: 4k page, physical 16644000k(1936700k free), swap 16644000k(2040k free)

vm_info: OpenJDK 64-Bit Server VM (25.242-b01) for windows-amd64 JRE (1.8.0_242-release-1644-b01), built by "builder" with MS VC++ 10.0 (VS2010)

time: Wed Sep 15 20:53:48 2021
timezone: SE Asia Standard Time
elapsed time: 5 seconds (0d 0h 0m 5s)

