#
# There is insufficient memory for the Java Runtime Environment to continue.
# Native memory allocation (malloc) failed to allocate 32744 bytes for ChunkPool::allocate
# Possible reasons:
#   The system is out of physical RAM or swap space
#   In 32 bit mode, the process size limit was hit
# Possible solutions:
#   Reduce memory load on the system
#   Increase physical memory or swap space
#   Check if swap backing store is full
#   Use 64 bit Java on a 64 bit OS
#   Decrease Java heap size (-Xmx/-Xms)
#   Decrease number of Java threads
#   Decrease Java thread stack sizes (-Xss)
#   Set larger code cache with -XX:ReservedCodeCacheSize=
# This output file may be truncated or incomplete.
#
#  Out of Memory Error (allocation.cpp:273), pid=13372, tid=0x0000000000003cdc
#
# JRE version: Java(TM) SE Runtime Environment (8.0_181-b13) (build 1.8.0_181-b13)
# Java VM: Java HotSpot(TM) 64-Bit Server VM (25.181-b13 mixed mode windows-amd64 compressed oops)
# Failed to write core dump. Minidumps are not enabled by default on client versions of Windows
#

---------------  T H R E A D  ---------------

Current thread (0x0000000016c00000):  JavaThread "C2 CompilerThread1" daemon [_thread_in_native, id=15580, stack(0x0000000018760000,0x0000000018860000)]

Stack: [0x0000000018760000,0x0000000018860000]
[error occurred during error reporting (printing stack bounds), id 0xc0000005]

Native frames: (J=compiled Java code, j=interpreted, Vv=VM code, C=native code)


Current CompileTask:
C2:  32287 8656       4       org.gradle.internal.logging.text.AbstractLineChoppingStyledTextOutput$1::execute (9 bytes)


---------------  P R O C E S S  ---------------

Java Threads: ( => current thread )
  0x000000001d7bc800 JavaThread "Exec process Thread 3" [_thread_in_native, id=17032, stack(0x000000002d2a0000,0x000000002d3a0000)]
  0x000000001d7bd800 JavaThread "Exec process Thread 2" [_thread_in_native, id=5680, stack(0x000000002d1a0000,0x000000002d2a0000)]
  0x0000000018690800 JavaThread "Exec process" [_thread_in_native, id=12652, stack(0x000000002cc70000,0x000000002cd70000)]
  0x0000000018690000 JavaThread "Cache worker for execution history cache (D:\Desktop\Flutter Projects\amquick\android\.gradle\6.7\executionHistory)" [_thread_blocked, id=13088, stack(0x000000002cb70000,0x000000002cc70000)]
  0x000000001868f000 JavaThread "Execution worker for ':' Thread 3" [_thread_blocked, id=5924, stack(0x0000000029ff0000,0x000000002a0f0000)]
  0x000000001868e800 JavaThread "Execution worker for ':' Thread 2" [_thread_blocked, id=9116, stack(0x0000000029870000,0x0000000029970000)]
  0x000000001868d000 JavaThread "Execution worker for ':'" [_thread_blocked, id=15352, stack(0x0000000029550000,0x0000000029650000)]
  0x000000001868d800 JavaThread "Memory manager" [_thread_blocked, id=2024, stack(0x0000000029450000,0x0000000029550000)]
  0x0000000018685800 JavaThread "jar transforms Thread 112" [_thread_blocked, id=11068, stack(0x0000000028ca0000,0x0000000028da0000)]
  0x000000001868c000 JavaThread "jar transforms Thread 111" [_thread_blocked, id=11040, stack(0x0000000028ba0000,0x0000000028ca0000)]
  0x000000001868a800 JavaThread "jar transforms Thread 110" [_thread_blocked, id=12696, stack(0x0000000028aa0000,0x0000000028ba0000)]
  0x000000001868b800 JavaThread "jar transforms Thread 109" [_thread_blocked, id=17040, stack(0x00000000289a0000,0x0000000028aa0000)]
  0x000000001868a000 JavaThread "jar transforms Thread 108" [_thread_blocked, id=6660, stack(0x00000000288a0000,0x00000000289a0000)]
  0x0000000018689000 JavaThread "jar transforms Thread 107" [_thread_blocked, id=15348, stack(0x00000000287a0000,0x00000000288a0000)]
  0x0000000018686000 JavaThread "jar transforms Thread 106" [_thread_blocked, id=10668, stack(0x00000000286a0000,0x00000000287a0000)]
  0x0000000018683000 JavaThread "jar transforms Thread 105" [_thread_blocked, id=8532, stack(0x00000000285a0000,0x00000000286a0000)]
  0x0000000018687800 JavaThread "jar transforms Thread 104" [_thread_blocked, id=16516, stack(0x00000000284a0000,0x00000000285a0000)]
  0x0000000018684800 JavaThread "jar transforms Thread 103" [_thread_blocked, id=472, stack(0x00000000283a0000,0x00000000284a0000)]
  0x0000000018684000 JavaThread "jar transforms Thread 102" [_thread_blocked, id=4404, stack(0x00000000282a0000,0x00000000283a0000)]
  0x0000000018687000 JavaThread "jar transforms Thread 101" [_thread_blocked, id=9140, stack(0x00000000281a0000,0x00000000282a0000)]
  0x0000000018688800 JavaThread "jar transforms Thread 100" [_thread_blocked, id=9172, stack(0x00000000280a0000,0x00000000281a0000)]
  0x000000001d3c0000 JavaThread "jar transforms Thread 99" [_thread_blocked, id=14840, stack(0x0000000027fa0000,0x00000000280a0000)]
  0x000000001d3be800 JavaThread "jar transforms Thread 98" [_thread_blocked, id=15476, stack(0x0000000027ea0000,0x0000000027fa0000)]
  0x000000001d3be000 JavaThread "jar transforms Thread 97" [_thread_blocked, id=11748, stack(0x0000000027da0000,0x0000000027ea0000)]
  0x000000001d3bd000 JavaThread "jar transforms Thread 96" [_thread_blocked, id=12828, stack(0x0000000027ca0000,0x0000000027da0000)]
  0x000000001d3bf800 JavaThread "jar transforms Thread 95" [_thread_blocked, id=2860, stack(0x0000000027ba0000,0x0000000027ca0000)]
  0x000000001d3b5800 JavaThread "jar transforms Thread 94" [_thread_blocked, id=2524, stack(0x0000000027aa0000,0x0000000027ba0000)]
  0x000000001d3bc800 JavaThread "jar transforms Thread 93" [_thread_blocked, id=14432, stack(0x00000000279a0000,0x0000000027aa0000)]
  0x000000001d3b5000 JavaThread "jar transforms Thread 92" [_thread_blocked, id=2708, stack(0x00000000278a0000,0x00000000279a0000)]
  0x000000001d3bb800 JavaThread "jar transforms Thread 91" [_thread_blocked, id=8424, stack(0x00000000277a0000,0x00000000278a0000)]
  0x000000001d3b8000 JavaThread "jar transforms Thread 90" [_thread_blocked, id=14544, stack(0x00000000276a0000,0x00000000277a0000)]
  0x000000001d3bb000 JavaThread "jar transforms Thread 89" [_thread_blocked, id=14832, stack(0x00000000275a0000,0x00000000276a0000)]
  0x000000001d3ba000 JavaThread "jar transforms Thread 88" [_thread_blocked, id=10052, stack(0x00000000274a0000,0x00000000275a0000)]
  0x000000001d3b3800 JavaThread "jar transforms Thread 87" [_thread_blocked, id=12284, stack(0x00000000273a0000,0x00000000274a0000)]
  0x000000001d3b7000 JavaThread "jar transforms Thread 86" [_thread_blocked, id=17096, stack(0x00000000272a0000,0x00000000273a0000)]
  0x000000001d3b8800 JavaThread "jar transforms Thread 85" [_thread_blocked, id=7072, stack(0x00000000271a0000,0x00000000272a0000)]
  0x000000001d3b9800 JavaThread "jar transforms Thread 84" [_thread_blocked, id=8668, stack(0x00000000270a0000,0x00000000271a0000)]
  0x000000001d3b2000 JavaThread "jar transforms Thread 83" [_thread_blocked, id=4428, stack(0x0000000026fa0000,0x00000000270a0000)]
  0x000000001d3b2800 JavaThread "jar transforms Thread 82" [_thread_blocked, id=5992, stack(0x0000000026ea0000,0x0000000026fa0000)]
  0x000000001d3b1000 JavaThread "jar transforms Thread 81" [_thread_blocked, id=7052, stack(0x0000000026da0000,0x0000000026ea0000)]
  0x000000001d3b6800 JavaThread "jar transforms Thread 80" [_thread_blocked, id=16940, stack(0x0000000026ca0000,0x0000000026da0000)]
  0x000000001d3b4000 JavaThread "jar transforms Thread 79" [_thread_blocked, id=16952, stack(0x0000000026ba0000,0x0000000026ca0000)]
  0x000000001ab3b000 JavaThread "jar transforms Thread 78" [_thread_blocked, id=13172, stack(0x0000000026aa0000,0x0000000026ba0000)]
  0x000000001ab3a800 JavaThread "jar transforms Thread 77" [_thread_blocked, id=12680, stack(0x00000000269a0000,0x0000000026aa0000)]
  0x000000001ab3c800 JavaThread "jar transforms Thread 76" [_thread_blocked, id=3088, stack(0x00000000268a0000,0x00000000269a0000)]
  0x000000001ab39000 JavaThread "jar transforms Thread 75" [_thread_blocked, id=13392, stack(0x00000000267a0000,0x00000000268a0000)]
  0x000000001ab39800 JavaThread "jar transforms Thread 74" [_thread_blocked, id=16700, stack(0x00000000266a0000,0x00000000267a0000)]
  0x000000001ab3c000 JavaThread "jar transforms Thread 73" [_thread_blocked, id=4256, stack(0x00000000265a0000,0x00000000266a0000)]
  0x000000001ab38000 JavaThread "jar transforms Thread 72" [_thread_blocked, id=10880, stack(0x00000000264a0000,0x00000000265a0000)]
  0x000000001ab30800 JavaThread "jar transforms Thread 71" [_thread_blocked, id=3900, stack(0x00000000263a0000,0x00000000264a0000)]
  0x000000001ab37800 JavaThread "jar transforms Thread 70" [_thread_blocked, id=11204, stack(0x00000000261a0000,0x00000000262a0000)]
  0x000000001ab36800 JavaThread "jar transforms Thread 69" [_thread_blocked, id=11096, stack(0x00000000260a0000,0x00000000261a0000)]
  0x000000001ab36000 JavaThread "jar transforms Thread 68" [_thread_blocked, id=9312, stack(0x0000000025fa0000,0x00000000260a0000)]
  0x000000001ab33000 JavaThread "jar transforms Thread 67" [_thread_blocked, id=15436, stack(0x0000000025ea0000,0x0000000025fa0000)]
  0x000000001ab2e800 JavaThread "jar transforms Thread 66" [_thread_blocked, id=11324, stack(0x0000000025da0000,0x0000000025ea0000)]
  0x000000001ab31800 JavaThread "jar transforms Thread 65" [_thread_blocked, id=11356, stack(0x0000000025ca0000,0x0000000025da0000)]
  0x000000001ab35000 JavaThread "jar transforms Thread 64" [_thread_blocked, id=9232, stack(0x0000000025ba0000,0x0000000025ca0000)]
  0x000000001ab32000 JavaThread "jar transforms Thread 63" [_thread_blocked, id=14604, stack(0x0000000025aa0000,0x0000000025ba0000)]
  0x000000001ab30000 JavaThread "jar transforms Thread 62" [_thread_blocked, id=1760, stack(0x00000000259a0000,0x0000000025aa0000)]
  0x000000001ab2f000 JavaThread "jar transforms Thread 61" [_thread_blocked, id=14516, stack(0x00000000258a0000,0x00000000259a0000)]
  0x000000001ab33800 JavaThread "jar transforms Thread 60" [_thread_blocked, id=11376, stack(0x00000000257a0000,0x00000000258a0000)]
  0x000000001ab2d800 JavaThread "jar transforms Thread 59" [_thread_blocked, id=16084, stack(0x00000000256a0000,0x00000000257a0000)]
  0x000000001ab34800 JavaThread "jar transforms Thread 58" [_thread_blocked, id=12868, stack(0x00000000255a0000,0x00000000256a0000)]
  0x000000001f4d2000 JavaThread "jar transforms Thread 57" [_thread_blocked, id=16988, stack(0x00000000254a0000,0x00000000255a0000)]
  0x000000001f4d1800 JavaThread "jar transforms Thread 56" [_thread_blocked, id=4784, stack(0x00000000253a0000,0x00000000254a0000)]
  0x000000001f4d4800 JavaThread "jar transforms Thread 55" [_thread_blocked, id=14460, stack(0x00000000252a0000,0x00000000253a0000)]
  0x000000001f4d3800 JavaThread "jar transforms Thread 54" [_thread_blocked, id=15508, stack(0x00000000251a0000,0x00000000252a0000)]
  0x000000001f4d7800 JavaThread "jar transforms Thread 53" [_thread_blocked, id=6452, stack(0x00000000250a0000,0x00000000251a0000)]
  0x000000001f4d5000 JavaThread "jar transforms Thread 52" [_thread_blocked, id=10312, stack(0x0000000024fa0000,0x00000000250a0000)]
  0x000000001f4d3000 JavaThread "jar transforms Thread 51" [_thread_blocked, id=7320, stack(0x0000000024ea0000,0x0000000024fa0000)]
  0x000000001f4d6000 JavaThread "jar transforms Thread 50" [_thread_blocked, id=7336, stack(0x0000000024da0000,0x0000000024ea0000)]
  0x000000001f4d6800 JavaThread "jar transforms Thread 49" [_thread_blocked, id=17044, stack(0x0000000024ca0000,0x0000000024da0000)]
  0x000000001f4ca000 JavaThread "jar transforms Thread 48" [_thread_blocked, id=11084, stack(0x0000000024ba0000,0x0000000024ca0000)]
  0x000000001f4d0800 JavaThread "jar transforms Thread 47" [_thread_blocked, id=14784, stack(0x0000000024aa0000,0x0000000024ba0000)]
  0x000000001f4d0000 JavaThread "jar transforms Thread 46" [_thread_blocked, id=4608, stack(0x00000000249a0000,0x0000000024aa0000)]
  0x000000001f4c8800 JavaThread "jar transforms Thread 45" [_thread_blocked, id=1040, stack(0x00000000248a0000,0x00000000249a0000)]
  0x000000001f4cf000 JavaThread "jar transforms Thread 44" [_thread_blocked, id=16604, stack(0x00000000247a0000,0x00000000248a0000)]
  0x000000001f4c9000 JavaThread "jar transforms Thread 43" [_thread_blocked, id=8836, stack(0x00000000246a0000,0x00000000247a0000)]
  0x000000001f4ce800 JavaThread "jar transforms Thread 42" [_thread_blocked, id=3152, stack(0x00000000245a0000,0x00000000246a0000)]
  0x000000001f4cd800 JavaThread "jar transforms Thread 41" [_thread_blocked, id=12480, stack(0x00000000244a0000,0x00000000245a0000)]
  0x000000001f4cd000 JavaThread "jar transforms Thread 40" [_thread_blocked, id=7068, stack(0x00000000243a0000,0x00000000244a0000)]
  0x000000001f4cc000 JavaThread "jar transforms Thread 39" [_thread_blocked, id=9852, stack(0x00000000242a0000,0x00000000243a0000)]
  0x000000001f4cb800 JavaThread "jar transforms Thread 38" [_thread_blocked, id=13860, stack(0x00000000241a0000,0x00000000242a0000)]
  0x000000001f4ca800 JavaThread "jar transforms Thread 37" [_thread_blocked, id=13208, stack(0x00000000240a0000,0x00000000241a0000)]
  0x000000001e34f800 JavaThread "jar transforms Thread 36" [_thread_blocked, id=16052, stack(0x0000000023fa0000,0x00000000240a0000)]
  0x000000001e34e800 JavaThread "jar transforms Thread 35" [_thread_blocked, id=2256, stack(0x0000000023ea0000,0x0000000023fa0000)]
  0x000000001e34c000 JavaThread "jar transforms Thread 34" [_thread_blocked, id=13688, stack(0x0000000023da0000,0x0000000023ea0000)]
  0x000000001e34d000 JavaThread "jar transforms Thread 33" [_thread_blocked, id=1316, stack(0x0000000023ca0000,0x0000000023da0000)]
  0x000000001e352800 JavaThread "jar transforms Thread 32" [_thread_blocked, id=2296, stack(0x0000000023ba0000,0x0000000023ca0000)]
  0x000000001e34a800 JavaThread "jar transforms Thread 31" [_thread_blocked, id=12536, stack(0x0000000023aa0000,0x0000000023ba0000)]
  0x000000001e351000 JavaThread "jar transforms Thread 30" [_thread_blocked, id=15888, stack(0x00000000239a0000,0x0000000023aa0000)]
  0x000000001e351800 JavaThread "jar transforms Thread 29" [_thread_blocked, id=2292, stack(0x00000000238a0000,0x00000000239a0000)]
  0x000000001e34b800 JavaThread "jar transforms Thread 28" [_thread_blocked, id=13604, stack(0x00000000237a0000,0x00000000238a0000)]
  0x000000001e350000 JavaThread "jar transforms Thread 27" [_thread_blocked, id=6520, stack(0x00000000236a0000,0x00000000237a0000)]
  0x000000001e34e000 JavaThread "jar transforms Thread 26" [_thread_blocked, id=9096, stack(0x00000000235a0000,0x00000000236a0000)]
  0x000000001e343000 JavaThread "jar transforms Thread 25" [_thread_blocked, id=1840, stack(0x00000000234a0000,0x00000000235a0000)]
  0x000000001e34a000 JavaThread "jar transforms Thread 24" [_thread_blocked, id=3232, stack(0x00000000233a0000,0x00000000234a0000)]
  0x000000001e346000 JavaThread "jar transforms Thread 23" [_thread_blocked, id=14108, stack(0x00000000232a0000,0x00000000233a0000)]
  0x000000001e345800 JavaThread "jar transforms Thread 22" [_thread_blocked, id=15324, stack(0x00000000231a0000,0x00000000232a0000)]
  0x000000001e344800 JavaThread "jar transforms Thread 21" [_thread_blocked, id=12204, stack(0x00000000230a0000,0x00000000231a0000)]
  0x000000001e349000 JavaThread "jar transforms Thread 20" [_thread_blocked, id=8408, stack(0x0000000022fa0000,0x00000000230a0000)]
  0x000000001e347800 JavaThread "jar transforms Thread 19" [_thread_blocked, id=16864, stack(0x0000000022ea0000,0x0000000022fa0000)]
  0x000000001e347000 JavaThread "jar transforms Thread 18" [_thread_blocked, id=14708, stack(0x0000000022da0000,0x0000000022ea0000)]
  0x000000001e348800 JavaThread "jar transforms Thread 17" [_thread_blocked, id=12176, stack(0x0000000022ca0000,0x0000000022da0000)]
  0x000000001e344000 JavaThread "jar transforms Thread 16" [_thread_blocked, id=12100, stack(0x0000000022ba0000,0x0000000022ca0000)]
  0x00000000186c6000 JavaThread "jar transforms Thread 15" [_thread_blocked, id=1628, stack(0x0000000022aa0000,0x0000000022ba0000)]
  0x00000000186cb000 JavaThread "jar transforms Thread 14" [_thread_blocked, id=5604, stack(0x00000000229a0000,0x0000000022aa0000)]
  0x00000000186c9000 JavaThread "jar transforms Thread 13" [_thread_blocked, id=14624, stack(0x00000000228a0000,0x00000000229a0000)]
  0x00000000186c5000 JavaThread "jar transforms Thread 12" [_thread_blocked, id=8932, stack(0x00000000227a0000,0x00000000228a0000)]
  0x00000000186c8000 JavaThread "jar transforms Thread 11" [_thread_blocked, id=16732, stack(0x00000000226a0000,0x00000000227a0000)]
  0x00000000186c6800 JavaThread "jar transforms Thread 10" [_thread_blocked, id=16872, stack(0x00000000225a0000,0x00000000226a0000)]
  0x00000000186ca800 JavaThread "jar transforms Thread 9" [_thread_blocked, id=256, stack(0x00000000224a0000,0x00000000225a0000)]
  0x00000000186c7800 JavaThread "jar transforms Thread 8" [_thread_blocked, id=4940, stack(0x00000000223a0000,0x00000000224a0000)]
  0x00000000186c9800 JavaThread "jar transforms Thread 7" [_thread_blocked, id=3148, stack(0x00000000222a0000,0x00000000223a0000)]
  0x00000000186bd800 JavaThread "jar transforms Thread 6" [_thread_blocked, id=10872, stack(0x00000000221a0000,0x00000000222a0000)]
  0x00000000186c4800 JavaThread "jar transforms Thread 5" [_thread_blocked, id=16500, stack(0x00000000220a0000,0x00000000221a0000)]
  0x00000000186bd000 JavaThread "jar transforms Thread 4" [_thread_blocked, id=4796, stack(0x0000000021fa0000,0x00000000220a0000)]
  0x00000000186c3800 JavaThread "jar transforms Thread 3" [_thread_blocked, id=16856, stack(0x0000000021ea0000,0x0000000021fa0000)]
  0x00000000186bc000 JavaThread "jar transforms Thread 2" [_thread_blocked, id=5348, stack(0x0000000021da0000,0x0000000021ea0000)]
  0x00000000186c0800 JavaThread "Build operations Thread 4" [_thread_blocked, id=11564, stack(0x0000000021ca0000,0x0000000021da0000)]
  0x00000000186c3000 JavaThread "Build operations Thread 3" [_thread_blocked, id=11304, stack(0x0000000021ba0000,0x0000000021ca0000)]
  0x00000000186c1800 JavaThread "Build operations Thread 2" [_thread_blocked, id=11124, stack(0x0000000021aa0000,0x0000000021ba0000)]
  0x00000000186bf000 JavaThread "Build operations" [_thread_blocked, id=15664, stack(0x00000000219a0000,0x0000000021aa0000)]
  0x00000000186be800 JavaThread "Cache worker for Build Output Cleanup Cache (D:\Desktop\Flutter Projects\amquick\android\.gradle\buildOutputCleanup)" [_thread_blocked, id=3476, stack(0x0000000021290000,0x0000000021390000)]
  0x000000001a695800 JavaThread "Cache worker for file content cache (C:\Users\NANO\.gradle\caches\6.7\fileContent)" [_thread_blocked, id=16680, stack(0x0000000020f90000,0x0000000021090000)]
  0x000000001a695000 JavaThread "jar transforms" [_thread_blocked, id=10848, stack(0x0000000020680000,0x0000000020780000)]
  0x000000001a68f800 JavaThread "Cache worker for execution history cache (C:\Users\NANO\.gradle\caches\6.7\executionHistory)" [_thread_blocked, id=15812, stack(0x0000000020580000,0x0000000020680000)]
  0x000000001a694000 JavaThread "Cache worker for cache directory md-rule (C:\Users\NANO\.gradle\caches\6.7\md-rule)" [_thread_blocked, id=3068, stack(0x0000000020480000,0x0000000020580000)]
  0x000000001a692800 JavaThread "Cache worker for cache directory md-supplier (C:\Users\NANO\.gradle\caches\6.7\md-supplier)" [_thread_blocked, id=15372, stack(0x000000001f020000,0x000000001f120000)]
  0x000000001a692000 JavaThread "Cache worker for checksums cache (D:\Desktop\Flutter Projects\amquick\android\.gradle\checksums)" [_thread_blocked, id=14780, stack(0x000000001ef20000,0x000000001f020000)]
  0x000000001a690800 JavaThread "Cache worker for file hash cache (D:\Desktop\Flutter Projects\amquick\android\.gradle\6.7\fileHashes)" [_thread_blocked, id=11332, stack(0x0000000020380000,0x0000000020480000)]
  0x000000001a693800 JavaThread "Cache worker for journal cache (C:\Users\NANO\.gradle\caches\journal-1)" [_thread_blocked, id=5612, stack(0x000000001cc80000,0x000000001cd80000)]
  0x000000001a691000 JavaThread "File lock request listener" [_thread_in_native, id=15636, stack(0x000000001cb80000,0x000000001cc80000)]
  0x000000001a696800 JavaThread "Cache worker for file hash cache (C:\Users\NANO\.gradle\caches\6.7\fileHashes)" [_thread_blocked, id=13852, stack(0x000000001c980000,0x000000001ca80000)]
  0x000000001a5d3000 JavaThread "Thread-9" [_thread_blocked, id=2480, stack(0x000000001c680000,0x000000001c780000)]
  0x000000001a4dc800 JavaThread "Stdin handler" [_thread_blocked, id=3852, stack(0x000000001c580000,0x000000001c680000)]
  0x000000001935d800 JavaThread "Asynchronous log dispatcher for DefaultDaemonConnection: socket connection from /127.0.0.1:55334 to /127.0.0.1:55335" [_thread_blocked, id=2220, stack(0x000000001c480000,0x000000001c580000)]
  0x0000000019597800 JavaThread "Daemon worker" [_thread_blocked, id=12812, stack(0x000000001c380000,0x000000001c480000)]
  0x0000000019597000 JavaThread "Cancel handler" [_thread_blocked, id=16312, stack(0x000000001c280000,0x000000001c380000)]
  0x0000000019594000 JavaThread "Handler for socket connection from /127.0.0.1:55334 to /127.0.0.1:55335" [_thread_in_native, id=6428, stack(0x000000001c180000,0x000000001c280000)]
  0x000000001a43c800 JavaThread "Daemon" [_thread_blocked, id=10980, stack(0x000000001be80000,0x000000001bf80000)]
  0x000000001a408000 JavaThread "Daemon periodic checks" [_thread_blocked, id=13108, stack(0x000000001bd80000,0x000000001be80000)]
  0x000000001a406800 JavaThread "Incoming local TCP Connector on port 55334" [_thread_in_native, id=13112, stack(0x000000001bb40000,0x000000001bc40000)]
  0x000000001a32e000 JavaThread "Daemon health stats" [_thread_blocked, id=3768, stack(0x000000001b300000,0x000000001b400000)]
  0x00000000183d8800 JavaThread "Service Thread" daemon [_thread_blocked, id=9800, stack(0x0000000018960000,0x0000000018a60000)]
  0x0000000018368800 JavaThread "C1 CompilerThread2" daemon [_thread_blocked, id=14504, stack(0x0000000018860000,0x0000000018960000)]
=>0x0000000016c00000 JavaThread "C2 CompilerThread1" daemon [_thread_in_native, id=15580, stack(0x0000000018760000,0x0000000018860000)]
  0x0000000016bfd000 JavaThread "C2 CompilerThread0" daemon [_thread_in_native, id=8524, stack(0x0000000018260000,0x0000000018360000)]
  0x0000000016bfa000 JavaThread "Attach Listener" daemon [_thread_blocked, id=13316, stack(0x0000000018160000,0x0000000018260000)]
  0x0000000016bf7000 JavaThread "Signal Dispatcher" daemon [_thread_blocked, id=7352, stack(0x0000000018060000,0x0000000018160000)]
  0x0000000016bda800 JavaThread "Finalizer" daemon [_thread_blocked, id=14572, stack(0x0000000017e40000,0x0000000017f40000)]
  0x0000000016bb8800 JavaThread "Reference Handler" daemon [_thread_blocked, id=9764, stack(0x0000000017d40000,0x0000000017e40000)]
  0x0000000003162800 JavaThread "main" [_thread_blocked, id=13816, stack(0x0000000003040000,0x0000000003140000)]

Other Threads:
  0x0000000016bb7000 VMThread [stack: 0x0000000017c40000,0x0000000017d40000] [id=9308]
  0x00000000183f2000 WatcherThread [stack: 0x0000000018a60000,0x0000000018b60000] [id=8680]

VM state:not at safepoint (normal execution)

VM Mutex/Monitor currently owned by a thread: None

Heap:
 PSYoungGen      total 443392K, used 76671K [0x00000000e0000000, 0x00000000fe100000, 0x0000000100000000)
  eden space 419840K, 12% used [0x00000000e0000000,0x00000000e33e5f08,0x00000000f9a00000)
  from space 23552K, 99% used [0x00000000fca00000,0x00000000fe0fa040,0x00000000fe100000)
  to   space 29696K, 0% used [0x00000000fa700000,0x00000000fa700000,0x00000000fc400000)
 ParOldGen       total 195072K, used 42735K [0x00000000a0000000, 0x00000000abe80000, 0x00000000e0000000)
  object space 195072K, 21% used [0x00000000a0000000,0x00000000a29bbed0,0x00000000abe80000)
 Metaspace       used 68587K, capacity 72556K, committed 72832K, reserved 1112064K
  class space    used 9731K, capacity 10557K, committed 10624K, reserved 1048576K

Card table byte_map: [0x0000000012620000,0x0000000012930000] byte_map_base: 0x0000000012120000

Marking Bits: (ParMarkBitMap*) 0x0000000077f72d00
 Begin Bits: [0x0000000012f30000, 0x0000000014730000)
 End Bits:   [0x0000000014730000, 0x0000000015f30000)

Polling page: 0x0000000001440000

CodeCache: size=245760Kb used=26026Kb max_used=26090Kb free=219733Kb
 bounds [0x0000000003260000, 0x0000000004c00000, 0x0000000012260000]
 total_blobs=8627 nmethods=7834 adapters=705
 compilation: enabled

Compilation events (10 events):
Event: 32.280 Thread 0x0000000016bfd000 8657       4       org.gradle.internal.logging.text.AbstractLineChoppingStyledTextOutput$1::execute (130 bytes)
Event: 32.280 Thread 0x0000000018368800 8658       3       java.io.FilterOutputStream::write (9 bytes)
Event: 32.280 Thread 0x0000000018368800 nmethod 8658 0x000000000358a9d0 code [0x000000000358ab40, 0x000000000358ad68]
Event: 32.281 Thread 0x0000000018368800 8659       3       org.gradle.internal.io.LinePerThreadBufferingOutputStream::write (9 bytes)
Event: 32.281 Thread 0x0000000018368800 nmethod 8659 0x000000000381dfd0 code [0x000000000381e140, 0x000000000381e398]
Event: 32.282 Thread 0x0000000018368800 8660   !   3       java.io.PrintStream::write (66 bytes)
Event: 32.282 Thread 0x0000000018368800 nmethod 8660 0x0000000004bb64d0 code [0x0000000004bb66a0, 0x0000000004bb6e38]
Event: 32.283 Thread 0x0000000018368800 8662       3       org.gradle.internal.io.LinePerThreadBufferingOutputStream::getStream (44 bytes)
Event: 32.284 Thread 0x0000000018368800 nmethod 8662 0x000000000393bb10 code [0x000000000393bd20, 0x000000000393c778]
Event: 32.285 Thread 0x0000000018368800 8663       3       org.gradle.internal.io.LineBufferingOutputStream::write (59 bytes)

GC Heap History (10 events):
Event: 9.873 GC heap before
{Heap before GC invocations=9 (full 2):
 PSYoungGen      total 232448K, used 216576K [0x00000000e0000000, 0x00000000efe80000, 0x0000000100000000)
  eden space 216576K, 100% used [0x00000000e0000000,0x00000000ed380000,0x00000000ed380000)
  from space 15872K, 0% used [0x00000000ee200000,0x00000000ee200000,0x00000000ef180000)
  to   space 14848K, 0% used [0x00000000ed380000,0x00000000ed380000,0x00000000ee200000)
 ParOldGen       total 140288K, used 15775K [0x00000000a0000000, 0x00000000a8900000, 0x00000000e0000000)
  object space 140288K, 11% used [0x00000000a0000000,0x00000000a0f67d38,0x00000000a8900000)
 Metaspace       used 44953K, capacity 46690K, committed 46848K, reserved 1089536K
  class space    used 6247K, capacity 6617K, committed 6656K, reserved 1048576K
Event: 9.891 GC heap after
Heap after GC invocations=9 (full 2):
 PSYoungGen      total 231424K, used 13965K [0x00000000e0000000, 0x00000000f6580000, 0x0000000100000000)
  eden space 216576K, 0% used [0x00000000e0000000,0x00000000e0000000,0x00000000ed380000)
  from space 14848K, 94% used [0x00000000ed380000,0x00000000ee123720,0x00000000ee200000)
  to   space 16384K, 0% used [0x00000000f5580000,0x00000000f5580000,0x00000000f6580000)
 ParOldGen       total 140288K, used 15783K [0x00000000a0000000, 0x00000000a8900000, 0x00000000e0000000)
  object space 140288K, 11% used [0x00000000a0000000,0x00000000a0f69d38,0x00000000a8900000)
 Metaspace       used 44953K, capacity 46690K, committed 46848K, reserved 1089536K
  class space    used 6247K, capacity 6617K, committed 6656K, reserved 1048576K
}
Event: 12.631 GC heap before
{Heap before GC invocations=10 (full 2):
 PSYoungGen      total 231424K, used 230541K [0x00000000e0000000, 0x00000000f6580000, 0x0000000100000000)
  eden space 216576K, 100% used [0x00000000e0000000,0x00000000ed380000,0x00000000ed380000)
  from space 14848K, 94% used [0x00000000ed380000,0x00000000ee123720,0x00000000ee200000)
  to   space 16384K, 0% used [0x00000000f5580000,0x00000000f5580000,0x00000000f6580000)
 ParOldGen       total 140288K, used 15783K [0x00000000a0000000, 0x00000000a8900000, 0x00000000e0000000)
  object space 140288K, 11% used [0x00000000a0000000,0x00000000a0f69d38,0x00000000a8900000)
 Metaspace       used 55389K, capacity 57746K, committed 57856K, reserved 1099776K
  class space    used 7660K, capacity 8173K, committed 8192K, reserved 1048576K
Event: 12.663 GC heap after
Heap after GC invocations=10 (full 2):
 PSYoungGen      total 341504K, used 16360K [0x00000000e0000000, 0x00000000f6880000, 0x0000000100000000)
  eden space 325120K, 0% used [0x00000000e0000000,0x00000000e0000000,0x00000000f3d80000)
  from space 16384K, 99% used [0x00000000f5580000,0x00000000f657a188,0x00000000f6580000)
  to   space 22016K, 0% used [0x00000000f3d80000,0x00000000f3d80000,0x00000000f5300000)
 ParOldGen       total 140288K, used 24112K [0x00000000a0000000, 0x00000000a8900000, 0x00000000e0000000)
  object space 140288K, 17% used [0x00000000a0000000,0x00000000a178c368,0x00000000a8900000)
 Metaspace       used 55389K, capacity 57746K, committed 57856K, reserved 1099776K
  class space    used 7660K, capacity 8173K, committed 8192K, reserved 1048576K
}
Event: 12.937 GC heap before
{Heap before GC invocations=11 (full 2):
 PSYoungGen      total 341504K, used 32057K [0x00000000e0000000, 0x00000000f6880000, 0x0000000100000000)
  eden space 325120K, 4% used [0x00000000e0000000,0x00000000e0f54468,0x00000000f3d80000)
  from space 16384K, 99% used [0x00000000f5580000,0x00000000f657a188,0x00000000f6580000)
  to   space 22016K, 0% used [0x00000000f3d80000,0x00000000f3d80000,0x00000000f5300000)
 ParOldGen       total 140288K, used 24112K [0x00000000a0000000, 0x00000000a8900000, 0x00000000e0000000)
  object space 140288K, 17% used [0x00000000a0000000,0x00000000a178c368,0x00000000a8900000)
 Metaspace       used 56595K, capacity 59040K, committed 59136K, reserved 1099776K
  class space    used 7884K, capacity 8398K, committed 8448K, reserved 1048576K
Event: 12.960 GC heap after
Heap after GC invocations=11 (full 2):
 PSYoungGen      total 347136K, used 17970K [0x00000000e0000000, 0x00000000fe100000, 0x0000000100000000)
  eden space 325120K, 0% used [0x00000000e0000000,0x00000000e0000000,0x00000000f3d80000)
  from space 22016K, 81% used [0x00000000f3d80000,0x00000000f4f0c9b8,0x00000000f5300000)
  to   space 23552K, 0% used [0x00000000fca00000,0x00000000fca00000,0x00000000fe100000)
 ParOldGen       total 140288K, used 24120K [0x00000000a0000000, 0x00000000a8900000, 0x00000000e0000000)
  object space 140288K, 17% used [0x00000000a0000000,0x00000000a178e368,0x00000000a8900000)
 Metaspace       used 56595K, capacity 59040K, committed 59136K, reserved 1099776K
  class space    used 7884K, capacity 8398K, committed 8448K, reserved 1048576K
}
Event: 12.960 GC heap before
{Heap before GC invocations=12 (full 3):
 PSYoungGen      total 347136K, used 17970K [0x00000000e0000000, 0x00000000fe100000, 0x0000000100000000)
  eden space 325120K, 0% used [0x00000000e0000000,0x00000000e0000000,0x00000000f3d80000)
  from space 22016K, 81% used [0x00000000f3d80000,0x00000000f4f0c9b8,0x00000000f5300000)
  to   space 23552K, 0% used [0x00000000fca00000,0x00000000fca00000,0x00000000fe100000)
 ParOldGen       total 140288K, used 24120K [0x00000000a0000000, 0x00000000a8900000, 0x00000000e0000000)
  object space 140288K, 17% used [0x00000000a0000000,0x00000000a178e368,0x00000000a8900000)
 Metaspace       used 56595K, capacity 59040K, committed 59136K, reserved 1099776K
  class space    used 7884K, capacity 8398K, committed 8448K, reserved 1048576K
Event: 13.258 GC heap after
Heap after GC invocations=12 (full 3):
 PSYoungGen      total 347136K, used 0K [0x00000000e0000000, 0x00000000fe100000, 0x0000000100000000)
  eden space 325120K, 0% used [0x00000000e0000000,0x00000000e0000000,0x00000000f3d80000)
  from space 22016K, 0% used [0x00000000f3d80000,0x00000000f3d80000,0x00000000f5300000)
  to   space 23552K, 0% used [0x00000000fca00000,0x00000000fca00000,0x00000000fe100000)
 ParOldGen       total 195072K, used 33509K [0x00000000a0000000, 0x00000000abe80000, 0x00000000e0000000)
  object space 195072K, 17% used [0x00000000a0000000,0x00000000a20b94e8,0x00000000abe80000)
 Metaspace       used 56581K, capacity 58992K, committed 59136K, reserved 1099776K
  class space    used 7879K, capacity 8390K, committed 8448K, reserved 1048576K
}
Event: 18.647 GC heap before
{Heap before GC invocations=13 (full 3):
 PSYoungGen      total 347136K, used 325120K [0x00000000e0000000, 0x00000000fe100000, 0x0000000100000000)
  eden space 325120K, 100% used [0x00000000e0000000,0x00000000f3d80000,0x00000000f3d80000)
  from space 22016K, 0% used [0x00000000f3d80000,0x00000000f3d80000,0x00000000f5300000)
  to   space 23552K, 0% used [0x00000000fca00000,0x00000000fca00000,0x00000000fe100000)
 ParOldGen       total 195072K, used 33509K [0x00000000a0000000, 0x00000000abe80000, 0x00000000e0000000)
  object space 195072K, 17% used [0x00000000a0000000,0x00000000a20b94e8,0x00000000abe80000)
 Metaspace       used 67886K, capacity 71666K, committed 71936K, reserved 1110016K
  class space    used 9599K, capacity 10405K, committed 10496K, reserved 1048576K
Event: 18.700 GC heap after
Heap after GC invocations=13 (full 3):
 PSYoungGen      total 443392K, used 23528K [0x00000000e0000000, 0x00000000fe100000, 0x0000000100000000)
  eden space 419840K, 0% used [0x00000000e0000000,0x00000000e0000000,0x00000000f9a00000)
  from space 23552K, 99% used [0x00000000fca00000,0x00000000fe0fa040,0x00000000fe100000)
  to   space 29696K, 0% used [0x00000000fa700000,0x00000000fa700000,0x00000000fc400000)
 ParOldGen       total 195072K, used 42735K [0x00000000a0000000, 0x00000000abe80000, 0x00000000e0000000)
  object space 195072K, 21% used [0x00000000a0000000,0x00000000a29bbed0,0x00000000abe80000)
 Metaspace       used 67886K, capacity 71666K, committed 71936K, reserved 1110016K
  class space    used 9599K, capacity 10405K, committed 10496K, reserved 1048576K
}

Deoptimization events (10 events):
Event: 18.778 Thread 0x0000000019597800 Uncommon trap: reason=bimorphic action=maybe_recompile pc=0x00000000047e9154 method=org.gradle.internal.snapshot.SnapshotUtil.lambda$getMetadataFromChildren$0(Lorg/gradle/internal/snapshot/VfsRelativePath;Lorg/gradle/internal/snapshot/CaseSensitivity;Lorg
Event: 18.778 Thread 0x0000000019597800 Uncommon trap: reason=bimorphic action=maybe_recompile pc=0x00000000047e9154 method=org.gradle.internal.snapshot.SnapshotUtil.lambda$getMetadataFromChildren$0(Lorg/gradle/internal/snapshot/VfsRelativePath;Lorg/gradle/internal/snapshot/CaseSensitivity;Lorg
Event: 18.778 Thread 0x0000000019597800 Uncommon trap: reason=bimorphic action=maybe_recompile pc=0x00000000047e9154 method=org.gradle.internal.snapshot.SnapshotUtil.lambda$getMetadataFromChildren$0(Lorg/gradle/internal/snapshot/VfsRelativePath;Lorg/gradle/internal/snapshot/CaseSensitivity;Lorg
Event: 19.167 Thread 0x0000000019597800 Uncommon trap: reason=unstable_if action=reinterpret pc=0x00000000041cdc04 method=org.gradle.internal.snapshot.VfsRelativePath.compareToFirstSegment(Ljava/lang/String;Lorg/gradle/internal/snapshot/CaseSensitivity;)I @ 134
Event: 19.170 Thread 0x0000000019597800 Uncommon trap: reason=unstable_if action=reinterpret pc=0x0000000004b9be38 method=org.gradle.internal.snapshot.VfsRelativePath.lengthOfCommonPrefix(Ljava/lang/String;Lorg/gradle/internal/snapshot/CaseSensitivity;)I @ 107
Event: 32.279 Thread 0x000000001d7bd800 Uncommon trap: reason=bimorphic action=maybe_recompile pc=0x000000000497a4a0 method=org.gradle.internal.logging.sink.OutputEventRenderer.onOutput(Lorg/gradle/internal/logging/events/OutputEvent;)V @ 1
Event: 32.279 Thread 0x000000001d7bd800 Uncommon trap: reason=bimorphic action=maybe_recompile pc=0x000000000497a4a0 method=org.gradle.internal.logging.sink.OutputEventRenderer.onOutput(Lorg/gradle/internal/logging/events/OutputEvent;)V @ 1
Event: 32.280 Thread 0x000000001d7bd800 Uncommon trap: reason=bimorphic action=maybe_recompile pc=0x000000000497a4a0 method=org.gradle.internal.logging.sink.OutputEventRenderer.onOutput(Lorg/gradle/internal/logging/events/OutputEvent;)V @ 1
Event: 32.280 Thread 0x000000001d7bd800 Uncommon trap: reason=bimorphic action=maybe_recompile pc=0x000000000497a4a0 method=org.gradle.internal.logging.sink.OutputEventRenderer.onOutput(Lorg/gradle/internal/logging/events/OutputEvent;)V @ 1
Event: 32.280 Thread 0x000000001d7bd800 Uncommon trap: reason=bimorphic action=maybe_recompile pc=0x0000000004970cf0 method=org.gradle.internal.logging.sink.OutputEventRenderer.onOutput(Lorg/gradle/internal/logging/events/OutputEvent;)V @ 1

Classes redefined (0 events):
No events

Internal exceptions (10 events):
Event: 19.208 Thread 0x0000000019597800 Exception <a 'java/lang/ClassNotFoundException': org/gradle/process/internal/DefaultProcessForkOptionsBeanInfo> (0x00000000e2370378) thrown at [C:\re\workspace\8-2-build-windows-amd64-cygwin\jdk8u181\11358\hotspot\src\share\vm\classfile\systemDictionary.c
Event: 19.209 Thread 0x0000000019597800 Exception <a 'java/lang/ClassNotFoundException': org/gradle/process/internal/DefaultProcessForkOptionsCustomizer> (0x00000000e23b5f68) thrown at [C:\re\workspace\8-2-build-windows-amd64-cygwin\jdk8u181\11358\hotspot\src\share\vm\classfile\systemDictionary
Event: 19.211 Thread 0x0000000019597800 Exception <a 'java/lang/ClassNotFoundException': org/gradle/process/internal/AbstractExecHandleBuilderCustomizer> (0x00000000e240e780) thrown at [C:\re\workspace\8-2-build-windows-amd64-cygwin\jdk8u181\11358\hotspot\src\share\vm\classfile\systemDictionary
Event: 19.212 Thread 0x0000000019597800 Exception <a 'java/lang/ClassNotFoundException': org/gradle/process/internal/DefaultExecHandleBuilderCustomizer> (0x00000000e246a198) thrown at [C:\re\workspace\8-2-build-windows-amd64-cygwin\jdk8u181\11358\hotspot\src\share\vm\classfile\systemDictionary.
Event: 19.214 Thread 0x0000000019597800 Exception <a 'java/lang/ClassNotFoundException': org/gradle/process/internal/DefaultExecActionCustomizer> (0x00000000e24e8de0) thrown at [C:\re\workspace\8-2-build-windows-amd64-cygwin\jdk8u181\11358\hotspot\src\share\vm\classfile\systemDictionary.cpp, li
Event: 19.216 Thread 0x0000000019597800 Exception <a 'java/lang/ClassNotFoundException': org/gradle/process/internal/DefaultExecAction_DecoratedCustomizer> (0x00000000e253b068) thrown at [C:\re\workspace\8-2-build-windows-amd64-cygwin\jdk8u181\11358\hotspot\src\share\vm\classfile\systemDictiona
Event: 19.218 Thread 0x0000000019597800 Exception <a 'java/lang/ClassNotFoundException': org/gradle/api/logging/LogLevelBeanInfo> (0x00000000e25a5720) thrown at [C:\re\workspace\8-2-build-windows-amd64-cygwin\jdk8u181\11358\hotspot\src\share\vm\classfile\systemDictionary.cpp, line 210]
Event: 19.220 Thread 0x0000000019597800 Exception <a 'java/lang/ClassNotFoundException': org/gradle/api/logging/LogLevelCustomizer> (0x00000000e25dacd8) thrown at [C:\re\workspace\8-2-build-windows-amd64-cygwin\jdk8u181\11358\hotspot\src\share\vm\classfile\systemDictionary.cpp, line 210]
Event: 19.223 Thread 0x0000000019597800 Exception <a 'java/lang/ClassNotFoundException': org/gradle/internal/logging/compatbridge/LoggingManagerInternalCompatibilityBridgeBeanInfo> (0x00000000e2668970) thrown at [C:\re\workspace\8-2-build-windows-amd64-cygwin\jdk8u181\11358\hotspot\src\share\vm
Event: 19.224 Thread 0x0000000019597800 Exception <a 'java/lang/ClassNotFoundException': org/gradle/internal/logging/compatbridge/LoggingManagerInternalCompatibilityBridgeCustomizer> (0x00000000e26c2b70) thrown at [C:\re\workspace\8-2-build-windows-amd64-cygwin\jdk8u181\11358\hotspot\src\share\

Events (10 events):
Event: 32.280 Thread 0x000000001d7bd800 DEOPT UNPACKING pc=0x00000000032a583b sp=0x000000002d29ea68 mode 2
Event: 32.280 Thread 0x000000001d7bd800 Uncommon trap: trap_request=0xffffffc6 fr.pc=0x0000000004970cf0
Event: 32.280 Thread 0x000000001d7bd800 DEOPT PACKING pc=0x0000000004970cf0 sp=0x000000002d29eaa0
Event: 32.280 Thread 0x000000001d7bd800 DEOPT UNPACKING pc=0x00000000032a583b sp=0x000000002d29ea60 mode 2
Event: 32.281 Thread 0x0000000018368800 flushing nmethod 0x000000000381dfd0
Event: 32.281 Thread 0x0000000018368800 flushing nmethod 0x000000000385e7d0
Event: 32.281 Thread 0x0000000018368800 flushing nmethod 0x00000000039045d0
Event: 32.281 Thread 0x0000000018368800 flushing nmethod 0x00000000039060d0
Event: 32.281 Thread 0x0000000018368800 flushing nmethod 0x000000000392f750
Event: 32.281 Thread 0x0000000018368800 flushing nmethod 0x000000000393ac90


Dynamic libraries:
0x00007ff66e9d0000 - 0x00007ff66ea07000 	C:\Program Files\Java\jdk1.8.0_181\bin\java.exe
0x00007ffc91540000 - 0x00007ffc91730000 	C:\WINDOWS\SYSTEM32\ntdll.dll
0x00007ffc8f640000 - 0x00007ffc8f6f3000 	C:\WINDOWS\System32\KERNEL32.DLL
0x00007ffc8e510000 - 0x00007ffc8e7b6000 	C:\WINDOWS\System32\KERNELBASE.dll
0x00007ffc8fb60000 - 0x00007ffc8fc03000 	C:\WINDOWS\System32\ADVAPI32.dll
0x00007ffc91210000 - 0x00007ffc912ae000 	C:\WINDOWS\System32\msvcrt.dll
0x00007ffc90e30000 - 0x00007ffc90ec7000 	C:\WINDOWS\System32\sechost.dll
0x00007ffc905b0000 - 0x00007ffc906cf000 	C:\WINDOWS\System32\RPCRT4.dll
0x00007ffc912e0000 - 0x00007ffc91474000 	C:\WINDOWS\System32\USER32.dll
0x00007ffc8ea50000 - 0x00007ffc8ea71000 	C:\WINDOWS\System32\win32u.dll
0x00007ffc8fd70000 - 0x00007ffc8fd96000 	C:\WINDOWS\System32\GDI32.dll
0x00007ffc8f4a0000 - 0x00007ffc8f638000 	C:\WINDOWS\System32\gdi32full.dll
0x00007ffc8ea80000 - 0x00007ffc8eb1e000 	C:\WINDOWS\System32\msvcp_win.dll
0x00007ffc8ec00000 - 0x00007ffc8ecfa000 	C:\WINDOWS\System32\ucrtbase.dll
0x00007ffc7be50000 - 0x00007ffc7c0d4000 	C:\WINDOWS\WinSxS\amd64_microsoft.windows.common-controls_6595b64144ccf1df_6.0.18362.1801_none_9e79a739e46243f0\COMCTL32.dll
0x00007ffc90ed0000 - 0x00007ffc91206000 	C:\WINDOWS\System32\combase.dll
0x00007ffc8e820000 - 0x00007ffc8e8a4000 	C:\WINDOWS\System32\bcryptPrimitives.dll
0x00007ffc912b0000 - 0x00007ffc912de000 	C:\WINDOWS\System32\IMM32.DLL
0x00000000502e0000 - 0x00000000503b2000 	C:\Program Files\Java\jdk1.8.0_181\jre\bin\msvcr100.dll
0x0000000077750000 - 0x0000000077ff2000 	C:\Program Files\Java\jdk1.8.0_181\jre\bin\server\jvm.dll
0x00007ffc900b0000 - 0x00007ffc900b8000 	C:\WINDOWS\System32\PSAPI.DLL
0x00007ffc7a130000 - 0x00007ffc7a139000 	C:\WINDOWS\SYSTEM32\WSOCK32.dll
0x00007ffc900c0000 - 0x00007ffc9012f000 	C:\WINDOWS\System32\WS2_32.dll
0x00007ffc89f60000 - 0x00007ffc89f84000 	C:\WINDOWS\SYSTEM32\WINMM.dll
0x00007ffc8b7b0000 - 0x00007ffc8b7ba000 	C:\WINDOWS\SYSTEM32\VERSION.dll
0x00007ffc89f30000 - 0x00007ffc89f5d000 	C:\WINDOWS\SYSTEM32\winmmbase.dll
0x00007ffc8ea00000 - 0x00007ffc8ea4a000 	C:\WINDOWS\System32\cfgmgr32.dll
0x00000000502d0000 - 0x00000000502df000 	C:\Program Files\Java\jdk1.8.0_181\jre\bin\verify.dll
0x00000000502a0000 - 0x00000000502c9000 	C:\Program Files\Java\jdk1.8.0_181\jre\bin\java.dll
0x0000000050280000 - 0x0000000050296000 	C:\Program Files\Java\jdk1.8.0_181\jre\bin\zip.dll
0x00007ffc90740000 - 0x00007ffc90e27000 	C:\WINDOWS\System32\SHELL32.dll
0x00007ffc8fe80000 - 0x00007ffc8ff29000 	C:\WINDOWS\System32\shcore.dll
0x00007ffc8ed20000 - 0x00007ffc8f49b000 	C:\WINDOWS\System32\windows.storage.dll
0x00007ffc8e460000 - 0x00007ffc8e47e000 	C:\WINDOWS\System32\profapi.dll
0x00007ffc8e480000 - 0x00007ffc8e4ca000 	C:\WINDOWS\System32\powrprof.dll
0x00007ffc8e450000 - 0x00007ffc8e460000 	C:\WINDOWS\System32\UMPDC.dll
0x00007ffc8fda0000 - 0x00007ffc8fdf2000 	C:\WINDOWS\System32\shlwapi.dll
0x00007ffc8e4f0000 - 0x00007ffc8e501000 	C:\WINDOWS\System32\kernel.appcore.dll
0x00007ffc8ed00000 - 0x00007ffc8ed17000 	C:\WINDOWS\System32\cryptsp.dll
0x0000000050130000 - 0x000000005014a000 	C:\Program Files\Java\jdk1.8.0_181\jre\bin\net.dll
0x00007ffc8dc90000 - 0x00007ffc8dcf7000 	C:\WINDOWS\system32\mswsock.dll
0x00000000500e0000 - 0x00000000500f1000 	C:\Program Files\Java\jdk1.8.0_181\jre\bin\nio.dll
0x00007ffc88930000 - 0x00007ffc88956000 	C:\Users\NANO\.gradle\native\fdc75f09e3144964f2cf3f50f0aa648679c211496f362492102eb8c894070792\windows-amd64\native-platform.dll
0x00007ffc4e9f0000 - 0x00007ffc4eb81000 	C:\Users\NANO\.gradle\native\12488b8bf47d2d4c9fbf2f6322a914ad602e24e48041cd04a747c6da556b65c4\windows-amd64\native-platform-file-events.dll
0x00000000500d0000 - 0x00000000500dd000 	C:\Program Files\Java\jdk1.8.0_181\jre\bin\management.dll
0x00007ffc8d810000 - 0x00007ffc8d843000 	C:\WINDOWS\system32\rsaenh.dll
0x00007ffc8ebd0000 - 0x00007ffc8ebf6000 	C:\WINDOWS\System32\bcrypt.dll
0x00007ffc8e370000 - 0x00007ffc8e395000 	C:\WINDOWS\SYSTEM32\USERENV.dll
0x00007ffc8de60000 - 0x00007ffc8de6c000 	C:\WINDOWS\SYSTEM32\CRYPTBASE.dll
0x00007ffc8d9a0000 - 0x00007ffc8d9da000 	C:\WINDOWS\SYSTEM32\IPHLPAPI.DLL
0x00007ffc8fc20000 - 0x00007ffc8fc28000 	C:\WINDOWS\System32\NSI.dll
0x00007ffc84240000 - 0x00007ffc84256000 	C:\WINDOWS\SYSTEM32\dhcpcsvc6.DLL
0x00007ffc84220000 - 0x00007ffc8423c000 	C:\WINDOWS\SYSTEM32\dhcpcsvc.DLL
0x00007ffc8d9e0000 - 0x00007ffc8daaa000 	C:\WINDOWS\SYSTEM32\DNSAPI.dll
0x00007ffc84b10000 - 0x00007ffc84b1b000 	C:\WINDOWS\SYSTEM32\WINNSI.DLL

VM Arguments:
jvm_args: -Xmx1536M -Dfile.encoding=windows-1258 -Duser.country=US -Duser.language=en -Duser.variant 
java_command: org.gradle.launcher.daemon.bootstrap.GradleDaemon 6.7
java_class_path (initial): C:\Users\NANO\.gradle\wrapper\dists\gradle-6.7-all\cuy9mc7upwgwgeb72wkcrupxe\gradle-6.7\lib\gradle-launcher-6.7.jar
Launcher Type: SUN_STANDARD

Environment Variables:
CLASSPATH=D:\Desktop\Flutter Projects\amquick\android\\gradle\wrapper\gradle-wrapper.jar
PATH=C:\Program Files (x86)\Common Files\Oracle\Java\javapath;C:\WINDOWS\system32;C:\WINDOWS;C:\WINDOWS\System32\Wbem;C:\WINDOWS\System32\WindowsPowerShell\v1.0\;C:\Program Files\Microsoft SQL Server\110\DTS\Binn\;C:\Program Files (x86)\Microsoft SQL Server\110\Tools\Binn\;C:\Program Files\Microsoft SQL Server\110\Tools\Binn\;C:\Program Files (x86)\Microsoft SQL Server\110\Tools\Binn\ManagementStudio\;C:\Program Files (x86)\Microsoft Visual Studio 10.0\Common7\IDE\PrivateAssemblies\;C:\Program Files (x86)\Microsoft SQL Server\110\DTS\Binn\;C:\WINDOWS\system32\config\systemprofile\.dnx\bin;C:\Program Files\Microsoft DNX\Dnvm\;C:\Program Files\Microsoft SQL Server\130\Tools\Binn\;C:\WINDOWS\System32\OpenSSH\;C:\Program Files\nodejs\;C:\Program Files\MongoDB\Server\4.4\bin;C:\Program Files\Microsoft SQL Server\Client SDK\ODBC\170\Tools\Binn\;C:\Program Files (x86)\Windows Kits\8.1\Windows Performance Toolkit\;C:\Program Files\dotnet\;C:\Program Files\Git\cmd;C:\ProgramData\chocolatey\bin;C:\Program Files\PuTTY\;C:\Users\NANO\AppData\Local\Programs\Python\Python39\Scripts\;C:\Users\NANO\AppData\Local\Programs\Python\Python39\;C:\Users\NANO\AppData\Local\Microsoft\WindowsApps;C:\Users\NANO\AppData\Roaming\npm;C:\Users\NANO\AppData\Local\Programs\Microsoft VS Code\bin;C:\Program Files\JetBrains\PyCharm 2020.3.2\bin;;C:\Program Files\JetBrains\PyCharm Community Edition 2020.3.2\bin;;C:\Users\NANO\.dotnet\tools;C:\tools\dart-sdk\bin;C:\Users\NANO\AppData\Roaming\Pub\Cache\bin;D:\flutter\flutter\bin;C:\Users\NANO\AppData\Local\Pub\Cache\bin;C:\Program Files\JetBrains\IntelliJ IDEA Community Edition 2021.1\bin;;C:\Program Files\JetBrains\IntelliJ IDEA 2021.1.3\bin;;D:\spark-3.1.2-bin-hadoop3.2\bin;D:\spark-3.1.2-bin-hadoop3.2\hadoop-3.2.0\bin;
USERNAME=NANO
OS=Windows_NT
PROCESSOR_IDENTIFIER=Intel64 Family 6 Model 142 Stepping 9, GenuineIntel



---------------  S Y S T E M  ---------------

OS: Windows 10.0 , 64 bit Build 18362 (10.0.18362.1766)

CPU:total 4 (initial active 4) (2 cores per cpu, 2 threads per core) family 6 model 142 stepping 9, cmov, cx8, fxsr, mmx, sse, sse2, sse3, ssse3, sse4.1, sse4.2, popcnt, avx, avx2, aes, clmul, erms, 3dnowpref, lzcnt, ht, tsc, tscinvbit, bmi1, bmi2, adx

Memory: 4k page, physical 16644000k(3452080k free), swap 16644000k(3068k free)

vm_info: Java HotSpot(TM) 64-Bit Server VM (25.181-b13) for windows-amd64 JRE (1.8.0_181-b13), built on Jul  7 2018 04:01:33 by "java_re" with MS VC++ 10.0 (VS2010)

time: Thu Sep 23 13:30:13 2021
elapsed time: 32 seconds (0d 0h 0m 32s)

